2024-02-20 13:09:33: -- 分析开始 Periodic Timer
2024-02-20 13:09:33: 左侧: 正在读取文件状态 /Users/IntoSoranohate/个人仓库/SHIP/_gsdata_/_file_state_v4._gs
2024-02-20 13:09:36: 右侧: 正在读取文件状态 gdrive://www.googleapis.com/shipy/_gsdata_/_file_state_v4._gs
2024-02-20 13:09:38: 变更：4， 冲突：0， 复制时间：0， 复制状态：0， 错误： 0, All: 634
2024-02-20 13:09:38: Left to Right: Copy File: 4 
2024-02-20 13:09:38: == 同步开始由 Periodic Timer
2024-02-20 13:09:39: ConnectCloned connected to file:///Users/IntoSoranohate/个人仓库/SHIP
2024-02-20 13:09:39: ConnectCloned connected to file:///Users/IntoSoranohate/个人仓库/SHIP
2024-02-20 13:09:39: ConnectCloned connected to file:///Users/IntoSoranohate/个人仓库/SHIP
2024-02-20 13:09:39: GsConnectAndSetRoot1 connected to gdrive://www.googleapis.com/shipy
2024-02-20 13:09:39: GsConnectAndSetRoot1 connected to gdrive://www.googleapis.com/shipy
2024-02-20 13:09:40: GsConnectAndSetRoot1 connected to gdrive://www.googleapis.com/shipy
2024-02-20 13:09:47: /Users/IntoSoranohate/个人仓库/SHIP/.obsidian/bookmarks.json: Source file has changed between Analyze and Sync from '[file] size=3,412 accu-time=2024-02-20 12:54:56 attr=Hidden644 cktype=0' to 'size=3,412 time=2024-02-20 13:09:34', noted in source file state
2024-02-20 13:09:47: 覆盖复制 '/Users/IntoSoranohate/个人仓库/SHIP/.obsidian/bookmarks.json' -> 'gdrive://www.googleapis.com/shipy/.obsidian/bookmarks.json' (3,412)
2024-02-20 13:09:49: 覆盖复制 '/Users/IntoSoranohate/个人仓库/SHIP/闪念笔记/Notes/20240220速写复盘.md' -> 'gdrive://www.googleapis.com/shipy/闪念笔记/Notes/20240220速写复盘.md' (192)
2024-02-20 13:09:51: /Users/IntoSoranohate/个人仓库/SHIP/.obsidian/workspace.json: Source file has changed between Analyze and Sync from '[file] size=8,521 accu-time=2024-02-20 12:54:57 attr=Hidden644 cktype=0' to 'size=8,521 time=2024-02-20 13:09:35', noted in source file state
2024-02-20 13:09:51: 覆盖复制 '/Users/IntoSoranohate/个人仓库/SHIP/.obsidian/workspace.json' -> 'gdrive://www.googleapis.com/shipy/.obsidian/workspace.json' (8,521)
2024-02-20 13:09:53: 覆盖复制 '/Users/IntoSoranohate/个人仓库/SHIP/.obsidian/plugins/recent-files-obsidian/data.json' -> 'gdrive://www.googleapis.com/shipy/.obsidian/plugins/recent-files-obsidian/data.json' (5,168)
2024-02-20 13:09:53: 保持文件状态 /Users/IntoSoranohate/个人仓库/SHIP/_gsdata_/_file_state_v4._gs
2024-02-20 13:09:55: 保持文件状态 gdrive://www.googleapis.com/shipy/_gsdata_/_file_state_v4._gs
2024-02-20 13:09:58: == 同步完成. 历时: 00:00:27, 速度: 911.00/s, 完成: 4, 错误: 0
