2024-02-12 02:11:17: -- 分析开始 Periodic Timer
2024-02-12 02:11:17: 左侧: 正在读取文件状态 /Users/IntoSoranohate/个人仓库/SHIP/_gsdata_/_file_state_v4._gs
2024-02-12 02:11:17: 右侧: 正在读取文件状态 /Users/IntoSoranohate/个人仓库/backup/_gsdata_/_file_state_v4._gs
2024-02-12 02:11:17: 变更：6， 冲突：0， 复制时间：0， 复制状态：0， 错误： 0, All: 603
2024-02-12 02:11:17: Left to Right: Copy File: 6 
2024-02-12 02:11:17: == 同步开始由 Periodic Timer
2024-02-12 02:11:17: ConnectCloned connected to file:///Users/IntoSoranohate/个人仓库/SHIP
2024-02-12 02:11:17: ConnectCloned connected to file:///Users/IntoSoranohate/个人仓库/SHIP
2024-02-12 02:11:17: ConnectCloned connected to file:///Users/IntoSoranohate/个人仓库/backup
2024-02-12 02:11:17: ConnectCloned connected to file:///Users/IntoSoranohate/个人仓库/backup
2024-02-12 02:11:17: ConnectCloned connected to file:///Users/IntoSoranohate/个人仓库/SHIP
2024-02-12 02:11:17: ConnectCloned connected to file:///Users/IntoSoranohate/个人仓库/backup
2024-02-12 02:11:17: 覆盖复制 '/Users/IntoSoranohate/个人仓库/SHIP/.obsidian/bookmarks.json' -> '/Users/IntoSoranohate/个人仓库/backup/.obsidian/bookmarks.json' (3,412)
2024-02-12 02:11:17: 覆盖复制 '/Users/IntoSoranohate/个人仓库/SHIP/Setting/模板/template模板/卡片模板.md' -> '/Users/IntoSoranohate/个人仓库/backup/Setting/模板/template模板/卡片模板.md' (161)
2024-02-12 02:11:17: 覆盖复制 '/Users/IntoSoranohate/个人仓库/SHIP/.obsidian/plugins/quickadd/data.json' -> '/Users/IntoSoranohate/个人仓库/backup/.obsidian/plugins/quickadd/data.json' (4,572)
2024-02-12 02:11:17: 覆盖复制 '/Users/IntoSoranohate/个人仓库/SHIP/Setting/模板/template模板/情绪模版.md' -> '/Users/IntoSoranohate/个人仓库/backup/Setting/模板/template模板/情绪模版.md' (345)
2024-02-12 02:11:17: 覆盖复制 '/Users/IntoSoranohate/个人仓库/SHIP/.obsidian/workspace.json' -> '/Users/IntoSoranohate/个人仓库/backup/.obsidian/workspace.json' (9,666)
2024-02-12 02:11:17: Close Modified Folder (mod-time, acl): /.obsidian/plugins/quickadd
2024-02-12 02:11:17: Close Modified Folder (mod-time, acl): /Setting/模板/template模板
2024-02-12 02:11:17: 覆盖复制 '/Users/IntoSoranohate/个人仓库/SHIP/.obsidian/plugins/recent-files-obsidian/data.json' -> '/Users/IntoSoranohate/个人仓库/backup/.obsidian/plugins/recent-files-obsidian/data.json' (6,950)
2024-02-12 02:11:17: Close Modified Folder (mod-time, acl): /.obsidian/plugins/recent-files-obsidian
2024-02-12 02:11:17: Close Modified Folder (mod-time, acl): /.obsidian
2024-02-12 02:11:17: 保持文件状态 /Users/IntoSoranohate/个人仓库/SHIP/_gsdata_/_file_state_v4._gs
2024-02-12 02:11:17: 保持文件状态 /Users/IntoSoranohate/个人仓库/backup/_gsdata_/_file_state_v4._gs
2024-02-12 02:11:17: == 同步完成. 历时: 00:00:00, 速度: 0.00/s, 完成: 6, 错误: 0
