2024-02-11 17:28:22: -- 分析开始 Periodic Timer
2024-02-11 17:28:22: 左侧: 正在读取文件状态 /Users/IntoSoranohate/个人仓库/SHIP/_gsdata_/_file_state_v4._gs
2024-02-11 17:28:25: 右侧: 正在读取文件状态 gdrive://www.googleapis.com/shipy/_gsdata_/_file_state_v4._gs
2024-02-11 17:28:27: 变更：23， 冲突：0， 复制时间：0， 复制状态：0， 错误： 0, All: 584
2024-02-11 17:28:27: Left to Right: Copy File: 21 Delete File: 2 
2024-02-11 17:28:27: == 同步开始由 Periodic Timer
2024-02-11 17:28:28: ConnectCloned connected to file:///Users/IntoSoranohate/个人仓库/SHIP
2024-02-11 17:28:28: ConnectCloned connected to file:///Users/IntoSoranohate/个人仓库/SHIP
2024-02-11 17:28:28: ConnectCloned connected to file:///Users/IntoSoranohate/个人仓库/SHIP
2024-02-11 17:28:28: GsConnectAndSetRoot1 connected to gdrive://www.googleapis.com/shipy
2024-02-11 17:28:28: GsConnectAndSetRoot1 connected to gdrive://www.googleapis.com/shipy
2024-02-11 17:28:29: GsConnectAndSetRoot1 connected to gdrive://www.googleapis.com/shipy
2024-02-11 17:28:30: 删除文件夹 gdrive://www.googleapis.com/shipy/Inbox
2024-02-11 17:28:36: 覆盖复制 '/Users/IntoSoranohate/个人仓库/SHIP/.obsidian/app.json' -> 'gdrive://www.googleapis.com/shipy/.obsidian/app.json' (206)
2024-02-11 17:28:37: 覆盖复制 '/Users/IntoSoranohate/个人仓库/SHIP/.obsidian/appearance.json' -> 'gdrive://www.googleapis.com/shipy/.obsidian/appearance.json' (717)
2024-02-11 17:28:38: 覆盖复制 '/Users/IntoSoranohate/个人仓库/SHIP/.obsidian/bookmarks.json' -> 'gdrive://www.googleapis.com/shipy/.obsidian/bookmarks.json' (3,412)
2024-02-11 17:28:41: 覆盖复制 '/Users/IntoSoranohate/个人仓库/SHIP/.obsidian/community-plugins.json' -> 'gdrive://www.googleapis.com/shipy/.obsidian/community-plugins.json' (570)
2024-02-11 17:28:41: 覆盖复制 '/Users/IntoSoranohate/个人仓库/SHIP/.obsidian/core-plugins-migration.json' -> 'gdrive://www.googleapis.com/shipy/.obsidian/core-plugins-migration.json' (637)
2024-02-11 17:28:45: 覆盖复制 '/Users/IntoSoranohate/个人仓库/SHIP/.obsidian/core-plugins.json' -> 'gdrive://www.googleapis.com/shipy/.obsidian/core-plugins.json' (295)
2024-02-11 17:28:48: 覆盖复制 '/Users/IntoSoranohate/个人仓库/SHIP/.obsidian/graph.json' -> 'gdrive://www.googleapis.com/shipy/.obsidian/graph.json' (511)
2024-02-11 17:28:49: /Users/IntoSoranohate/个人仓库/SHIP/.obsidian/workspace.json: Source file has changed between Analyze and Sync from '[file] size=8,831 accu-time=2024-02-11 17:28:20 attr=Hidden644 cktype=0' to 'size=8,831 time=2024-02-11 17:28:23', noted in source file state
2024-02-11 17:28:49: 覆盖复制 '/Users/IntoSoranohate/个人仓库/SHIP/.obsidian/workspace.json' -> 'gdrive://www.googleapis.com/shipy/.obsidian/workspace.json' (8,831)
2024-02-11 17:28:52: 覆盖复制 '/Users/IntoSoranohate/个人仓库/SHIP/.obsidian/plugins/calendar/data.json' -> 'gdrive://www.googleapis.com/shipy/.obsidian/plugins/calendar/data.json' (231)
2024-02-11 17:28:54: 覆盖复制 '/Users/IntoSoranohate/个人仓库/SHIP/.obsidian/plugins/custom-sort/data.json' -> 'gdrive://www.googleapis.com/shipy/.obsidian/plugins/custom-sort/data.json' (330)
2024-02-11 17:28:57: 覆盖复制 '/Users/IntoSoranohate/个人仓库/SHIP/.obsidian/plugins/obsidian-admonition/data.json' -> 'gdrive://www.googleapis.com/shipy/.obsidian/plugins/obsidian-admonition/data.json' (1,705)
2024-02-11 17:28:59: 覆盖复制 '/Users/IntoSoranohate/个人仓库/SHIP/.obsidian/plugins/obsidian-minimal-settings/data.json' -> 'gdrive://www.googleapis.com/shipy/.obsidian/plugins/obsidian-minimal-settings/data.json' (934)
2024-02-11 17:29:02: 覆盖复制 '/Users/IntoSoranohate/个人仓库/SHIP/.obsidian/plugins/obsidian-tasks-plugin/data.json' -> 'gdrive://www.googleapis.com/shipy/.obsidian/plugins/obsidian-tasks-plugin/data.json' (1,652)
2024-02-11 17:29:06: 覆盖复制 '/Users/IntoSoranohate/个人仓库/SHIP/.obsidian/plugins/quickadd/data.json' -> 'gdrive://www.googleapis.com/shipy/.obsidian/plugins/quickadd/data.json' (3,217)
2024-02-11 17:29:08: 覆盖复制 '/Users/IntoSoranohate/个人仓库/SHIP/.obsidian/plugins/recent-files-obsidian/data.json' -> 'gdrive://www.googleapis.com/shipy/.obsidian/plugins/recent-files-obsidian/data.json' (5,162)
2024-02-11 17:29:09: 覆盖复制 '/Users/IntoSoranohate/个人仓库/SHIP/.obsidian/workspaces.json' -> 'gdrive://www.googleapis.com/shipy/.obsidian/workspaces.json' (7,043)
2024-02-11 17:29:11: 覆盖复制 '/Users/IntoSoranohate/个人仓库/SHIP/.obsidian/plugins/table-editor-obsidian/data.json' -> 'gdrive://www.googleapis.com/shipy/.obsidian/plugins/table-editor-obsidian/data.json' (95)
2024-02-11 17:29:12: 新建复制 '/Users/IntoSoranohate/个人仓库/SHIP/闪念笔记/CardBox.md' -> 'gdrive://www.googleapis.com/shipy/闪念笔记/CardBox.md' (215)
2024-02-11 17:29:15: 删除文件 gdrive://www.googleapis.com/shipy/闪念笔记/卡片盒/CardBox.md
2024-02-11 17:29:16: 新建复制 '/Users/IntoSoranohate/个人仓库/SHIP/闪念笔记/卡片盒/MOC（Map of Contents）.md' -> 'gdrive://www.googleapis.com/shipy/闪念笔记/卡片盒/MOC（Map of Contents）.md' (1,000)
2024-02-11 17:29:17: 新建复制 '/Users/IntoSoranohate/个人仓库/SHIP/闪念笔记/卡片盒/笔记的组织方式.md' -> 'gdrive://www.googleapis.com/shipy/闪念笔记/卡片盒/笔记的组织方式.md' (238)
2024-02-11 17:29:17: 新建复制 '/Users/IntoSoranohate/个人仓库/SHIP/闪念笔记/卡片盒/长青笔记.md' -> 'gdrive://www.googleapis.com/shipy/闪念笔记/卡片盒/长青笔记.md' (403)
2024-02-11 17:29:18: 保持文件状态 /Users/IntoSoranohate/个人仓库/SHIP/_gsdata_/_file_state_v4._gs
2024-02-11 17:29:20: 保持文件状态 gdrive://www.googleapis.com/shipy/_gsdata_/_file_state_v4._gs
2024-02-11 17:29:22: == 同步完成. 历时: 00:01:02, 速度: 2.16 KB/s, 完成: 23, 错误: 0
