2024-02-11 10:46:53: -- 分析开始 Periodic Timer
2024-02-11 10:46:53: 左侧: 正在读取文件状态 /Users/IntoSoranohate/个人仓库/SHIP/_gsdata_/_file_state_v4._gs
2024-02-11 10:46:53: 右侧: 正在读取文件状态 /Users/IntoSoranohate/个人仓库/backup/_gsdata_/_file_state_v4._gs
2024-02-11 10:46:53: 变更：9， 冲突：0， 复制时间：0， 复制状态：0， 错误： 0, All: 482
2024-02-11 10:46:53: Left to Right: Copy File: 8 Delete File: 1 
2024-02-11 10:46:53: == 同步开始由 Periodic Timer
2024-02-11 10:46:53: ConnectCloned connected to file:///Users/IntoSoranohate/个人仓库/SHIP
2024-02-11 10:46:53: ConnectCloned connected to file:///Users/IntoSoranohate/个人仓库/SHIP
2024-02-11 10:46:53: ConnectCloned connected to file:///Users/IntoSoranohate/个人仓库/backup
2024-02-11 10:46:53: ConnectCloned connected to file:///Users/IntoSoranohate/个人仓库/SHIP
2024-02-11 10:46:53: ConnectCloned connected to file:///Users/IntoSoranohate/个人仓库/backup
2024-02-11 10:46:53: ConnectCloned connected to file:///Users/IntoSoranohate/个人仓库/backup
2024-02-11 10:46:54: 覆盖复制 '/Users/IntoSoranohate/个人仓库/SHIP/.obsidian/app.json' -> '/Users/IntoSoranohate/个人仓库/backup/.obsidian/app.json' (206)
2024-02-11 10:46:54: 覆盖复制 '/Users/IntoSoranohate/个人仓库/SHIP/.obsidian/appearance.json' -> '/Users/IntoSoranohate/个人仓库/backup/.obsidian/appearance.json' (679)
2024-02-11 10:46:54: 覆盖复制 '/Users/IntoSoranohate/个人仓库/SHIP/.obsidian/bookmarks.json' -> '/Users/IntoSoranohate/个人仓库/backup/.obsidian/bookmarks.json' (2,725)
2024-02-11 10:46:54: 删除文件 /Users/IntoSoranohate/个人仓库/backup/.obsidian/snippets/【图标】iconfont.css
2024-02-11 10:46:54: 覆盖复制 '/Users/IntoSoranohate/个人仓库/SHIP/.obsidian/plugins/obsidian-hider/data.json' -> '/Users/IntoSoranohate/个人仓库/backup/.obsidian/plugins/obsidian-hider/data.json' (321)
2024-02-11 10:46:54: 新建复制 '/Users/IntoSoranohate/个人仓库/SHIP/.obsidian/snippets/滚动条美化.css' -> '/Users/IntoSoranohate/个人仓库/backup/.obsidian/snippets/滚动条美化.css' (7,659)
2024-02-11 10:46:54: 覆盖复制 '/Users/IntoSoranohate/个人仓库/SHIP/.obsidian/plugins/obsidian-minimal-settings/data.json' -> '/Users/IntoSoranohate/个人仓库/backup/.obsidian/plugins/obsidian-minimal-settings/data.json' (934)
2024-02-11 10:46:54: 覆盖复制 '/Users/IntoSoranohate/个人仓库/SHIP/.obsidian/plugins/recent-files-obsidian/data.json' -> '/Users/IntoSoranohate/个人仓库/backup/.obsidian/plugins/recent-files-obsidian/data.json' (4,733)
2024-02-11 10:46:54: Close Modified Folder (mod-time, acl): /.obsidian/plugins/obsidian-hider
2024-02-11 10:46:54: Close Modified Folder (mod-time, acl): /.obsidian/snippets
2024-02-11 10:46:54: Close Modified Folder (mod-time, acl): /.obsidian/plugins/obsidian-minimal-settings
2024-02-11 10:46:54: Close Modified Folder (mod-time, acl): /.obsidian/plugins/recent-files-obsidian
2024-02-11 10:46:54: 覆盖复制 '/Users/IntoSoranohate/个人仓库/SHIP/.obsidian/workspace.json' -> '/Users/IntoSoranohate/个人仓库/backup/.obsidian/workspace.json' (8,076)
2024-02-11 10:46:54: Close Modified Folder (mod-time, acl): /.obsidian
2024-02-11 10:46:54: 保持文件状态 /Users/IntoSoranohate/个人仓库/SHIP/_gsdata_/_file_state_v4._gs
2024-02-11 10:46:54: 保持文件状态 /Users/IntoSoranohate/个人仓库/backup/_gsdata_/_file_state_v4._gs
2024-02-11 10:46:54: == 同步完成. 历时: 00:00:01, 速度: 0.00/s, 完成: 9, 错误: 0
