2024-02-20 23:42:57: -- 分析开始 Periodic Timer
2024-02-20 23:42:57: 左侧: 正在读取文件状态 /Users/IntoSoranohate/个人仓库/SHIP/_gsdata_/_file_state_v4._gs
2024-02-20 23:42:57: 右侧: 正在读取文件状态 /Users/IntoSoranohate/个人仓库/backup/_gsdata_/_file_state_v4._gs
2024-02-20 23:42:57: 变更：3， 冲突：0， 复制时间：0， 复制状态：0， 错误： 0, All: 643
2024-02-20 23:42:57: Left to Right: Copy File: 3 
2024-02-20 23:42:57: == 同步开始由 Periodic Timer
2024-02-20 23:42:57: ConnectCloned connected to file:///Users/IntoSoranohate/个人仓库/SHIP
2024-02-20 23:42:57: ConnectCloned connected to file:///Users/IntoSoranohate/个人仓库/SHIP
2024-02-20 23:42:57: ConnectCloned connected to file:///Users/IntoSoranohate/个人仓库/backup
2024-02-20 23:42:57: ConnectCloned connected to file:///Users/IntoSoranohate/个人仓库/SHIP
2024-02-20 23:42:57: ConnectCloned connected to file:///Users/IntoSoranohate/个人仓库/backup
2024-02-20 23:42:57: ConnectCloned connected to file:///Users/IntoSoranohate/个人仓库/backup
2024-02-20 23:42:57: 覆盖复制 '/Users/IntoSoranohate/个人仓库/SHIP/Project/中国风角色(主角)设计.md' -> '/Users/IntoSoranohate/个人仓库/backup/Project/中国风角色(主角)设计.md' (1,359)
2024-02-20 23:42:57: 覆盖复制 '/Users/IntoSoranohate/个人仓库/SHIP/.obsidian/workspace.json' -> '/Users/IntoSoranohate/个人仓库/backup/.obsidian/workspace.json' (8,827)
2024-02-20 23:42:57: Close Modified Folder (mod-time, acl): /Project
2024-02-20 23:42:57: 覆盖复制 '/Users/IntoSoranohate/个人仓库/SHIP/.obsidian/plugins/recent-files-obsidian/data.json' -> '/Users/IntoSoranohate/个人仓库/backup/.obsidian/plugins/recent-files-obsidian/data.json' (5,707)
2024-02-20 23:42:57: Close Modified Folder (mod-time, acl): /.obsidian/plugins/recent-files-obsidian
2024-02-20 23:42:57: Close Modified Folder (mod-time, acl): /.obsidian
2024-02-20 23:42:57: 保持文件状态 /Users/IntoSoranohate/个人仓库/SHIP/_gsdata_/_file_state_v4._gs
2024-02-20 23:42:57: 保持文件状态 /Users/IntoSoranohate/个人仓库/backup/_gsdata_/_file_state_v4._gs
2024-02-20 23:42:57: == 同步完成. 历时: 00:00:00, 速度: 0.00/s, 完成: 3, 错误: 0
