2024-02-20 20:57:24: -- 分析开始 Periodic Timer
2024-02-20 20:57:24: 左侧: 正在读取文件状态 /Users/IntoSoranohate/个人仓库/SHIP/_gsdata_/_file_state_v4._gs
2024-02-20 20:57:24: 右侧: 正在读取文件状态 /Users/IntoSoranohate/个人仓库/backup/_gsdata_/_file_state_v4._gs
2024-02-20 20:57:24: 变更：8， 冲突：0， 复制时间：0， 复制状态：0， 错误： 0, All: 638
2024-02-20 20:57:24: Left to Right: Copy File: 8 
2024-02-20 20:57:24: == 同步开始由 Periodic Timer
2024-02-20 20:57:24: ConnectCloned connected to file:///Users/IntoSoranohate/个人仓库/SHIP
2024-02-20 20:57:24: ConnectCloned connected to file:///Users/IntoSoranohate/个人仓库/SHIP
2024-02-20 20:57:24: ConnectCloned connected to file:///Users/IntoSoranohate/个人仓库/SHIP
2024-02-20 20:57:24: ConnectCloned connected to file:///Users/IntoSoranohate/个人仓库/backup
2024-02-20 20:57:24: ConnectCloned connected to file:///Users/IntoSoranohate/个人仓库/backup
2024-02-20 20:57:24: ConnectCloned connected to file:///Users/IntoSoranohate/个人仓库/backup
2024-02-20 20:57:24: 覆盖复制 '/Users/IntoSoranohate/个人仓库/SHIP/.obsidian/bookmarks.json' -> '/Users/IntoSoranohate/个人仓库/backup/.obsidian/bookmarks.json' (3,412)
2024-02-20 20:57:24: 覆盖复制 '/Users/IntoSoranohate/个人仓库/SHIP/Project/中国风角色(主角).md' -> '/Users/IntoSoranohate/个人仓库/backup/Project/中国风角色(主角).md' (367)
2024-02-20 20:57:24: 覆盖复制 '/Users/IntoSoranohate/个人仓库/SHIP/.obsidian/workspace.json' -> '/Users/IntoSoranohate/个人仓库/backup/.obsidian/workspace.json' (8,858)
2024-02-20 20:57:24: 新建复制 '/Users/IntoSoranohate/个人仓库/SHIP/.obsidian/plugins/emoji-shortcodes/data.json' -> '/Users/IntoSoranohate/个人仓库/backup/.obsidian/plugins/emoji-shortcodes/data.json' (133)
2024-02-20 20:57:24: 覆盖复制 '/Users/IntoSoranohate/个人仓库/SHIP/.obsidian/plugins/recent-files-obsidian/data.json' -> '/Users/IntoSoranohate/个人仓库/backup/.obsidian/plugins/recent-files-obsidian/data.json' (5,231)
2024-02-20 20:57:24: 新建复制 '/Users/IntoSoranohate/个人仓库/SHIP/Setting/Files/Pasted image 20240220205248.png' -> '/Users/IntoSoranohate/个人仓库/backup/Setting/Files/Pasted image 20240220205248.png' (644,514)
2024-02-20 20:57:24: 新建复制 '/Users/IntoSoranohate/个人仓库/SHIP/闪念笔记/卡片盒/项目复盘.md' -> '/Users/IntoSoranohate/个人仓库/backup/闪念笔记/卡片盒/项目复盘.md' (2,025)
2024-02-20 20:57:24: Close Modified Folder (mod-time, acl): /Project
2024-02-20 20:57:24: Close Modified Folder (mod-time, acl): /.obsidian/plugins/emoji-shortcodes
2024-02-20 20:57:24: Close Modified Folder (mod-time, acl): /.obsidian/plugins/recent-files-obsidian
2024-02-20 20:57:24: Close Modified Folder (mod-time, acl): /Setting/Files
2024-02-20 20:57:24: Close Modified Folder (mod-time, acl): /闪念笔记/卡片盒
2024-02-20 20:57:24: Close Modified Folder (mod-time, acl): /.obsidian
2024-02-20 20:57:24: 覆盖复制 '/Users/IntoSoranohate/个人仓库/SHIP/Setting/模板/template模板/项目模板.md' -> '/Users/IntoSoranohate/个人仓库/backup/Setting/模板/template模板/项目模板.md' (575)
2024-02-20 20:57:24: Close Modified Folder (mod-time, acl): /Setting/模板/template模板
2024-02-20 20:57:24: 保持文件状态 /Users/IntoSoranohate/个人仓库/SHIP/_gsdata_/_file_state_v4._gs
2024-02-20 20:57:24: 保持文件状态 /Users/IntoSoranohate/个人仓库/backup/_gsdata_/_file_state_v4._gs
2024-02-20 20:57:24: == 同步完成. 历时: 00:00:00, 速度: 0.00/s, 完成: 8, 错误: 0
