2024-02-21 12:09:44: -- 分析开始 Periodic Timer
2024-02-21 12:09:44: 左侧: 正在读取文件状态 /Users/IntoSoranohate/个人仓库/SHIP/_gsdata_/_file_state_v4._gs
2024-02-21 12:09:44: 右侧: 正在读取文件状态 /Users/IntoSoranohate/个人仓库/backup/_gsdata_/_file_state_v4._gs
2024-02-21 12:09:44: 变更：11， 冲突：0， 复制时间：0， 复制状态：0， 错误： 0, All: 664
2024-02-21 12:09:44: Left to Right: Copy File: 11 
2024-02-21 12:09:44: == 同步开始由 Periodic Timer
2024-02-21 12:09:44: ConnectCloned connected to file:///Users/IntoSoranohate/个人仓库/SHIP
2024-02-21 12:09:44: ConnectCloned connected to file:///Users/IntoSoranohate/个人仓库/SHIP
2024-02-21 12:09:44: ConnectCloned connected to file:///Users/IntoSoranohate/个人仓库/SHIP
2024-02-21 12:09:44: ConnectCloned connected to file:///Users/IntoSoranohate/个人仓库/backup
2024-02-21 12:09:44: ConnectCloned connected to file:///Users/IntoSoranohate/个人仓库/backup
2024-02-21 12:09:44: ConnectCloned connected to file:///Users/IntoSoranohate/个人仓库/backup
2024-02-21 12:09:44: 覆盖复制 '/Users/IntoSoranohate/个人仓库/SHIP/.obsidian/app.json' -> '/Users/IntoSoranohate/个人仓库/backup/.obsidian/app.json' (206)
2024-02-21 12:09:44: 覆盖复制 '/Users/IntoSoranohate/个人仓库/SHIP/Setting/components/彩色时钟.md' -> '/Users/IntoSoranohate/个人仓库/backup/Setting/components/彩色时钟.md' (219)
2024-02-21 12:09:44: 覆盖复制 '/Users/IntoSoranohate/个人仓库/SHIP/.obsidian/appearance.json' -> '/Users/IntoSoranohate/个人仓库/backup/.obsidian/appearance.json' (755)
2024-02-21 12:09:44: 覆盖复制 '/Users/IntoSoranohate/个人仓库/SHIP/Setting/模板/template模板/日记模板.md' -> '/Users/IntoSoranohate/个人仓库/backup/Setting/模板/template模板/日记模板.md' (2,989)
2024-02-21 12:09:44: 覆盖复制 '/Users/IntoSoranohate/个人仓库/SHIP/.obsidian/bookmarks.json' -> '/Users/IntoSoranohate/个人仓库/backup/.obsidian/bookmarks.json' (3,412)
2024-02-21 12:09:44: 新建复制 '/Users/IntoSoranohate/个人仓库/SHIP/.obsidian/snippets/【Memos】Popover.css' -> '/Users/IntoSoranohate/个人仓库/backup/.obsidian/snippets/【Memos】Popover.css' (14,630)
2024-02-21 12:09:44: 新建复制 '/Users/IntoSoranohate/个人仓库/SHIP/.obsidian/plugins/obsidian-memos/data.json' -> '/Users/IntoSoranohate/个人仓库/backup/.obsidian/plugins/obsidian-memos/data.json' (1,122)
2024-02-21 12:09:44: 覆盖复制 '/Users/IntoSoranohate/个人仓库/SHIP/.obsidian/plugins/obsidian-minimal-settings/data.json' -> '/Users/IntoSoranohate/个人仓库/backup/.obsidian/plugins/obsidian-minimal-settings/data.json' (934)
2024-02-21 12:09:44: 覆盖复制 '/Users/IntoSoranohate/个人仓库/SHIP/.obsidian/plugins/quickadd/data.json' -> '/Users/IntoSoranohate/个人仓库/backup/.obsidian/plugins/quickadd/data.json' (4,611)
2024-02-21 12:09:44: 覆盖复制 '/Users/IntoSoranohate/个人仓库/SHIP/.obsidian/workspace.json' -> '/Users/IntoSoranohate/个人仓库/backup/.obsidian/workspace.json' (8,133)
2024-02-21 12:09:44: Close Modified Folder (mod-time, acl): /Setting/components
2024-02-21 12:09:44: Close Modified Folder (mod-time, acl): /Setting/模板/template模板
2024-02-21 12:09:44: Close Modified Folder (mod-time, acl): /.obsidian/snippets
2024-02-21 12:09:44: Close Modified Folder (mod-time, acl): /.obsidian/plugins/obsidian-memos
2024-02-21 12:09:44: Close Modified Folder (mod-time, acl): /.obsidian/plugins/obsidian-minimal-settings
2024-02-21 12:09:44: Close Modified Folder (mod-time, acl): /.obsidian/plugins/quickadd
2024-02-21 12:09:44: 覆盖复制 '/Users/IntoSoranohate/个人仓库/SHIP/.obsidian/plugins/recent-files-obsidian/data.json' -> '/Users/IntoSoranohate/个人仓库/backup/.obsidian/plugins/recent-files-obsidian/data.json' (5,673)
2024-02-21 12:09:44: Close Modified Folder (mod-time, acl): /.obsidian/plugins/recent-files-obsidian
2024-02-21 12:09:44: Close Modified Folder (mod-time, acl): /.obsidian
2024-02-21 12:09:44: 保持文件状态 /Users/IntoSoranohate/个人仓库/SHIP/_gsdata_/_file_state_v4._gs
2024-02-21 12:09:44: 保持文件状态 /Users/IntoSoranohate/个人仓库/backup/_gsdata_/_file_state_v4._gs
2024-02-21 12:09:45: == 同步完成. 历时: 00:00:01, 速度: 0.00/s, 完成: 11, 错误: 0
