2024-02-12 00:56:02: -- 分析开始 Periodic Timer
2024-02-12 00:56:02: 左侧: 正在读取文件状态 /Users/IntoSoranohate/个人仓库/SHIP/_gsdata_/_file_state_v4._gs
2024-02-12 00:56:02: 右侧: 正在读取文件状态 /Users/IntoSoranohate/个人仓库/backup/_gsdata_/_file_state_v4._gs
2024-02-12 00:56:02: 变更：6， 冲突：0， 复制时间：0， 复制状态：0， 错误： 0, All: 586
2024-02-12 00:56:02: Left to Right: Copy File: 6 
2024-02-12 00:56:02: == 同步开始由 Periodic Timer
2024-02-12 00:56:02: ConnectCloned connected to file:///Users/IntoSoranohate/个人仓库/SHIP
2024-02-12 00:56:02: ConnectCloned connected to file:///Users/IntoSoranohate/个人仓库/SHIP
2024-02-12 00:56:02: ConnectCloned connected to file:///Users/IntoSoranohate/个人仓库/backup
2024-02-12 00:56:02: ConnectCloned connected to file:///Users/IntoSoranohate/个人仓库/backup
2024-02-12 00:56:02: ConnectCloned connected to file:///Users/IntoSoranohate/个人仓库/SHIP
2024-02-12 00:56:02: ConnectCloned connected to file:///Users/IntoSoranohate/个人仓库/backup
2024-02-12 00:56:02: /Users/IntoSoranohate/个人仓库/SHIP/.obsidian/bookmarks.json: Source file has changed between Analyze and Sync from '[file] size=3,412 accu-time=2024-02-12 00:41:32 file-time=2024-02-12 00:41:34 attr=Hidden644 cktype=0' to 'size=3,412 time=2024-02-12 00:56:02', noted in source file state
2024-02-12 00:56:02: 覆盖复制 '/Users/IntoSoranohate/个人仓库/SHIP/.obsidian/bookmarks.json' -> '/Users/IntoSoranohate/个人仓库/backup/.obsidian/bookmarks.json' (3,412)
2024-02-12 00:56:02: 覆盖复制 '/Users/IntoSoranohate/个人仓库/SHIP/日记/2024-02-11_周日.md' -> '/Users/IntoSoranohate/个人仓库/backup/日记/2024-02-11_周日.md' (1,433)
2024-02-12 00:56:02: 覆盖复制 '/Users/IntoSoranohate/个人仓库/SHIP/.obsidian/workspace.json' -> '/Users/IntoSoranohate/个人仓库/backup/.obsidian/workspace.json' (9,227)
2024-02-12 00:56:02: 覆盖复制 '/Users/IntoSoranohate/个人仓库/SHIP/.obsidian/plugins/recent-files-obsidian/data.json' -> '/Users/IntoSoranohate/个人仓库/backup/.obsidian/plugins/recent-files-obsidian/data.json' (5,279)
2024-02-12 00:56:02: Close Modified Folder (mod-time, acl): /日记
2024-02-12 00:56:02: 新建复制 '/Users/IntoSoranohate/个人仓库/SHIP/闪念笔记/卡片盒/认知行为疗法.md' -> '/Users/IntoSoranohate/个人仓库/backup/闪念笔记/卡片盒/认知行为疗法.md' (161)
2024-02-12 00:56:02: Close Modified Folder (mod-time, acl): /.obsidian/plugins/recent-files-obsidian
2024-02-12 00:56:02: Close Modified Folder (mod-time, acl): /.obsidian
2024-02-12 00:56:02: 新建复制 '/Users/IntoSoranohate/个人仓库/SHIP/闪念笔记/卡片盒/需要去研究认知行为.md' -> '/Users/IntoSoranohate/个人仓库/backup/闪念笔记/卡片盒/需要去研究认知行为.md' (112)
2024-02-12 00:56:02: Close Modified Folder (mod-time, acl): /闪念笔记/卡片盒
2024-02-12 00:56:02: 保持文件状态 /Users/IntoSoranohate/个人仓库/SHIP/_gsdata_/_file_state_v4._gs
2024-02-12 00:56:02: 保持文件状态 /Users/IntoSoranohate/个人仓库/backup/_gsdata_/_file_state_v4._gs
2024-02-12 00:56:02: == 同步完成. 历时: 00:00:00, 速度: 0.00/s, 完成: 6, 错误: 0
