2024-02-10 17:22:07: == 同步开始由 User Command
2024-02-10 17:22:10: ConnectCloned connected to file:///Users/IntoSoranohate/个人仓库/SHIP
2024-02-10 17:22:10: ConnectCloned connected to file:///Users/IntoSoranohate/个人仓库/SHIP
2024-02-10 17:22:10: ConnectCloned connected to file:///Users/IntoSoranohate/个人仓库/SHIP
2024-02-10 17:22:10: GsConnectAndSetRoot1 connected to gdrive://www.googleapis.com/shipy
2024-02-10 17:22:10: GsConnectAndSetRoot1 connected to gdrive://www.googleapis.com/shipy
2024-02-10 17:22:11: GsConnectAndSetRoot1 connected to gdrive://www.googleapis.com/shipy
2024-02-10 17:22:12: 创建文件夹 gdrive://www.googleapis.com/shipy/.obsidian
2024-02-10 17:22:14: 创建文件夹 gdrive://www.googleapis.com/shipy/Inbox
2024-02-10 17:22:15: 新建复制 '/Users/IntoSoranohate/个人仓库/SHIP/.obsidian/app.json' -> 'gdrive://www.googleapis.com/shipy/.obsidian/app.json' (206)
2024-02-10 17:22:16: 新建复制 '/Users/IntoSoranohate/个人仓库/SHIP/.obsidian/appearance.json' -> 'gdrive://www.googleapis.com/shipy/.obsidian/appearance.json' (385)
2024-02-10 17:22:18: /Users/IntoSoranohate/个人仓库/SHIP/.obsidian/bookmarks.json: Source file has changed between Analyze and Sync from '[file] size=2,725 accu-time=2024-02-10 17:18:34 attr=Hidden644 cktype=0' to 'size=2,725 time=2024-02-10 17:22:09', noted in source file state
2024-02-10 17:22:18: 新建复制 '/Users/IntoSoranohate/个人仓库/SHIP/.obsidian/bookmarks.json' -> 'gdrive://www.googleapis.com/shipy/.obsidian/bookmarks.json' (2,725)
2024-02-10 17:22:20: 新建复制 '/Users/IntoSoranohate/个人仓库/SHIP/.obsidian/community-plugins.json' -> 'gdrive://www.googleapis.com/shipy/.obsidian/community-plugins.json' (421)
2024-02-10 17:22:20: 新建复制 '/Users/IntoSoranohate/个人仓库/SHIP/.obsidian/core-plugins-migration.json' -> 'gdrive://www.googleapis.com/shipy/.obsidian/core-plugins-migration.json' (638)
2024-02-10 17:22:23: 新建复制 '/Users/IntoSoranohate/个人仓库/SHIP/.obsidian/core-plugins.json' -> 'gdrive://www.googleapis.com/shipy/.obsidian/core-plugins.json' (278)
2024-02-10 17:22:23: 新建复制 '/Users/IntoSoranohate/个人仓库/SHIP/.obsidian/daily-notes.json' -> 'gdrive://www.googleapis.com/shipy/.obsidian/daily-notes.json' (107)
2024-02-10 17:22:24: 创建文件夹 gdrive://www.googleapis.com/shipy/.obsidian/plugins
2024-02-10 17:22:25: 新建复制 '/Users/IntoSoranohate/个人仓库/SHIP/.obsidian/graph.json' -> 'gdrive://www.googleapis.com/shipy/.obsidian/graph.json' (510)
2024-02-10 17:22:26: 创建文件夹 gdrive://www.googleapis.com/shipy/.obsidian/snippets
2024-02-10 17:22:27: 创建文件夹 gdrive://www.googleapis.com/shipy/.obsidian/plugins/calendar
2024-02-10 17:22:27: 新建复制 '/Users/IntoSoranohate/个人仓库/SHIP/.obsidian/hotkeys.json' -> 'gdrive://www.googleapis.com/shipy/.obsidian/hotkeys.json' (651)
2024-02-10 17:22:27: 创建文件夹 gdrive://www.googleapis.com/shipy/.obsidian/plugins/custom-sort
2024-02-10 17:22:29: 新建复制 '/Users/IntoSoranohate/个人仓库/SHIP/.obsidian/snippets/【AD优化】admonitions.css' -> 'gdrive://www.googleapis.com/shipy/.obsidian/snippets/【AD优化】admonitions.css' (309)
2024-02-10 17:22:32: 新建复制 '/Users/IntoSoranohate/个人仓库/SHIP/.obsidian/plugins/custom-sort/data.json' -> 'gdrive://www.googleapis.com/shipy/.obsidian/plugins/custom-sort/data.json' (330)
2024-02-10 17:22:33: 新建复制 '/Users/IntoSoranohate/个人仓库/SHIP/.obsidian/plugins/custom-sort/manifest.json' -> 'gdrive://www.googleapis.com/shipy/.obsidian/plugins/custom-sort/manifest.json' (341)
2024-02-10 17:22:34: 新建复制 '/Users/IntoSoranohate/个人仓库/SHIP/.obsidian/plugins/custom-sort/main.js' -> 'gdrive://www.googleapis.com/shipy/.obsidian/plugins/custom-sort/main.js' (74,539)
2024-02-10 17:22:36: 新建复制 '/Users/IntoSoranohate/个人仓库/SHIP/.obsidian/plugins/calendar/data.json' -> 'gdrive://www.googleapis.com/shipy/.obsidian/plugins/calendar/data.json' (231)
2024-02-10 17:22:36: 新建复制 '/Users/IntoSoranohate/个人仓库/SHIP/.obsidian/plugins/calendar/main.js' -> 'gdrive://www.googleapis.com/shipy/.obsidian/plugins/calendar/main.js' (141,498)
2024-02-10 17:22:39: 新建复制 '/Users/IntoSoranohate/个人仓库/SHIP/.obsidian/snippets/【分栏支持】admonition-col2-col3-flex.css' -> 'gdrive://www.googleapis.com/shipy/.obsidian/snippets/【分栏支持】admonition-col2-col3-flex.css' (8,147)
2024-02-10 17:22:39: 新建复制 '/Users/IntoSoranohate/个人仓库/SHIP/.obsidian/plugins/calendar/manifest.json' -> 'gdrive://www.googleapis.com/shipy/.obsidian/plugins/calendar/manifest.json' (249)
2024-02-10 17:22:40: 新建复制 '/Users/IntoSoranohate/个人仓库/SHIP/.obsidian/snippets/【日记时间轴】Time.css' -> 'gdrive://www.googleapis.com/shipy/.obsidian/snippets/【日记时间轴】Time.css' (962)
2024-02-10 17:22:41: 创建文件夹 gdrive://www.googleapis.com/shipy/.obsidian/plugins/dataview
2024-02-10 17:22:42: 新建复制 '/Users/IntoSoranohate/个人仓库/SHIP/.obsidian/snippets/【项目管理】sharetype.css' -> 'gdrive://www.googleapis.com/shipy/.obsidian/snippets/【项目管理】sharetype.css' (2,148)
2024-02-10 17:22:42: 创建文件夹 gdrive://www.googleapis.com/shipy/.obsidian/plugins/emoji-shortcodes
2024-02-10 17:22:43: > 新建复制 '/Users/IntoSoranohate/个人仓库/SHIP/.obsidian/plugins/dataview/main.js' -> 'gdrive://www.googleapis.com/shipy/.obsidian/plugins/dataview/main.js' (2,352,852)
2024-02-10 17:22:44: 新建复制 '/Users/IntoSoranohate/个人仓库/SHIP/.obsidian/snippets/【进度颜色】colourful progress bar.css' -> 'gdrive://www.googleapis.com/shipy/.obsidian/snippets/【进度颜色】colourful progress bar.css' (3,652)
2024-02-10 17:22:44: 新建复制 '/Users/IntoSoranohate/个人仓库/SHIP/.obsidian/plugins/dataview/data.json' -> 'gdrive://www.googleapis.com/shipy/.obsidian/plugins/dataview/data.json' (854)
2024-02-10 17:22:47: 新建复制 '/Users/IntoSoranohate/个人仓库/SHIP/.obsidian/plugins/emoji-shortcodes/data.json' -> 'gdrive://www.googleapis.com/shipy/.obsidian/plugins/emoji-shortcodes/data.json' (179)
2024-02-10 17:22:48: 新建复制 '/Users/IntoSoranohate/个人仓库/SHIP/.obsidian/plugins/emoji-shortcodes/main.js' -> 'gdrive://www.googleapis.com/shipy/.obsidian/plugins/emoji-shortcodes/main.js' (74,921)
2024-02-10 17:22:49: < 新建复制 '/Users/IntoSoranohate/个人仓库/SHIP/.obsidian/plugins/dataview/main.js' -> 'gdrive://www.googleapis.com/shipy/.obsidian/plugins/dataview/main.js' (2,352,852)
2024-02-10 17:22:50: 新建复制 '/Users/IntoSoranohate/个人仓库/SHIP/.obsidian/plugins/emoji-shortcodes/manifest.json' -> 'gdrive://www.googleapis.com/shipy/.obsidian/plugins/emoji-shortcodes/manifest.json' (334)
2024-02-10 17:22:51: 新建复制 '/Users/IntoSoranohate/个人仓库/SHIP/.obsidian/plugins/emoji-shortcodes/styles.css' -> 'gdrive://www.googleapis.com/shipy/.obsidian/plugins/emoji-shortcodes/styles.css' (468)
2024-02-10 17:22:52: 新建复制 '/Users/IntoSoranohate/个人仓库/SHIP/.obsidian/plugins/dataview/manifest.json' -> 'gdrive://www.googleapis.com/shipy/.obsidian/plugins/dataview/manifest.json' (291)
2024-02-10 17:22:53: 创建文件夹 gdrive://www.googleapis.com/shipy/.obsidian/plugins/homepage
2024-02-10 17:22:54: 创建文件夹 gdrive://www.googleapis.com/shipy/.obsidian/plugins/nldates-obsidian
2024-02-10 17:22:54: 创建文件夹 gdrive://www.googleapis.com/shipy/.obsidian/plugins/obsidian-admonition
2024-02-10 17:22:54: 新建复制 '/Users/IntoSoranohate/个人仓库/SHIP/.obsidian/plugins/dataview/styles.css' -> 'gdrive://www.googleapis.com/shipy/.obsidian/plugins/dataview/styles.css' (3,159)
2024-02-10 17:22:56: 新建复制 '/Users/IntoSoranohate/个人仓库/SHIP/.obsidian/plugins/homepage/data.json' -> 'gdrive://www.googleapis.com/shipy/.obsidian/plugins/homepage/data.json' (538)
2024-02-10 17:22:57: > 新建复制 '/Users/IntoSoranohate/个人仓库/SHIP/.obsidian/plugins/obsidian-admonition/main.js' -> 'gdrive://www.googleapis.com/shipy/.obsidian/plugins/obsidian-admonition/main.js' (1,349,708)
2024-02-10 17:22:57: 新建复制 '/Users/IntoSoranohate/个人仓库/SHIP/.obsidian/plugins/obsidian-admonition/data.json' -> 'gdrive://www.googleapis.com/shipy/.obsidian/plugins/obsidian-admonition/data.json' (1,705)
2024-02-10 17:23:00: 新建复制 '/Users/IntoSoranohate/个人仓库/SHIP/.obsidian/plugins/obsidian-admonition/manifest.json' -> 'gdrive://www.googleapis.com/shipy/.obsidian/plugins/obsidian-admonition/manifest.json' (256)
2024-02-10 17:23:00: < 新建复制 '/Users/IntoSoranohate/个人仓库/SHIP/.obsidian/plugins/obsidian-admonition/main.js' -> 'gdrive://www.googleapis.com/shipy/.obsidian/plugins/obsidian-admonition/main.js' (1,349,708)
2024-02-10 17:23:00: > 新建复制 '/Users/IntoSoranohate/个人仓库/SHIP/.obsidian/plugins/nldates-obsidian/main.js' -> 'gdrive://www.googleapis.com/shipy/.obsidian/plugins/nldates-obsidian/main.js' (1,376,761)
2024-02-10 17:23:01: 新建复制 '/Users/IntoSoranohate/个人仓库/SHIP/.obsidian/plugins/obsidian-admonition/styles.css' -> 'gdrive://www.googleapis.com/shipy/.obsidian/plugins/obsidian-admonition/styles.css' (6,930)
2024-02-10 17:23:03: 新建复制 '/Users/IntoSoranohate/个人仓库/SHIP/.obsidian/plugins/nldates-obsidian/data.json' -> 'gdrive://www.googleapis.com/shipy/.obsidian/plugins/nldates-obsidian/data.json' (307)
2024-02-10 17:23:04: 新建复制 '/Users/IntoSoranohate/个人仓库/SHIP/.obsidian/plugins/nldates-obsidian/manifest.json' -> 'gdrive://www.googleapis.com/shipy/.obsidian/plugins/nldates-obsidian/manifest.json' (298)
2024-02-10 17:23:05: < 新建复制 '/Users/IntoSoranohate/个人仓库/SHIP/.obsidian/plugins/nldates-obsidian/main.js' -> 'gdrive://www.googleapis.com/shipy/.obsidian/plugins/nldates-obsidian/main.js' (1,376,761)
2024-02-10 17:23:07: 新建复制 '/Users/IntoSoranohate/个人仓库/SHIP/.obsidian/plugins/homepage/manifest.json' -> 'gdrive://www.googleapis.com/shipy/.obsidian/plugins/homepage/manifest.json' (280)
2024-02-10 17:23:07: 新建复制 '/Users/IntoSoranohate/个人仓库/SHIP/.obsidian/plugins/homepage/styles.css' -> 'gdrive://www.googleapis.com/shipy/.obsidian/plugins/homepage/styles.css' (2,740)
2024-02-10 17:23:07: 新建复制 '/Users/IntoSoranohate/个人仓库/SHIP/.obsidian/plugins/homepage/main.js' -> 'gdrive://www.googleapis.com/shipy/.obsidian/plugins/homepage/main.js' (31,557)
2024-02-10 17:23:09: 创建文件夹 gdrive://www.googleapis.com/shipy/.obsidian/plugins/obsidian-contextual-typography
2024-02-10 17:23:09: 创建文件夹 gdrive://www.googleapis.com/shipy/.obsidian/plugins/obsidian-importer
2024-02-10 17:23:09: 创建文件夹 gdrive://www.googleapis.com/shipy/.obsidian/plugins/obsidian-charts
2024-02-10 17:23:10: 创建文件夹 gdrive://www.googleapis.com/shipy/.obsidian/plugins/obsidian-linter
2024-02-10 17:23:12: 新建复制 '/Users/IntoSoranohate/个人仓库/SHIP/.obsidian/plugins/obsidian-contextual-typography/main.js' -> 'gdrive://www.googleapis.com/shipy/.obsidian/plugins/obsidian-contextual-typography/main.js' (16,526)
2024-02-10 17:23:13: 新建复制 '/Users/IntoSoranohate/个人仓库/SHIP/.obsidian/plugins/obsidian-charts/main.js' -> 'gdrive://www.googleapis.com/shipy/.obsidian/plugins/obsidian-charts/main.js' (373,070)
2024-02-10 17:23:14: > 新建复制 '/Users/IntoSoranohate/个人仓库/SHIP/.obsidian/plugins/obsidian-linter/main.js' -> 'gdrive://www.googleapis.com/shipy/.obsidian/plugins/obsidian-linter/main.js' (1,529,308)
2024-02-10 17:23:15: 新建复制 '/Users/IntoSoranohate/个人仓库/SHIP/.obsidian/plugins/obsidian-linter/data.json' -> 'gdrive://www.googleapis.com/shipy/.obsidian/plugins/obsidian-linter/data.json' (10,219)
2024-02-10 17:23:17: 新建复制 '/Users/IntoSoranohate/个人仓库/SHIP/.obsidian/plugins/obsidian-linter/manifest.json' -> 'gdrive://www.googleapis.com/shipy/.obsidian/plugins/obsidian-linter/manifest.json' (536)
2024-02-10 17:23:17: 新建复制 '/Users/IntoSoranohate/个人仓库/SHIP/.obsidian/plugins/obsidian-linter/styles.css' -> 'gdrive://www.googleapis.com/shipy/.obsidian/plugins/obsidian-linter/styles.css' (5,078)
2024-02-10 17:23:20: < 新建复制 '/Users/IntoSoranohate/个人仓库/SHIP/.obsidian/plugins/obsidian-linter/main.js' -> 'gdrive://www.googleapis.com/shipy/.obsidian/plugins/obsidian-linter/main.js' (1,529,308)
2024-02-10 17:23:21: 新建复制 '/Users/IntoSoranohate/个人仓库/SHIP/.obsidian/plugins/obsidian-charts/manifest.json' -> 'gdrive://www.googleapis.com/shipy/.obsidian/plugins/obsidian-charts/manifest.json' (326)
2024-02-10 17:23:22: 新建复制 '/Users/IntoSoranohate/个人仓库/SHIP/.obsidian/plugins/obsidian-charts/styles.css' -> 'gdrive://www.googleapis.com/shipy/.obsidian/plugins/obsidian-charts/styles.css' (587)
2024-02-10 17:23:24: 新建复制 '/Users/IntoSoranohate/个人仓库/SHIP/.obsidian/plugins/obsidian-importer/manifest.json' -> 'gdrive://www.googleapis.com/shipy/.obsidian/plugins/obsidian-importer/manifest.json' (261)
2024-02-10 17:23:25: 新建复制 '/Users/IntoSoranohate/个人仓库/SHIP/.obsidian/plugins/obsidian-importer/styles.css' -> 'gdrive://www.googleapis.com/shipy/.obsidian/plugins/obsidian-importer/styles.css' (1,957)
2024-02-10 17:23:25: 新建复制 '/Users/IntoSoranohate/个人仓库/SHIP/.obsidian/plugins/obsidian-importer/main.js' -> 'gdrive://www.googleapis.com/shipy/.obsidian/plugins/obsidian-importer/main.js' (343,194)
2024-02-10 17:23:27: 创建文件夹 gdrive://www.googleapis.com/shipy/.obsidian/plugins/obsidian-minimal-settings
2024-02-10 17:23:28: 创建文件夹 gdrive://www.googleapis.com/shipy/.obsidian/plugins/obsidian-outliner
2024-02-10 17:23:28: 新建复制 '/Users/IntoSoranohate/个人仓库/SHIP/.obsidian/plugins/obsidian-contextual-typography/manifest.json' -> 'gdrive://www.googleapis.com/shipy/.obsidian/plugins/obsidian-contextual-typography/manifest.json' (434)
2024-02-10 17:23:28: 创建文件夹 gdrive://www.googleapis.com/shipy/.obsidian/plugins/obsidian-tasks-plugin
2024-02-10 17:23:30: 新建复制 '/Users/IntoSoranohate/个人仓库/SHIP/.obsidian/plugins/obsidian-minimal-settings/data.json' -> 'gdrive://www.googleapis.com/shipy/.obsidian/plugins/obsidian-minimal-settings/data.json' (934)
2024-02-10 17:23:31: 新建复制 '/Users/IntoSoranohate/个人仓库/SHIP/.obsidian/plugins/obsidian-outliner/data.json' -> 'gdrive://www.googleapis.com/shipy/.obsidian/plugins/obsidian-outliner/data.json' (252)
2024-02-10 17:23:33: 新建复制 '/Users/IntoSoranohate/个人仓库/SHIP/.obsidian/plugins/obsidian-tasks-plugin/data.json' -> 'gdrive://www.googleapis.com/shipy/.obsidian/plugins/obsidian-tasks-plugin/data.json' (1,652)
2024-02-10 17:23:35: 新建复制 '/Users/IntoSoranohate/个人仓库/SHIP/.obsidian/plugins/obsidian-tasks-plugin/manifest.json' -> 'gdrive://www.googleapis.com/shipy/.obsidian/plugins/obsidian-tasks-plugin/manifest.json' (395)
2024-02-10 17:23:36: 新建复制 '/Users/IntoSoranohate/个人仓库/SHIP/.obsidian/plugins/obsidian-tasks-plugin/styles.css' -> 'gdrive://www.googleapis.com/shipy/.obsidian/plugins/obsidian-tasks-plugin/styles.css' (8,288)
2024-02-10 17:23:37: 新建复制 '/Users/IntoSoranohate/个人仓库/SHIP/.obsidian/plugins/obsidian-tasks-plugin/main.js' -> 'gdrive://www.googleapis.com/shipy/.obsidian/plugins/obsidian-tasks-plugin/main.js' (427,813)
2024-02-10 17:23:39: 新建复制 '/Users/IntoSoranohate/个人仓库/SHIP/.obsidian/plugins/obsidian-outliner/main.js' -> 'gdrive://www.googleapis.com/shipy/.obsidian/plugins/obsidian-outliner/main.js' (469,756)
2024-02-10 17:23:40: 新建复制 '/Users/IntoSoranohate/个人仓库/SHIP/.obsidian/plugins/obsidian-outliner/manifest.json' -> 'gdrive://www.googleapis.com/shipy/.obsidian/plugins/obsidian-outliner/manifest.json' (285)
2024-02-10 17:23:42: 新建复制 '/Users/IntoSoranohate/个人仓库/SHIP/.obsidian/plugins/obsidian-minimal-settings/main.js' -> 'gdrive://www.googleapis.com/shipy/.obsidian/plugins/obsidian-minimal-settings/main.js' (141,202)
2024-02-10 17:23:42: 新建复制 '/Users/IntoSoranohate/个人仓库/SHIP/.obsidian/plugins/obsidian-outliner/styles.css' -> 'gdrive://www.googleapis.com/shipy/.obsidian/plugins/obsidian-outliner/styles.css' (2,163)
2024-02-10 17:23:43: 创建文件夹 gdrive://www.googleapis.com/shipy/.obsidian/plugins/obsidian-tracker
2024-02-10 17:23:43: 新建复制 '/Users/IntoSoranohate/个人仓库/SHIP/.obsidian/plugins/obsidian-minimal-settings/manifest.json' -> 'gdrive://www.googleapis.com/shipy/.obsidian/plugins/obsidian-minimal-settings/manifest.json' (355)
2024-02-10 17:23:43: > 新建复制 '/Users/IntoSoranohate/个人仓库/SHIP/.obsidian/plugins/obsidian-tracker/main.js' -> 'gdrive://www.googleapis.com/shipy/.obsidian/plugins/obsidian-tracker/main.js' (1,492,748)
2024-02-10 17:23:44: 创建文件夹 gdrive://www.googleapis.com/shipy/.obsidian/plugins/quickadd
2024-02-10 17:23:46: 新建复制 '/Users/IntoSoranohate/个人仓库/SHIP/.obsidian/plugins/obsidian-minimal-settings/styles.css' -> 'gdrive://www.googleapis.com/shipy/.obsidian/plugins/obsidian-minimal-settings/styles.css' (11)
2024-02-10 17:23:47: 新建复制 '/Users/IntoSoranohate/个人仓库/SHIP/.obsidian/plugins/obsidian-tracker/manifest.json' -> 'gdrive://www.googleapis.com/shipy/.obsidian/plugins/obsidian-tracker/manifest.json' (259)
2024-02-10 17:23:48: > 新建复制 '/Users/IntoSoranohate/个人仓库/SHIP/.obsidian/plugins/quickadd/main.js' -> 'gdrive://www.googleapis.com/shipy/.obsidian/plugins/quickadd/main.js' (3,889,240)
2024-02-10 17:23:49: 新建复制 '/Users/IntoSoranohate/个人仓库/SHIP/.obsidian/plugins/quickadd/data.json' -> 'gdrive://www.googleapis.com/shipy/.obsidian/plugins/quickadd/data.json' (1,392)
2024-02-10 17:23:49: < 新建复制 '/Users/IntoSoranohate/个人仓库/SHIP/.obsidian/plugins/obsidian-tracker/main.js' -> 'gdrive://www.googleapis.com/shipy/.obsidian/plugins/obsidian-tracker/main.js' (1,492,748)
2024-02-10 17:23:52: 新建复制 '/Users/IntoSoranohate/个人仓库/SHIP/.obsidian/plugins/quickadd/manifest.json' -> 'gdrive://www.googleapis.com/shipy/.obsidian/plugins/quickadd/manifest.json' (318)
2024-02-10 17:23:52: 新建复制 '/Users/IntoSoranohate/个人仓库/SHIP/.obsidian/plugins/quickadd/styles.css' -> 'gdrive://www.googleapis.com/shipy/.obsidian/plugins/quickadd/styles.css' (4,668)
2024-02-10 17:23:54: 创建文件夹 gdrive://www.googleapis.com/shipy/.obsidian/plugins/recent-files-obsidian
2024-02-10 17:23:54: < 新建复制 '/Users/IntoSoranohate/个人仓库/SHIP/.obsidian/plugins/quickadd/main.js' -> 'gdrive://www.googleapis.com/shipy/.obsidian/plugins/quickadd/main.js' (3,889,240)
2024-02-10 17:23:55: 新建复制 '/Users/IntoSoranohate/个人仓库/SHIP/.obsidian/plugins/obsidian-tracker/styles.css' -> 'gdrive://www.googleapis.com/shipy/.obsidian/plugins/obsidian-tracker/styles.css' (3,283)
2024-02-10 17:23:55: 创建文件夹 gdrive://www.googleapis.com/shipy/.obsidian/plugins/table-editor-obsidian
2024-02-10 17:23:57: 新建复制 '/Users/IntoSoranohate/个人仓库/SHIP/.obsidian/plugins/recent-files-obsidian/data.json' -> 'gdrive://www.googleapis.com/shipy/.obsidian/plugins/recent-files-obsidian/data.json' (5,616)
2024-02-10 17:23:57: > 新建复制 '/Users/IntoSoranohate/个人仓库/SHIP/.obsidian/plugins/table-editor-obsidian/main.js' -> 'gdrive://www.googleapis.com/shipy/.obsidian/plugins/table-editor-obsidian/main.js' (3,302,373)
2024-02-10 17:23:58: 新建复制 '/Users/IntoSoranohate/个人仓库/SHIP/.obsidian/plugins/recent-files-obsidian/main.js' -> 'gdrive://www.googleapis.com/shipy/.obsidian/plugins/recent-files-obsidian/main.js' (154,053)
2024-02-10 17:24:00: 新建复制 '/Users/IntoSoranohate/个人仓库/SHIP/.obsidian/plugins/table-editor-obsidian/data.json' -> 'gdrive://www.googleapis.com/shipy/.obsidian/plugins/table-editor-obsidian/data.json' (95)
2024-02-10 17:24:01: 新建复制 '/Users/IntoSoranohate/个人仓库/SHIP/.obsidian/plugins/table-editor-obsidian/manifest.json' -> 'gdrive://www.googleapis.com/shipy/.obsidian/plugins/table-editor-obsidian/manifest.json' (563)
2024-02-10 17:24:03: 新建复制 '/Users/IntoSoranohate/个人仓库/SHIP/.obsidian/plugins/table-editor-obsidian/styles.css' -> 'gdrive://www.googleapis.com/shipy/.obsidian/plugins/table-editor-obsidian/styles.css' (1,751)
2024-02-10 17:24:04: 新建复制 '/Users/IntoSoranohate/个人仓库/SHIP/.obsidian/plugins/recent-files-obsidian/manifest.json' -> 'gdrive://www.googleapis.com/shipy/.obsidian/plugins/recent-files-obsidian/manifest.json' (511)
2024-02-10 17:24:06: 新建复制 '/Users/IntoSoranohate/个人仓库/SHIP/.obsidian/plugins/recent-files-obsidian/styles.css' -> 'gdrive://www.googleapis.com/shipy/.obsidian/plugins/recent-files-obsidian/styles.css' (475)
2024-02-10 17:24:06: 创建文件夹 gdrive://www.googleapis.com/shipy/.obsidian/plugins/tag-wrangler
2024-02-10 17:24:06: < 新建复制 '/Users/IntoSoranohate/个人仓库/SHIP/.obsidian/plugins/table-editor-obsidian/main.js' -> 'gdrive://www.googleapis.com/shipy/.obsidian/plugins/table-editor-obsidian/main.js' (3,302,373)
2024-02-10 17:24:07: 创建文件夹 gdrive://www.googleapis.com/shipy/.obsidian/plugins/templater-obsidian
2024-02-10 17:24:09: 新建复制 '/Users/IntoSoranohate/个人仓库/SHIP/.obsidian/plugins/tag-wrangler/manifest.json' -> 'gdrive://www.googleapis.com/shipy/.obsidian/plugins/tag-wrangler/manifest.json' (331)
2024-02-10 17:24:09: 新建复制 '/Users/IntoSoranohate/个人仓库/SHIP/.obsidian/plugins/tag-wrangler/main.js' -> 'gdrive://www.googleapis.com/shipy/.obsidian/plugins/tag-wrangler/main.js' (114,543)
2024-02-10 17:24:12: 新建复制 '/Users/IntoSoranohate/个人仓库/SHIP/.obsidian/plugins/templater-obsidian/data.json' -> 'gdrive://www.googleapis.com/shipy/.obsidian/plugins/templater-obsidian/data.json' (638)
2024-02-10 17:24:12: 新建复制 '/Users/IntoSoranohate/个人仓库/SHIP/.obsidian/plugins/templater-obsidian/main.js' -> 'gdrive://www.googleapis.com/shipy/.obsidian/plugins/templater-obsidian/main.js' (293,474)
2024-02-10 17:24:14: 新建复制 '/Users/IntoSoranohate/个人仓库/SHIP/.obsidian/plugins/templater-obsidian/manifest.json' -> 'gdrive://www.googleapis.com/shipy/.obsidian/plugins/templater-obsidian/manifest.json' (329)
2024-02-10 17:24:15: 新建复制 '/Users/IntoSoranohate/个人仓库/SHIP/.obsidian/plugins/tag-wrangler/styles.css' -> 'gdrive://www.googleapis.com/shipy/.obsidian/plugins/tag-wrangler/styles.css' (418)
2024-02-10 17:24:16: 新建复制 '/Users/IntoSoranohate/个人仓库/SHIP/.obsidian/plugins/templater-obsidian/styles.css' -> 'gdrive://www.googleapis.com/shipy/.obsidian/plugins/templater-obsidian/styles.css' (4,811)
2024-02-10 17:24:17: 创建文件夹 gdrive://www.googleapis.com/shipy/.obsidian/themes
2024-02-10 17:24:17: 新建复制 '/Users/IntoSoranohate/个人仓库/SHIP/.obsidian/switcher.json' -> 'gdrive://www.googleapis.com/shipy/.obsidian/switcher.json' (87)
2024-02-10 17:24:19: 新建复制 '/Users/IntoSoranohate/个人仓库/SHIP/.obsidian/templates.json' -> 'gdrive://www.googleapis.com/shipy/.obsidian/templates.json' (109)
2024-02-10 17:24:19: 创建文件夹 gdrive://www.googleapis.com/shipy/.obsidian/themes/Minimal
2024-02-10 17:24:20: 新建复制 '/Users/IntoSoranohate/个人仓库/SHIP/.obsidian/types.json' -> 'gdrive://www.googleapis.com/shipy/.obsidian/types.json' (826)
2024-02-10 17:24:22: 新建复制 '/Users/IntoSoranohate/个人仓库/SHIP/.obsidian/workspace-mobile.json' -> 'gdrive://www.googleapis.com/shipy/.obsidian/workspace-mobile.json' (5,082)
2024-02-10 17:24:23: 新建复制 '/Users/IntoSoranohate/个人仓库/SHIP/.obsidian/themes/Minimal/manifest.json' -> 'gdrive://www.googleapis.com/shipy/.obsidian/themes/Minimal/manifest.json' (199)
2024-02-10 17:24:25: 新建复制 '/Users/IntoSoranohate/个人仓库/SHIP/.obsidian/themes/Minimal/theme.css' -> 'gdrive://www.googleapis.com/shipy/.obsidian/themes/Minimal/theme.css' (252,419)
2024-02-10 17:24:26: 创建文件夹 gdrive://www.googleapis.com/shipy/Project
2024-02-10 17:24:26: /Users/IntoSoranohate/个人仓库/SHIP/.obsidian/workspace.json: Source file has changed between Analyze and Sync from '[file] size=7,176 accu-time=2024-02-10 17:18:33 attr=Hidden644 cktype=0' to 'size=7,176 time=2024-02-10 17:22:09', noted in source file state
2024-02-10 17:24:26: 新建复制 '/Users/IntoSoranohate/个人仓库/SHIP/.obsidian/workspace.json' -> 'gdrive://www.googleapis.com/shipy/.obsidian/workspace.json' (7,176)
2024-02-10 17:24:27: 创建文件夹 gdrive://www.googleapis.com/shipy/Setting
2024-02-10 17:24:28: 创建文件夹 gdrive://www.googleapis.com/shipy/文献笔记
2024-02-10 17:24:30: 创建文件夹 gdrive://www.googleapis.com/shipy/Setting/Files
2024-02-10 17:24:31: 创建文件夹 gdrive://www.googleapis.com/shipy/文献笔记/读书
2024-02-10 17:24:31: 新建复制 '/Users/IntoSoranohate/个人仓库/SHIP/Project/IDEA 备忘.md' -> 'gdrive://www.googleapis.com/shipy/Project/IDEA 备忘.md' (70)
2024-02-10 17:24:32: 创建文件夹 gdrive://www.googleapis.com/shipy/Setting/标签
2024-02-10 17:24:35: 新建复制 '/Users/IntoSoranohate/个人仓库/SHIP/文献笔记/读书/读书清单.md' -> 'gdrive://www.googleapis.com/shipy/文献笔记/读书/读书清单.md' (46)
2024-02-10 17:24:36: 新建复制 '/Users/IntoSoranohate/个人仓库/SHIP/Setting/Files/- 1.jpg' -> 'gdrive://www.googleapis.com/shipy/Setting/Files/- 1.jpg' (522,123)
2024-02-10 17:24:37: 新建复制 '/Users/IntoSoranohate/个人仓库/SHIP/Setting/标签/日常.md' -> 'gdrive://www.googleapis.com/shipy/Setting/标签/日常.md' (152)
2024-02-10 17:24:37: 新建复制 '/Users/IntoSoranohate/个人仓库/SHIP/Setting/标签/知识.md' -> 'gdrive://www.googleapis.com/shipy/Setting/标签/知识.md' (484)
2024-02-10 17:24:39: 新建复制 '/Users/IntoSoranohate/个人仓库/SHIP/Setting/标签/笔记.md' -> 'gdrive://www.googleapis.com/shipy/Setting/标签/笔记.md' (82)
2024-02-10 17:24:40: 新建复制 '/Users/IntoSoranohate/个人仓库/SHIP/Setting/标签/项目追踪.md' -> 'gdrive://www.googleapis.com/shipy/Setting/标签/项目追踪.md' (59)
2024-02-10 17:24:41: 新建复制 '/Users/IntoSoranohate/个人仓库/SHIP/Setting/标签/读书.md' -> 'gdrive://www.googleapis.com/shipy/Setting/标签/读书.md' (64)
2024-02-10 17:24:43: 新建复制 '/Users/IntoSoranohate/个人仓库/SHIP/Setting/Files/1 1.jpg' -> 'gdrive://www.googleapis.com/shipy/Setting/Files/1 1.jpg' (96,319)
2024-02-10 17:24:44: 新建复制 '/Users/IntoSoranohate/个人仓库/SHIP/Setting/Files/1 3.jpg' -> 'gdrive://www.googleapis.com/shipy/Setting/Files/1 3.jpg' (135,775)
2024-02-10 17:24:44: 新建复制 '/Users/IntoSoranohate/个人仓库/SHIP/Setting/Files/1 2.jpg' -> 'gdrive://www.googleapis.com/shipy/Setting/Files/1 2.jpg' (124,686)
2024-02-10 17:24:47: 新建复制 '/Users/IntoSoranohate/个人仓库/SHIP/Setting/Files/1.jpg' -> 'gdrive://www.googleapis.com/shipy/Setting/Files/1.jpg' (151,985)
2024-02-10 17:24:48: 新建复制 '/Users/IntoSoranohate/个人仓库/SHIP/Setting/Files/2 3.jpg' -> 'gdrive://www.googleapis.com/shipy/Setting/Files/2 3.jpg' (129,170)
2024-02-10 17:24:49: 新建复制 '/Users/IntoSoranohate/个人仓库/SHIP/Setting/Files/2 1.jpg' -> 'gdrive://www.googleapis.com/shipy/Setting/Files/2 1.jpg' (207,104)
2024-02-10 17:24:51: 新建复制 '/Users/IntoSoranohate/个人仓库/SHIP/Setting/Files/2.jpg' -> 'gdrive://www.googleapis.com/shipy/Setting/Files/2.jpg' (42,408)
2024-02-10 17:24:53: 新建复制 '/Users/IntoSoranohate/个人仓库/SHIP/Setting/Files/3 1.jpg' -> 'gdrive://www.googleapis.com/shipy/Setting/Files/3 1.jpg' (156,856)
2024-02-10 17:24:54: 新建复制 '/Users/IntoSoranohate/个人仓库/SHIP/Setting/Files/3 2.jpg' -> 'gdrive://www.googleapis.com/shipy/Setting/Files/3 2.jpg' (33,058)
2024-02-10 17:24:54: 新建复制 '/Users/IntoSoranohate/个人仓库/SHIP/Setting/Files/3.jpg' -> 'gdrive://www.googleapis.com/shipy/Setting/Files/3.jpg' (34,238)
2024-02-10 17:24:55: > 新建复制 '/Users/IntoSoranohate/个人仓库/SHIP/Setting/Files/Notability 笔记.pdf' -> 'gdrive://www.googleapis.com/shipy/Setting/Files/Notability 笔记.pdf' (2,037,442)
2024-02-10 17:24:57: 新建复制 '/Users/IntoSoranohate/个人仓库/SHIP/Setting/Files/IMG2020-07-05_17202402 07.png' -> 'gdrive://www.googleapis.com/shipy/Setting/Files/IMG2020-07-05_17202402 07.png' (491,970)
2024-02-10 17:24:58: 新建复制 '/Users/IntoSoranohate/个人仓库/SHIP/Setting/Files/IMGdikw-model202402 06.png' -> 'gdrive://www.googleapis.com/shipy/Setting/Files/IMGdikw-model202402 06.png' (11,985)
2024-02-10 17:25:02: 新建复制 '/Users/IntoSoranohate/个人仓库/SHIP/Setting/Files/Pasted Graphic 1 1.png' -> 'gdrive://www.googleapis.com/shipy/Setting/Files/Pasted Graphic 1 1.png' (1,044,117)
2024-02-10 17:25:02: < 新建复制 '/Users/IntoSoranohate/个人仓库/SHIP/Setting/Files/Notability 笔记.pdf' -> 'gdrive://www.googleapis.com/shipy/Setting/Files/Notability 笔记.pdf' (2,037,442)
2024-02-10 17:25:03: 新建复制 '/Users/IntoSoranohate/个人仓库/SHIP/Setting/Files/Pasted Graphic 1 2.png' -> 'gdrive://www.googleapis.com/shipy/Setting/Files/Pasted Graphic 1 2.png' (654,166)
2024-02-10 17:25:06: 新建复制 '/Users/IntoSoranohate/个人仓库/SHIP/Setting/Files/Pasted Graphic 1 3.png' -> 'gdrive://www.googleapis.com/shipy/Setting/Files/Pasted Graphic 1 3.png' (592,789)
2024-02-10 17:25:07: 新建复制 '/Users/IntoSoranohate/个人仓库/SHIP/Setting/Files/Pasted Graphic 1.png' -> 'gdrive://www.googleapis.com/shipy/Setting/Files/Pasted Graphic 1.png' (78,130)
2024-02-10 17:25:10: 新建复制 '/Users/IntoSoranohate/个人仓库/SHIP/Setting/Files/Pasted Graphic 10.png' -> 'gdrive://www.googleapis.com/shipy/Setting/Files/Pasted Graphic 10.png' (306,602)
2024-02-10 17:25:12: 新建复制 '/Users/IntoSoranohate/个人仓库/SHIP/Setting/Files/Pasted Graphic 12.png' -> 'gdrive://www.googleapis.com/shipy/Setting/Files/Pasted Graphic 12.png' (602,873)
2024-02-10 17:25:12: 新建复制 '/Users/IntoSoranohate/个人仓库/SHIP/Setting/Files/Pasted Graphic 13.png' -> 'gdrive://www.googleapis.com/shipy/Setting/Files/Pasted Graphic 13.png' (156,371)
2024-02-10 17:25:16: 新建复制 '/Users/IntoSoranohate/个人仓库/SHIP/Setting/Files/Pasted Graphic 14.png' -> 'gdrive://www.googleapis.com/shipy/Setting/Files/Pasted Graphic 14.png' (734,420)
2024-02-10 17:25:17: 新建复制 '/Users/IntoSoranohate/个人仓库/SHIP/Setting/Files/Pasted Graphic 16.png' -> 'gdrive://www.googleapis.com/shipy/Setting/Files/Pasted Graphic 16.png' (394,796)
2024-02-10 17:25:18: 新建复制 '/Users/IntoSoranohate/个人仓库/SHIP/Setting/Files/Pasted Graphic 17.png' -> 'gdrive://www.googleapis.com/shipy/Setting/Files/Pasted Graphic 17.png' (494,313)
2024-02-10 17:25:18: > 新建复制 '/Users/IntoSoranohate/个人仓库/SHIP/Setting/Files/Pasted Graphic 3 1.png' -> 'gdrive://www.googleapis.com/shipy/Setting/Files/Pasted Graphic 3 1.png' (2,118,827)
2024-02-10 17:25:20: 新建复制 '/Users/IntoSoranohate/个人仓库/SHIP/Setting/Files/Pasted Graphic 2.png' -> 'gdrive://www.googleapis.com/shipy/Setting/Files/Pasted Graphic 2.png' (211,271)
2024-02-10 17:25:21: 新建复制 '/Users/IntoSoranohate/个人仓库/SHIP/Setting/Files/Pasted Graphic 2 1.png' -> 'gdrive://www.googleapis.com/shipy/Setting/Files/Pasted Graphic 2 1.png' (800,138)
2024-02-10 17:25:31: 新建复制 '/Users/IntoSoranohate/个人仓库/SHIP/Setting/Files/Pasted Graphic 3 2.png' -> 'gdrive://www.googleapis.com/shipy/Setting/Files/Pasted Graphic 3 2.png' (928,079)
2024-02-10 17:25:31: < 新建复制 '/Users/IntoSoranohate/个人仓库/SHIP/Setting/Files/Pasted Graphic 3 1.png' -> 'gdrive://www.googleapis.com/shipy/Setting/Files/Pasted Graphic 3 1.png' (2,118,827)
2024-02-10 17:25:32: 新建复制 '/Users/IntoSoranohate/个人仓库/SHIP/Setting/Files/Pasted Graphic 3.png' -> 'gdrive://www.googleapis.com/shipy/Setting/Files/Pasted Graphic 3.png' (928,079)
2024-02-10 17:25:35: 新建复制 '/Users/IntoSoranohate/个人仓库/SHIP/Setting/Files/Pasted Graphic 322.png' -> 'gdrive://www.googleapis.com/shipy/Setting/Files/Pasted Graphic 322.png' (308,812)
2024-02-10 17:25:35: > 新建复制 '/Users/IntoSoranohate/个人仓库/SHIP/Setting/Files/Pasted Graphic 4 3.png' -> 'gdrive://www.googleapis.com/shipy/Setting/Files/Pasted Graphic 4 3.png' (1,058,816)
2024-02-10 17:25:35: 新建复制 '/Users/IntoSoranohate/个人仓库/SHIP/Setting/Files/Pasted Graphic 4 1.png' -> 'gdrive://www.googleapis.com/shipy/Setting/Files/Pasted Graphic 4 1.png' (249,375)
2024-02-10 17:25:38: 新建复制 '/Users/IntoSoranohate/个人仓库/SHIP/Setting/Files/Pasted Graphic 4 2.png' -> 'gdrive://www.googleapis.com/shipy/Setting/Files/Pasted Graphic 4 2.png' (489,516)
2024-02-10 17:25:42: < 新建复制 '/Users/IntoSoranohate/个人仓库/SHIP/Setting/Files/Pasted Graphic 4 3.png' -> 'gdrive://www.googleapis.com/shipy/Setting/Files/Pasted Graphic 4 3.png' (1,058,816)
2024-02-10 17:25:42: 新建复制 '/Users/IntoSoranohate/个人仓库/SHIP/Setting/Files/Pasted Graphic 4.png' -> 'gdrive://www.googleapis.com/shipy/Setting/Files/Pasted Graphic 4.png' (494,313)
2024-02-10 17:25:42: > 新建复制 '/Users/IntoSoranohate/个人仓库/SHIP/Setting/Files/Pasted Graphic 6 1.png' -> 'gdrive://www.googleapis.com/shipy/Setting/Files/Pasted Graphic 6 1.png' (1,362,293)
2024-02-10 17:25:44: 新建复制 '/Users/IntoSoranohate/个人仓库/SHIP/Setting/Files/Pasted Graphic 5 1.png' -> 'gdrive://www.googleapis.com/shipy/Setting/Files/Pasted Graphic 5 1.png' (761,200)
2024-02-10 17:25:46: 新建复制 '/Users/IntoSoranohate/个人仓库/SHIP/Setting/Files/Pasted Graphic 5.png' -> 'gdrive://www.googleapis.com/shipy/Setting/Files/Pasted Graphic 5.png' (394,796)
2024-02-10 17:25:49: 新建复制 '/Users/IntoSoranohate/个人仓库/SHIP/Setting/Files/Pasted Graphic 7 1.png' -> 'gdrive://www.googleapis.com/shipy/Setting/Files/Pasted Graphic 7 1.png' (506,132)
2024-02-10 17:25:49: 新建复制 '/Users/IntoSoranohate/个人仓库/SHIP/Setting/Files/Pasted Graphic 6.png' -> 'gdrive://www.googleapis.com/shipy/Setting/Files/Pasted Graphic 6.png' (554,852)
2024-02-10 17:25:50: < 新建复制 '/Users/IntoSoranohate/个人仓库/SHIP/Setting/Files/Pasted Graphic 6 1.png' -> 'gdrive://www.googleapis.com/shipy/Setting/Files/Pasted Graphic 6 1.png' (1,362,293)
2024-02-10 17:25:53: 新建复制 '/Users/IntoSoranohate/个人仓库/SHIP/Setting/Files/Pasted Graphic 7.png' -> 'gdrive://www.googleapis.com/shipy/Setting/Files/Pasted Graphic 7.png' (317,281)
2024-02-10 17:25:54: 新建复制 '/Users/IntoSoranohate/个人仓库/SHIP/Setting/Files/Pasted Graphic 8.png' -> 'gdrive://www.googleapis.com/shipy/Setting/Files/Pasted Graphic 8.png' (354,309)
2024-02-10 17:25:56: 新建复制 '/Users/IntoSoranohate/个人仓库/SHIP/Setting/Files/Pasted Graphic 9.png' -> 'gdrive://www.googleapis.com/shipy/Setting/Files/Pasted Graphic 9.png' (386,137)
2024-02-10 17:25:57: 新建复制 '/Users/IntoSoranohate/个人仓库/SHIP/Setting/Files/Pasted Graphic.png' -> 'gdrive://www.googleapis.com/shipy/Setting/Files/Pasted Graphic.png' (161,454)
2024-02-10 17:25:58: 新建复制 '/Users/IntoSoranohate/个人仓库/SHIP/Setting/Files/Pasted Graphic122.png' -> 'gdrive://www.googleapis.com/shipy/Setting/Files/Pasted Graphic122.png' (287,331)
2024-02-10 17:26:01: 新建复制 '/Users/IntoSoranohate/个人仓库/SHIP/Setting/Files/Pasted image 20240210011914.png' -> 'gdrive://www.googleapis.com/shipy/Setting/Files/Pasted image 20240210011914.png' (1,042,737)
2024-02-10 17:26:02: 新建复制 '/Users/IntoSoranohate/个人仓库/SHIP/Setting/Files/Pasted image 20240210012024.png' -> 'gdrive://www.googleapis.com/shipy/Setting/Files/Pasted image 20240210012024.png' (538,761)
2024-02-10 17:26:02: > 新建复制 '/Users/IntoSoranohate/个人仓库/SHIP/Setting/Files/Pasted image 20240210012429.png' -> 'gdrive://www.googleapis.com/shipy/Setting/Files/Pasted image 20240210012429.png' (1,780,397)
2024-02-10 17:26:03: 新建复制 '/Users/IntoSoranohate/个人仓库/SHIP/Setting/Files/Pasted image 20240210012054.png' -> 'gdrive://www.googleapis.com/shipy/Setting/Files/Pasted image 20240210012054.png' (941,491)
2024-02-10 17:26:05: > 新建复制 '/Users/IntoSoranohate/个人仓库/SHIP/Setting/Files/Pasted image 20240210012528.png' -> 'gdrive://www.googleapis.com/shipy/Setting/Files/Pasted image 20240210012528.png' (4,129,242)
2024-02-10 17:26:08: 新建复制 '/Users/IntoSoranohate/个人仓库/SHIP/Setting/Files/Pasted image 20240210012506.png' -> 'gdrive://www.googleapis.com/shipy/Setting/Files/Pasted image 20240210012506.png' (827,419)
2024-02-10 17:26:08: > 新建复制 '/Users/IntoSoranohate/个人仓库/SHIP/Setting/Files/Pasted image 20240210012712.png' -> 'gdrive://www.googleapis.com/shipy/Setting/Files/Pasted image 20240210012712.png' (7,249,871)
2024-02-10 17:26:10: < 新建复制 '/Users/IntoSoranohate/个人仓库/SHIP/Setting/Files/Pasted image 20240210012429.png' -> 'gdrive://www.googleapis.com/shipy/Setting/Files/Pasted image 20240210012429.png' (1,780,397)
2024-02-10 17:26:10: > 新建复制 '/Users/IntoSoranohate/个人仓库/SHIP/Setting/Files/Pasted image 20240210012933.png' -> 'gdrive://www.googleapis.com/shipy/Setting/Files/Pasted image 20240210012933.png' (2,620,693)
2024-02-10 17:26:20: < 新建复制 '/Users/IntoSoranohate/个人仓库/SHIP/Setting/Files/Pasted image 20240210012528.png' -> 'gdrive://www.googleapis.com/shipy/Setting/Files/Pasted image 20240210012528.png' (4,129,242)
2024-02-10 17:26:20: < 新建复制 '/Users/IntoSoranohate/个人仓库/SHIP/Setting/Files/Pasted image 20240210012933.png' -> 'gdrive://www.googleapis.com/shipy/Setting/Files/Pasted image 20240210012933.png' (2,620,693)
2024-02-10 17:26:20: > 新建复制 '/Users/IntoSoranohate/个人仓库/SHIP/Setting/Files/Pasted image 20240210012956.png' -> 'gdrive://www.googleapis.com/shipy/Setting/Files/Pasted image 20240210012956.png' (1,962,439)
2024-02-10 17:26:28: 新建复制 '/Users/IntoSoranohate/个人仓库/SHIP/Setting/Files/和生活主要高层目标.png' -> 'gdrive://www.googleapis.com/shipy/Setting/Files/和生活主要高层目标.png' (231,756)
2024-02-10 17:26:34: 新建复制 '/Users/IntoSoranohate/个人仓库/SHIP/Setting/Files/备注  2021年7月1日.pdf' -> 'gdrive://www.googleapis.com/shipy/Setting/Files/备注  2021年7月1日.pdf' (298,525)
2024-02-10 17:26:37: < 新建复制 '/Users/IntoSoranohate/个人仓库/SHIP/Setting/Files/Pasted image 20240210012956.png' -> 'gdrive://www.googleapis.com/shipy/Setting/Files/Pasted image 20240210012956.png' (1,962,439)
2024-02-10 17:26:38: 新建复制 '/Users/IntoSoranohate/个人仓库/SHIP/Setting/Files/备注 2021年3月24日.pdf' -> 'gdrive://www.googleapis.com/shipy/Setting/Files/备注 2021年3月24日.pdf' (27,106)
2024-02-10 17:26:40: 新建复制 '/Users/IntoSoranohate/个人仓库/SHIP/Setting/Files/备注 2021年3月25日.pdf' -> 'gdrive://www.googleapis.com/shipy/Setting/Files/备注 2021年3月25日.pdf' (19,943)
2024-02-10 17:26:42: 新建复制 '/Users/IntoSoranohate/个人仓库/SHIP/Setting/Files/备注 2021年4月15日.pdf' -> 'gdrive://www.googleapis.com/shipy/Setting/Files/备注 2021年4月15日.pdf' (665,503)
2024-02-10 17:26:43: < 新建复制 '/Users/IntoSoranohate/个人仓库/SHIP/Setting/Files/Pasted image 20240210012712.png' -> 'gdrive://www.googleapis.com/shipy/Setting/Files/Pasted image 20240210012712.png' (7,249,871)
2024-02-10 17:26:44: 新建复制 '/Users/IntoSoranohate/个人仓库/SHIP/Setting/Files/备注 2021年5月15日.pdf' -> 'gdrive://www.googleapis.com/shipy/Setting/Files/备注 2021年5月15日.pdf' (830,934)
2024-02-10 17:26:45: 新建复制 '/Users/IntoSoranohate/个人仓库/SHIP/Setting/Files/备注 2021年5月17日 1.pdf' -> 'gdrive://www.googleapis.com/shipy/Setting/Files/备注 2021年5月17日 1.pdf' (144,981)
2024-02-10 17:26:46: 新建复制 '/Users/IntoSoranohate/个人仓库/SHIP/Setting/Files/备注 2021年5月17日.pdf' -> 'gdrive://www.googleapis.com/shipy/Setting/Files/备注 2021年5月17日.pdf' (144,981)
2024-02-10 17:26:47: 新建复制 '/Users/IntoSoranohate/个人仓库/SHIP/Setting/Files/备注 2021年7月7日.pdf' -> 'gdrive://www.googleapis.com/shipy/Setting/Files/备注 2021年7月7日.pdf' (24,198)
2024-02-10 17:26:49: 新建复制 '/Users/IntoSoranohate/个人仓库/SHIP/Setting/Files/如果A=A就很无聊。我们都喜欢比喻句，那么如果A=B呢？如何去证明A=B就是一个.png' -> 'gdrive://www.googleapis.com/shipy/Setting/Files/如果A=A就很无聊。我们都喜欢比喻句，那么如果A=B呢？如何去证明A=B就是一个.png' (435,494)
2024-02-10 17:26:50: 创建文件夹 gdrive://www.googleapis.com/shipy/Setting/模板
2024-02-10 17:26:52: 新建复制 '/Users/IntoSoranohate/个人仓库/SHIP/Setting/Files/源自于馆受跃至的自再心。这一向题其.png' -> 'gdrive://www.googleapis.com/shipy/Setting/Files/源自于馆受跃至的自再心。这一向题其.png' (513,981)
2024-02-10 17:26:53: 创建文件夹 gdrive://www.googleapis.com/shipy/Project/归档
2024-02-10 17:26:53: 新建复制 '/Users/IntoSoranohate/个人仓库/SHIP/Setting/Files/找不到生活的方向，是号致这种症状的.png' -> 'gdrive://www.googleapis.com/shipy/Setting/Files/找不到生活的方向，是号致这种症状的.png' (602,355)
2024-02-10 17:26:54: 创建文件夹 gdrive://www.googleapis.com/shipy/Setting/模板/template模板
2024-02-10 17:26:55: 新建复制 '/Users/IntoSoranohate/个人仓库/SHIP/Setting/模板/存档.md' -> 'gdrive://www.googleapis.com/shipy/Setting/模板/存档.md' (3,362)
2024-02-10 17:26:57: 创建文件夹 gdrive://www.googleapis.com/shipy/Setting/模板/日记模板
2024-02-10 17:26:59: 新建复制 '/Users/IntoSoranohate/个人仓库/SHIP/Setting/模板/template模板/Daily.md' -> 'gdrive://www.googleapis.com/shipy/Setting/模板/template模板/Daily.md' (615)
2024-02-10 17:26:59: 新建复制 '/Users/IntoSoranohate/个人仓库/SHIP/Setting/模板/template模板/Insert Callouts.md' -> 'gdrive://www.googleapis.com/shipy/Setting/模板/template模板/Insert Callouts.md' (1,047)
2024-02-10 17:27:01: 新建复制 '/Users/IntoSoranohate/个人仓库/SHIP/Setting/模板/template模板/日记模板.md' -> 'gdrive://www.googleapis.com/shipy/Setting/模板/template模板/日记模板.md' (2,986)
2024-02-10 17:27:03: 新建复制 '/Users/IntoSoranohate/个人仓库/SHIP/Setting/模板/日记模板/日记.md' -> 'gdrive://www.googleapis.com/shipy/Setting/模板/日记模板/日记.md' (614)
2024-02-10 17:27:03: 新建复制 '/Users/IntoSoranohate/个人仓库/SHIP/Setting/模板/template模板/规范化笔记(ART).md' -> 'gdrive://www.googleapis.com/shipy/Setting/模板/template模板/规范化笔记(ART).md' (360)
2024-02-10 17:27:04: 创建文件夹 gdrive://www.googleapis.com/shipy/日记
2024-02-10 17:27:05: 新建复制 '/Users/IntoSoranohate/个人仓库/SHIP/Setting/模板/template模板/读书笔记模板.md' -> 'gdrive://www.googleapis.com/shipy/Setting/模板/template模板/读书笔记模板.md' (323)
2024-02-10 17:27:06: 创建文件夹 gdrive://www.googleapis.com/shipy/永久笔记
2024-02-10 17:27:06: 新建复制 '/Users/IntoSoranohate/个人仓库/SHIP/Setting/模板/template模板/项目模板.md' -> 'gdrive://www.googleapis.com/shipy/Setting/模板/template模板/项目模板.md' (316)
2024-02-10 17:27:07: 新建复制 '/Users/IntoSoranohate/个人仓库/SHIP/日记/2021短暂日记备份.md' -> 'gdrive://www.googleapis.com/shipy/日记/2021短暂日记备份.md' (141)
2024-02-10 17:27:08: 新建复制 '/Users/IntoSoranohate/个人仓库/SHIP/日记/20230802日记.md' -> 'gdrive://www.googleapis.com/shipy/日记/20230802日记.md' (404)
2024-02-10 17:27:10: 创建文件夹 gdrive://www.googleapis.com/shipy/永久笔记/ART
2024-02-10 17:27:11: 新建复制 '/Users/IntoSoranohate/个人仓库/SHIP/日记/20230826.md' -> 'gdrive://www.googleapis.com/shipy/日记/20230826.md' (881)
2024-02-10 17:27:11: 新建复制 '/Users/IntoSoranohate/个人仓库/SHIP/日记/2024-02-05_周一.md' -> 'gdrive://www.googleapis.com/shipy/日记/2024-02-05_周一.md' (622)
2024-02-10 17:27:13: 创建文件夹 gdrive://www.googleapis.com/shipy/永久笔记/ART/基础练习
2024-02-10 17:27:14: 新建复制 '/Users/IntoSoranohate/个人仓库/SHIP/日记/2024-02-06_周二.md' -> 'gdrive://www.googleapis.com/shipy/日记/2024-02-06_周二.md' (1,593)
2024-02-10 17:27:15: 新建复制 '/Users/IntoSoranohate/个人仓库/SHIP/永久笔记/ART/概念设计.md' -> 'gdrive://www.googleapis.com/shipy/永久笔记/ART/概念设计.md' (337)
2024-02-10 17:27:16: 新建复制 '/Users/IntoSoranohate/个人仓库/SHIP/永久笔记/ART/绘画练习.md' -> 'gdrive://www.googleapis.com/shipy/永久笔记/ART/绘画练习.md' (473)
2024-02-10 17:27:17: 新建复制 '/Users/IntoSoranohate/个人仓库/SHIP/永久笔记/ART/基础练习/光影.md' -> 'gdrive://www.googleapis.com/shipy/永久笔记/ART/基础练习/光影.md' (317)
2024-02-10 17:27:18: 新建复制 '/Users/IntoSoranohate/个人仓库/SHIP/永久笔记/ART/基础练习/构图.md' -> 'gdrive://www.googleapis.com/shipy/永久笔记/ART/基础练习/构图.md' (317)
2024-02-10 17:27:20: 新建复制 '/Users/IntoSoranohate/个人仓库/SHIP/永久笔记/ART/基础练习/色彩.md' -> 'gdrive://www.googleapis.com/shipy/永久笔记/ART/基础练习/色彩.md' (326)
2024-02-10 17:27:20: 新建复制 '/Users/IntoSoranohate/个人仓库/SHIP/永久笔记/ART/基础练习/线条.md' -> 'gdrive://www.googleapis.com/shipy/永久笔记/ART/基础练习/线条.md' (335)
2024-02-10 17:27:22: 新建复制 '/Users/IntoSoranohate/个人仓库/SHIP/永久笔记/ART/基础练习/速写.md' -> 'gdrive://www.googleapis.com/shipy/永久笔记/ART/基础练习/速写.md' (380)
2024-02-10 17:27:23: 新建复制 '/Users/IntoSoranohate/个人仓库/SHIP/永久笔记/ART/基础练习/配色.md' -> 'gdrive://www.googleapis.com/shipy/永久笔记/ART/基础练习/配色.md' (369)
2024-02-10 17:27:23: 创建文件夹 gdrive://www.googleapis.com/shipy/永久笔记/ART/设计原理
2024-02-10 17:27:25: 新建复制 '/Users/IntoSoranohate/个人仓库/SHIP/永久笔记/ART/基础练习/造型.md' -> 'gdrive://www.googleapis.com/shipy/永久笔记/ART/基础练习/造型.md' (317)
2024-02-10 17:27:25: 新建复制 '/Users/IntoSoranohate/个人仓库/SHIP/日记/2024-02-07_周三.md' -> 'gdrive://www.googleapis.com/shipy/日记/2024-02-07_周三.md' (1,020)
2024-02-10 17:27:26: 新建复制 '/Users/IntoSoranohate/个人仓库/SHIP/日记/2024-02-08_周四.md' -> 'gdrive://www.googleapis.com/shipy/日记/2024-02-08_周四.md' (1,593)
2024-02-10 17:27:29: 新建复制 '/Users/IntoSoranohate/个人仓库/SHIP/永久笔记/ART/设计原理/三级型.md' -> 'gdrive://www.googleapis.com/shipy/永久笔记/ART/设计原理/三级型.md' (1,314)
2024-02-10 17:27:29: 新建复制 '/Users/IntoSoranohate/个人仓库/SHIP/永久笔记/ART/设计原理/pose&动态.md' -> 'gdrive://www.googleapis.com/shipy/永久笔记/ART/设计原理/pose&动态.md' (319)
2024-02-10 17:27:30: 新建复制 '/Users/IntoSoranohate/个人仓库/SHIP/永久笔记/ART/设计原理/世界观设计&提炼.md' -> 'gdrive://www.googleapis.com/shipy/永久笔记/ART/设计原理/世界观设计&提炼.md' (348)
2024-02-10 17:27:31: 新建复制 '/Users/IntoSoranohate/个人仓库/SHIP/永久笔记/ART/设计原理/切分.md' -> 'gdrive://www.googleapis.com/shipy/永久笔记/ART/设计原理/切分.md' (330)
2024-02-10 17:27:32: 新建复制 '/Users/IntoSoranohate/个人仓库/SHIP/永久笔记/ART/设计原理/参考.md' -> 'gdrive://www.googleapis.com/shipy/永久笔记/ART/设计原理/参考.md' (479)
2024-02-10 17:27:33: 新建复制 '/Users/IntoSoranohate/个人仓库/SHIP/永久笔记/ART/设计原理/对比.md' -> 'gdrive://www.googleapis.com/shipy/永久笔记/ART/设计原理/对比.md' (317)
2024-02-10 17:27:34: 新建复制 '/Users/IntoSoranohate/个人仓库/SHIP/永久笔记/ART/设计原理/细节设计.md' -> 'gdrive://www.googleapis.com/shipy/永久笔记/ART/设计原理/细节设计.md' (299)
2024-02-10 17:27:35: 新建复制 '/Users/IntoSoranohate/个人仓库/SHIP/永久笔记/ART/设计原理/形状.md' -> 'gdrive://www.googleapis.com/shipy/永久笔记/ART/设计原理/形状.md' (343)
2024-02-10 17:27:37: 新建复制 '/Users/IntoSoranohate/个人仓库/SHIP/永久笔记/ART/设计原理/聚焦点设计.md' -> 'gdrive://www.googleapis.com/shipy/永久笔记/ART/设计原理/聚焦点设计.md' (351)
2024-02-10 17:27:38: 新建复制 '/Users/IntoSoranohate/个人仓库/SHIP/永久笔记/ART/设计原理/风格化.md' -> 'gdrive://www.googleapis.com/shipy/永久笔记/ART/设计原理/风格化.md' (333)
2024-02-10 17:27:38: 新建复制 '/Users/IntoSoranohate/个人仓库/SHIP/永久笔记/ART/设计原理/视觉引导.md' -> 'gdrive://www.googleapis.com/shipy/永久笔记/ART/设计原理/视觉引导.md' (333)
2024-02-10 17:27:39: 新建复制 '/Users/IntoSoranohate/个人仓库/SHIP/日记/2024-02-09_周五.md' -> 'gdrive://www.googleapis.com/shipy/日记/2024-02-09_周五.md' (1,500)
2024-02-10 17:27:41: 新建复制 '/Users/IntoSoranohate/个人仓库/SHIP/日记/2024-02-10_周六.md' -> 'gdrive://www.googleapis.com/shipy/日记/2024-02-10_周六.md' (1,182)
2024-02-10 17:27:42: 创建文件夹 gdrive://www.googleapis.com/shipy/灵感笔记
2024-02-10 17:27:43: 新建复制 '/Users/IntoSoranohate/个人仓库/SHIP/日记/20240206周二.md' -> 'gdrive://www.googleapis.com/shipy/日记/20240206周二.md' (845)
2024-02-10 17:27:44: 创建文件夹 gdrive://www.googleapis.com/shipy/灵感笔记/Notes
2024-02-10 17:27:45: 新建复制 '/Users/IntoSoranohate/个人仓库/SHIP/🏡 StartPage.md' -> 'gdrive://www.googleapis.com/shipy/🏡 StartPage.md' (19,019)
2024-02-10 17:27:46: 创建文件夹 gdrive://www.googleapis.com/shipy/灵感笔记/personal
2024-02-10 17:27:47: 新建复制 '/Users/IntoSoranohate/个人仓库/SHIP/灵感笔记/Notes/20230628复盘.md' -> 'gdrive://www.googleapis.com/shipy/灵感笔记/Notes/20230628复盘.md' (4,420)
2024-02-10 17:27:49: 新建复制 '/Users/IntoSoranohate/个人仓库/SHIP/灵感笔记/Notes/20230830复盘.md' -> 'gdrive://www.googleapis.com/shipy/灵感笔记/Notes/20230830复盘.md' (239)
2024-02-10 17:27:51: 新建复制 '/Users/IntoSoranohate/个人仓库/SHIP/灵感笔记/personal/Key.md' -> 'gdrive://www.googleapis.com/shipy/灵感笔记/personal/Key.md' (228)
2024-02-10 17:27:51: 新建复制 '/Users/IntoSoranohate/个人仓库/SHIP/灵感笔记/personal/cleaner-uninstaller.md' -> 'gdrive://www.googleapis.com/shipy/灵感笔记/personal/cleaner-uninstaller.md' (329)
2024-02-10 17:27:52: 新建复制 '/Users/IntoSoranohate/个人仓库/SHIP/灵感笔记/personal/Little Snitch.md' -> 'gdrive://www.googleapis.com/shipy/灵感笔记/personal/Little Snitch.md' (76)
2024-02-10 17:27:54: 新建复制 '/Users/IntoSoranohate/个人仓库/SHIP/灵感笔记/personal/parallels.md' -> 'gdrive://www.googleapis.com/shipy/灵感笔记/personal/parallels.md' (357)
2024-02-10 17:27:54: 新建复制 '/Users/IntoSoranohate/个人仓库/SHIP/灵感笔记/personal/ManicTime Pro 单用户版.md' -> 'gdrive://www.googleapis.com/shipy/灵感笔记/personal/ManicTime Pro 单用户版.md' (1,416)
2024-02-10 17:27:56: 新建复制 '/Users/IntoSoranohate/个人仓库/SHIP/灵感笔记/personal/【中国联通沃小号】您已成功开通中国联通沃小号业务，小号：18574381474，序号1，包季度 12元季度，订购立即生效，到期未….md' -> 'gdrive://www.googleapis.com/shipy/灵感笔记/personal/【中国联通沃小号】您已成功开通中国联通沃小号业务，小号：18574381474，序号1，包季度 12元季度，订购立即生效，到期未….md' (497)
2024-02-10 17:27:57: 新建复制 '/Users/IntoSoranohate/个人仓库/SHIP/灵感笔记/personal/多益面试问题.md' -> 'gdrive://www.googleapis.com/shipy/灵感笔记/personal/多益面试问题.md' (4,139)
2024-02-10 17:27:58: 新建复制 '/Users/IntoSoranohate/个人仓库/SHIP/灵感笔记/personal/推辞测试.md' -> 'gdrive://www.googleapis.com/shipy/灵感笔记/personal/推辞测试.md' (340)
2024-02-10 17:27:59: 新建复制 '/Users/IntoSoranohate/个人仓库/SHIP/灵感笔记/personal/高清影视之家.md' -> 'gdrive://www.googleapis.com/shipy/灵感笔记/personal/高清影视之家.md' (558)
2024-02-10 17:28:00: 新建复制 '/Users/IntoSoranohate/个人仓库/SHIP/灵感笔记/Notes/20230911复盘.md' -> 'gdrive://www.googleapis.com/shipy/灵感笔记/Notes/20230911复盘.md' (268)
2024-02-10 17:28:01: 新建复制 '/Users/IntoSoranohate/个人仓库/SHIP/灵感笔记/Notes/20230907复盘.md' -> 'gdrive://www.googleapis.com/shipy/灵感笔记/Notes/20230907复盘.md' (290)
2024-02-10 17:28:02: 新建复制 '/Users/IntoSoranohate/个人仓库/SHIP/灵感笔记/Notes/20230913复盘.md' -> 'gdrive://www.googleapis.com/shipy/灵感笔记/Notes/20230913复盘.md' (214)
2024-02-10 17:28:03: 新建复制 '/Users/IntoSoranohate/个人仓库/SHIP/灵感笔记/Notes/20230922复盘.md' -> 'gdrive://www.googleapis.com/shipy/灵感笔记/Notes/20230922复盘.md' (341)
2024-02-10 17:28:04: 新建复制 '/Users/IntoSoranohate/个人仓库/SHIP/灵感笔记/Notes/20230920复盘.md' -> 'gdrive://www.googleapis.com/shipy/灵感笔记/Notes/20230920复盘.md' (291)
2024-02-10 17:28:05: 新建复制 '/Users/IntoSoranohate/个人仓库/SHIP/灵感笔记/Notes/20230925复盘.md' -> 'gdrive://www.googleapis.com/shipy/灵感笔记/Notes/20230925复盘.md' (201)
2024-02-10 17:28:07: 新建复制 '/Users/IntoSoranohate/个人仓库/SHIP/灵感笔记/Notes/20230927复盘.md' -> 'gdrive://www.googleapis.com/shipy/灵感笔记/Notes/20230927复盘.md' (398)
2024-02-10 17:28:07: 新建复制 '/Users/IntoSoranohate/个人仓库/SHIP/灵感笔记/Notes/20231001复盘.md' -> 'gdrive://www.googleapis.com/shipy/灵感笔记/Notes/20231001复盘.md' (170)
2024-02-10 17:28:09: 新建复制 '/Users/IntoSoranohate/个人仓库/SHIP/灵感笔记/Notes/20231008复盘.md' -> 'gdrive://www.googleapis.com/shipy/灵感笔记/Notes/20231008复盘.md' (397)
2024-02-10 17:28:10: 新建复制 '/Users/IntoSoranohate/个人仓库/SHIP/灵感笔记/Notes/20231025复盘.md' -> 'gdrive://www.googleapis.com/shipy/灵感笔记/Notes/20231025复盘.md' (532)
2024-02-10 17:28:11: 新建复制 '/Users/IntoSoranohate/个人仓库/SHIP/灵感笔记/Notes/20231028复盘.md' -> 'gdrive://www.googleapis.com/shipy/灵感笔记/Notes/20231028复盘.md' (1,524)
2024-02-10 17:28:12: 新建复制 '/Users/IntoSoranohate/个人仓库/SHIP/灵感笔记/Notes/世界观复盘.md' -> 'gdrive://www.googleapis.com/shipy/灵感笔记/Notes/世界观复盘.md' (360)
2024-02-10 17:28:13: 新建复制 '/Users/IntoSoranohate/个人仓库/SHIP/灵感笔记/Notes/参考复盘.md' -> 'gdrive://www.googleapis.com/shipy/灵感笔记/Notes/参考复盘.md' (308)
2024-02-10 17:28:14: 新建复制 '/Users/IntoSoranohate/个人仓库/SHIP/灵感笔记/Notes/动作设计复盘.md' -> 'gdrive://www.googleapis.com/shipy/灵感笔记/Notes/动作设计复盘.md' (360)
2024-02-10 17:28:16: 新建复制 '/Users/IntoSoranohate/个人仓库/SHIP/灵感笔记/Notes/工作总结复盘.md' -> 'gdrive://www.googleapis.com/shipy/灵感笔记/Notes/工作总结复盘.md' (1,030)
2024-02-10 17:28:17: 新建复制 '/Users/IntoSoranohate/个人仓库/SHIP/灵感笔记/Notes/心态复盘.md' -> 'gdrive://www.googleapis.com/shipy/灵感笔记/Notes/心态复盘.md' (1,057)
2024-02-10 17:28:17: 新建复制 '/Users/IntoSoranohate/个人仓库/SHIP/灵感笔记/Notes/效率复盘.md' -> 'gdrive://www.googleapis.com/shipy/灵感笔记/Notes/效率复盘.md' (113)
2024-02-10 17:28:19: 新建复制 '/Users/IntoSoranohate/个人仓库/SHIP/灵感笔记/Notes/日常练习复盘.md' -> 'gdrive://www.googleapis.com/shipy/灵感笔记/Notes/日常练习复盘.md' (200)
2024-02-10 17:28:20: 新建复制 '/Users/IntoSoranohate/个人仓库/SHIP/灵感笔记/Notes/深度工作复盘.md' -> 'gdrive://www.googleapis.com/shipy/灵感笔记/Notes/深度工作复盘.md' (1,092)
2024-02-10 17:28:20: 新建复制 '/Users/IntoSoranohate/个人仓库/SHIP/灵感笔记/Notes/线稿图形复盘.md' -> 'gdrive://www.googleapis.com/shipy/灵感笔记/Notes/线稿图形复盘.md' (426)
2024-02-10 17:28:21: 新建复制 '/Users/IntoSoranohate/个人仓库/SHIP/灵感笔记/Notes/线稿线条复盘.md' -> 'gdrive://www.googleapis.com/shipy/灵感笔记/Notes/线稿线条复盘.md' (1,022)
2024-02-10 17:28:22: 创建文件夹 gdrive://www.googleapis.com/shipy/灵感笔记/摘抄
2024-02-10 17:28:24: 新建复制 '/Users/IntoSoranohate/个人仓库/SHIP/灵感笔记/摘抄/3ff0430d.md' -> 'gdrive://www.googleapis.com/shipy/灵感笔记/摘抄/3ff0430d.md' (785)
2024-02-10 17:28:26: 新建复制 '/Users/IntoSoranohate/个人仓库/SHIP/灵感笔记/摘抄/als ich can.md' -> 'gdrive://www.googleapis.com/shipy/灵感笔记/摘抄/als ich can.md' (11)
2024-02-10 17:28:27: 新建复制 '/Users/IntoSoranohate/个人仓库/SHIP/灵感笔记/摘抄/Hallelujah.md' -> 'gdrive://www.googleapis.com/shipy/灵感笔记/摘抄/Hallelujah.md' (10)
2024-02-10 17:28:28: 新建复制 '/Users/IntoSoranohate/个人仓库/SHIP/灵感笔记/摘抄/euphoria.md' -> 'gdrive://www.googleapis.com/shipy/灵感笔记/摘抄/euphoria.md' (12)
2024-02-10 17:28:29: 新建复制 '/Users/IntoSoranohate/个人仓库/SHIP/灵感笔记/摘抄/Into-soranohate.md' -> 'gdrive://www.googleapis.com/shipy/灵感笔记/摘抄/Into-soranohate.md' (17)
2024-02-10 17:28:30: 新建复制 '/Users/IntoSoranohate/个人仓库/SHIP/灵感笔记/摘抄/Moments.md' -> 'gdrive://www.googleapis.com/shipy/灵感笔记/摘抄/Moments.md' (258)
2024-02-10 17:28:32: 新建复制 '/Users/IntoSoranohate/个人仓库/SHIP/灵感笔记/摘抄/per aspera ad astra（循此苦旅，以达天际）.md' -> 'gdrive://www.googleapis.com/shipy/灵感笔记/摘抄/per aspera ad astra（循此苦旅，以达天际）.md' (52)
2024-02-10 17:28:33: 新建复制 '/Users/IntoSoranohate/个人仓库/SHIP/灵感笔记/摘抄/“应该是从喜欢里得到力量和快乐，而不是花光了所有力量和快乐去喜欢”.md' -> 'gdrive://www.googleapis.com/shipy/灵感笔记/摘抄/“应该是从喜欢里得到力量和快乐，而不是花光了所有力量和快乐去喜欢”.md' (99)
2024-02-10 17:28:34: 新建复制 '/Users/IntoSoranohate/个人仓库/SHIP/灵感笔记/摘抄/PKM 个人知识管理系统.md' -> 'gdrive://www.googleapis.com/shipy/灵感笔记/摘抄/PKM 个人知识管理系统.md' (3,216)
2024-02-10 17:28:36: 新建复制 '/Users/IntoSoranohate/个人仓库/SHIP/灵感笔记/摘抄/“我的母语世界已经沉沦，我的精神家园欧洲亦已自取灭亡。”.md' -> 'gdrive://www.googleapis.com/shipy/灵感笔记/摘抄/“我的母语世界已经沉沦，我的精神家园欧洲亦已自取灭亡。”.md' (0)
2024-02-10 17:28:37: 新建复制 '/Users/IntoSoranohate/个人仓库/SHIP/灵感笔记/摘抄/不实的爱.md' -> 'gdrive://www.googleapis.com/shipy/灵感笔记/摘抄/不实的爱.md' (1,227)
2024-02-10 17:28:37: 新建复制 '/Users/IntoSoranohate/个人仓库/SHIP/灵感笔记/摘抄/与自己相处.md' -> 'gdrive://www.googleapis.com/shipy/灵感笔记/摘抄/与自己相处.md' (5,471)
2024-02-10 17:28:39: 新建复制 '/Users/IntoSoranohate/个人仓库/SHIP/灵感笔记/摘抄/专注（心流、高峰体验、自我效能感）的原理和方法.md' -> 'gdrive://www.googleapis.com/shipy/灵感笔记/摘抄/专注（心流、高峰体验、自我效能感）的原理和方法.md' (1,335)
2024-02-10 17:28:41: 新建复制 '/Users/IntoSoranohate/个人仓库/SHIP/灵感笔记/摘抄/体验，享受生活.md' -> 'gdrive://www.googleapis.com/shipy/灵感笔记/摘抄/体验，享受生活.md' (5,452)
2024-02-10 17:28:42: 新建复制 '/Users/IntoSoranohate/个人仓库/SHIP/灵感笔记/摘抄/卡片盒笔记法.md' -> 'gdrive://www.googleapis.com/shipy/灵感笔记/摘抄/卡片盒笔记法.md' (8,653)
2024-02-10 17:28:42: 新建复制 '/Users/IntoSoranohate/个人仓库/SHIP/灵感笔记/摘抄/六幡南宫响河.md' -> 'gdrive://www.googleapis.com/shipy/灵感笔记/摘抄/六幡南宫响河.md' (20)
2024-02-10 17:28:44: 新建复制 '/Users/IntoSoranohate/个人仓库/SHIP/灵感笔记/摘抄/各位猴毛宝宝们，关于814（或者类似问题），别急着给自己太多负担。河堤说爱自己的全部，不会不包括各位爱他的人。所以不要急着忏悔，过去….md' -> 'gdrive://www.googleapis.com/shipy/灵感笔记/摘抄/各位猴毛宝宝们，关于814（或者类似问题），别急着给自己太多负担。河堤说爱自己的全部，不会不包括各位爱他的人。所以不要急着忏悔，过去….md' (775)
2024-02-10 17:28:44: 新建复制 '/Users/IntoSoranohate/个人仓库/SHIP/灵感笔记/摘抄/发现真实的自我.md' -> 'gdrive://www.googleapis.com/shipy/灵感笔记/摘抄/发现真实的自我.md' (11,496)
2024-02-10 17:28:45: 新建复制 '/Users/IntoSoranohate/个人仓库/SHIP/灵感笔记/摘抄/唯一不可饶恕的罪，就是相信上帝不会饶恕你.md' -> 'gdrive://www.googleapis.com/shipy/灵感笔记/摘抄/唯一不可饶恕的罪，就是相信上帝不会饶恕你.md' (5)
2024-02-10 17:28:48: 新建复制 '/Users/IntoSoranohate/个人仓库/SHIP/灵感笔记/摘抄/天若有情.md' -> 'gdrive://www.googleapis.com/shipy/灵感笔记/摘抄/天若有情.md' (14)
2024-02-10 17:28:49: 新建复制 '/Users/IntoSoranohate/个人仓库/SHIP/灵感笔记/摘抄/善于微弱，人得以自由。像窗台的植物无动于观赏的期待。做心安的事，读有益的书，赏相合的人。便有生活的全部温柔。.md' -> 'gdrive://www.googleapis.com/shipy/灵感笔记/摘抄/善于微弱，人得以自由。像窗台的植物无动于观赏的期待。做心安的事，读有益的书，赏相合的人。便有生活的全部温柔。.md' (334)
2024-02-10 17:28:49: 新建复制 '/Users/IntoSoranohate/个人仓库/SHIP/灵感笔记/摘抄/在哲学中寻找到的亲近感，才是内心文化归属的根源。.md' -> 'gdrive://www.googleapis.com/shipy/灵感笔记/摘抄/在哲学中寻找到的亲近感，才是内心文化归属的根源。.md' (72)
2024-02-10 17:28:52: 新建复制 '/Users/IntoSoranohate/个人仓库/SHIP/灵感笔记/摘抄/失败是常态.md' -> 'gdrive://www.googleapis.com/shipy/灵感笔记/摘抄/失败是常态.md' (52)
2024-02-10 17:28:52: 新建复制 '/Users/IntoSoranohate/个人仓库/SHIP/灵感笔记/摘抄/当有关虚假的想法一直纠缠您的时候，您就站在明亮的舞台灯光前问自己这样一个问题以自检：‘我是在行动还是在与虚假作斗争？’.md' -> 'gdrive://www.googleapis.com/shipy/灵感笔记/摘抄/当有关虚假的想法一直纠缠您的时候，您就站在明亮的舞台灯光前问自己这样一个问题以自检：‘我是在行动还是在与虚假作斗争？’.md' (1,057)
2024-02-10 17:28:53: 新建复制 '/Users/IntoSoranohate/个人仓库/SHIP/灵感笔记/摘抄/故事.md' -> 'gdrive://www.googleapis.com/shipy/灵感笔记/摘抄/故事.md' (691)
2024-02-10 17:28:56: 新建复制 '/Users/IntoSoranohate/个人仓库/SHIP/灵感笔记/摘抄/数字花园.md' -> 'gdrive://www.googleapis.com/shipy/灵感笔记/摘抄/数字花园.md' (2,049)
2024-02-10 17:28:56: 新建复制 '/Users/IntoSoranohate/个人仓库/SHIP/灵感笔记/摘抄/昨天给朋友讲的插画手法总结：.md' -> 'gdrive://www.googleapis.com/shipy/灵感笔记/摘抄/昨天给朋友讲的插画手法总结：.md' (4,189)
2024-02-10 17:28:56: 新建复制 '/Users/IntoSoranohate/个人仓库/SHIP/灵感笔记/摘抄/早上起来第一句，嬲你滴起暗哒。.md' -> 'gdrive://www.googleapis.com/shipy/灵感笔记/摘抄/早上起来第一句，嬲你滴起暗哒。.md' (76)
2024-02-10 17:29:00: 新建复制 '/Users/IntoSoranohate/个人仓库/SHIP/灵感笔记/摘抄/昭和元禄落语心中.md' -> 'gdrive://www.googleapis.com/shipy/灵感笔记/摘抄/昭和元禄落语心中.md' (24)
2024-02-10 17:29:04: 新建复制 '/Users/IntoSoranohate/个人仓库/SHIP/灵感笔记/摘抄/最深的焦虑，来自对创造的拖延。当他明知现实，是奇迹唯一的藏身之所。.md' -> 'gdrive://www.googleapis.com/shipy/灵感笔记/摘抄/最深的焦虑，来自对创造的拖延。当他明知现实，是奇迹唯一的藏身之所。.md' (109)
2024-02-10 17:29:13: 新建复制 '/Users/IntoSoranohate/个人仓库/SHIP/灵感笔记/摘抄/未知的索引.md' -> 'gdrive://www.googleapis.com/shipy/灵感笔记/摘抄/未知的索引.md' (43,585)
2024-02-10 17:29:29: 新建复制 '/Users/IntoSoranohate/个人仓库/SHIP/灵感笔记/摘抄/毛姆的「写作建议」.md' -> 'gdrive://www.googleapis.com/shipy/灵感笔记/摘抄/毛姆的「写作建议」.md' (4,243)
2024-02-10 17:29:53: 新建复制 '/Users/IntoSoranohate/个人仓库/SHIP/灵感笔记/摘抄/热门概念的代表作品.md' -> 'gdrive://www.googleapis.com/shipy/灵感笔记/摘抄/热门概念的代表作品.md' (124)
2024-02-10 17:29:55: 新建复制 '/Users/IntoSoranohate/个人仓库/SHIP/灵感笔记/摘抄/真诚就是“不欺”，能够“全身心投入行动”“不遗余力”……这意味着，既不浪费一丝力量，也不保留一丝力量，真实不虚。一个人能这样生活，他….md' -> 'gdrive://www.googleapis.com/shipy/灵感笔记/摘抄/真诚就是“不欺”，能够“全身心投入行动”“不遗余力”……这意味着，既不浪费一丝力量，也不保留一丝力量，真实不虚。一个人能这样生活，他….md' (297)
2024-02-10 17:29:56: 新建复制 '/Users/IntoSoranohate/个人仓库/SHIP/灵感笔记/摘抄/美少女特工队.md' -> 'gdrive://www.googleapis.com/shipy/灵感笔记/摘抄/美少女特工队.md' (20)
2024-02-10 17:29:57: 新建复制 '/Users/IntoSoranohate/个人仓库/SHIP/灵感笔记/摘抄/演出是行动.md' -> 'gdrive://www.googleapis.com/shipy/灵感笔记/摘抄/演出是行动.md' (267)
2024-02-10 17:29:57: 保持文件状态 /Users/IntoSoranohate/个人仓库/SHIP/_gsdata_/_file_state_v4._gs
2024-02-10 17:30:00: 保持文件状态 gdrive://www.googleapis.com/shipy/_gsdata_/_file_state_v4._gs
2024-02-10 17:30:00: == 同步完成. 历时: 00:07:54, 速度: 141.08 KB/s, 完成: 326, 错误: 0
