2024-02-11 19:29:28: -- 分析开始 Periodic Timer
2024-02-11 19:29:28: 左侧: 正在读取文件状态 /Users/IntoSoranohate/个人仓库/SHIP/_gsdata_/_file_state_v4._gs
2024-02-11 19:29:31: 右侧: 正在读取文件状态 gdrive://www.googleapis.com/shipy/_gsdata_/_file_state_v4._gs
2024-02-11 19:29:33: 变更：4， 冲突：0， 复制时间：0， 复制状态：0， 错误： 0, All: 584
2024-02-11 19:29:33: Left to Right: Copy File: 4 
2024-02-11 19:29:33: == 同步开始由 Periodic Timer
2024-02-11 19:29:33: ConnectCloned connected to file:///Users/IntoSoranohate/个人仓库/SHIP
2024-02-11 19:29:33: ConnectCloned connected to file:///Users/IntoSoranohate/个人仓库/SHIP
2024-02-11 19:29:33: ConnectCloned connected to file:///Users/IntoSoranohate/个人仓库/SHIP
2024-02-11 19:29:34: GsConnectAndSetRoot1 connected to gdrive://www.googleapis.com/shipy
2024-02-11 19:29:34: GsConnectAndSetRoot1 connected to gdrive://www.googleapis.com/shipy
2024-02-11 19:29:35: GsConnectAndSetRoot1 connected to gdrive://www.googleapis.com/shipy
2024-02-11 19:29:41: /Users/IntoSoranohate/个人仓库/SHIP/.obsidian/bookmarks.json: Source file has changed between Analyze and Sync from '[file] size=3,412 accu-time=2024-02-11 18:56:02 file-time=2024-02-11 18:56:04 attr=Hidden644 cktype=0' to 'size=3,412 time=2024-02-11 19:29:29', noted in source file state
2024-02-11 19:29:41: 覆盖复制 '/Users/IntoSoranohate/个人仓库/SHIP/.obsidian/bookmarks.json' -> 'gdrive://www.googleapis.com/shipy/.obsidian/bookmarks.json' (3,412)
2024-02-11 19:29:41: 覆盖复制 '/Users/IntoSoranohate/个人仓库/SHIP/闪念笔记/CardBox.md' -> 'gdrive://www.googleapis.com/shipy/闪念笔记/CardBox.md' (215)
2024-02-11 19:29:44: /Users/IntoSoranohate/个人仓库/SHIP/.obsidian/workspace.json: Source file has changed between Analyze and Sync from '[file] size=8,945 accu-time=2024-02-11 19:26:09 attr=Hidden644 cktype=0' to 'size=8,945 time=2024-02-11 19:29:29', noted in source file state
2024-02-11 19:29:44: 覆盖复制 '/Users/IntoSoranohate/个人仓库/SHIP/.obsidian/workspace.json' -> 'gdrive://www.googleapis.com/shipy/.obsidian/workspace.json' (8,945)
2024-02-11 19:29:45: 覆盖复制 '/Users/IntoSoranohate/个人仓库/SHIP/.obsidian/plugins/recent-files-obsidian/data.json' -> 'gdrive://www.googleapis.com/shipy/.obsidian/plugins/recent-files-obsidian/data.json' (5,162)
2024-02-11 19:29:45: 保持文件状态 /Users/IntoSoranohate/个人仓库/SHIP/_gsdata_/_file_state_v4._gs
2024-02-11 19:29:47: 保持文件状态 gdrive://www.googleapis.com/shipy/_gsdata_/_file_state_v4._gs
2024-02-11 19:29:49: == 同步完成. 历时: 00:00:23, 速度: 1.11 KB/s, 完成: 4, 错误: 0
