2024-02-20 21:27:30: -- 分析开始 Periodic Timer
2024-02-20 21:27:30: 左侧: 正在读取文件状态 /Users/IntoSoranohate/个人仓库/SHIP/_gsdata_/_file_state_v4._gs
2024-02-20 21:27:30: 右侧: 正在读取文件状态 /Users/IntoSoranohate/个人仓库/backup/_gsdata_/_file_state_v4._gs
2024-02-20 21:27:30: 变更：5， 冲突：0， 复制时间：0， 复制状态：0， 错误： 0, All: 643
2024-02-20 21:27:30: Left to Right: Copy File: 5 
2024-02-20 21:27:30: == 同步开始由 Periodic Timer
2024-02-20 21:27:30: ConnectCloned connected to file:///Users/IntoSoranohate/个人仓库/SHIP
2024-02-20 21:27:30: ConnectCloned connected to file:///Users/IntoSoranohate/个人仓库/SHIP
2024-02-20 21:27:30: ConnectCloned connected to file:///Users/IntoSoranohate/个人仓库/backup
2024-02-20 21:27:30: ConnectCloned connected to file:///Users/IntoSoranohate/个人仓库/backup
2024-02-20 21:27:30: ConnectCloned connected to file:///Users/IntoSoranohate/个人仓库/SHIP
2024-02-20 21:27:30: ConnectCloned connected to file:///Users/IntoSoranohate/个人仓库/backup
2024-02-20 21:27:30: 覆盖复制 '/Users/IntoSoranohate/个人仓库/SHIP/.obsidian/bookmarks.json' -> '/Users/IntoSoranohate/个人仓库/backup/.obsidian/bookmarks.json' (3,412)
2024-02-20 21:27:30: 覆盖复制 '/Users/IntoSoranohate/个人仓库/SHIP/Project/中国风角色(主角)设计.md' -> '/Users/IntoSoranohate/个人仓库/backup/Project/中国风角色(主角)设计.md' (1,259)
2024-02-20 21:27:30: 覆盖复制 '/Users/IntoSoranohate/个人仓库/SHIP/.obsidian/workspace.json' -> '/Users/IntoSoranohate/个人仓库/backup/.obsidian/workspace.json' (8,934)
2024-02-20 21:27:30: 覆盖复制 '/Users/IntoSoranohate/个人仓库/SHIP/.obsidian/plugins/recent-files-obsidian/data.json' -> '/Users/IntoSoranohate/个人仓库/backup/.obsidian/plugins/recent-files-obsidian/data.json' (5,509)
2024-02-20 21:27:30: Close Modified Folder (mod-time, acl): /Project
2024-02-20 21:27:30: Close Modified Folder (mod-time, acl): /.obsidian/plugins/recent-files-obsidian
2024-02-20 21:27:30: Close Modified Folder (mod-time, acl): /.obsidian
2024-02-20 21:27:30: 覆盖复制 '/Users/IntoSoranohate/个人仓库/SHIP/Setting/模板/template模板/项目模板.md' -> '/Users/IntoSoranohate/个人仓库/backup/Setting/模板/template模板/项目模板.md' (1,096)
2024-02-20 21:27:30: Close Modified Folder (mod-time, acl): /Setting/模板/template模板
2024-02-20 21:27:30: 保持文件状态 /Users/IntoSoranohate/个人仓库/SHIP/_gsdata_/_file_state_v4._gs
2024-02-20 21:27:30: 保持文件状态 /Users/IntoSoranohate/个人仓库/backup/_gsdata_/_file_state_v4._gs
2024-02-20 21:27:30: == 同步完成. 历时: 00:00:00, 速度: 0.00/s, 完成: 5, 错误: 0
