2024-02-11 11:01:56: -- 分析开始 Periodic Timer
2024-02-11 11:01:56: 左侧: 正在读取文件状态 /Users/IntoSoranohate/个人仓库/SHIP/_gsdata_/_file_state_v4._gs
2024-02-11 11:01:56: 右侧: 正在读取文件状态 /Users/IntoSoranohate/个人仓库/backup/_gsdata_/_file_state_v4._gs
2024-02-11 11:01:56: 变更：4， 冲突：0， 复制时间：0， 复制状态：0， 错误： 0, All: 482
2024-02-11 11:01:56: Left to Right: Copy File: 3 Delete File: 1 
2024-02-11 11:01:56: == 同步开始由 Periodic Timer
2024-02-11 11:01:56: ConnectCloned connected to file:///Users/IntoSoranohate/个人仓库/SHIP
2024-02-11 11:01:56: ConnectCloned connected to file:///Users/IntoSoranohate/个人仓库/SHIP
2024-02-11 11:01:56: ConnectCloned connected to file:///Users/IntoSoranohate/个人仓库/SHIP
2024-02-11 11:01:56: ConnectCloned connected to file:///Users/IntoSoranohate/个人仓库/backup
2024-02-11 11:01:56: ConnectCloned connected to file:///Users/IntoSoranohate/个人仓库/backup
2024-02-11 11:01:56: ConnectCloned connected to file:///Users/IntoSoranohate/个人仓库/backup
2024-02-11 11:01:57: 覆盖复制 '/Users/IntoSoranohate/个人仓库/SHIP/.obsidian/bookmarks.json' -> '/Users/IntoSoranohate/个人仓库/backup/.obsidian/bookmarks.json' (2,725)
2024-02-11 11:01:57: 删除文件 /Users/IntoSoranohate/个人仓库/backup/.obsidian/snippets/滚动条美化.css
2024-02-11 11:01:57: 覆盖复制 '/Users/IntoSoranohate/个人仓库/SHIP/.obsidian/plugins/obsidian-hider/data.json' -> '/Users/IntoSoranohate/个人仓库/backup/.obsidian/plugins/obsidian-hider/data.json' (320)
2024-02-11 11:01:57: Close Modified Folder (mod-time, acl): /.obsidian/snippets
2024-02-11 11:01:57: Close Modified Folder (mod-time, acl): /.obsidian/plugins/obsidian-hider
2024-02-11 11:01:57: 覆盖复制 '/Users/IntoSoranohate/个人仓库/SHIP/.obsidian/workspace.json' -> '/Users/IntoSoranohate/个人仓库/backup/.obsidian/workspace.json' (8,143)
2024-02-11 11:01:57: Close Modified Folder (mod-time, acl): /.obsidian
2024-02-11 11:01:57: 保持文件状态 /Users/IntoSoranohate/个人仓库/SHIP/_gsdata_/_file_state_v4._gs
2024-02-11 11:01:57: 保持文件状态 /Users/IntoSoranohate/个人仓库/backup/_gsdata_/_file_state_v4._gs
2024-02-11 11:01:57: == 同步完成. 历时: 00:00:01, 速度: 0.00/s, 完成: 4, 错误: 0
