2024-02-21 12:45:51: -- 分析开始 Periodic Timer
2024-02-21 12:45:51: 左侧: 正在读取文件状态 /Users/IntoSoranohate/个人仓库/SHIP/_gsdata_/_file_state_v4._gs
2024-02-21 12:45:51: 右侧: 正在读取文件状态 /Users/IntoSoranohate/个人仓库/backup/_gsdata_/_file_state_v4._gs
2024-02-21 12:45:51: 变更：18， 冲突：0， 复制时间：0， 复制状态：0， 错误： 0, All: 667
2024-02-21 12:45:51: Left to Right: Copy File: 18 
2024-02-21 12:45:51: == 同步开始由 Periodic Timer
2024-02-21 12:45:51: ConnectCloned connected to file:///Users/IntoSoranohate/个人仓库/SHIP
2024-02-21 12:45:51: ConnectCloned connected to file:///Users/IntoSoranohate/个人仓库/SHIP
2024-02-21 12:45:51: ConnectCloned connected to file:///Users/IntoSoranohate/个人仓库/backup
2024-02-21 12:45:51: ConnectCloned connected to file:///Users/IntoSoranohate/个人仓库/backup
2024-02-21 12:45:51: ConnectCloned connected to file:///Users/IntoSoranohate/个人仓库/SHIP
2024-02-21 12:45:51: ConnectCloned connected to file:///Users/IntoSoranohate/个人仓库/backup
2024-02-21 12:45:51: 覆盖复制 '/Users/IntoSoranohate/个人仓库/SHIP/.obsidian/app.json' -> '/Users/IntoSoranohate/个人仓库/backup/.obsidian/app.json' (206)
2024-02-21 12:45:51: 覆盖复制 '/Users/IntoSoranohate/个人仓库/SHIP/.obsidian/appearance.json' -> '/Users/IntoSoranohate/个人仓库/backup/.obsidian/appearance.json' (755)
2024-02-21 12:45:51: 覆盖复制 '/Users/IntoSoranohate/个人仓库/SHIP/Setting/components/彩色时钟.md' -> '/Users/IntoSoranohate/个人仓库/backup/Setting/components/彩色时钟.md' (151)
2024-02-21 12:45:51: 覆盖复制 '/Users/IntoSoranohate/个人仓库/SHIP/.obsidian/bookmarks.json' -> '/Users/IntoSoranohate/个人仓库/backup/.obsidian/bookmarks.json' (3,412)
2024-02-21 12:45:51: 覆盖复制 '/Users/IntoSoranohate/个人仓库/SHIP/.obsidian/community-plugins.json' -> '/Users/IntoSoranohate/个人仓库/backup/.obsidian/community-plugins.json' (582)
2024-02-21 12:45:51: 覆盖复制 '/Users/IntoSoranohate/个人仓库/SHIP/.obsidian/core-plugins-migration.json' -> '/Users/IntoSoranohate/个人仓库/backup/.obsidian/core-plugins-migration.json' (637)
2024-02-21 12:45:51: 覆盖复制 '/Users/IntoSoranohate/个人仓库/SHIP/.obsidian/core-plugins.json' -> '/Users/IntoSoranohate/个人仓库/backup/.obsidian/core-plugins.json' (295)
2024-02-21 12:45:51: 覆盖复制 '/Users/IntoSoranohate/个人仓库/SHIP/.obsidian/graph.json' -> '/Users/IntoSoranohate/个人仓库/backup/.obsidian/graph.json' (511)
2024-02-21 12:45:51: 覆盖复制 '/Users/IntoSoranohate/个人仓库/SHIP/.obsidian/workspace.json' -> '/Users/IntoSoranohate/个人仓库/backup/.obsidian/workspace.json' (7,904)
2024-02-21 12:45:51: 覆盖复制 '/Users/IntoSoranohate/个人仓库/SHIP/.obsidian/plugins/calendar/data.json' -> '/Users/IntoSoranohate/个人仓库/backup/.obsidian/plugins/calendar/data.json' (231)
2024-02-21 12:45:51: 覆盖复制 '/Users/IntoSoranohate/个人仓库/SHIP/.obsidian/plugins/obsidian-admonition/data.json' -> '/Users/IntoSoranohate/个人仓库/backup/.obsidian/plugins/obsidian-admonition/data.json' (1,705)
2024-02-21 12:45:51: 覆盖复制 '/Users/IntoSoranohate/个人仓库/SHIP/.obsidian/plugins/obsidian-minimal-settings/data.json' -> '/Users/IntoSoranohate/个人仓库/backup/.obsidian/plugins/obsidian-minimal-settings/data.json' (934)
2024-02-21 12:45:51: 覆盖复制 '/Users/IntoSoranohate/个人仓库/SHIP/.obsidian/plugins/quickadd/data.json' -> '/Users/IntoSoranohate/个人仓库/backup/.obsidian/plugins/quickadd/data.json' (3,628)
2024-02-21 12:45:51: 覆盖复制 '/Users/IntoSoranohate/个人仓库/SHIP/.obsidian/plugins/recent-files-obsidian/data.json' -> '/Users/IntoSoranohate/个人仓库/backup/.obsidian/plugins/recent-files-obsidian/data.json' (5,704)
2024-02-21 12:45:51: 覆盖复制 '/Users/IntoSoranohate/个人仓库/SHIP/.obsidian/plugins/table-editor-obsidian/data.json' -> '/Users/IntoSoranohate/个人仓库/backup/.obsidian/plugins/table-editor-obsidian/data.json' (95)
2024-02-21 12:45:51: 覆盖复制 '/Users/IntoSoranohate/个人仓库/SHIP/.obsidian/workspaces.json' -> '/Users/IntoSoranohate/个人仓库/backup/.obsidian/workspaces.json' (7,209)
2024-02-21 12:45:51: 覆盖复制 '/Users/IntoSoranohate/个人仓库/SHIP/.obsidian/plugins/workspaces-plus/data.json' -> '/Users/IntoSoranohate/个人仓库/backup/.obsidian/plugins/workspaces-plus/data.json' (388)
2024-02-21 12:45:51: Close Modified Folder (mod-time, acl): /Setting/components
2024-02-21 12:45:51: Close Modified Folder (mod-time, acl): /.obsidian/plugins/calendar
2024-02-21 12:45:51: Close Modified Folder (mod-time, acl): /.obsidian/plugins/obsidian-admonition
2024-02-21 12:45:51: Close Modified Folder (mod-time, acl): /.obsidian/plugins/obsidian-minimal-settings
2024-02-21 12:45:51: Close Modified Folder (mod-time, acl): /.obsidian/plugins/quickadd
2024-02-21 12:45:51: Close Modified Folder (mod-time, acl): /.obsidian/plugins/recent-files-obsidian
2024-02-21 12:45:51: Close Modified Folder (mod-time, acl): /.obsidian/plugins/table-editor-obsidian
2024-02-21 12:45:51: Close Modified Folder (mod-time, acl): /.obsidian/plugins/workspaces-plus
2024-02-21 12:45:51: Close Modified Folder (mod-time, acl): /.obsidian
2024-02-21 12:45:51: 覆盖复制 '/Users/IntoSoranohate/个人仓库/SHIP/日记/2024-02-21_周三.md' -> '/Users/IntoSoranohate/个人仓库/backup/日记/2024-02-21_周三.md' (1,096)
2024-02-21 12:45:51: Close Modified Folder (mod-time, acl): /日记
2024-02-21 12:45:51: 保持文件状态 /Users/IntoSoranohate/个人仓库/SHIP/_gsdata_/_file_state_v4._gs
2024-02-21 12:45:51: 保持文件状态 /Users/IntoSoranohate/个人仓库/backup/_gsdata_/_file_state_v4._gs
2024-02-21 12:45:51: == 同步完成. 历时: 00:00:00, 速度: 0.00/s, 完成: 18, 错误: 0
