2024-02-11 03:37:10: -- 分析开始 Analyze And Sync All Command
2024-02-11 03:37:10: 左侧: 正在读取文件状态 /Users/IntoSoranohate/个人仓库/SHIP/_gsdata_/_file_state_v4._gs
2024-02-11 03:37:10: 右侧: 正在读取文件状态 /Users/IntoSoranohate/个人仓库/backup/_gsdata_/_file_state_v4._gs
2024-02-11 03:37:10: 变更：16， 冲突：0， 复制时间：0， 复制状态：0， 错误： 0, All: 473
2024-02-11 03:37:10: Left to Right: Copy File: 15 Delete File: 1 
2024-02-11 03:37:10: == 同步开始由 Analyze And Sync All Command
2024-02-11 03:37:10: ConnectCloned connected to file:///Users/IntoSoranohate/个人仓库/SHIP
2024-02-11 03:37:10: ConnectCloned connected to file:///Users/IntoSoranohate/个人仓库/backup
2024-02-11 03:37:10: ConnectCloned connected to file:///Users/IntoSoranohate/个人仓库/SHIP
2024-02-11 03:37:10: ConnectCloned connected to file:///Users/IntoSoranohate/个人仓库/SHIP
2024-02-11 03:37:10: ConnectCloned connected to file:///Users/IntoSoranohate/个人仓库/backup
2024-02-11 03:37:10: ConnectCloned connected to file:///Users/IntoSoranohate/个人仓库/backup
2024-02-11 03:37:10: 覆盖复制 '/Users/IntoSoranohate/个人仓库/SHIP/.obsidian/app.json' -> '/Users/IntoSoranohate/个人仓库/backup/.obsidian/app.json' (206)
2024-02-11 03:37:10: 覆盖复制 '/Users/IntoSoranohate/个人仓库/SHIP/.obsidian/appearance.json' -> '/Users/IntoSoranohate/个人仓库/backup/.obsidian/appearance.json' (656)
2024-02-11 03:37:10: /Users/IntoSoranohate/个人仓库/SHIP/.obsidian/bookmarks.json: Source file has changed between Analyze and Sync from '[file] size=2,725 accu-time=2024-02-11 03:33:29 attr=Hidden644 cktype=0' to 'size=2,725 time=2024-02-11 03:37:10', noted in source file state
2024-02-11 03:37:10: 覆盖复制 '/Users/IntoSoranohate/个人仓库/SHIP/.obsidian/bookmarks.json' -> '/Users/IntoSoranohate/个人仓库/backup/.obsidian/bookmarks.json' (2,725)
2024-02-11 03:37:10: 覆盖复制 '/Users/IntoSoranohate/个人仓库/SHIP/.obsidian/community-plugins.json' -> '/Users/IntoSoranohate/个人仓库/backup/.obsidian/community-plugins.json' (486)
2024-02-11 03:37:10: 覆盖复制 '/Users/IntoSoranohate/个人仓库/SHIP/.obsidian/core-plugins-migration.json' -> '/Users/IntoSoranohate/个人仓库/backup/.obsidian/core-plugins-migration.json' (638)
2024-02-11 03:37:10: 覆盖复制 '/Users/IntoSoranohate/个人仓库/SHIP/.obsidian/core-plugins.json' -> '/Users/IntoSoranohate/个人仓库/backup/.obsidian/core-plugins.json' (274)
2024-02-11 03:37:10: 覆盖复制 '/Users/IntoSoranohate/个人仓库/SHIP/.obsidian/graph.json' -> '/Users/IntoSoranohate/个人仓库/backup/.obsidian/graph.json' (511)
2024-02-11 03:37:10: 删除文件 /Users/IntoSoranohate/个人仓库/backup/.obsidian/snippets/【自定义】表格样式TableStyles.css
2024-02-11 03:37:10: 覆盖复制 '/Users/IntoSoranohate/个人仓库/SHIP/.obsidian/plugins/calendar/data.json' -> '/Users/IntoSoranohate/个人仓库/backup/.obsidian/plugins/calendar/data.json' (231)
2024-02-11 03:37:10: 覆盖复制 '/Users/IntoSoranohate/个人仓库/SHIP/.obsidian/plugins/homepage/data.json' -> '/Users/IntoSoranohate/个人仓库/backup/.obsidian/plugins/homepage/data.json' (537)
2024-02-11 03:37:10: 覆盖复制 '/Users/IntoSoranohate/个人仓库/SHIP/.obsidian/plugins/obsidian-admonition/data.json' -> '/Users/IntoSoranohate/个人仓库/backup/.obsidian/plugins/obsidian-admonition/data.json' (1,705)
2024-02-11 03:37:10: 覆盖复制 '/Users/IntoSoranohate/个人仓库/SHIP/.obsidian/plugins/obsidian-minimal-settings/data.json' -> '/Users/IntoSoranohate/个人仓库/backup/.obsidian/plugins/obsidian-minimal-settings/data.json' (934)
2024-02-11 03:37:10: 覆盖复制 '/Users/IntoSoranohate/个人仓库/SHIP/.obsidian/plugins/recent-files-obsidian/data.json' -> '/Users/IntoSoranohate/个人仓库/backup/.obsidian/plugins/recent-files-obsidian/data.json' (4,733)
2024-02-11 03:37:10: 覆盖复制 '/Users/IntoSoranohate/个人仓库/SHIP/.obsidian/workspace.json' -> '/Users/IntoSoranohate/个人仓库/backup/.obsidian/workspace.json' (7,871)
2024-02-11 03:37:10: 覆盖复制 '/Users/IntoSoranohate/个人仓库/SHIP/.obsidian/plugins/table-editor-obsidian/data.json' -> '/Users/IntoSoranohate/个人仓库/backup/.obsidian/plugins/table-editor-obsidian/data.json' (95)
2024-02-11 03:37:10: Close Modified Folder (mod-time, acl): /.obsidian/snippets
2024-02-11 03:37:10: Close Modified Folder (mod-time, acl): /.obsidian/plugins/calendar
2024-02-11 03:37:10: Close Modified Folder (mod-time, acl): /.obsidian/plugins/homepage
2024-02-11 03:37:10: Close Modified Folder (mod-time, acl): /.obsidian/plugins/obsidian-admonition
2024-02-11 03:37:10: Close Modified Folder (mod-time, acl): /.obsidian/plugins/obsidian-minimal-settings
2024-02-11 03:37:10: Close Modified Folder (mod-time, acl): /.obsidian/plugins/recent-files-obsidian
2024-02-11 03:37:10: Close Modified Folder (mod-time, acl): /.obsidian/plugins/table-editor-obsidian
2024-02-11 03:37:10: 覆盖复制 '/Users/IntoSoranohate/个人仓库/SHIP/.obsidian/workspaces.json' -> '/Users/IntoSoranohate/个人仓库/backup/.obsidian/workspaces.json' (6,636)
2024-02-11 03:37:10: Close Modified Folder (mod-time, acl): /.obsidian
2024-02-11 03:37:10: 保持文件状态 /Users/IntoSoranohate/个人仓库/SHIP/_gsdata_/_file_state_v4._gs
2024-02-11 03:37:10: 保持文件状态 /Users/IntoSoranohate/个人仓库/backup/_gsdata_/_file_state_v4._gs
2024-02-11 03:37:10: == 同步完成. 历时: 00:00:00, 速度: 0.00/s, 完成: 16, 错误: 0
