2024-02-14 15:52:33: -- 分析开始 Periodic Timer
2024-02-14 15:52:33: 左侧: 正在读取文件状态 /Users/IntoSoranohate/个人仓库/SHIP/_gsdata_/_file_state_v4._gs
2024-02-14 15:52:37: 右侧: 正在读取文件状态 gdrive://www.googleapis.com/shipy/_gsdata_/_file_state_v4._gs
2024-02-14 15:52:40: 变更：5， 冲突：0， 复制时间：0， 复制状态：0， 错误： 0, All: 613
2024-02-14 15:52:40: Left to Right: Copy File: 5 
2024-02-14 15:52:40: == 同步开始由 Periodic Timer
2024-02-14 15:52:40: ConnectCloned connected to file:///Users/IntoSoranohate/个人仓库/SHIP
2024-02-14 15:52:40: ConnectCloned connected to file:///Users/IntoSoranohate/个人仓库/SHIP
2024-02-14 15:52:40: ConnectCloned connected to file:///Users/IntoSoranohate/个人仓库/SHIP
2024-02-14 15:52:40: GsConnectAndSetRoot1 connected to gdrive://www.googleapis.com/shipy
2024-02-14 15:52:40: GsConnectAndSetRoot1 connected to gdrive://www.googleapis.com/shipy
2024-02-14 15:52:42: GsConnectAndSetRoot1 connected to gdrive://www.googleapis.com/shipy
2024-02-14 15:52:44: 新建复制 '/Users/IntoSoranohate/个人仓库/SHIP/日记/2024-02-14_周三.md' -> 'gdrive://www.googleapis.com/shipy/日记/2024-02-14_周三.md' (1,247)
2024-02-14 15:52:46: /Users/IntoSoranohate/个人仓库/SHIP/.obsidian/bookmarks.json: Source file has changed between Analyze and Sync from '[file] size=3,412 accu-time=2024-02-14 15:52:11 file-time=2024-02-14 15:52:12 attr=Hidden644 cktype=0' to 'size=3,412 time=2024-02-14 15:52:34', noted in source file state
2024-02-14 15:52:46: 覆盖复制 '/Users/IntoSoranohate/个人仓库/SHIP/.obsidian/bookmarks.json' -> 'gdrive://www.googleapis.com/shipy/.obsidian/bookmarks.json' (3,412)
2024-02-14 15:52:49: 新建复制 '/Users/IntoSoranohate/个人仓库/SHIP/日记/情绪日记/心情记录2024-02-14_周三.md' -> 'gdrive://www.googleapis.com/shipy/日记/情绪日记/心情记录2024-02-14_周三.md' (584)
2024-02-14 15:52:51: /Users/IntoSoranohate/个人仓库/SHIP/.obsidian/workspace.json: Source file has changed between Analyze and Sync from '[file] size=8,160 accu-time=2024-02-14 15:52:12 attr=Hidden644 cktype=0' to 'size=8,160 time=2024-02-14 15:52:35', noted in source file state
2024-02-14 15:52:51: 覆盖复制 '/Users/IntoSoranohate/个人仓库/SHIP/.obsidian/workspace.json' -> 'gdrive://www.googleapis.com/shipy/.obsidian/workspace.json' (8,160)
2024-02-14 15:52:53: 覆盖复制 '/Users/IntoSoranohate/个人仓库/SHIP/.obsidian/plugins/recent-files-obsidian/data.json' -> 'gdrive://www.googleapis.com/shipy/.obsidian/plugins/recent-files-obsidian/data.json' (6,970)
2024-02-14 15:52:53: 保持文件状态 /Users/IntoSoranohate/个人仓库/SHIP/_gsdata_/_file_state_v4._gs
2024-02-14 15:52:55: 保持文件状态 gdrive://www.googleapis.com/shipy/_gsdata_/_file_state_v4._gs
2024-02-14 15:52:57: == 同步完成. 历时: 00:00:25, 速度: 1.19 KB/s, 完成: 5, 错误: 0
