2024-02-11 03:52:11: -- 分析开始 Periodic Timer
2024-02-11 03:52:11: 左侧: 正在读取文件状态 /Users/IntoSoranohate/个人仓库/SHIP/_gsdata_/_file_state_v4._gs
2024-02-11 03:52:11: 右侧: 正在读取文件状态 /Users/IntoSoranohate/个人仓库/backup/_gsdata_/_file_state_v4._gs
2024-02-11 03:52:11: 变更：16， 冲突：0， 复制时间：0， 复制状态：0， 错误： 0, All: 478
2024-02-11 03:52:11: Left to Right: Copy File: 14 Delete File: 2 
2024-02-11 03:52:11: == 同步开始由 Periodic Timer
2024-02-11 03:52:11: ConnectCloned connected to file:///Users/IntoSoranohate/个人仓库/SHIP
2024-02-11 03:52:11: ConnectCloned connected to file:///Users/IntoSoranohate/个人仓库/SHIP
2024-02-11 03:52:11: ConnectCloned connected to file:///Users/IntoSoranohate/个人仓库/SHIP
2024-02-11 03:52:11: ConnectCloned connected to file:///Users/IntoSoranohate/个人仓库/backup
2024-02-11 03:52:11: ConnectCloned connected to file:///Users/IntoSoranohate/个人仓库/backup
2024-02-11 03:52:11: ConnectCloned connected to file:///Users/IntoSoranohate/个人仓库/backup
2024-02-11 03:52:11: 覆盖复制 '/Users/IntoSoranohate/个人仓库/SHIP/.obsidian/bookmarks.json' -> '/Users/IntoSoranohate/个人仓库/backup/.obsidian/bookmarks.json' (2,725)
2024-02-11 03:52:11: 覆盖复制 '/Users/IntoSoranohate/个人仓库/SHIP/Setting/标签/项目追踪.md' -> '/Users/IntoSoranohate/个人仓库/backup/Setting/标签/项目追踪.md' (95)
2024-02-11 03:52:11: 覆盖复制 '/Users/IntoSoranohate/个人仓库/SHIP/.obsidian/community-plugins.json' -> '/Users/IntoSoranohate/个人仓库/backup/.obsidian/community-plugins.json' (517)
2024-02-11 03:52:11: 覆盖复制 '/Users/IntoSoranohate/个人仓库/SHIP/Setting/模板/template模板/日记模板.md' -> '/Users/IntoSoranohate/个人仓库/backup/Setting/模板/template模板/日记模板.md' (2,998)
2024-02-11 03:52:11: 覆盖复制 '/Users/IntoSoranohate/个人仓库/SHIP/Setting/模板/template模板/项目模板.md' -> '/Users/IntoSoranohate/个人仓库/backup/Setting/模板/template模板/项目模板.md' (331)
2024-02-11 03:52:11: 覆盖复制 '/Users/IntoSoranohate/个人仓库/SHIP/.obsidian/graph.json' -> '/Users/IntoSoranohate/个人仓库/backup/.obsidian/graph.json' (511)
2024-02-11 03:52:11: 覆盖复制 '/Users/IntoSoranohate/个人仓库/SHIP/.obsidian/workspace.json' -> '/Users/IntoSoranohate/个人仓库/backup/.obsidian/workspace.json' (8,266)
2024-02-11 03:52:11: 创建文件夹 /Users/IntoSoranohate/个人仓库/backup/.obsidian/plugins/obsidian-checklist-plugin
2024-02-11 03:52:11: 新建复制 '/Users/IntoSoranohate/个人仓库/SHIP/.obsidian/plugins/obsidian-checklist-plugin/data.json' -> '/Users/IntoSoranohate/个人仓库/backup/.obsidian/plugins/obsidian-checklist-plugin/data.json' (360)
2024-02-11 03:52:11: 覆盖复制 '/Users/IntoSoranohate/个人仓库/SHIP/.obsidian/plugins/recent-files-obsidian/data.json' -> '/Users/IntoSoranohate/个人仓库/backup/.obsidian/plugins/recent-files-obsidian/data.json' (4,733)
2024-02-11 03:52:11: 新建复制 '/Users/IntoSoranohate/个人仓库/SHIP/.obsidian/plugins/obsidian-checklist-plugin/main.js' -> '/Users/IntoSoranohate/个人仓库/backup/.obsidian/plugins/obsidian-checklist-plugin/main.js' (314,011)
2024-02-11 03:52:11: 新建复制 '/Users/IntoSoranohate/个人仓库/SHIP/.obsidian/plugins/obsidian-checklist-plugin/manifest.json' -> '/Users/IntoSoranohate/个人仓库/backup/.obsidian/plugins/obsidian-checklist-plugin/manifest.json' (237)
2024-02-11 03:52:11: 新建复制 '/Users/IntoSoranohate/个人仓库/SHIP/.obsidian/plugins/obsidian-checklist-plugin/styles.css' -> '/Users/IntoSoranohate/个人仓库/backup/.obsidian/plugins/obsidian-checklist-plugin/styles.css' (1,868)
2024-02-11 03:52:11: 删除文件夹 /Users/IntoSoranohate/个人仓库/backup/Spaces/Home
2024-02-11 03:52:11: Close Modified Folder (mod-time, acl): /Setting/标签
2024-02-11 03:52:11: Close Modified Folder (mod-time, acl): /Setting/模板/template模板
2024-02-11 03:52:11: Close Modified Folder (mod-time, acl): /.obsidian/plugins/recent-files-obsidian
2024-02-11 03:52:11: Close Modified Folder (mod-time, acl): /.obsidian/plugins/obsidian-checklist-plugin
2024-02-11 03:52:11: 覆盖复制 '/Users/IntoSoranohate/个人仓库/SHIP/日记/2024-02-11_周日.md' -> '/Users/IntoSoranohate/个人仓库/backup/日记/2024-02-11_周日.md' (1,249)
2024-02-11 03:52:11: Close Modified Folder (mod-time, acl): /日记
2024-02-11 03:52:11: 删除文件夹 /Users/IntoSoranohate/个人仓库/backup/Spaces
2024-02-11 03:52:11: Close Modified Folder (mod-time, acl): /.obsidian/plugins
2024-02-11 03:52:11: Close Modified Folder (mod-time, acl): /.obsidian
2024-02-11 03:52:11: 保持文件状态 /Users/IntoSoranohate/个人仓库/SHIP/_gsdata_/_file_state_v4._gs
2024-02-11 03:52:11: 保持文件状态 /Users/IntoSoranohate/个人仓库/backup/_gsdata_/_file_state_v4._gs
2024-02-11 03:52:11: == 同步完成. 历时: 00:00:00, 速度: 0.00/s, 完成: 16, 错误: 0
