2024-02-21 16:39:26: -- 分析开始 Periodic Timer
2024-02-21 16:39:26: 左侧: 正在读取文件状态 /Users/IntoSoranohate/个人仓库/SHIP/_gsdata_/_file_state_v4._gs
2024-02-21 16:39:26: 右侧: 正在读取文件状态 /Users/IntoSoranohate/个人仓库/backup/_gsdata_/_file_state_v4._gs
2024-02-21 16:39:26: 变更：13， 冲突：0， 复制时间：0， 复制状态：0， 错误： 0, All: 708
2024-02-21 16:39:26: Left to Right: Copy File: 13 
2024-02-21 16:39:26: == 同步开始由 Periodic Timer
2024-02-21 16:39:26: ConnectCloned connected to file:///Users/IntoSoranohate/个人仓库/SHIP
2024-02-21 16:39:26: ConnectCloned connected to file:///Users/IntoSoranohate/个人仓库/SHIP
2024-02-21 16:39:26: ConnectCloned connected to file:///Users/IntoSoranohate/个人仓库/SHIP
2024-02-21 16:39:26: ConnectCloned connected to file:///Users/IntoSoranohate/个人仓库/backup
2024-02-21 16:39:26: ConnectCloned connected to file:///Users/IntoSoranohate/个人仓库/backup
2024-02-21 16:39:26: ConnectCloned connected to file:///Users/IntoSoranohate/个人仓库/backup
2024-02-21 16:39:26: 覆盖复制 '/Users/IntoSoranohate/个人仓库/SHIP/.obsidian/.diary-stats' -> '/Users/IntoSoranohate/个人仓库/backup/.obsidian/.diary-stats' (472,776)
2024-02-21 16:39:26: 覆盖复制 '/Users/IntoSoranohate/个人仓库/SHIP/daily/2024-02-21_周三.md' -> '/Users/IntoSoranohate/个人仓库/backup/daily/2024-02-21_周三.md' (1,294)
2024-02-21 16:39:26: 覆盖复制 '/Users/IntoSoranohate/个人仓库/SHIP/.obsidian/community-plugins.json' -> '/Users/IntoSoranohate/个人仓库/backup/.obsidian/community-plugins.json' (594)
2024-02-21 16:39:26: 覆盖复制 '/Users/IntoSoranohate/个人仓库/SHIP/.obsidian/graph.json' -> '/Users/IntoSoranohate/个人仓库/backup/.obsidian/graph.json' (511)
2024-02-21 16:39:26: 覆盖复制 '/Users/IntoSoranohate/个人仓库/SHIP/.obsidian/workspace.json' -> '/Users/IntoSoranohate/个人仓库/backup/.obsidian/workspace.json' (8,768)
2024-02-21 16:39:26: 创建文件夹 /Users/IntoSoranohate/个人仓库/backup/.obsidian/plugins/hidden-folder-obsidian
2024-02-21 16:39:26: 新建复制 '/Users/IntoSoranohate/个人仓库/SHIP/.obsidian/plugins/hidden-folder-obsidian/data.json' -> '/Users/IntoSoranohate/个人仓库/backup/.obsidian/plugins/hidden-folder-obsidian/data.json' (45)
2024-02-21 16:39:26: 覆盖复制 '/Users/IntoSoranohate/个人仓库/SHIP/.obsidian/plugins/recent-files-obsidian/data.json' -> '/Users/IntoSoranohate/个人仓库/backup/.obsidian/plugins/recent-files-obsidian/data.json' (5,734)
2024-02-21 16:39:26: 新建复制 '/Users/IntoSoranohate/个人仓库/SHIP/.obsidian/plugins/hidden-folder-obsidian/main.js' -> '/Users/IntoSoranohate/个人仓库/backup/.obsidian/plugins/hidden-folder-obsidian/main.js' (8,216)
2024-02-21 16:39:26: 新建复制 '/Users/IntoSoranohate/个人仓库/SHIP/.obsidian/plugins/hidden-folder-obsidian/manifest.json' -> '/Users/IntoSoranohate/个人仓库/backup/.obsidian/plugins/hidden-folder-obsidian/manifest.json' (192)
2024-02-21 16:39:26: 新建复制 '/Users/IntoSoranohate/个人仓库/SHIP/.obsidian/plugins/hidden-folder-obsidian/styles.css' -> '/Users/IntoSoranohate/个人仓库/backup/.obsidian/plugins/hidden-folder-obsidian/styles.css' (47)
2024-02-21 16:39:26: 覆盖复制 '/Users/IntoSoranohate/个人仓库/SHIP/.obsidian/workspaces.json' -> '/Users/IntoSoranohate/个人仓库/backup/.obsidian/workspaces.json' (7,581)
2024-02-21 16:39:26: Close Modified Folder (mod-time, acl): /daily
2024-02-21 16:39:26: Close Modified Folder (mod-time, acl): /.obsidian/plugins/recent-files-obsidian
2024-02-21 16:39:26: Close Modified Folder (mod-time, acl): /.obsidian/plugins/hidden-folder-obsidian
2024-02-21 16:39:26: Close Modified Folder (mod-time, acl): /.obsidian/plugins
2024-02-21 16:39:26: Close Modified Folder (mod-time, acl): /.obsidian
2024-02-21 16:39:26: 覆盖复制 '/Users/IntoSoranohate/个人仓库/SHIP/Setting/模板/template模板/日记模板.md' -> '/Users/IntoSoranohate/个人仓库/backup/Setting/模板/template模板/日记模板.md' (2,984)
2024-02-21 16:39:26: Close Modified Folder (mod-time, acl): /Setting/模板/template模板
2024-02-21 16:39:26: 保持文件状态 /Users/IntoSoranohate/个人仓库/SHIP/_gsdata_/_file_state_v4._gs
2024-02-21 16:39:26: 保持文件状态 /Users/IntoSoranohate/个人仓库/backup/_gsdata_/_file_state_v4._gs
2024-02-21 16:39:26: == 同步完成. 历时: 00:00:00, 速度: 0.00/s, 完成: 13, 错误: 0
