2024-02-18 12:39:13: -- 分析开始 Periodic Timer
2024-02-18 12:39:13: 左侧: 正在读取文件状态 /Users/IntoSoranohate/个人仓库/SHIP/_gsdata_/_file_state_v4._gs
2024-02-18 12:39:13: 右侧: 正在读取文件状态 /Users/IntoSoranohate/Library/CloudStorage/OneDrive-个人/Shipy/_gsdata_/_file_state_v4._gs
2024-02-18 12:39:13: 变更：6， 冲突：0， 复制时间：0， 复制状态：0， 错误： 0, All: 625
2024-02-18 12:39:13: Left to Right: Copy File: 6 
2024-02-18 12:39:13: == 同步开始由 Periodic Timer
2024-02-18 12:39:13: ConnectCloned connected to file:///Users/IntoSoranohate/个人仓库/SHIP
2024-02-18 12:39:13: ConnectCloned connected to file:///Users/IntoSoranohate/个人仓库/SHIP
2024-02-18 12:39:13: ConnectCloned connected to file:///Users/IntoSoranohate/个人仓库/SHIP
2024-02-18 12:39:13: ConnectCloned connected to file:///Users/IntoSoranohate/Library/CloudStorage/OneDrive-个人/Shipy
2024-02-18 12:39:13: ConnectCloned connected to file:///Users/IntoSoranohate/Library/CloudStorage/OneDrive-个人/Shipy
2024-02-18 12:39:13: ConnectCloned connected to file:///Users/IntoSoranohate/Library/CloudStorage/OneDrive-个人/Shipy
2024-02-18 12:39:13: 覆盖复制 '/Users/IntoSoranohate/个人仓库/SHIP/.obsidian/bookmarks.json' -> '/Users/IntoSoranohate/Library/CloudStorage/OneDrive-个人/Shipy/.obsidian/bookmarks.json' (3,412)
2024-02-18 12:39:13: 覆盖复制 '/Users/IntoSoranohate/个人仓库/SHIP/.obsidian/community-plugins.json' -> '/Users/IntoSoranohate/Library/CloudStorage/OneDrive-个人/Shipy/.obsidian/community-plugins.json' (593)
2024-02-18 12:39:13: 覆盖复制 '/Users/IntoSoranohate/个人仓库/SHIP/.obsidian/graph.json' -> '/Users/IntoSoranohate/Library/CloudStorage/OneDrive-个人/Shipy/.obsidian/graph.json' (511)
2024-02-18 12:39:13: 覆盖复制 '/Users/IntoSoranohate/个人仓库/SHIP/.obsidian/workspace.json' -> '/Users/IntoSoranohate/Library/CloudStorage/OneDrive-个人/Shipy/.obsidian/workspace.json' (8,049)
2024-02-18 12:39:13: 覆盖复制 '/Users/IntoSoranohate/个人仓库/SHIP/.obsidian/workspaces.json' -> '/Users/IntoSoranohate/Library/CloudStorage/OneDrive-个人/Shipy/.obsidian/workspaces.json' (7,043)
2024-02-18 12:39:13: 覆盖复制 '/Users/IntoSoranohate/个人仓库/SHIP/.obsidian/plugins/recent-files-obsidian/data.json' -> '/Users/IntoSoranohate/Library/CloudStorage/OneDrive-个人/Shipy/.obsidian/plugins/recent-files-obsidian/data.json' (6,398)
2024-02-18 12:39:13: Close Modified Folder (mod-time, acl): /.obsidian/plugins/recent-files-obsidian
2024-02-18 12:39:13: Close Modified Folder (mod-time, acl): /.obsidian
2024-02-18 12:39:13: 保持文件状态 /Users/IntoSoranohate/个人仓库/SHIP/_gsdata_/_file_state_v4._gs
2024-02-18 12:39:13: 保持文件状态 /Users/IntoSoranohate/Library/CloudStorage/OneDrive-个人/Shipy/_gsdata_/_file_state_v4._gs
2024-02-18 12:39:13: == 同步完成. 历时: 00:00:00, 速度: 0.00/s, 完成: 6, 错误: 0
