2024-02-12 02:56:26: -- 分析开始 Periodic Timer
2024-02-12 02:56:26: 左侧: 正在读取文件状态 /Users/IntoSoranohate/个人仓库/SHIP/_gsdata_/_file_state_v4._gs
2024-02-12 02:56:26: 右侧: 正在读取文件状态 /Users/IntoSoranohate/个人仓库/backup/_gsdata_/_file_state_v4._gs
2024-02-12 02:56:26: 变更：7， 冲突：0， 复制时间：0， 复制状态：4， 错误： 0, All: 609
2024-02-12 02:56:26: Left to Right: Copy File: 7 
2024-02-12 02:56:26: == 同步开始由 Periodic Timer
2024-02-12 02:56:26: ConnectCloned connected to file:///Users/IntoSoranohate/个人仓库/SHIP
2024-02-12 02:56:26: ConnectCloned connected to file:///Users/IntoSoranohate/个人仓库/SHIP
2024-02-12 02:56:26: ConnectCloned connected to file:///Users/IntoSoranohate/个人仓库/SHIP
2024-02-12 02:56:26: ConnectCloned connected to file:///Users/IntoSoranohate/个人仓库/backup
2024-02-12 02:56:26: ConnectCloned connected to file:///Users/IntoSoranohate/个人仓库/backup
2024-02-12 02:56:26: ConnectCloned connected to file:///Users/IntoSoranohate/个人仓库/backup
2024-02-12 02:56:26: 覆盖复制 '/Users/IntoSoranohate/个人仓库/SHIP/.obsidian/bookmarks.json' -> '/Users/IntoSoranohate/个人仓库/backup/.obsidian/bookmarks.json' (3,412)
2024-02-12 02:56:26: 覆盖复制 '/Users/IntoSoranohate/个人仓库/SHIP/.obsidian/community-plugins.json' -> '/Users/IntoSoranohate/个人仓库/backup/.obsidian/community-plugins.json' (570)
2024-02-12 02:56:26: 覆盖复制 '/Users/IntoSoranohate/个人仓库/SHIP/Setting/模板/template模板/情绪模版.md' -> '/Users/IntoSoranohate/个人仓库/backup/Setting/模板/template模板/情绪模版.md' (72)
2024-02-12 02:56:26: 覆盖复制 '/Users/IntoSoranohate/个人仓库/SHIP/.obsidian/plugins/quickadd/data.json' -> '/Users/IntoSoranohate/个人仓库/backup/.obsidian/plugins/quickadd/data.json' (4,617)
2024-02-12 02:56:26: 覆盖复制 '/Users/IntoSoranohate/个人仓库/SHIP/.obsidian/plugins/recent-files-obsidian/data.json' -> '/Users/IntoSoranohate/个人仓库/backup/.obsidian/plugins/recent-files-obsidian/data.json' (6,784)
2024-02-12 02:56:26: 覆盖复制 '/Users/IntoSoranohate/个人仓库/SHIP/.obsidian/workspace.json' -> '/Users/IntoSoranohate/个人仓库/backup/.obsidian/workspace.json' (9,318)
2024-02-12 02:56:26: Close Modified Folder (mod-time, acl): /Setting/模板/template模板
2024-02-12 02:56:26: Close Modified Folder (mod-time, acl): /.obsidian/plugins/quickadd
2024-02-12 02:56:26: Close Modified Folder (mod-time, acl): /.obsidian/plugins/recent-files-obsidian
2024-02-12 02:56:26: 覆盖复制 '/Users/IntoSoranohate/个人仓库/SHIP/.obsidian/plugins/table-editor-obsidian/data.json' -> '/Users/IntoSoranohate/个人仓库/backup/.obsidian/plugins/table-editor-obsidian/data.json' (95)
2024-02-12 02:56:26: Close Modified Folder (mod-time, acl): /.obsidian/plugins/table-editor-obsidian
2024-02-12 02:56:26: Close Modified Folder (mod-time, acl): /.obsidian
2024-02-12 02:56:26: 保持文件状态 /Users/IntoSoranohate/个人仓库/SHIP/_gsdata_/_file_state_v4._gs
2024-02-12 02:56:26: 保持文件状态 /Users/IntoSoranohate/个人仓库/backup/_gsdata_/_file_state_v4._gs
2024-02-12 02:56:26: == 同步完成. 历时: 00:00:00, 速度: 0.00/s, 完成: 11, 错误: 0
