2024-02-21 17:09:32: -- 分析开始 Periodic Timer
2024-02-21 17:09:32: 左侧: 正在读取文件状态 /Users/IntoSoranohate/个人仓库/SHIP/_gsdata_/_file_state_v4._gs
2024-02-21 17:09:32: 右侧: 正在读取文件状态 /Users/IntoSoranohate/个人仓库/backup/_gsdata_/_file_state_v4._gs
2024-02-21 17:09:32: 变更：12， 冲突：0， 复制时间：0， 复制状态：0， 错误： 0, All: 708
2024-02-21 17:09:32: Left to Right: Copy File: 12 
2024-02-21 17:09:32: == 同步开始由 Periodic Timer
2024-02-21 17:09:32: ConnectCloned connected to file:///Users/IntoSoranohate/个人仓库/SHIP
2024-02-21 17:09:32: ConnectCloned connected to file:///Users/IntoSoranohate/个人仓库/SHIP
2024-02-21 17:09:32: ConnectCloned connected to file:///Users/IntoSoranohate/个人仓库/SHIP
2024-02-21 17:09:32: ConnectCloned connected to file:///Users/IntoSoranohate/个人仓库/backup
2024-02-21 17:09:32: ConnectCloned connected to file:///Users/IntoSoranohate/个人仓库/backup
2024-02-21 17:09:32: ConnectCloned connected to file:///Users/IntoSoranohate/个人仓库/backup
2024-02-21 17:09:32: 覆盖复制 '/Users/IntoSoranohate/个人仓库/SHIP/.obsidian/app.json' -> '/Users/IntoSoranohate/个人仓库/backup/.obsidian/app.json' (206)
2024-02-21 17:09:32: 覆盖复制 '/Users/IntoSoranohate/个人仓库/SHIP/.obsidian/appearance.json' -> '/Users/IntoSoranohate/个人仓库/backup/.obsidian/appearance.json' (739)
2024-02-21 17:09:32: 覆盖复制 '/Users/IntoSoranohate/个人仓库/SHIP/.obsidian/community-plugins.json' -> '/Users/IntoSoranohate/个人仓库/backup/.obsidian/community-plugins.json' (594)
2024-02-21 17:09:32: 覆盖复制 '/Users/IntoSoranohate/个人仓库/SHIP/.obsidian/core-plugins-migration.json' -> '/Users/IntoSoranohate/个人仓库/backup/.obsidian/core-plugins-migration.json' (637)
2024-02-21 17:09:32: 覆盖复制 '/Users/IntoSoranohate/个人仓库/SHIP/.obsidian/core-plugins.json' -> '/Users/IntoSoranohate/个人仓库/backup/.obsidian/core-plugins.json' (295)
2024-02-21 17:09:32: 覆盖复制 '/Users/IntoSoranohate/个人仓库/SHIP/.obsidian/graph.json' -> '/Users/IntoSoranohate/个人仓库/backup/.obsidian/graph.json' (511)
2024-02-21 17:09:32: 覆盖复制 '/Users/IntoSoranohate/个人仓库/SHIP/.obsidian/workspace.json' -> '/Users/IntoSoranohate/个人仓库/backup/.obsidian/workspace.json' (8,766)
2024-02-21 17:09:32: 覆盖复制 '/Users/IntoSoranohate/个人仓库/SHIP/.obsidian/plugins/calendar/data.json' -> '/Users/IntoSoranohate/个人仓库/backup/.obsidian/plugins/calendar/data.json' (231)
2024-02-21 17:09:32: 覆盖复制 '/Users/IntoSoranohate/个人仓库/SHIP/.obsidian/plugins/obsidian-admonition/data.json' -> '/Users/IntoSoranohate/个人仓库/backup/.obsidian/plugins/obsidian-admonition/data.json' (1,705)
2024-02-21 17:09:32: 覆盖复制 '/Users/IntoSoranohate/个人仓库/SHIP/.obsidian/plugins/recent-files-obsidian/data.json' -> '/Users/IntoSoranohate/个人仓库/backup/.obsidian/plugins/recent-files-obsidian/data.json' (5,734)
2024-02-21 17:09:32: 覆盖复制 '/Users/IntoSoranohate/个人仓库/SHIP/.obsidian/plugins/table-editor-obsidian/data.json' -> '/Users/IntoSoranohate/个人仓库/backup/.obsidian/plugins/table-editor-obsidian/data.json' (95)
2024-02-21 17:09:32: Close Modified Folder (mod-time, acl): /.obsidian/plugins/calendar
2024-02-21 17:09:32: Close Modified Folder (mod-time, acl): /.obsidian/plugins/obsidian-admonition
2024-02-21 17:09:32: Close Modified Folder (mod-time, acl): /.obsidian/plugins/recent-files-obsidian
2024-02-21 17:09:32: Close Modified Folder (mod-time, acl): /.obsidian/plugins/table-editor-obsidian
2024-02-21 17:09:32: 覆盖复制 '/Users/IntoSoranohate/个人仓库/SHIP/.obsidian/workspaces.json' -> '/Users/IntoSoranohate/个人仓库/backup/.obsidian/workspaces.json' (7,581)
2024-02-21 17:09:32: Close Modified Folder (mod-time, acl): /.obsidian
2024-02-21 17:09:32: 保持文件状态 /Users/IntoSoranohate/个人仓库/SHIP/_gsdata_/_file_state_v4._gs
2024-02-21 17:09:32: 保持文件状态 /Users/IntoSoranohate/个人仓库/backup/_gsdata_/_file_state_v4._gs
2024-02-21 17:09:32: == 同步完成. 历时: 00:00:00, 速度: 0.00/s, 完成: 12, 错误: 0
