2024-02-21 20:39:16: -- 分析开始 Periodic Timer
2024-02-21 20:39:16: 左侧: 正在读取文件状态 /Users/IntoSoranohate/个人仓库/SHIP/_gsdata_/_file_state_v4._gs
2024-02-21 20:39:16: 右侧: 正在读取文件状态 /Users/IntoSoranohate/个人仓库/backup/_gsdata_/_file_state_v4._gs
2024-02-21 20:39:16: 变更：3， 冲突：0， 复制时间：0， 复制状态：0， 错误： 0, All: 708
2024-02-21 20:39:16: Left to Right: Copy File: 3 
2024-02-21 20:39:16: == 同步开始由 Periodic Timer
2024-02-21 20:39:16: ConnectCloned connected to file:///Users/IntoSoranohate/个人仓库/SHIP
2024-02-21 20:39:16: ConnectCloned connected to file:///Users/IntoSoranohate/个人仓库/SHIP
2024-02-21 20:39:16: ConnectCloned connected to file:///Users/IntoSoranohate/个人仓库/SHIP
2024-02-21 20:39:16: ConnectCloned connected to file:///Users/IntoSoranohate/个人仓库/backup
2024-02-21 20:39:16: ConnectCloned connected to file:///Users/IntoSoranohate/个人仓库/backup
2024-02-21 20:39:16: ConnectCloned connected to file:///Users/IntoSoranohate/个人仓库/backup
2024-02-21 20:39:16: /Users/IntoSoranohate/个人仓库/SHIP/.obsidian/bookmarks.json: Source file has changed between Analyze and Sync from '[file] size=3,411 accu-time=2024-02-21 20:24:14 attr=Hidden644 cktype=0' to 'size=3,411 time=2024-02-21 20:39:16', noted in source file state
2024-02-21 20:39:16: 覆盖复制 '/Users/IntoSoranohate/个人仓库/SHIP/.obsidian/bookmarks.json' -> '/Users/IntoSoranohate/个人仓库/backup/.obsidian/bookmarks.json' (3,411)
2024-02-21 20:39:16: 覆盖复制 '/Users/IntoSoranohate/个人仓库/SHIP/.obsidian/workspace.json' -> '/Users/IntoSoranohate/个人仓库/backup/.obsidian/workspace.json' (8,117)
2024-02-21 20:39:17: 覆盖复制 '/Users/IntoSoranohate/个人仓库/SHIP/.obsidian/plugins/hidden-folder-obsidian/data.json' -> '/Users/IntoSoranohate/个人仓库/backup/.obsidian/plugins/hidden-folder-obsidian/data.json' (46)
2024-02-21 20:39:17: Close Modified Folder (mod-time, acl): /.obsidian/plugins/hidden-folder-obsidian
2024-02-21 20:39:17: Close Modified Folder (mod-time, acl): /.obsidian
2024-02-21 20:39:17: 保持文件状态 /Users/IntoSoranohate/个人仓库/SHIP/_gsdata_/_file_state_v4._gs
2024-02-21 20:39:17: 保持文件状态 /Users/IntoSoranohate/个人仓库/backup/_gsdata_/_file_state_v4._gs
2024-02-21 20:39:17: == 同步完成. 历时: 00:00:01, 速度: 0.00/s, 完成: 3, 错误: 0
