2024-02-22 10:03:39: -- 分析开始 Periodic Timer
2024-02-22 10:03:39: 左侧: 正在读取文件状态 /Users/IntoSoranohate/个人仓库/SHIP/_gsdata_/_file_state_v4._gs
2024-02-22 10:03:39: 右侧: 正在读取文件状态 /Users/IntoSoranohate/个人仓库/backup/_gsdata_/_file_state_v4._gs
2024-02-22 10:03:39: 变更：14， 冲突：0， 复制时间：0， 复制状态：0， 错误： 0, All: 714
2024-02-22 10:03:39: Left to Right: Copy File: 14 
2024-02-22 10:03:39: == 同步开始由 Periodic Timer
2024-02-22 10:03:39: ConnectCloned connected to file:///Users/IntoSoranohate/个人仓库/SHIP
2024-02-22 10:03:39: ConnectCloned connected to file:///Users/IntoSoranohate/个人仓库/SHIP
2024-02-22 10:03:39: ConnectCloned connected to file:///Users/IntoSoranohate/个人仓库/backup
2024-02-22 10:03:39: ConnectCloned connected to file:///Users/IntoSoranohate/个人仓库/SHIP
2024-02-22 10:03:39: ConnectCloned connected to file:///Users/IntoSoranohate/个人仓库/backup
2024-02-22 10:03:39: ConnectCloned connected to file:///Users/IntoSoranohate/个人仓库/backup
2024-02-22 10:03:39: 覆盖复制 '/Users/IntoSoranohate/个人仓库/SHIP/.obsidian/bookmarks.json' -> '/Users/IntoSoranohate/个人仓库/backup/.obsidian/bookmarks.json' (3,411)
2024-02-22 10:03:39: 覆盖复制 '/Users/IntoSoranohate/个人仓库/SHIP/daily/2024-02-09_周五.md' -> '/Users/IntoSoranohate/个人仓库/backup/daily/2024-02-09_周五.md' (1,627)
2024-02-22 10:03:39: 覆盖复制 '/Users/IntoSoranohate/个人仓库/SHIP/daily/2024-02-10_周六.md' -> '/Users/IntoSoranohate/个人仓库/backup/daily/2024-02-10_周六.md' (1,634)
2024-02-22 10:03:39: 覆盖复制 '/Users/IntoSoranohate/个人仓库/SHIP/daily/2024-02-11_周日.md' -> '/Users/IntoSoranohate/个人仓库/backup/daily/2024-02-11_周日.md' (1,827)
2024-02-22 10:03:39: 覆盖复制 '/Users/IntoSoranohate/个人仓库/SHIP/daily/2024-02-12_周一.md' -> '/Users/IntoSoranohate/个人仓库/backup/daily/2024-02-12_周一.md' (1,634)
2024-02-22 10:03:39: 覆盖复制 '/Users/IntoSoranohate/个人仓库/SHIP/daily/2024-02-14_周三.md' -> '/Users/IntoSoranohate/个人仓库/backup/daily/2024-02-14_周三.md' (1,911)
2024-02-22 10:03:39: 覆盖复制 '/Users/IntoSoranohate/个人仓库/SHIP/daily/2024-02-15_周四.md' -> '/Users/IntoSoranohate/个人仓库/backup/daily/2024-02-15_周四.md' (1,517)
2024-02-22 10:03:39: 覆盖复制 '/Users/IntoSoranohate/个人仓库/SHIP/daily/2024-02-18_周日.md' -> '/Users/IntoSoranohate/个人仓库/backup/daily/2024-02-18_周日.md' (1,362)
2024-02-22 10:03:39: 覆盖复制 '/Users/IntoSoranohate/个人仓库/SHIP/daily/2024-02-19_周一.md' -> '/Users/IntoSoranohate/个人仓库/backup/daily/2024-02-19_周一.md' (1,600)
2024-02-22 10:03:39: 覆盖复制 '/Users/IntoSoranohate/个人仓库/SHIP/daily/2024-02-21_周三.md' -> '/Users/IntoSoranohate/个人仓库/backup/daily/2024-02-21_周三.md' (1,720)
2024-02-22 10:03:39: 覆盖复制 '/Users/IntoSoranohate/个人仓库/SHIP/.obsidian/workspace.json' -> '/Users/IntoSoranohate/个人仓库/backup/.obsidian/workspace.json' (8,866)
2024-02-22 10:03:39: 覆盖复制 '/Users/IntoSoranohate/个人仓库/SHIP/.obsidian/plugins/obsidian-style-settings/data.json' -> '/Users/IntoSoranohate/个人仓库/backup/.obsidian/plugins/obsidian-style-settings/data.json' (1,598)
2024-02-22 10:03:39: 覆盖复制 '/Users/IntoSoranohate/个人仓库/SHIP/.obsidian/plugins/obsidian-to-notion/data.json' -> '/Users/IntoSoranohate/个人仓库/backup/.obsidian/plugins/obsidian-to-notion/data.json' (197)
2024-02-22 10:03:39: Close Modified Folder (mod-time, acl): /daily
2024-02-22 10:03:39: Close Modified Folder (mod-time, acl): /.obsidian/plugins/obsidian-style-settings
2024-02-22 10:03:39: Close Modified Folder (mod-time, acl): /.obsidian/plugins/obsidian-to-notion
2024-02-22 10:03:39: 覆盖复制 '/Users/IntoSoranohate/个人仓库/SHIP/.obsidian/plugins/recent-files-obsidian/data.json' -> '/Users/IntoSoranohate/个人仓库/backup/.obsidian/plugins/recent-files-obsidian/data.json' (5,410)
2024-02-22 10:03:39: Close Modified Folder (mod-time, acl): /.obsidian/plugins/recent-files-obsidian
2024-02-22 10:03:39: Close Modified Folder (mod-time, acl): /.obsidian
2024-02-22 10:03:39: 保持文件状态 /Users/IntoSoranohate/个人仓库/SHIP/_gsdata_/_file_state_v4._gs
2024-02-22 10:03:39: 保持文件状态 /Users/IntoSoranohate/个人仓库/backup/_gsdata_/_file_state_v4._gs
2024-02-22 10:03:39: == 同步完成. 历时: 00:00:00, 速度: 0.00/s, 完成: 14, 错误: 0
