2024-02-11 02:34:40: -- 分析开始 Periodic Timer
2024-02-11 02:34:40: 左侧: 正在读取文件状态 /Users/IntoSoranohate/个人仓库/SHIP/_gsdata_/_file_state_v4._gs
2024-02-11 02:34:40: 右侧: 正在读取文件状态 /Users/IntoSoranohate/个人仓库/backup/_gsdata_/_file_state_v4._gs
2024-02-11 02:34:40: 变更：3， 冲突：0， 复制时间：0， 复制状态：0， 错误： 0, All: 457
2024-02-11 02:34:40: Left to Right: Copy File: 3 
2024-02-11 02:34:40: == 同步开始由 Periodic Timer
2024-02-11 02:34:40: ConnectCloned connected to file:///Users/IntoSoranohate/个人仓库/SHIP
2024-02-11 02:34:40: ConnectCloned connected to file:///Users/IntoSoranohate/个人仓库/backup
2024-02-11 02:34:40: ConnectCloned connected to file:///Users/IntoSoranohate/个人仓库/SHIP
2024-02-11 02:34:40: ConnectCloned connected to file:///Users/IntoSoranohate/个人仓库/SHIP
2024-02-11 02:34:40: ConnectCloned connected to file:///Users/IntoSoranohate/个人仓库/backup
2024-02-11 02:34:40: ConnectCloned connected to file:///Users/IntoSoranohate/个人仓库/backup
2024-02-11 02:34:40: /Users/IntoSoranohate/个人仓库/SHIP/.obsidian/bookmarks.json: Source file has changed between Analyze and Sync from '[file] size=2,725 accu-time=2024-02-11 02:33:01 attr=Hidden644 cktype=0' to 'size=2,725 time=2024-02-11 02:34:40', noted in source file state
2024-02-11 02:34:40: 覆盖复制 '/Users/IntoSoranohate/个人仓库/SHIP/.obsidian/bookmarks.json' -> '/Users/IntoSoranohate/个人仓库/backup/.obsidian/bookmarks.json' (2,725)
2024-02-11 02:34:40: 覆盖复制 '/Users/IntoSoranohate/个人仓库/SHIP/.obsidian/workspace.json' -> '/Users/IntoSoranohate/个人仓库/backup/.obsidian/workspace.json' (7,434)
2024-02-11 02:34:40: 覆盖复制 '/Users/IntoSoranohate/个人仓库/SHIP/.obsidian/plugins/recent-files-obsidian/data.json' -> '/Users/IntoSoranohate/个人仓库/backup/.obsidian/plugins/recent-files-obsidian/data.json' (4,637)
2024-02-11 02:34:40: Close Modified Folder (mod-time, acl): /.obsidian/plugins/recent-files-obsidian
2024-02-11 02:34:40: Close Modified Folder (mod-time, acl): /.obsidian
2024-02-11 02:34:40: 保持文件状态 /Users/IntoSoranohate/个人仓库/SHIP/_gsdata_/_file_state_v4._gs
2024-02-11 02:34:40: 保持文件状态 /Users/IntoSoranohate/个人仓库/backup/_gsdata_/_file_state_v4._gs
2024-02-11 02:34:40: == 同步完成. 历时: 00:00:00, 速度: 0.00/s, 完成: 3, 错误: 0
