2024-02-21 21:54:02: -- 分析开始 Periodic Timer
2024-02-21 21:54:02: 左侧: 正在读取文件状态 /Users/IntoSoranohate/个人仓库/SHIP/_gsdata_/_file_state_v4._gs
2024-02-21 21:54:02: 右侧: 正在读取文件状态 /Users/IntoSoranohate/Library/CloudStorage/OneDrive-个人/Shipy/_gsdata_/_file_state_v4._gs
2024-02-21 21:54:02: 变更：6， 冲突：0， 复制时间：0， 复制状态：0， 错误： 0, All: 708
2024-02-21 21:54:02: Left to Right: Copy File: 6 
2024-02-21 21:54:02: == 同步开始由 Periodic Timer
2024-02-21 21:54:02: ConnectCloned connected to file:///Users/IntoSoranohate/个人仓库/SHIP
2024-02-21 21:54:02: ConnectCloned connected to file:///Users/IntoSoranohate/个人仓库/SHIP
2024-02-21 21:54:02: ConnectCloned connected to file:///Users/IntoSoranohate/个人仓库/SHIP
2024-02-21 21:54:02: ConnectCloned connected to file:///Users/IntoSoranohate/Library/CloudStorage/OneDrive-个人/Shipy
2024-02-21 21:54:02: ConnectCloned connected to file:///Users/IntoSoranohate/Library/CloudStorage/OneDrive-个人/Shipy
2024-02-21 21:54:02: ConnectCloned connected to file:///Users/IntoSoranohate/Library/CloudStorage/OneDrive-个人/Shipy
2024-02-21 21:54:02: 覆盖复制 '/Users/IntoSoranohate/个人仓库/SHIP/.obsidian/bookmarks.json' -> '/Users/IntoSoranohate/Library/CloudStorage/OneDrive-个人/Shipy/.obsidian/bookmarks.json' (3,411)
2024-02-21 21:54:02: 覆盖复制 '/Users/IntoSoranohate/个人仓库/SHIP/daily/2024-02-21_周三.md' -> '/Users/IntoSoranohate/Library/CloudStorage/OneDrive-个人/Shipy/daily/2024-02-21_周三.md' (1,458)
2024-02-21 21:54:02: 覆盖复制 '/Users/IntoSoranohate/个人仓库/SHIP/daily/情绪日记/心情记录2024-02-19_周一.md' -> '/Users/IntoSoranohate/Library/CloudStorage/OneDrive-个人/Shipy/daily/情绪日记/心情记录2024-02-19_周一.md' (599)
2024-02-21 21:54:02: 覆盖复制 '/Users/IntoSoranohate/个人仓库/SHIP/.obsidian/workspace.json' -> '/Users/IntoSoranohate/Library/CloudStorage/OneDrive-个人/Shipy/.obsidian/workspace.json' (8,189)
2024-02-21 21:54:02: 覆盖复制 '/Users/IntoSoranohate/个人仓库/SHIP/.obsidian/plugins/recent-files-obsidian/data.json' -> '/Users/IntoSoranohate/Library/CloudStorage/OneDrive-个人/Shipy/.obsidian/plugins/recent-files-obsidian/data.json' (5,733)
2024-02-21 21:54:02: Close Modified Folder (mod-time, acl): /daily/情绪日记
2024-02-21 21:54:02: Close Modified Folder (mod-time, acl): /.obsidian/plugins/recent-files-obsidian
2024-02-21 21:54:02: Close Modified Folder (mod-time, acl): /daily
2024-02-21 21:54:02: Close Modified Folder (mod-time, acl): /.obsidian
2024-02-21 21:54:02: 覆盖复制 '/Users/IntoSoranohate/个人仓库/SHIP/Project/2024-02-21中国风角色策划.md' -> '/Users/IntoSoranohate/Library/CloudStorage/OneDrive-个人/Shipy/Project/2024-02-21中国风角色策划.md' (157)
2024-02-21 21:54:02: Close Modified Folder (mod-time, acl): /Project
2024-02-21 21:54:02: 保持文件状态 /Users/IntoSoranohate/个人仓库/SHIP/_gsdata_/_file_state_v4._gs
2024-02-21 21:54:02: 保持文件状态 /Users/IntoSoranohate/Library/CloudStorage/OneDrive-个人/Shipy/_gsdata_/_file_state_v4._gs
2024-02-21 21:54:02: == 同步完成. 历时: 00:00:00, 速度: 0.00/s, 完成: 6, 错误: 0
