2024-02-21 15:54:17: -- 分析开始 Periodic Timer
2024-02-21 15:54:17: 左侧: 正在读取文件状态 /Users/IntoSoranohate/个人仓库/SHIP/_gsdata_/_file_state_v4._gs
2024-02-21 15:54:17: 右侧: 正在读取文件状态 /Users/IntoSoranohate/个人仓库/backup/_gsdata_/_file_state_v4._gs
2024-02-21 15:54:17: 变更：13， 冲突：0， 复制时间：0， 复制状态：0， 错误： 0, All: 703
2024-02-21 15:54:17: Left to Right: Copy File: 12 Delete File: 1 
2024-02-21 15:54:17: == 同步开始由 Periodic Timer
2024-02-21 15:54:17: ConnectCloned connected to file:///Users/IntoSoranohate/个人仓库/SHIP
2024-02-21 15:54:17: ConnectCloned connected to file:///Users/IntoSoranohate/个人仓库/SHIP
2024-02-21 15:54:17: ConnectCloned connected to file:///Users/IntoSoranohate/个人仓库/backup
2024-02-21 15:54:17: ConnectCloned connected to file:///Users/IntoSoranohate/个人仓库/SHIP
2024-02-21 15:54:17: ConnectCloned connected to file:///Users/IntoSoranohate/个人仓库/backup
2024-02-21 15:54:17: ConnectCloned connected to file:///Users/IntoSoranohate/个人仓库/backup
2024-02-21 15:54:17: 覆盖复制 '/Users/IntoSoranohate/个人仓库/SHIP/.obsidian/app.json' -> '/Users/IntoSoranohate/个人仓库/backup/.obsidian/app.json' (206)
2024-02-21 15:54:17: 覆盖复制 '/Users/IntoSoranohate/个人仓库/SHIP/.obsidian/appearance.json' -> '/Users/IntoSoranohate/个人仓库/backup/.obsidian/appearance.json' (739)
2024-02-21 15:54:17: 删除文件夹 /Users/IntoSoranohate/个人仓库/backup/Setting/components/tp
2024-02-21 15:54:17: 覆盖复制 '/Users/IntoSoranohate/个人仓库/SHIP/.obsidian/bookmarks.json' -> '/Users/IntoSoranohate/个人仓库/backup/.obsidian/bookmarks.json' (3,411)
2024-02-21 15:54:17: 覆盖复制 '/Users/IntoSoranohate/个人仓库/SHIP/.obsidian/community-plugins.json' -> '/Users/IntoSoranohate/个人仓库/backup/.obsidian/community-plugins.json' (586)
2024-02-21 15:54:17: 覆盖复制 '/Users/IntoSoranohate/个人仓库/SHIP/.obsidian/graph.json' -> '/Users/IntoSoranohate/个人仓库/backup/.obsidian/graph.json' (511)
2024-02-21 15:54:17: 创建文件夹 /Users/IntoSoranohate/个人仓库/backup/.obsidian/themes/Blue Topaz
2024-02-21 15:54:17: 覆盖复制 '/Users/IntoSoranohate/个人仓库/SHIP/.obsidian/plugins/obsidian-style-settings/data.json' -> '/Users/IntoSoranohate/个人仓库/backup/.obsidian/plugins/obsidian-style-settings/data.json' (978)
2024-02-21 15:54:17: 新建复制 '/Users/IntoSoranohate/个人仓库/SHIP/.obsidian/themes/Blue Topaz/manifest.json' -> '/Users/IntoSoranohate/个人仓库/backup/.obsidian/themes/Blue Topaz/manifest.json' (157)
2024-02-21 15:54:17: > 新建复制 '/Users/IntoSoranohate/个人仓库/SHIP/.obsidian/themes/Blue Topaz/theme.css' -> '/Users/IntoSoranohate/个人仓库/backup/.obsidian/themes/Blue Topaz/theme.css' (1,123,414)
2024-02-21 15:54:17: < 新建复制 '/Users/IntoSoranohate/个人仓库/SHIP/.obsidian/themes/Blue Topaz/theme.css' -> '/Users/IntoSoranohate/个人仓库/backup/.obsidian/themes/Blue Topaz/theme.css' (1,123,414)
2024-02-21 15:54:17: 覆盖复制 '/Users/IntoSoranohate/个人仓库/SHIP/.obsidian/workspace.json' -> '/Users/IntoSoranohate/个人仓库/backup/.obsidian/workspace.json' (7,970)
2024-02-21 15:54:17: 覆盖复制 '/Users/IntoSoranohate/个人仓库/SHIP/.obsidian/plugins/recent-files-obsidian/data.json' -> '/Users/IntoSoranohate/个人仓库/backup/.obsidian/plugins/recent-files-obsidian/data.json' (5,734)
2024-02-21 15:54:17: Close Modified Folder (mod-time, acl): /Setting/components
2024-02-21 15:54:17: Close Modified Folder (mod-time, acl): /.obsidian/plugins/obsidian-style-settings
2024-02-21 15:54:17: Close Modified Folder (mod-time, acl): /.obsidian/themes/Blue Topaz
2024-02-21 15:54:17: Close Modified Folder (mod-time, acl): /.obsidian/plugins/recent-files-obsidian
2024-02-21 15:54:17: Close Modified Folder (mod-time, acl): /.obsidian/themes
2024-02-21 15:54:17: 覆盖复制 '/Users/IntoSoranohate/个人仓库/SHIP/.obsidian/workspaces.json' -> '/Users/IntoSoranohate/个人仓库/backup/.obsidian/workspaces.json' (6,666)
2024-02-21 15:54:17: Close Modified Folder (mod-time, acl): /.obsidian
2024-02-21 15:54:17: 保持文件状态 /Users/IntoSoranohate/个人仓库/SHIP/_gsdata_/_file_state_v4._gs
2024-02-21 15:54:17: 保持文件状态 /Users/IntoSoranohate/个人仓库/backup/_gsdata_/_file_state_v4._gs
2024-02-21 15:54:17: == 同步完成. 历时: 00:00:00, 速度: 0.00/s, 完成: 13, 错误: 0
