2024-02-10 16:49:17: -- 分析开始 Periodic Timer
2024-02-10 16:49:17: 左侧: 正在读取文件状态 /Users/IntoSoranohate/个人仓库/SHIP/_gsdata_/_file_state_v4._gs
2024-02-10 16:49:19: 右侧: 正在读取文件状态 msgraph://graph.microsoft.com/:drive:4abfdd26b9765232/Ship/_gsdata_/_file_state_v4._gs
2024-02-10 16:49:21: 变更：3， 冲突：0， 复制时间：0， 复制状态：0， 错误： 0, All: 336
2024-02-10 16:49:21: Left to Right: Copy File: 3 
2024-02-10 16:49:21: == 同步开始由 Periodic Timer
2024-02-10 16:49:21: ConnectCloned connected to file:///Users/IntoSoranohate/个人仓库/SHIP
2024-02-10 16:49:21: ConnectCloned connected to file:///Users/IntoSoranohate/个人仓库/SHIP
2024-02-10 16:49:21: ConnectCloned connected to file:///Users/IntoSoranohate/个人仓库/SHIP
2024-02-10 16:49:21: GsConnectAndSetRoot1 connected to msgraph://graph.microsoft.com/:drive:4abfdd26b9765232/Ship
2024-02-10 16:49:21: GsConnectAndSetRoot1 connected to msgraph://graph.microsoft.com/:drive:4abfdd26b9765232/Ship
2024-02-10 16:49:21: GsConnectAndSetRoot1 connected to msgraph://graph.microsoft.com/:drive:4abfdd26b9765232/Ship
2024-02-10 16:49:26: /Users/IntoSoranohate/个人仓库/SHIP/.obsidian/bookmarks.json: Source file has changed between Analyze and Sync from '[file] size=2,725 accu-time=2024-02-10 16:49:13 attr=Hidden644 cktype=0' to 'size=2,725 time=2024-02-10 16:49:17', noted in source file state
2024-02-10 16:49:26: 覆盖复制 '/Users/IntoSoranohate/个人仓库/SHIP/.obsidian/bookmarks.json' -> 'msgraph://graph.microsoft.com/:drive:4abfdd26b9765232/Ship/.obsidian/bookmarks.json' (2,725)
2024-02-10 16:49:26: /Users/IntoSoranohate/个人仓库/SHIP/.obsidian/workspace.json: Source file has changed between Analyze and Sync from '[file] size=7,180 accu-time=2024-02-10 16:49:14 attr=Hidden644 cktype=0' to 'size=7,180 time=2024-02-10 16:49:18', noted in source file state
2024-02-10 16:49:26: 覆盖复制 '/Users/IntoSoranohate/个人仓库/SHIP/.obsidian/workspace.json' -> 'msgraph://graph.microsoft.com/:drive:4abfdd26b9765232/Ship/.obsidian/workspace.json' (7,180)
2024-02-10 16:49:28: 覆盖复制 '/Users/IntoSoranohate/个人仓库/SHIP/.obsidian/plugins/recent-files-obsidian/data.json' -> 'msgraph://graph.microsoft.com/:drive:4abfdd26b9765232/Ship/.obsidian/plugins/recent-files-obsidian/data.json' (5,616)
2024-02-10 16:49:28: 保持文件状态 /Users/IntoSoranohate/个人仓库/SHIP/_gsdata_/_file_state_v4._gs
2024-02-10 16:49:29: 保持文件状态 msgraph://graph.microsoft.com/:drive:4abfdd26b9765232/Ship/_gsdata_/_file_state_v4._gs
2024-02-10 16:49:30: == 同步完成. 历时: 00:00:15, 速度: 1.30 KB/s, 完成: 3, 错误: 0
