2024-02-19 00:23:07: -- 分析开始 Periodic Timer
2024-02-19 00:23:07: 左侧: 正在读取文件状态 /Users/IntoSoranohate/个人仓库/SHIP/_gsdata_/_file_state_v4._gs
2024-02-19 00:23:07: 右侧: 正在读取文件状态 /Users/IntoSoranohate/个人仓库/backup/_gsdata_/_file_state_v4._gs
2024-02-19 00:23:07: 变更：11， 冲突：0， 复制时间：0， 复制状态：0， 错误： 0, All: 625
2024-02-19 00:23:07: Left to Right: Copy File: 8 Delete File: 3 
2024-02-19 00:23:07: == 同步开始由 Periodic Timer
2024-02-19 00:23:07: ConnectCloned connected to file:///Users/IntoSoranohate/个人仓库/SHIP
2024-02-19 00:23:07: ConnectCloned connected to file:///Users/IntoSoranohate/个人仓库/SHIP
2024-02-19 00:23:07: ConnectCloned connected to file:///Users/IntoSoranohate/个人仓库/backup
2024-02-19 00:23:07: ConnectCloned connected to file:///Users/IntoSoranohate/个人仓库/SHIP
2024-02-19 00:23:07: ConnectCloned connected to file:///Users/IntoSoranohate/个人仓库/backup
2024-02-19 00:23:07: ConnectCloned connected to file:///Users/IntoSoranohate/个人仓库/backup
2024-02-19 00:23:07: 覆盖复制 '/Users/IntoSoranohate/个人仓库/SHIP/.obsidian/bookmarks.json' -> '/Users/IntoSoranohate/个人仓库/backup/.obsidian/bookmarks.json' (3,412)
2024-02-19 00:23:07: 覆盖复制 '/Users/IntoSoranohate/个人仓库/SHIP/日记/2024-02-18_周日.md' -> '/Users/IntoSoranohate/个人仓库/backup/日记/2024-02-18_周日.md' (1,144)
2024-02-19 00:23:07: 覆盖复制 '/Users/IntoSoranohate/个人仓库/SHIP/.obsidian/community-plugins.json' -> '/Users/IntoSoranohate/个人仓库/backup/.obsidian/community-plugins.json' (570)
2024-02-19 00:23:07: 覆盖复制 '/Users/IntoSoranohate/个人仓库/SHIP/.obsidian/hotkeys.json' -> '/Users/IntoSoranohate/个人仓库/backup/.obsidian/hotkeys.json' (1,442)
2024-02-19 00:23:07: 覆盖复制 '/Users/IntoSoranohate/个人仓库/SHIP/.obsidian/workspace.json' -> '/Users/IntoSoranohate/个人仓库/backup/.obsidian/workspace.json' (8,035)
2024-02-19 00:23:07: 删除文件 /Users/IntoSoranohate/个人仓库/backup/.obsidian/plugins/obsidian-mind-map/main.js
2024-02-19 00:23:07: 删除文件 /Users/IntoSoranohate/个人仓库/backup/.obsidian/plugins/obsidian-mind-map/manifest.json
2024-02-19 00:23:07: 覆盖复制 '/Users/IntoSoranohate/个人仓库/SHIP/.obsidian/plugins/obsidian-tasks-plugin/data.json' -> '/Users/IntoSoranohate/个人仓库/backup/.obsidian/plugins/obsidian-tasks-plugin/data.json' (1,652)
2024-02-19 00:23:07: 覆盖复制 '/Users/IntoSoranohate/个人仓库/SHIP/.obsidian/plugins/quickadd/data.json' -> '/Users/IntoSoranohate/个人仓库/backup/.obsidian/plugins/quickadd/data.json' (4,600)
2024-02-19 00:23:07: Close Modified Folder (mod-time, acl): /日记
2024-02-19 00:23:07: 覆盖复制 '/Users/IntoSoranohate/个人仓库/SHIP/.obsidian/plugins/recent-files-obsidian/data.json' -> '/Users/IntoSoranohate/个人仓库/backup/.obsidian/plugins/recent-files-obsidian/data.json' (6,398)
2024-02-19 00:23:07: Close Modified Folder (mod-time, acl): /.obsidian/plugins/obsidian-tasks-plugin
2024-02-19 00:23:07: 删除文件夹 /Users/IntoSoranohate/个人仓库/backup/.obsidian/plugins/obsidian-mind-map
2024-02-19 00:23:07: Close Modified Folder (mod-time, acl): /.obsidian/plugins/quickadd
2024-02-19 00:23:07: Close Modified Folder (mod-time, acl): /.obsidian/plugins/recent-files-obsidian
2024-02-19 00:23:07: Close Modified Folder (mod-time, acl): /.obsidian/plugins
2024-02-19 00:23:07: Close Modified Folder (mod-time, acl): /.obsidian
2024-02-19 00:23:07: 保持文件状态 /Users/IntoSoranohate/个人仓库/SHIP/_gsdata_/_file_state_v4._gs
2024-02-19 00:23:07: 保持文件状态 /Users/IntoSoranohate/个人仓库/backup/_gsdata_/_file_state_v4._gs
2024-02-19 00:23:08: == 同步完成. 历时: 00:00:01, 速度: 0.00/s, 完成: 11, 错误: 0
