2024-02-21 14:54:05: -- 分析开始 Periodic Timer
2024-02-21 14:54:05: 左侧: 正在读取文件状态 /Users/IntoSoranohate/个人仓库/SHIP/_gsdata_/_file_state_v4._gs
2024-02-21 14:54:05: 右侧: 正在读取文件状态 /Users/IntoSoranohate/个人仓库/backup/_gsdata_/_file_state_v4._gs
2024-02-21 14:54:05: 变更：47 (51)， 冲突：0， 复制时间：0， 复制状态：0， 错误： 0, All: 697
2024-02-21 14:54:05: Left to Right: Copy File: 12 Delete File: 3 Rename/Move File/Folder: 32 
2024-02-21 14:54:05: == 同步开始由 Periodic Timer
2024-02-21 14:54:05: ConnectCloned connected to file:///Users/IntoSoranohate/个人仓库/SHIP
2024-02-21 14:54:05: ConnectCloned connected to file:///Users/IntoSoranohate/个人仓库/backup
2024-02-21 14:54:05: ConnectCloned connected to file:///Users/IntoSoranohate/个人仓库/SHIP
2024-02-21 14:54:05: ConnectCloned connected to file:///Users/IntoSoranohate/个人仓库/SHIP
2024-02-21 14:54:05: ConnectCloned connected to file:///Users/IntoSoranohate/个人仓库/backup
2024-02-21 14:54:05: ConnectCloned connected to file:///Users/IntoSoranohate/个人仓库/backup
2024-02-21 14:54:05: 创建文件夹 /Users/IntoSoranohate/个人仓库/backup/daily
2024-02-21 14:54:05: 移动文件 /Users/IntoSoranohate/个人仓库/backup/日记/2021短暂日记备份.md -> /Users/IntoSoranohate/个人仓库/backup/daily/2021短暂日记备份.md
2024-02-21 14:54:05: 移动文件 /Users/IntoSoranohate/个人仓库/backup/日记/2023-08-02.md -> /Users/IntoSoranohate/个人仓库/backup/daily/2023-08-02.md
2024-02-21 14:54:05: 移动文件 /Users/IntoSoranohate/个人仓库/backup/日记/2023-08-26.md -> /Users/IntoSoranohate/个人仓库/backup/daily/2023-08-26.md
2024-02-21 14:54:05: 移动文件 /Users/IntoSoranohate/个人仓库/backup/日记/2024-02-05_周一.md -> /Users/IntoSoranohate/个人仓库/backup/daily/2024-02-05_周一.md
2024-02-21 14:54:05: 移动文件 /Users/IntoSoranohate/个人仓库/backup/日记/2024-02-06_周二.md -> /Users/IntoSoranohate/个人仓库/backup/daily/2024-02-06_周二.md
2024-02-21 14:54:05: 移动文件 /Users/IntoSoranohate/个人仓库/backup/日记/2024-02-07_周三.md -> /Users/IntoSoranohate/个人仓库/backup/daily/2024-02-07_周三.md
2024-02-21 14:54:05: 移动文件 /Users/IntoSoranohate/个人仓库/backup/日记/2024-02-08_周四.md -> /Users/IntoSoranohate/个人仓库/backup/daily/2024-02-08_周四.md
2024-02-21 14:54:05: 移动文件 /Users/IntoSoranohate/个人仓库/backup/日记/2024-02-09_周五.md -> /Users/IntoSoranohate/个人仓库/backup/daily/2024-02-09_周五.md
2024-02-21 14:54:05: 移动文件 /Users/IntoSoranohate/个人仓库/backup/日记/2024-02-10_周六.md -> /Users/IntoSoranohate/个人仓库/backup/daily/2024-02-10_周六.md
2024-02-21 14:54:05: 覆盖复制 '/Users/IntoSoranohate/个人仓库/SHIP/.obsidian/bookmarks.json' -> '/Users/IntoSoranohate/个人仓库/backup/.obsidian/bookmarks.json' (3,411)
2024-02-21 14:54:05: 移动文件 /Users/IntoSoranohate/个人仓库/backup/日记/2024-02-12_周一.md -> /Users/IntoSoranohate/个人仓库/backup/daily/2024-02-12_周一.md
2024-02-21 14:54:05: 移动文件 /Users/IntoSoranohate/个人仓库/backup/日记/2024-02-14_周三.md -> /Users/IntoSoranohate/个人仓库/backup/daily/2024-02-14_周三.md
2024-02-21 14:54:05: 新建复制 '/Users/IntoSoranohate/个人仓库/SHIP/daily/2024-02-11_周日.md' -> '/Users/IntoSoranohate/个人仓库/backup/daily/2024-02-11_周日.md' (1,697)
2024-02-21 14:54:05: 移动文件 /Users/IntoSoranohate/个人仓库/backup/日记/2024-02-15_周四.md -> /Users/IntoSoranohate/个人仓库/backup/daily/2024-02-15_周四.md
2024-02-21 14:54:05: 移动文件 /Users/IntoSoranohate/个人仓库/backup/日记/2024-02-18_周日.md -> /Users/IntoSoranohate/个人仓库/backup/daily/2024-02-18_周日.md
2024-02-21 14:54:05: 移动文件 /Users/IntoSoranohate/个人仓库/backup/日记/2024-02-19_周一.md -> /Users/IntoSoranohate/个人仓库/backup/daily/2024-02-19_周一.md
2024-02-21 14:54:05: 移动文件 /Users/IntoSoranohate/个人仓库/backup/日记/2024-02-21_周三.md -> /Users/IntoSoranohate/个人仓库/backup/daily/2024-02-21_周三.md
2024-02-21 14:54:05: 移动文件夹 /Users/IntoSoranohate/个人仓库/backup/日记/情绪日记 -> /Users/IntoSoranohate/个人仓库/backup/daily/情绪日记
2024-02-21 14:54:05: 覆盖复制 '/Users/IntoSoranohate/个人仓库/SHIP/.obsidian/daily-notes.json' -> '/Users/IntoSoranohate/个人仓库/backup/.obsidian/daily-notes.json' (113)
2024-02-21 14:54:05: 覆盖复制 '/Users/IntoSoranohate/个人仓库/SHIP/.obsidian/hotkeys.json' -> '/Users/IntoSoranohate/个人仓库/backup/.obsidian/hotkeys.json' (1,613)
2024-02-21 14:54:05: 覆盖复制 '/Users/IntoSoranohate/个人仓库/SHIP/.obsidian/workspace.json' -> '/Users/IntoSoranohate/个人仓库/backup/.obsidian/workspace.json' (8,104)
2024-02-21 14:54:05: 覆盖复制 '/Users/IntoSoranohate/个人仓库/SHIP/.obsidian/plugins/obsidian-admonition/data.json' -> '/Users/IntoSoranohate/个人仓库/backup/.obsidian/plugins/obsidian-admonition/data.json' (1,705)
2024-02-21 14:54:05: 覆盖复制 '/Users/IntoSoranohate/个人仓库/SHIP/.obsidian/plugins/obsidian-tasks-plugin/data.json' -> '/Users/IntoSoranohate/个人仓库/backup/.obsidian/plugins/obsidian-tasks-plugin/data.json' (1,652)
2024-02-21 14:54:05: 覆盖复制 '/Users/IntoSoranohate/个人仓库/SHIP/.obsidian/plugins/quickadd/data.json' -> '/Users/IntoSoranohate/个人仓库/backup/.obsidian/plugins/quickadd/data.json' (8,144)
2024-02-21 14:54:05: 覆盖复制 '/Users/IntoSoranohate/个人仓库/SHIP/.obsidian/plugins/recent-files-obsidian/data.json' -> '/Users/IntoSoranohate/个人仓库/backup/.obsidian/plugins/recent-files-obsidian/data.json' (5,697)
2024-02-21 14:54:05: 删除文件 /Users/IntoSoranohate/个人仓库/backup/日记/2024-02-11_周日.md
2024-02-21 14:54:05: 删除文件 /Users/IntoSoranohate/个人仓库/backup/Setting/components/script/openOb.js
2024-02-21 14:54:05: 覆盖复制 '/Users/IntoSoranohate/个人仓库/SHIP/Setting/模板/template模板/日记模板.md' -> '/Users/IntoSoranohate/个人仓库/backup/Setting/模板/template模板/日记模板.md' (2,988)
2024-02-21 14:54:05: Close Modified Folder (mod-time, acl): /daily
2024-02-21 14:54:05: Close Modified Folder (mod-time, acl): /.obsidian/plugins/obsidian-admonition
2024-02-21 14:54:05: Close Modified Folder (mod-time, acl): /.obsidian/plugins/obsidian-tasks-plugin
2024-02-21 14:54:05: Close Modified Folder (mod-time, acl): /.obsidian/plugins/quickadd
2024-02-21 14:54:05: Close Modified Folder (mod-time, acl): /.obsidian/plugins/recent-files-obsidian
2024-02-21 14:54:05: 新建复制 '/Users/IntoSoranohate/个人仓库/SHIP/Setting/components/script/SwitchViews.js' -> '/Users/IntoSoranohate/个人仓库/backup/Setting/components/script/SwitchViews.js' (1,193)
2024-02-21 14:54:05: Close Modified Folder (mod-time, acl): /Setting/模板/template模板
2024-02-21 14:54:05: 删除文件夹 /Users/IntoSoranohate/个人仓库/backup/日记
2024-02-21 14:54:05: Close Modified Folder (mod-time, acl): /Setting/components/script
2024-02-21 14:54:05: Close Modified Folder (mod-time, acl): /.obsidian
2024-02-21 14:54:05: 保持文件状态 /Users/IntoSoranohate/个人仓库/SHIP/_gsdata_/_file_state_v4._gs
2024-02-21 14:54:05: 保持文件状态 /Users/IntoSoranohate/个人仓库/backup/_gsdata_/_file_state_v4._gs
2024-02-21 14:54:05: == 同步完成. 历时: 00:00:00, 速度: 0.00/s, 完成: 51, 错误: 0
