2024-02-21 09:25:34: -- 分析开始 Periodic Timer
2024-02-21 09:25:34: 左侧: 正在读取文件状态 /Users/IntoSoranohate/个人仓库/SHIP/_gsdata_/_file_state_v4._gs
2024-02-21 09:25:34: 右侧: 正在读取文件状态 /Users/IntoSoranohate/个人仓库/backup/_gsdata_/_file_state_v4._gs
2024-02-21 09:25:35: 变更：16， 冲突：0， 复制时间：0， 复制状态：0， 错误： 0, All: 644
2024-02-21 09:25:35: Left to Right: Copy File: 15 Delete File: 1 
2024-02-21 09:25:35: == 同步开始由 Periodic Timer
2024-02-21 09:25:35: ConnectCloned connected to file:///Users/IntoSoranohate/个人仓库/SHIP
2024-02-21 09:25:35: ConnectCloned connected to file:///Users/IntoSoranohate/个人仓库/backup
2024-02-21 09:25:35: ConnectCloned connected to file:///Users/IntoSoranohate/个人仓库/SHIP
2024-02-21 09:25:35: ConnectCloned connected to file:///Users/IntoSoranohate/个人仓库/SHIP
2024-02-21 09:25:35: ConnectCloned connected to file:///Users/IntoSoranohate/个人仓库/backup
2024-02-21 09:25:35: ConnectCloned connected to file:///Users/IntoSoranohate/个人仓库/backup
2024-02-21 09:25:35: 覆盖复制 '/Users/IntoSoranohate/个人仓库/SHIP/.obsidian/app.json' -> '/Users/IntoSoranohate/个人仓库/backup/.obsidian/app.json' (206)
2024-02-21 09:25:35: 覆盖复制 '/Users/IntoSoranohate/个人仓库/SHIP/.obsidian/appearance.json' -> '/Users/IntoSoranohate/个人仓库/backup/.obsidian/appearance.json' (717)
2024-02-21 09:25:35: 覆盖复制 '/Users/IntoSoranohate/个人仓库/SHIP/.obsidian/bookmarks.json' -> '/Users/IntoSoranohate/个人仓库/backup/.obsidian/bookmarks.json' (3,412)
2024-02-21 09:25:35: 删除文件 /Users/IntoSoranohate/个人仓库/backup/Setting/组件/ReactJS/ReactJS.md
2024-02-21 09:25:35: 覆盖复制 '/Users/IntoSoranohate/个人仓库/SHIP/.obsidian/community-plugins.json' -> '/Users/IntoSoranohate/个人仓库/backup/.obsidian/community-plugins.json' (570)
2024-02-21 09:25:35: 覆盖复制 '/Users/IntoSoranohate/个人仓库/SHIP/.obsidian/core-plugins-migration.json' -> '/Users/IntoSoranohate/个人仓库/backup/.obsidian/core-plugins-migration.json' (637)
2024-02-21 09:25:35: 覆盖复制 '/Users/IntoSoranohate/个人仓库/SHIP/.obsidian/core-plugins.json' -> '/Users/IntoSoranohate/个人仓库/backup/.obsidian/core-plugins.json' (295)
2024-02-21 09:25:35: 覆盖复制 '/Users/IntoSoranohate/个人仓库/SHIP/.obsidian/graph.json' -> '/Users/IntoSoranohate/个人仓库/backup/.obsidian/graph.json' (511)
2024-02-21 09:25:35: 覆盖复制 '/Users/IntoSoranohate/个人仓库/SHIP/.obsidian/workspace.json' -> '/Users/IntoSoranohate/个人仓库/backup/.obsidian/workspace.json' (8,179)
2024-02-21 09:25:35: 覆盖复制 '/Users/IntoSoranohate/个人仓库/SHIP/.obsidian/plugins/calendar/data.json' -> '/Users/IntoSoranohate/个人仓库/backup/.obsidian/plugins/calendar/data.json' (231)
2024-02-21 09:25:35: 覆盖复制 '/Users/IntoSoranohate/个人仓库/SHIP/.obsidian/plugins/obsidian-admonition/data.json' -> '/Users/IntoSoranohate/个人仓库/backup/.obsidian/plugins/obsidian-admonition/data.json' (1,705)
2024-02-21 09:25:35: 覆盖复制 '/Users/IntoSoranohate/个人仓库/SHIP/.obsidian/plugins/obsidian-minimal-settings/data.json' -> '/Users/IntoSoranohate/个人仓库/backup/.obsidian/plugins/obsidian-minimal-settings/data.json' (934)
2024-02-21 09:25:35: 覆盖复制 '/Users/IntoSoranohate/个人仓库/SHIP/.obsidian/plugins/recent-files-obsidian/data.json' -> '/Users/IntoSoranohate/个人仓库/backup/.obsidian/plugins/recent-files-obsidian/data.json' (5,474)
2024-02-21 09:25:35: 覆盖复制 '/Users/IntoSoranohate/个人仓库/SHIP/.obsidian/workspaces.json' -> '/Users/IntoSoranohate/个人仓库/backup/.obsidian/workspaces.json' (7,043)
2024-02-21 09:25:35: 覆盖复制 '/Users/IntoSoranohate/个人仓库/SHIP/.obsidian/plugins/table-editor-obsidian/data.json' -> '/Users/IntoSoranohate/个人仓库/backup/.obsidian/plugins/table-editor-obsidian/data.json' (95)
2024-02-21 09:25:35: Close Modified Folder (mod-time, acl): /Setting/组件/ReactJS
2024-02-21 09:25:35: Close Modified Folder (mod-time, acl): /.obsidian/plugins/calendar
2024-02-21 09:25:35: Close Modified Folder (mod-time, acl): /.obsidian/plugins/obsidian-admonition
2024-02-21 09:25:35: Close Modified Folder (mod-time, acl): /.obsidian/plugins/obsidian-minimal-settings
2024-02-21 09:25:35: Close Modified Folder (mod-time, acl): /.obsidian/plugins/recent-files-obsidian
2024-02-21 09:25:35: Close Modified Folder (mod-time, acl): /.obsidian/plugins/table-editor-obsidian
2024-02-21 09:25:35: Close Modified Folder (mod-time, acl): /.obsidian
2024-02-21 09:25:35: 新建复制 '/Users/IntoSoranohate/个人仓库/SHIP/日记/2024-02-21_周三.md' -> '/Users/IntoSoranohate/个人仓库/backup/日记/2024-02-21_周三.md' (2,978)
2024-02-21 09:25:35: Close Modified Folder (mod-time, acl): /日记
2024-02-21 09:25:35: 保持文件状态 /Users/IntoSoranohate/个人仓库/SHIP/_gsdata_/_file_state_v4._gs
2024-02-21 09:25:35: 保持文件状态 /Users/IntoSoranohate/个人仓库/backup/_gsdata_/_file_state_v4._gs
2024-02-21 09:25:35: == 同步完成. 历时: 00:00:01, 速度: 0.00/s, 完成: 16, 错误: 0
