2024-02-21 14:57:33: -- 分析开始 Periodic Timer
2024-02-21 14:57:33: 左侧: 正在读取文件状态 /Users/IntoSoranohate/个人仓库/SHIP/_gsdata_/_file_state_v4._gs
2024-02-21 14:57:37: 右侧: 正在读取文件状态 gdrive://www.googleapis.com/shipy/_gsdata_/_file_state_v4._gs
2024-02-21 14:57:39: 变更：78， 冲突：0， 复制时间：0， 复制状态：2， 错误： 0, All: 697
2024-02-21 14:57:39: Left to Right: Copy File: 32 Delete File: 12 Rename/Move File/Folder: 34 
2024-02-21 14:57:39: == 同步开始由 Periodic Timer
2024-02-21 14:57:39: ConnectCloned connected to file:///Users/IntoSoranohate/个人仓库/SHIP
2024-02-21 14:57:39: ConnectCloned connected to file:///Users/IntoSoranohate/个人仓库/SHIP
2024-02-21 14:57:39: ConnectCloned connected to file:///Users/IntoSoranohate/个人仓库/SHIP
2024-02-21 14:57:39: GsConnectAndSetRoot1 connected to gdrive://www.googleapis.com/shipy
2024-02-21 14:57:40: GsConnectAndSetRoot1 connected to gdrive://www.googleapis.com/shipy
2024-02-21 14:57:40: GsConnectAndSetRoot1 connected to gdrive://www.googleapis.com/shipy
2024-02-21 14:57:42: 创建文件夹 gdrive://www.googleapis.com/shipy/daily
2024-02-21 14:57:43: 移动文件 gdrive://www.googleapis.com/shipy/日记/2021短暂日记备份.md -> gdrive://www.googleapis.com/shipy/daily/2021短暂日记备份.md
2024-02-21 14:57:44: 移动文件 gdrive://www.googleapis.com/shipy/日记/2023-08-02.md -> gdrive://www.googleapis.com/shipy/daily/2023-08-02.md
2024-02-21 14:57:45: 移动文件 gdrive://www.googleapis.com/shipy/日记/2023-08-26.md -> gdrive://www.googleapis.com/shipy/daily/2023-08-26.md
2024-02-21 14:57:47: 移动文件 gdrive://www.googleapis.com/shipy/日记/2024-02-05_周一.md -> gdrive://www.googleapis.com/shipy/daily/2024-02-05_周一.md
2024-02-21 14:57:48: 移动文件 gdrive://www.googleapis.com/shipy/日记/2024-02-06_周二.md -> gdrive://www.googleapis.com/shipy/daily/2024-02-06_周二.md
2024-02-21 14:57:48: 覆盖复制 '/Users/IntoSoranohate/个人仓库/SHIP/.obsidian/app.json' -> 'gdrive://www.googleapis.com/shipy/.obsidian/app.json' (206)
2024-02-21 14:57:49: 移动文件 gdrive://www.googleapis.com/shipy/日记/2024-02-07_周三.md -> gdrive://www.googleapis.com/shipy/daily/2024-02-07_周三.md
2024-02-21 14:57:49: 覆盖复制 '/Users/IntoSoranohate/个人仓库/SHIP/.obsidian/.diary-stats' -> 'gdrive://www.googleapis.com/shipy/.obsidian/.diary-stats' (472,730)
2024-02-21 14:57:50: 移动文件 gdrive://www.googleapis.com/shipy/日记/2024-02-08_周四.md -> gdrive://www.googleapis.com/shipy/daily/2024-02-08_周四.md
2024-02-21 14:57:51: 移动文件 gdrive://www.googleapis.com/shipy/日记/2024-02-09_周五.md -> gdrive://www.googleapis.com/shipy/daily/2024-02-09_周五.md
2024-02-21 14:57:52: 移动文件 gdrive://www.googleapis.com/shipy/日记/2024-02-10_周六.md -> gdrive://www.googleapis.com/shipy/daily/2024-02-10_周六.md
2024-02-21 14:57:54: 移动文件 gdrive://www.googleapis.com/shipy/日记/2024-02-12_周一.md -> gdrive://www.googleapis.com/shipy/daily/2024-02-12_周一.md
2024-02-21 14:57:55: 移动文件 gdrive://www.googleapis.com/shipy/日记/2024-02-14_周三.md -> gdrive://www.googleapis.com/shipy/daily/2024-02-14_周三.md
2024-02-21 14:57:56: 新建复制 '/Users/IntoSoranohate/个人仓库/SHIP/daily/2024-02-11_周日.md' -> 'gdrive://www.googleapis.com/shipy/daily/2024-02-11_周日.md' (1,697)
2024-02-21 14:57:56: 移动文件 gdrive://www.googleapis.com/shipy/日记/2024-02-15_周四.md -> gdrive://www.googleapis.com/shipy/daily/2024-02-15_周四.md
2024-02-21 14:57:57: 移动文件 gdrive://www.googleapis.com/shipy/日记/2024-02-18_周日.md -> gdrive://www.googleapis.com/shipy/daily/2024-02-18_周日.md
2024-02-21 14:57:58: 移动文件 gdrive://www.googleapis.com/shipy/日记/2024-02-19_周一.md -> gdrive://www.googleapis.com/shipy/daily/2024-02-19_周一.md
2024-02-21 14:57:59: 移动文件 gdrive://www.googleapis.com/shipy/日记/2024-02-21_周三.md -> gdrive://www.googleapis.com/shipy/daily/2024-02-21_周三.md
2024-02-21 14:58:01: 创建文件夹 gdrive://www.googleapis.com/shipy/daily/情绪日记
2024-02-21 14:58:03: 移动文件 gdrive://www.googleapis.com/shipy/日记/情绪日记/心情记录2024-02-14_周三.md -> gdrive://www.googleapis.com/shipy/daily/情绪日记/心情记录2024-02-14_周三.md
2024-02-21 14:58:04: 移动文件 gdrive://www.googleapis.com/shipy/日记/情绪日记/心情记录2024-02-19_周一.md -> gdrive://www.googleapis.com/shipy/daily/情绪日记/心情记录2024-02-19_周一.md
2024-02-21 14:58:05: 覆盖复制 '/Users/IntoSoranohate/个人仓库/SHIP/.obsidian/appearance.json' -> 'gdrive://www.googleapis.com/shipy/.obsidian/appearance.json' (742)
2024-02-21 14:58:06: /Users/IntoSoranohate/个人仓库/SHIP/.obsidian/bookmarks.json: Source file has changed between Analyze and Sync from '[file] size=3,411 accu-time=2024-02-21 14:54:05 attr=Hidden644 cktype=0' to 'size=3,411 time=2024-02-21 14:57:33', noted in source file state
2024-02-21 14:58:06: 覆盖复制 '/Users/IntoSoranohate/个人仓库/SHIP/.obsidian/bookmarks.json' -> 'gdrive://www.googleapis.com/shipy/.obsidian/bookmarks.json' (3,411)
2024-02-21 14:58:09: 覆盖复制 '/Users/IntoSoranohate/个人仓库/SHIP/.obsidian/community-plugins.json' -> 'gdrive://www.googleapis.com/shipy/.obsidian/community-plugins.json' (588)
2024-02-21 14:58:12: 覆盖复制 '/Users/IntoSoranohate/个人仓库/SHIP/.obsidian/core-plugins.json' -> 'gdrive://www.googleapis.com/shipy/.obsidian/core-plugins.json' (295)
2024-02-21 14:58:13: 覆盖复制 '/Users/IntoSoranohate/个人仓库/SHIP/.obsidian/core-plugins-migration.json' -> 'gdrive://www.googleapis.com/shipy/.obsidian/core-plugins-migration.json' (637)
2024-02-21 14:58:16: 覆盖复制 '/Users/IntoSoranohate/个人仓库/SHIP/.obsidian/daily-notes.json' -> 'gdrive://www.googleapis.com/shipy/.obsidian/daily-notes.json' (113)
2024-02-21 14:58:18: 覆盖复制 '/Users/IntoSoranohate/个人仓库/SHIP/.obsidian/hotkeys.json' -> 'gdrive://www.googleapis.com/shipy/.obsidian/hotkeys.json' (1,613)
2024-02-21 14:58:19: /Users/IntoSoranohate/个人仓库/SHIP/.obsidian/graph.json: Source file has changed between Analyze and Sync from '[file] size=511 accu-time=2024-02-21 14:38:35 attr=Hidden644 cktype=0' to 'size=511 time=2024-02-21 14:58:16', noted in source file state
2024-02-21 14:58:19: 覆盖复制 '/Users/IntoSoranohate/个人仓库/SHIP/.obsidian/graph.json' -> 'gdrive://www.googleapis.com/shipy/.obsidian/graph.json' (511)
2024-02-21 14:58:20: 删除文件 gdrive://www.googleapis.com/shipy/.obsidian/snippets/memos.css
2024-02-21 14:58:25: 覆盖复制 '/Users/IntoSoranohate/个人仓库/SHIP/.obsidian/plugins/obsidian-admonition/data.json' -> 'gdrive://www.googleapis.com/shipy/.obsidian/plugins/obsidian-admonition/data.json' (1,705)
2024-02-21 14:58:26: 创建文件夹 gdrive://www.googleapis.com/shipy/.obsidian/plugins/obsidian-hover-editor
2024-02-21 14:58:27: 覆盖复制 '/Users/IntoSoranohate/个人仓库/SHIP/.obsidian/plugins/obsidian-hider/data.json' -> 'gdrive://www.googleapis.com/shipy/.obsidian/plugins/obsidian-hider/data.json' (321)
2024-02-21 14:58:30: 新建复制 '/Users/IntoSoranohate/个人仓库/SHIP/.obsidian/plugins/obsidian-hover-editor/data.json' -> 'gdrive://www.googleapis.com/shipy/.obsidian/plugins/obsidian-hover-editor/data.json' (284)
2024-02-21 14:58:33: 新建复制 '/Users/IntoSoranohate/个人仓库/SHIP/.obsidian/plugins/obsidian-hover-editor/main.js' -> 'gdrive://www.googleapis.com/shipy/.obsidian/plugins/obsidian-hover-editor/main.js' (179,464)
2024-02-21 14:58:34: 覆盖复制 '/Users/IntoSoranohate/个人仓库/SHIP/.obsidian/plugins/obsidian-minimal-settings/data.json' -> 'gdrive://www.googleapis.com/shipy/.obsidian/plugins/obsidian-minimal-settings/data.json' (934)
2024-02-21 14:58:35: 新建复制 '/Users/IntoSoranohate/个人仓库/SHIP/.obsidian/plugins/obsidian-hover-editor/manifest.json' -> 'gdrive://www.googleapis.com/shipy/.obsidian/plugins/obsidian-hover-editor/manifest.json' (319)
2024-02-21 14:58:38: 新建复制 '/Users/IntoSoranohate/个人仓库/SHIP/.obsidian/plugins/obsidian-hover-editor/styles.css' -> 'gdrive://www.googleapis.com/shipy/.obsidian/plugins/obsidian-hover-editor/styles.css' (15,381)
2024-02-21 14:58:40: 覆盖复制 '/Users/IntoSoranohate/个人仓库/SHIP/.obsidian/plugins/obsidian-tasks-plugin/data.json' -> 'gdrive://www.googleapis.com/shipy/.obsidian/plugins/obsidian-tasks-plugin/data.json' (1,652)
2024-02-21 14:58:43: 覆盖复制 '/Users/IntoSoranohate/个人仓库/SHIP/.obsidian/plugins/quickadd/data.json' -> 'gdrive://www.googleapis.com/shipy/.obsidian/plugins/quickadd/data.json' (8,144)
2024-02-21 14:58:46: /Users/IntoSoranohate/个人仓库/SHIP/.obsidian/plugins/recent-files-obsidian/data.json: Source file has changed between Analyze and Sync from '[file] size=5,697 accu-time=2024-02-21 14:43:09 attr=Hidden644 cktype=0' to 'size=5,697 time=2024-02-21 14:58:07', noted in source file state
2024-02-21 14:58:46: 覆盖复制 '/Users/IntoSoranohate/个人仓库/SHIP/.obsidian/plugins/recent-files-obsidian/data.json' -> 'gdrive://www.googleapis.com/shipy/.obsidian/plugins/recent-files-obsidian/data.json' (5,697)
2024-02-21 14:58:48: 覆盖复制 '/Users/IntoSoranohate/个人仓库/SHIP/.obsidian/plugins/table-editor-obsidian/data.json' -> 'gdrive://www.googleapis.com/shipy/.obsidian/plugins/table-editor-obsidian/data.json' (95)
2024-02-21 14:58:49: 删除文件 gdrive://www.googleapis.com/shipy/.obsidian/plugins/workspaces-plus/app.json.bak
2024-02-21 14:58:49: 删除文件 gdrive://www.googleapis.com/shipy/.obsidian/plugins/workspaces-plus/appearance.json.bak
2024-02-21 14:58:50: 删除文件 gdrive://www.googleapis.com/shipy/.obsidian/plugins/workspaces-plus/data.json
2024-02-21 14:58:52: 删除文件 gdrive://www.googleapis.com/shipy/.obsidian/plugins/workspaces-plus/main.js
2024-02-21 14:58:52: 删除文件 gdrive://www.googleapis.com/shipy/.obsidian/plugins/workspaces-plus/manifest.json
2024-02-21 14:58:54: 删除文件 gdrive://www.googleapis.com/shipy/.obsidian/plugins/workspaces-plus/workspaces.json.bak
2024-02-21 14:58:54: 删除文件 gdrive://www.googleapis.com/shipy/.obsidian/plugins/workspaces-plus/styles.css
2024-02-21 14:58:59: /Users/IntoSoranohate/个人仓库/SHIP/.obsidian/workspace.json: Source file has changed between Analyze and Sync from '[file] size=8,091 accu-time=2024-02-21 14:54:06 attr=Hidden644 cktype=0' to 'size=7,929 time=2024-02-21 14:58:54', noted in source file state
2024-02-21 14:58:59: 覆盖复制 '/Users/IntoSoranohate/个人仓库/SHIP/.obsidian/workspace.json' -> 'gdrive://www.googleapis.com/shipy/.obsidian/workspace.json' (8,091)
2024-02-21 14:59:00: /Users/IntoSoranohate/个人仓库/SHIP/.obsidian/workspaces.json: Source file has changed between Analyze and Sync from '[file] size=6,642 accu-time=2024-02-21 14:38:33 attr=644 cktype=0' to 'size=6,642 time=2024-02-21 14:58:53', noted in source file state
2024-02-21 14:59:00: 覆盖复制 '/Users/IntoSoranohate/个人仓库/SHIP/.obsidian/workspaces.json' -> 'gdrive://www.googleapis.com/shipy/.obsidian/workspaces.json' (6,642)
2024-02-21 14:59:01: 覆盖复制 '/Users/IntoSoranohate/个人仓库/SHIP/.obsidian/plugins/calendar/data.json' -> 'gdrive://www.googleapis.com/shipy/.obsidian/plugins/calendar/data.json' (231)
2024-02-21 14:59:02: 删除文件 gdrive://www.googleapis.com/shipy/日记/2024-02-11_周日.md
2024-02-21 14:59:04: 新建复制 '/Users/IntoSoranohate/个人仓库/SHIP/Setting/components/script/notice.js' -> 'gdrive://www.googleapis.com/shipy/Setting/components/script/notice.js' (229)
2024-02-21 14:59:07: 覆盖复制 '/Users/IntoSoranohate/个人仓库/SHIP/Setting/模板/template模板/日记模板.md' -> 'gdrive://www.googleapis.com/shipy/Setting/模板/template模板/日记模板.md' (2,988)
2024-02-21 14:59:07: 新建复制 '/Users/IntoSoranohate/个人仓库/SHIP/Setting/components/script/refreshhomepage.js' -> 'gdrive://www.googleapis.com/shipy/Setting/components/script/refreshhomepage.js' (837)
2024-02-21 14:59:08: 删除文件夹 gdrive://www.googleapis.com/shipy/日记/情绪日记
2024-02-21 14:59:09: 新建复制 '/Users/IntoSoranohate/个人仓库/SHIP/Setting/components/script/SwitchViews.js' -> 'gdrive://www.googleapis.com/shipy/Setting/components/script/SwitchViews.js' (1,193)
2024-02-21 14:59:10: 删除文件夹 gdrive://www.googleapis.com/shipy/.obsidian/plugins/workspaces-plus
2024-02-21 14:59:11: 删除文件夹 gdrive://www.googleapis.com/shipy/日记
2024-02-21 14:59:11: 保持文件状态 /Users/IntoSoranohate/个人仓库/SHIP/_gsdata_/_file_state_v4._gs
2024-02-21 14:59:13: 保持文件状态 gdrive://www.googleapis.com/shipy/_gsdata_/_file_state_v4._gs
2024-02-21 14:59:15: == 同步完成. 历时: 00:01:43, 速度: 10.32 KB/s, 完成: 80, 错误: 0
