2024-02-14 17:37:32: -- 分析开始 Periodic Timer
2024-02-14 17:37:32: 左侧: 正在读取文件状态 /Users/IntoSoranohate/个人仓库/SHIP/_gsdata_/_file_state_v4._gs
2024-02-14 17:37:32: 右侧: 正在读取文件状态 /Users/IntoSoranohate/个人仓库/backup/_gsdata_/_file_state_v4._gs
2024-02-14 17:37:32: 变更：3， 冲突：0， 复制时间：0， 复制状态：0， 错误： 0, All: 613
2024-02-14 17:37:32: Left to Right: Copy File: 3 
2024-02-14 17:37:32: == 同步开始由 Periodic Timer
2024-02-14 17:37:32: ConnectCloned connected to file:///Users/IntoSoranohate/个人仓库/SHIP
2024-02-14 17:37:32: ConnectCloned connected to file:///Users/IntoSoranohate/个人仓库/SHIP
2024-02-14 17:37:32: ConnectCloned connected to file:///Users/IntoSoranohate/个人仓库/backup
2024-02-14 17:37:32: ConnectCloned connected to file:///Users/IntoSoranohate/个人仓库/backup
2024-02-14 17:37:32: ConnectCloned connected to file:///Users/IntoSoranohate/个人仓库/SHIP
2024-02-14 17:37:32: ConnectCloned connected to file:///Users/IntoSoranohate/个人仓库/backup
2024-02-14 17:37:32: 覆盖复制 '/Users/IntoSoranohate/个人仓库/SHIP/.obsidian/bookmarks.json' -> '/Users/IntoSoranohate/个人仓库/backup/.obsidian/bookmarks.json' (3,412)
2024-02-14 17:37:32: 覆盖复制 '/Users/IntoSoranohate/个人仓库/SHIP/日记/2024-02-14_周三.md' -> '/Users/IntoSoranohate/个人仓库/backup/日记/2024-02-14_周三.md' (1,325)
2024-02-14 17:37:32: Close Modified Folder (mod-time, acl): /日记
2024-02-14 17:37:32: 覆盖复制 '/Users/IntoSoranohate/个人仓库/SHIP/.obsidian/workspace.json' -> '/Users/IntoSoranohate/个人仓库/backup/.obsidian/workspace.json' (8,179)
2024-02-14 17:37:32: Close Modified Folder (mod-time, acl): /.obsidian
2024-02-14 17:37:32: 保持文件状态 /Users/IntoSoranohate/个人仓库/SHIP/_gsdata_/_file_state_v4._gs
2024-02-14 17:37:32: 保持文件状态 /Users/IntoSoranohate/个人仓库/backup/_gsdata_/_file_state_v4._gs
2024-02-14 17:37:32: == 同步完成. 历时: 00:00:00, 速度: 0.00/s, 完成: 3, 错误: 0
