2024-02-20 22:13:22: -- 分析开始 Periodic Timer
2024-02-20 22:13:22: 左侧: 正在读取文件状态 /Users/IntoSoranohate/个人仓库/SHIP/_gsdata_/_file_state_v4._gs
2024-02-20 22:13:22: 右侧: 正在读取文件状态 /Users/IntoSoranohate/Library/CloudStorage/OneDrive-个人/Shipy/_gsdata_/_file_state_v4._gs
2024-02-20 22:13:22: 变更：14， 冲突：0， 复制时间：0， 复制状态：0， 错误： 0, All: 643
2024-02-20 22:13:22: Left to Right: Copy File: 5 Delete File: 9 
2024-02-20 22:13:22: == 同步开始由 Periodic Timer
2024-02-20 22:13:22: ConnectCloned connected to file:///Users/IntoSoranohate/个人仓库/SHIP
2024-02-20 22:13:22: ConnectCloned connected to file:///Users/IntoSoranohate/个人仓库/SHIP
2024-02-20 22:13:22: ConnectCloned connected to file:///Users/IntoSoranohate/个人仓库/SHIP
2024-02-20 22:13:22: ConnectCloned connected to file:///Users/IntoSoranohate/Library/CloudStorage/OneDrive-个人/Shipy
2024-02-20 22:13:22: ConnectCloned connected to file:///Users/IntoSoranohate/Library/CloudStorage/OneDrive-个人/Shipy
2024-02-20 22:13:22: ConnectCloned connected to file:///Users/IntoSoranohate/Library/CloudStorage/OneDrive-个人/Shipy
2024-02-20 22:13:22: 覆盖复制 '/Users/IntoSoranohate/个人仓库/SHIP/.obsidian/bookmarks.json' -> '/Users/IntoSoranohate/Library/CloudStorage/OneDrive-个人/Shipy/.obsidian/bookmarks.json' (3,412)
2024-02-20 22:13:22: 覆盖复制 '/Users/IntoSoranohate/个人仓库/SHIP/Project/中国风角色(主角)设计.md' -> '/Users/IntoSoranohate/Library/CloudStorage/OneDrive-个人/Shipy/Project/中国风角色(主角)设计.md' (1,291)
2024-02-20 22:13:22: 覆盖复制 '/Users/IntoSoranohate/个人仓库/SHIP/.obsidian/workspace.json' -> '/Users/IntoSoranohate/Library/CloudStorage/OneDrive-个人/Shipy/.obsidian/workspace.json' (8,798)
2024-02-20 22:13:22: 覆盖复制 '/Users/IntoSoranohate/个人仓库/SHIP/.obsidian/plugins/recent-files-obsidian/data.json' -> '/Users/IntoSoranohate/Library/CloudStorage/OneDrive-个人/Shipy/.obsidian/plugins/recent-files-obsidian/data.json' (5,707)
2024-02-20 22:13:22: 删除文件 /Users/IntoSoranohate/Library/CloudStorage/OneDrive-个人/Shipy/Setting/Files/Notability 笔记.pdf
2024-02-20 22:13:22: 删除文件 /Users/IntoSoranohate/Library/CloudStorage/OneDrive-个人/Shipy/Setting/Files/备注  2021年7月1日.pdf
2024-02-20 22:13:22: 覆盖复制 '/Users/IntoSoranohate/个人仓库/SHIP/Setting/模板/template模板/项目模板.md' -> '/Users/IntoSoranohate/Library/CloudStorage/OneDrive-个人/Shipy/Setting/模板/template模板/项目模板.md' (1,096)
2024-02-20 22:13:22: 删除文件 /Users/IntoSoranohate/Library/CloudStorage/OneDrive-个人/Shipy/Setting/Files/备注 2021年3月24日.pdf
2024-02-20 22:13:22: 删除文件 /Users/IntoSoranohate/Library/CloudStorage/OneDrive-个人/Shipy/Setting/Files/备注 2021年3月25日.pdf
2024-02-20 22:13:22: 删除文件 /Users/IntoSoranohate/Library/CloudStorage/OneDrive-个人/Shipy/Setting/Files/备注 2021年4月15日.pdf
2024-02-20 22:13:22: 删除文件 /Users/IntoSoranohate/Library/CloudStorage/OneDrive-个人/Shipy/Setting/Files/备注 2021年5月15日.pdf
2024-02-20 22:13:22: 删除文件 /Users/IntoSoranohate/Library/CloudStorage/OneDrive-个人/Shipy/Setting/Files/备注 2021年5月17日 1.pdf
2024-02-20 22:13:22: 删除文件 /Users/IntoSoranohate/Library/CloudStorage/OneDrive-个人/Shipy/Setting/Files/备注 2021年5月17日.pdf
2024-02-20 22:13:22: Close Modified Folder (mod-time, acl): /Project
2024-02-20 22:13:22: Close Modified Folder (mod-time, acl): /.obsidian/plugins/recent-files-obsidian
2024-02-20 22:13:22: Close Modified Folder (mod-time, acl): /Setting/模板/template模板
2024-02-20 22:13:22: 删除文件 /Users/IntoSoranohate/Library/CloudStorage/OneDrive-个人/Shipy/Setting/Files/备注 2021年7月7日.pdf
2024-02-20 22:13:22: Close Modified Folder (mod-time, acl): /Setting/Files
2024-02-20 22:13:22: Close Modified Folder (mod-time, acl): /.obsidian
2024-02-20 22:13:23: 保持文件状态 /Users/IntoSoranohate/个人仓库/SHIP/_gsdata_/_file_state_v4._gs
2024-02-20 22:13:24: 保持文件状态 /Users/IntoSoranohate/Library/CloudStorage/OneDrive-个人/Shipy/_gsdata_/_file_state_v4._gs
2024-02-20 22:13:24: == 同步完成. 历时: 00:00:02, 速度: 0.00/s, 完成: 14, 错误: 0
