2024-02-21 15:39:14: -- 分析开始 Periodic Timer
2024-02-21 15:39:14: 左侧: 正在读取文件状态 /Users/IntoSoranohate/个人仓库/SHIP/_gsdata_/_file_state_v4._gs
2024-02-21 15:39:14: 右侧: 正在读取文件状态 /Users/IntoSoranohate/个人仓库/backup/_gsdata_/_file_state_v4._gs
2024-02-21 15:39:14: 变更：23， 冲突：0， 复制时间：0， 复制状态：0， 错误： 0, All: 703
2024-02-21 15:39:14: Left to Right: Copy File: 21 Rename/Move File/Folder: 2 
2024-02-21 15:39:14: == 同步开始由 Periodic Timer
2024-02-21 15:39:14: ConnectCloned connected to file:///Users/IntoSoranohate/个人仓库/SHIP
2024-02-21 15:39:14: ConnectCloned connected to file:///Users/IntoSoranohate/个人仓库/SHIP
2024-02-21 15:39:14: ConnectCloned connected to file:///Users/IntoSoranohate/个人仓库/backup
2024-02-21 15:39:14: ConnectCloned connected to file:///Users/IntoSoranohate/个人仓库/backup
2024-02-21 15:39:14: ConnectCloned connected to file:///Users/IntoSoranohate/个人仓库/SHIP
2024-02-21 15:39:14: ConnectCloned connected to file:///Users/IntoSoranohate/个人仓库/backup
2024-02-21 15:39:14: 覆盖复制 '/Users/IntoSoranohate/个人仓库/SHIP/.obsidian/.diary-stats' -> '/Users/IntoSoranohate/个人仓库/backup/.obsidian/.diary-stats' (472,784)
2024-02-21 15:39:14: 覆盖复制 '/Users/IntoSoranohate/个人仓库/SHIP/.obsidian/app.json' -> '/Users/IntoSoranohate/个人仓库/backup/.obsidian/app.json' (206)
2024-02-21 15:39:14: 移动文件 /Users/IntoSoranohate/个人仓库/backup/Setting/模板/template模板/卡片模板.md -> /Users/IntoSoranohate/个人仓库/backup/Setting/模板/卡片模板.md
2024-02-21 15:39:14: 覆盖复制 '/Users/IntoSoranohate/个人仓库/SHIP/.obsidian/appearance.json' -> '/Users/IntoSoranohate/个人仓库/backup/.obsidian/appearance.json' (733)
2024-02-21 15:39:14: 覆盖复制 '/Users/IntoSoranohate/个人仓库/SHIP/.obsidian/bookmarks.json' -> '/Users/IntoSoranohate/个人仓库/backup/.obsidian/bookmarks.json' (3,411)
2024-02-21 15:39:14: 覆盖复制 '/Users/IntoSoranohate/个人仓库/SHIP/.obsidian/community-plugins.json' -> '/Users/IntoSoranohate/个人仓库/backup/.obsidian/community-plugins.json' (557)
2024-02-21 15:39:14: 覆盖复制 '/Users/IntoSoranohate/个人仓库/SHIP/.obsidian/core-plugins-migration.json' -> '/Users/IntoSoranohate/个人仓库/backup/.obsidian/core-plugins-migration.json' (637)
2024-02-21 15:39:14: 覆盖复制 '/Users/IntoSoranohate/个人仓库/SHIP/.obsidian/core-plugins.json' -> '/Users/IntoSoranohate/个人仓库/backup/.obsidian/core-plugins.json' (295)
2024-02-21 15:39:14: 覆盖复制 '/Users/IntoSoranohate/个人仓库/SHIP/.obsidian/graph.json' -> '/Users/IntoSoranohate/个人仓库/backup/.obsidian/graph.json' (511)
2024-02-21 15:39:14: 覆盖复制 '/Users/IntoSoranohate/个人仓库/SHIP/.obsidian/workspace.json' -> '/Users/IntoSoranohate/个人仓库/backup/.obsidian/workspace.json' (8,000)
2024-02-21 15:39:14: 覆盖复制 '/Users/IntoSoranohate/个人仓库/SHIP/.obsidian/plugins/calendar/data.json' -> '/Users/IntoSoranohate/个人仓库/backup/.obsidian/plugins/calendar/data.json' (231)
2024-02-21 15:39:14: 覆盖复制 '/Users/IntoSoranohate/个人仓库/SHIP/.obsidian/plugins/obsidian-admonition/data.json' -> '/Users/IntoSoranohate/个人仓库/backup/.obsidian/plugins/obsidian-admonition/data.json' (1,705)
2024-02-21 15:39:14: 创建文件夹 /Users/IntoSoranohate/个人仓库/backup/.obsidian/plugins/obsidian-style-settings
2024-02-21 15:39:14: 覆盖复制 '/Users/IntoSoranohate/个人仓库/SHIP/.obsidian/plugins/obsidian-minimal-settings/data.json' -> '/Users/IntoSoranohate/个人仓库/backup/.obsidian/plugins/obsidian-minimal-settings/data.json' (934)
2024-02-21 15:39:14: 新建复制 '/Users/IntoSoranohate/个人仓库/SHIP/.obsidian/plugins/obsidian-style-settings/data.json' -> '/Users/IntoSoranohate/个人仓库/backup/.obsidian/plugins/obsidian-style-settings/data.json' (260)
2024-02-21 15:39:14: 新建复制 '/Users/IntoSoranohate/个人仓库/SHIP/.obsidian/plugins/obsidian-style-settings/main.js' -> '/Users/IntoSoranohate/个人仓库/backup/.obsidian/plugins/obsidian-style-settings/main.js' (337,374)
2024-02-21 15:39:14: 新建复制 '/Users/IntoSoranohate/个人仓库/SHIP/.obsidian/plugins/obsidian-style-settings/manifest.json' -> '/Users/IntoSoranohate/个人仓库/backup/.obsidian/plugins/obsidian-style-settings/manifest.json' (321)
2024-02-21 15:39:14: 新建复制 '/Users/IntoSoranohate/个人仓库/SHIP/.obsidian/plugins/obsidian-style-settings/styles.css' -> '/Users/IntoSoranohate/个人仓库/backup/.obsidian/plugins/obsidian-style-settings/styles.css' (13,906)
2024-02-21 15:39:14: 覆盖复制 '/Users/IntoSoranohate/个人仓库/SHIP/.obsidian/plugins/quickadd/data.json' -> '/Users/IntoSoranohate/个人仓库/backup/.obsidian/plugins/quickadd/data.json' (8,144)
2024-02-21 15:39:14: 覆盖复制 '/Users/IntoSoranohate/个人仓库/SHIP/.obsidian/plugins/recent-files-obsidian/data.json' -> '/Users/IntoSoranohate/个人仓库/backup/.obsidian/plugins/recent-files-obsidian/data.json' (5,749)
2024-02-21 15:39:14: 覆盖复制 '/Users/IntoSoranohate/个人仓库/SHIP/.obsidian/workspaces.json' -> '/Users/IntoSoranohate/个人仓库/backup/.obsidian/workspaces.json' (6,642)
2024-02-21 15:39:14: Close Modified Folder (mod-time, acl): /.obsidian/plugins/calendar
2024-02-21 15:39:14: Close Modified Folder (mod-time, acl): /.obsidian/plugins/obsidian-admonition
2024-02-21 15:39:14: Close Modified Folder (mod-time, acl): /.obsidian/plugins/obsidian-minimal-settings
2024-02-21 15:39:14: Close Modified Folder (mod-time, acl): /.obsidian/plugins/obsidian-style-settings
2024-02-21 15:39:14: Close Modified Folder (mod-time, acl): /.obsidian/plugins/quickadd
2024-02-21 15:39:14: Close Modified Folder (mod-time, acl): /.obsidian/plugins/recent-files-obsidian
2024-02-21 15:39:14: Close Modified Folder (mod-time, acl): /Setting/模板
2024-02-21 15:39:14: 覆盖复制 '/Users/IntoSoranohate/个人仓库/SHIP/.obsidian/plugins/table-editor-obsidian/data.json' -> '/Users/IntoSoranohate/个人仓库/backup/.obsidian/plugins/table-editor-obsidian/data.json' (95)
2024-02-21 15:39:14: Close Modified Folder (mod-time, acl): /.obsidian/plugins/table-editor-obsidian
2024-02-21 15:39:14: Close Modified Folder (mod-time, acl): /.obsidian/plugins
2024-02-21 15:39:14: Close Modified Folder (mod-time, acl): /.obsidian
2024-02-21 15:39:14: 保持文件状态 /Users/IntoSoranohate/个人仓库/SHIP/_gsdata_/_file_state_v4._gs
2024-02-21 15:39:14: 保持文件状态 /Users/IntoSoranohate/个人仓库/backup/_gsdata_/_file_state_v4._gs
2024-02-21 15:39:14: == 同步完成. 历时: 00:00:00, 速度: 0.00/s, 完成: 23, 错误: 0
