2024-02-11 10:01:44: -- 分析开始 Periodic Timer
2024-02-11 10:01:44: 左侧: 正在读取文件状态 /Users/IntoSoranohate/个人仓库/SHIP/_gsdata_/_file_state_v4._gs
2024-02-11 10:01:44: 右侧: 正在读取文件状态 /Users/IntoSoranohate/个人仓库/backup/_gsdata_/_file_state_v4._gs
2024-02-11 10:01:44: 变更：11， 冲突：0， 复制时间：0， 复制状态：0， 错误： 0, All: 478
2024-02-11 10:01:44: Left to Right: Copy File: 11 
2024-02-11 10:01:44: == 同步开始由 Periodic Timer
2024-02-11 10:01:44: ConnectCloned connected to file:///Users/IntoSoranohate/个人仓库/SHIP
2024-02-11 10:01:44: ConnectCloned connected to file:///Users/IntoSoranohate/个人仓库/SHIP
2024-02-11 10:01:44: ConnectCloned connected to file:///Users/IntoSoranohate/个人仓库/SHIP
2024-02-11 10:01:44: ConnectCloned connected to file:///Users/IntoSoranohate/个人仓库/backup
2024-02-11 10:01:44: ConnectCloned connected to file:///Users/IntoSoranohate/个人仓库/backup
2024-02-11 10:01:44: ConnectCloned connected to file:///Users/IntoSoranohate/个人仓库/backup
2024-02-11 10:01:44: 覆盖复制 '/Users/IntoSoranohate/个人仓库/SHIP/.obsidian/bookmarks.json' -> '/Users/IntoSoranohate/个人仓库/backup/.obsidian/bookmarks.json' (2,725)
2024-02-11 10:01:44: 覆盖复制 '/Users/IntoSoranohate/个人仓库/SHIP/Setting/标签/项目追踪.md' -> '/Users/IntoSoranohate/个人仓库/backup/Setting/标签/项目追踪.md' (83)
2024-02-11 10:01:44: 覆盖复制 '/Users/IntoSoranohate/个人仓库/SHIP/.obsidian/graph.json' -> '/Users/IntoSoranohate/个人仓库/backup/.obsidian/graph.json' (511)
2024-02-11 10:01:44: 覆盖复制 '/Users/IntoSoranohate/个人仓库/SHIP/Setting/模板/template模板/日记模板.md' -> '/Users/IntoSoranohate/个人仓库/backup/Setting/模板/template模板/日记模板.md' (2,997)
2024-02-11 10:01:44: 覆盖复制 '/Users/IntoSoranohate/个人仓库/SHIP/Setting/模板/template模板/项目模板.md' -> '/Users/IntoSoranohate/个人仓库/backup/Setting/模板/template模板/项目模板.md' (330)
2024-02-11 10:01:44: 覆盖复制 '/Users/IntoSoranohate/个人仓库/SHIP/.obsidian/workspace.json' -> '/Users/IntoSoranohate/个人仓库/backup/.obsidian/workspace.json' (8,160)
2024-02-11 10:01:44: 覆盖复制 '/Users/IntoSoranohate/个人仓库/SHIP/.obsidian/plugins/obsidian-checklist-plugin/data.json' -> '/Users/IntoSoranohate/个人仓库/backup/.obsidian/plugins/obsidian-checklist-plugin/data.json' (415)
2024-02-11 10:01:44: 覆盖复制 '/Users/IntoSoranohate/个人仓库/SHIP/.obsidian/plugins/recent-files-obsidian/data.json' -> '/Users/IntoSoranohate/个人仓库/backup/.obsidian/plugins/recent-files-obsidian/data.json' (4,733)
2024-02-11 10:01:44: 覆盖复制 '/Users/IntoSoranohate/个人仓库/SHIP/.obsidian/workspaces.json' -> '/Users/IntoSoranohate/个人仓库/backup/.obsidian/workspaces.json' (6,837)
2024-02-11 10:01:44: Close Modified Folder (mod-time, acl): /Setting/标签
2024-02-11 10:01:44: 覆盖复制 '/Users/IntoSoranohate/个人仓库/SHIP/日记/2024-02-10_周六.md' -> '/Users/IntoSoranohate/个人仓库/backup/日记/2024-02-10_周六.md' (1,504)
2024-02-11 10:01:44: Close Modified Folder (mod-time, acl): /Setting/模板/template模板
2024-02-11 10:01:44: Close Modified Folder (mod-time, acl): /.obsidian/plugins/obsidian-checklist-plugin
2024-02-11 10:01:44: Close Modified Folder (mod-time, acl): /.obsidian/plugins/recent-files-obsidian
2024-02-11 10:01:44: Close Modified Folder (mod-time, acl): /.obsidian
2024-02-11 10:01:44: 覆盖复制 '/Users/IntoSoranohate/个人仓库/SHIP/日记/2024-02-11_周日.md' -> '/Users/IntoSoranohate/个人仓库/backup/日记/2024-02-11_周日.md' (1,299)
2024-02-11 10:01:45: Close Modified Folder (mod-time, acl): /日记
2024-02-11 10:01:45: 保持文件状态 /Users/IntoSoranohate/个人仓库/SHIP/_gsdata_/_file_state_v4._gs
2024-02-11 10:01:45: 保持文件状态 /Users/IntoSoranohate/个人仓库/backup/_gsdata_/_file_state_v4._gs
2024-02-11 10:01:45: == 同步完成. 历时: 00:00:01, 速度: 0.00/s, 完成: 11, 错误: 0
