2024-02-20 21:12:51: -- 分析开始 Periodic Timer
2024-02-20 21:12:51: 左侧: 正在读取文件状态 /Users/IntoSoranohate/个人仓库/SHIP/_gsdata_/_file_state_v4._gs
2024-02-20 21:12:51: 右侧: 正在读取文件状态 /Users/IntoSoranohate/Library/CloudStorage/OneDrive-个人/Shipy/_gsdata_/_file_state_v4._gs
2024-02-20 21:12:51: 变更：14， 冲突：0， 复制时间：0， 复制状态：2， 错误： 0, All: 643
2024-02-20 21:12:51: Left to Right: Copy File: 13 Delete File: 1 
2024-02-20 21:12:51: == 同步开始由 Periodic Timer
2024-02-20 21:12:51: ConnectCloned connected to file:///Users/IntoSoranohate/个人仓库/SHIP
2024-02-20 21:12:51: ConnectCloned connected to file:///Users/IntoSoranohate/个人仓库/SHIP
2024-02-20 21:12:51: ConnectCloned connected to file:///Users/IntoSoranohate/个人仓库/SHIP
2024-02-20 21:12:51: ConnectCloned connected to file:///Users/IntoSoranohate/Library/CloudStorage/OneDrive-个人/Shipy
2024-02-20 21:12:51: ConnectCloned connected to file:///Users/IntoSoranohate/Library/CloudStorage/OneDrive-个人/Shipy
2024-02-20 21:12:51: ConnectCloned connected to file:///Users/IntoSoranohate/Library/CloudStorage/OneDrive-个人/Shipy
2024-02-20 21:12:51: 覆盖复制 '/Users/IntoSoranohate/个人仓库/SHIP/.obsidian/bookmarks.json' -> '/Users/IntoSoranohate/Library/CloudStorage/OneDrive-个人/Shipy/.obsidian/bookmarks.json' (3,412)
2024-02-20 21:12:51: 新建复制 '/Users/IntoSoranohate/个人仓库/SHIP/Project/中国风角色(主角)设计.md' -> '/Users/IntoSoranohate/Library/CloudStorage/OneDrive-个人/Shipy/Project/中国风角色(主角)设计.md' (1,175)
2024-02-20 21:12:51: 覆盖复制 '/Users/IntoSoranohate/个人仓库/SHIP/.obsidian/workspace.json' -> '/Users/IntoSoranohate/Library/CloudStorage/OneDrive-个人/Shipy/.obsidian/workspace.json' (8,616)
2024-02-20 21:12:51: 新建复制 '/Users/IntoSoranohate/个人仓库/SHIP/.obsidian/plugins/emoji-shortcodes/data.json' -> '/Users/IntoSoranohate/Library/CloudStorage/OneDrive-个人/Shipy/.obsidian/plugins/emoji-shortcodes/data.json' (133)
2024-02-20 21:12:51: 覆盖复制 '/Users/IntoSoranohate/个人仓库/SHIP/.obsidian/plugins/recent-files-obsidian/data.json' -> '/Users/IntoSoranohate/Library/CloudStorage/OneDrive-个人/Shipy/.obsidian/plugins/recent-files-obsidian/data.json' (5,509)
2024-02-20 21:12:51: 新建复制 '/Users/IntoSoranohate/个人仓库/SHIP/Setting/Files/IMG4558a342cf6591873f4116165e43952b2306d8843b9db020afd2f9cfa21700349177589f3db861eb202402 20.jpg' -> '/Users/IntoSoranohate/Library/CloudStorage/OneDrive-个人/Shipy/Setting/Files/IMG4558a342cf6591873f4116165e43952b2306d8843b9db020afd2f9cfa21700349177589f3db861eb202402 20.jpg' (66,646)
2024-02-20 21:12:51: 覆盖复制 '/Users/IntoSoranohate/个人仓库/SHIP/闪念笔记/Notes/20240220速写复盘.md' -> '/Users/IntoSoranohate/Library/CloudStorage/OneDrive-个人/Shipy/闪念笔记/Notes/20240220速写复盘.md' (230)
2024-02-20 21:12:51: 新建复制 '/Users/IntoSoranohate/个人仓库/SHIP/Setting/Files/IMG4558a342cf659187d38fb2c6dddf476a5a3f6297ed35829fafd2f9cfa21700349177589f3db861eb202402 20.jpg' -> '/Users/IntoSoranohate/Library/CloudStorage/OneDrive-个人/Shipy/Setting/Files/IMG4558a342cf659187d38fb2c6dddf476a5a3f6297ed35829fafd2f9cfa21700349177589f3db861eb202402 20.jpg' (89,974)
2024-02-20 21:12:51: 新建复制 '/Users/IntoSoranohate/个人仓库/SHIP/Setting/Files/Pasted image 20240220203309.png' -> '/Users/IntoSoranohate/Library/CloudStorage/OneDrive-个人/Shipy/Setting/Files/Pasted image 20240220203309.png' (584,110)
2024-02-20 21:12:51: 新建复制 '/Users/IntoSoranohate/个人仓库/SHIP/Setting/Files/Pasted image 20240220205248.png' -> '/Users/IntoSoranohate/Library/CloudStorage/OneDrive-个人/Shipy/Setting/Files/Pasted image 20240220205248.png' (644,514)
2024-02-20 21:12:51: 新建复制 '/Users/IntoSoranohate/个人仓库/SHIP/Setting/Files/Pasted image 20240220210555.png' -> '/Users/IntoSoranohate/Library/CloudStorage/OneDrive-个人/Shipy/Setting/Files/Pasted image 20240220210555.png' (353,414)
2024-02-20 21:12:51: 新建复制 '/Users/IntoSoranohate/个人仓库/SHIP/闪念笔记/卡片盒/项目复盘四步方法.md' -> '/Users/IntoSoranohate/Library/CloudStorage/OneDrive-个人/Shipy/闪念笔记/卡片盒/项目复盘四步方法.md' (3,148)
2024-02-20 21:12:51: 删除文件 /Users/IntoSoranohate/Library/CloudStorage/OneDrive-个人/Shipy/Setting/模板/template模板/复盘Note模板.md
2024-02-20 21:12:51: Close Modified Folder (mod-time, acl): /Project
2024-02-20 21:12:51: Close Modified Folder (mod-time, acl): /.obsidian/plugins/emoji-shortcodes
2024-02-20 21:12:51: Close Modified Folder (mod-time, acl): /.obsidian/plugins/recent-files-obsidian
2024-02-20 21:12:51: Close Modified Folder (mod-time, acl): /闪念笔记/Notes
2024-02-20 21:12:51: Close Modified Folder (mod-time, acl): /Setting/Files
2024-02-20 21:12:51: Close Modified Folder (mod-time, acl): /闪念笔记/卡片盒
2024-02-20 21:12:51: Close Modified Folder (mod-time, acl): /.obsidian
2024-02-20 21:12:51: 覆盖复制 '/Users/IntoSoranohate/个人仓库/SHIP/Setting/模板/template模板/项目模板.md' -> '/Users/IntoSoranohate/Library/CloudStorage/OneDrive-个人/Shipy/Setting/模板/template模板/项目模板.md' (605)
2024-02-20 21:12:51: Close Modified Folder (mod-time, acl): /Setting/模板/template模板
2024-02-20 21:12:51: 保持文件状态 /Users/IntoSoranohate/个人仓库/SHIP/_gsdata_/_file_state_v4._gs
2024-02-20 21:12:51: 保持文件状态 /Users/IntoSoranohate/Library/CloudStorage/OneDrive-个人/Shipy/_gsdata_/_file_state_v4._gs
2024-02-20 21:12:51: == 同步完成. 历时: 00:00:00, 速度: 0.00/s, 完成: 16, 错误: 0
