2024-02-21 13:15:57: -- 分析开始 Periodic Timer
2024-02-21 13:15:57: 左侧: 正在读取文件状态 /Users/IntoSoranohate/个人仓库/SHIP/_gsdata_/_file_state_v4._gs
2024-02-21 13:15:57: 右侧: 正在读取文件状态 /Users/IntoSoranohate/个人仓库/backup/_gsdata_/_file_state_v4._gs
2024-02-21 13:15:57: 变更：30， 冲突：0， 复制时间：0， 复制状态：0， 错误： 0, All: 672
2024-02-21 13:15:57: Left to Right: Copy File: 16 Delete File: 14 
2024-02-21 13:15:57: == 同步开始由 Periodic Timer
2024-02-21 13:15:57: ConnectCloned connected to file:///Users/IntoSoranohate/个人仓库/SHIP
2024-02-21 13:15:57: ConnectCloned connected to file:///Users/IntoSoranohate/个人仓库/SHIP
2024-02-21 13:15:57: ConnectCloned connected to file:///Users/IntoSoranohate/个人仓库/backup
2024-02-21 13:15:57: ConnectCloned connected to file:///Users/IntoSoranohate/个人仓库/SHIP
2024-02-21 13:15:57: ConnectCloned connected to file:///Users/IntoSoranohate/个人仓库/backup
2024-02-21 13:15:57: ConnectCloned connected to file:///Users/IntoSoranohate/个人仓库/backup
2024-02-21 13:15:57: 覆盖复制 '/Users/IntoSoranohate/个人仓库/SHIP/.obsidian/app.json' -> '/Users/IntoSoranohate/个人仓库/backup/.obsidian/app.json' (206)
2024-02-21 13:15:57: 覆盖复制 '/Users/IntoSoranohate/个人仓库/SHIP/.obsidian/appearance.json' -> '/Users/IntoSoranohate/个人仓库/backup/.obsidian/appearance.json' (755)
2024-02-21 13:15:57: /Users/IntoSoranohate/个人仓库/SHIP/.obsidian/bookmarks.json: Source file has changed between Analyze and Sync from '[file] size=3,412 accu-time=2024-02-21 13:11:58 attr=Hidden644 cktype=0' to 'size=3,412 time=2024-02-21 13:15:57', noted in source file state
2024-02-21 13:15:57: 覆盖复制 '/Users/IntoSoranohate/个人仓库/SHIP/.obsidian/bookmarks.json' -> '/Users/IntoSoranohate/个人仓库/backup/.obsidian/bookmarks.json' (3,412)
2024-02-21 13:15:57: 删除文件 /Users/IntoSoranohate/个人仓库/backup/Setting/components/script/fetchhomepage.js
2024-02-21 13:15:57: 覆盖复制 '/Users/IntoSoranohate/个人仓库/SHIP/.obsidian/community-plugins.json' -> '/Users/IntoSoranohate/个人仓库/backup/.obsidian/community-plugins.json' (561)
2024-02-21 13:15:57: 覆盖复制 '/Users/IntoSoranohate/个人仓库/SHIP/.obsidian/core-plugins-migration.json' -> '/Users/IntoSoranohate/个人仓库/backup/.obsidian/core-plugins-migration.json' (638)
2024-02-21 13:15:57: 覆盖复制 '/Users/IntoSoranohate/个人仓库/SHIP/.obsidian/core-plugins.json' -> '/Users/IntoSoranohate/个人仓库/backup/.obsidian/core-plugins.json' (279)
2024-02-21 13:15:57: 覆盖复制 '/Users/IntoSoranohate/个人仓库/SHIP/.obsidian/graph.json' -> '/Users/IntoSoranohate/个人仓库/backup/.obsidian/graph.json' (511)
2024-02-21 13:15:57: 覆盖复制 '/Users/IntoSoranohate/个人仓库/SHIP/.obsidian/workspace.json' -> '/Users/IntoSoranohate/个人仓库/backup/.obsidian/workspace.json' (7,633)
2024-02-21 13:15:57: 覆盖复制 '/Users/IntoSoranohate/个人仓库/SHIP/.obsidian/plugins/calendar/data.json' -> '/Users/IntoSoranohate/个人仓库/backup/.obsidian/plugins/calendar/data.json' (231)
2024-02-21 13:15:57: 覆盖复制 '/Users/IntoSoranohate/个人仓库/SHIP/.obsidian/plugins/obsidian-admonition/data.json' -> '/Users/IntoSoranohate/个人仓库/backup/.obsidian/plugins/obsidian-admonition/data.json' (1,705)
2024-02-21 13:15:57: 删除文件 /Users/IntoSoranohate/个人仓库/backup/.obsidian/plugins/obsidian-hover-editor/data.json
2024-02-21 13:15:57: 覆盖复制 '/Users/IntoSoranohate/个人仓库/SHIP/.obsidian/plugins/obsidian-hider/data.json' -> '/Users/IntoSoranohate/个人仓库/backup/.obsidian/plugins/obsidian-hider/data.json' (321)
2024-02-21 13:15:57: 删除文件 /Users/IntoSoranohate/个人仓库/backup/.obsidian/plugins/obsidian-hover-editor/main.js
2024-02-21 13:15:57: 删除文件 /Users/IntoSoranohate/个人仓库/backup/.obsidian/plugins/obsidian-hover-editor/manifest.json
2024-02-21 13:15:57: 删除文件 /Users/IntoSoranohate/个人仓库/backup/.obsidian/plugins/obsidian-hover-editor/styles.css
2024-02-21 13:15:57: 覆盖复制 '/Users/IntoSoranohate/个人仓库/SHIP/.obsidian/plugins/obsidian-minimal-settings/data.json' -> '/Users/IntoSoranohate/个人仓库/backup/.obsidian/plugins/obsidian-minimal-settings/data.json' (934)
2024-02-21 13:15:57: 覆盖复制 '/Users/IntoSoranohate/个人仓库/SHIP/.obsidian/plugins/quickadd/data.json' -> '/Users/IntoSoranohate/个人仓库/backup/.obsidian/plugins/quickadd/data.json' (4,176)
2024-02-21 13:15:57: 覆盖复制 '/Users/IntoSoranohate/个人仓库/SHIP/.obsidian/plugins/recent-files-obsidian/data.json' -> '/Users/IntoSoranohate/个人仓库/backup/.obsidian/plugins/recent-files-obsidian/data.json' (5,704)
2024-02-21 13:15:57: 覆盖复制 '/Users/IntoSoranohate/个人仓库/SHIP/.obsidian/plugins/table-editor-obsidian/data.json' -> '/Users/IntoSoranohate/个人仓库/backup/.obsidian/plugins/table-editor-obsidian/data.json' (95)
2024-02-21 13:15:57: 删除文件 /Users/IntoSoranohate/个人仓库/backup/.obsidian/plugins/workspaces-plus/app.json.bak
2024-02-21 13:15:57: 删除文件 /Users/IntoSoranohate/个人仓库/backup/.obsidian/plugins/workspaces-plus/appearance.json.bak
2024-02-21 13:15:57: 删除文件 /Users/IntoSoranohate/个人仓库/backup/.obsidian/plugins/workspaces-plus/data.json
2024-02-21 13:15:57: 删除文件 /Users/IntoSoranohate/个人仓库/backup/.obsidian/plugins/workspaces-plus/main.js
2024-02-21 13:15:57: 删除文件 /Users/IntoSoranohate/个人仓库/backup/.obsidian/plugins/workspaces-plus/manifest.json
2024-02-21 13:15:57: 删除文件 /Users/IntoSoranohate/个人仓库/backup/.obsidian/plugins/workspaces-plus/styles.css
2024-02-21 13:15:57: 删除文件 /Users/IntoSoranohate/个人仓库/backup/.obsidian/plugins/workspaces-plus/workspaces.json.bak
2024-02-21 13:15:57: Close Modified Folder (mod-time, acl): /Setting/components/script
2024-02-21 13:15:57: Close Modified Folder (mod-time, acl): /.obsidian/plugins/calendar
2024-02-21 13:15:57: Close Modified Folder (mod-time, acl): /.obsidian/plugins/obsidian-admonition
2024-02-21 13:15:57: Close Modified Folder (mod-time, acl): /.obsidian/plugins/obsidian-hider
2024-02-21 13:15:57: 覆盖复制 '/Users/IntoSoranohate/个人仓库/SHIP/.obsidian/workspaces.json' -> '/Users/IntoSoranohate/个人仓库/backup/.obsidian/workspaces.json' (6,131)
2024-02-21 13:15:57: Close Modified Folder (mod-time, acl): /.obsidian/plugins/obsidian-minimal-settings
2024-02-21 13:15:57: 删除文件夹 /Users/IntoSoranohate/个人仓库/backup/.obsidian/plugins/obsidian-hover-editor
2024-02-21 13:15:57: Close Modified Folder (mod-time, acl): /.obsidian/plugins/quickadd
2024-02-21 13:15:57: Close Modified Folder (mod-time, acl): /.obsidian/plugins/recent-files-obsidian
2024-02-21 13:15:57: Close Modified Folder (mod-time, acl): /.obsidian/plugins/table-editor-obsidian
2024-02-21 13:15:57: 删除文件夹 /Users/IntoSoranohate/个人仓库/backup/.obsidian/plugins/workspaces-plus
2024-02-21 13:15:57: Close Modified Folder (mod-time, acl): /.obsidian/plugins
2024-02-21 13:15:57: Close Modified Folder (mod-time, acl): /.obsidian
2024-02-21 13:15:57: 保持文件状态 /Users/IntoSoranohate/个人仓库/SHIP/_gsdata_/_file_state_v4._gs
2024-02-21 13:15:57: 保持文件状态 /Users/IntoSoranohate/个人仓库/backup/_gsdata_/_file_state_v4._gs
2024-02-21 13:15:57: == 同步完成. 历时: 00:00:00, 速度: 0.00/s, 完成: 30, 错误: 0
