2024-02-14 16:07:14: -- 分析开始 Periodic Timer
2024-02-14 16:07:14: 左侧: 正在读取文件状态 /Users/IntoSoranohate/个人仓库/SHIP/_gsdata_/_file_state_v4._gs
2024-02-14 16:07:14: 右侧: 正在读取文件状态 /Users/IntoSoranohate/个人仓库/backup/_gsdata_/_file_state_v4._gs
2024-02-14 16:07:14: 变更：3， 冲突：0， 复制时间：0， 复制状态：0， 错误： 0, All: 613
2024-02-14 16:07:14: Left to Right: Copy File: 3 
2024-02-14 16:07:14: == 同步开始由 Periodic Timer
2024-02-14 16:07:14: ConnectCloned connected to file:///Users/IntoSoranohate/个人仓库/SHIP
2024-02-14 16:07:14: ConnectCloned connected to file:///Users/IntoSoranohate/个人仓库/SHIP
2024-02-14 16:07:14: ConnectCloned connected to file:///Users/IntoSoranohate/个人仓库/backup
2024-02-14 16:07:14: ConnectCloned connected to file:///Users/IntoSoranohate/个人仓库/SHIP
2024-02-14 16:07:14: ConnectCloned connected to file:///Users/IntoSoranohate/个人仓库/backup
2024-02-14 16:07:14: ConnectCloned connected to file:///Users/IntoSoranohate/个人仓库/backup
2024-02-14 16:07:14: /Users/IntoSoranohate/个人仓库/SHIP/.obsidian/bookmarks.json: Source file has changed between Analyze and Sync from '[file] size=3,412 accu-time=2024-02-14 15:53:22 attr=Hidden644 cktype=0' to 'size=3,412 time=2024-02-14 16:07:14', noted in source file state
2024-02-14 16:07:14: 覆盖复制 '/Users/IntoSoranohate/个人仓库/SHIP/.obsidian/bookmarks.json' -> '/Users/IntoSoranohate/个人仓库/backup/.obsidian/bookmarks.json' (3,412)
2024-02-14 16:07:14: 覆盖复制 '/Users/IntoSoranohate/个人仓库/SHIP/日记/2024-02-14_周三.md' -> '/Users/IntoSoranohate/个人仓库/backup/日记/2024-02-14_周三.md' (1,299)
2024-02-14 16:07:14: Close Modified Folder (mod-time, acl): /日记
2024-02-14 16:07:14: 覆盖复制 '/Users/IntoSoranohate/个人仓库/SHIP/.obsidian/workspace.json' -> '/Users/IntoSoranohate/个人仓库/backup/.obsidian/workspace.json' (8,185)
2024-02-14 16:07:14: Close Modified Folder (mod-time, acl): /.obsidian
2024-02-14 16:07:14: 保持文件状态 /Users/IntoSoranohate/个人仓库/SHIP/_gsdata_/_file_state_v4._gs
2024-02-14 16:07:14: 保持文件状态 /Users/IntoSoranohate/个人仓库/backup/_gsdata_/_file_state_v4._gs
2024-02-14 16:07:15: == 同步完成. 历时: 00:00:01, 速度: 0.00/s, 完成: 3, 错误: 0
