2024-02-18 11:08:19: -- 分析开始 Periodic Timer
2024-02-18 11:08:19: 左侧: 正在读取文件状态 /Users/IntoSoranohate/个人仓库/SHIP/_gsdata_/_file_state_v4._gs
2024-02-18 11:08:19: 右侧: 正在读取文件状态 /Users/IntoSoranohate/个人仓库/backup/_gsdata_/_file_state_v4._gs
2024-02-18 11:08:19: 变更：14， 冲突：0， 复制时间：0， 复制状态：0， 错误： 0, All: 625
2024-02-18 11:08:19: Left to Right: Copy File: 7 Delete File: 7 
2024-02-18 11:08:19: == 同步开始由 Periodic Timer
2024-02-18 11:08:19: ConnectCloned connected to file:///Users/IntoSoranohate/个人仓库/SHIP
2024-02-18 11:08:19: ConnectCloned connected to file:///Users/IntoSoranohate/个人仓库/SHIP
2024-02-18 11:08:19: ConnectCloned connected to file:///Users/IntoSoranohate/个人仓库/backup
2024-02-18 11:08:19: ConnectCloned connected to file:///Users/IntoSoranohate/个人仓库/backup
2024-02-18 11:08:19: ConnectCloned connected to file:///Users/IntoSoranohate/个人仓库/SHIP
2024-02-18 11:08:19: ConnectCloned connected to file:///Users/IntoSoranohate/个人仓库/backup
2024-02-18 11:08:19: 删除文件 /Users/IntoSoranohate/个人仓库/backup/Drawing 2024-02-18 10.52.09.excalidraw.md
2024-02-18 11:08:19: 覆盖复制 '/Users/IntoSoranohate/个人仓库/SHIP/.obsidian/bookmarks.json' -> '/Users/IntoSoranohate/个人仓库/backup/.obsidian/bookmarks.json' (3,412)
2024-02-18 11:08:19: 覆盖复制 '/Users/IntoSoranohate/个人仓库/SHIP/.obsidian/community-plugins.json' -> '/Users/IntoSoranohate/个人仓库/backup/.obsidian/community-plugins.json' (570)
2024-02-18 11:08:19: 覆盖复制 '/Users/IntoSoranohate/个人仓库/SHIP/.obsidian/workspace.json' -> '/Users/IntoSoranohate/个人仓库/backup/.obsidian/workspace.json' (7,854)
2024-02-18 11:08:19: 删除文件 /Users/IntoSoranohate/个人仓库/backup/.obsidian/plugins/obsidian-excalidraw-plugin/data.json
2024-02-18 11:08:19: 删除文件 /Users/IntoSoranohate/个人仓库/backup/.obsidian/plugins/obsidian-excalidraw-plugin/main.js
2024-02-18 11:08:19: 删除文件 /Users/IntoSoranohate/个人仓库/backup/.obsidian/plugins/obsidian-excalidraw-plugin/manifest.json
2024-02-18 11:08:19: 删除文件 /Users/IntoSoranohate/个人仓库/backup/.obsidian/plugins/obsidian-excalidraw-plugin/styles.css
2024-02-18 11:08:19: 创建文件夹 /Users/IntoSoranohate/个人仓库/backup/.obsidian/plugins/obsidian-mind-map
2024-02-18 11:08:19: > 新建复制 '/Users/IntoSoranohate/个人仓库/SHIP/.obsidian/plugins/obsidian-mind-map/main.js' -> '/Users/IntoSoranohate/个人仓库/backup/.obsidian/plugins/obsidian-mind-map/main.js' (4,003,690)
2024-02-18 11:08:19: < 新建复制 '/Users/IntoSoranohate/个人仓库/SHIP/.obsidian/plugins/obsidian-mind-map/main.js' -> '/Users/IntoSoranohate/个人仓库/backup/.obsidian/plugins/obsidian-mind-map/main.js' (4,003,690)
2024-02-18 11:08:19: 覆盖复制 '/Users/IntoSoranohate/个人仓库/SHIP/.obsidian/plugins/recent-files-obsidian/data.json' -> '/Users/IntoSoranohate/个人仓库/backup/.obsidian/plugins/recent-files-obsidian/data.json' (6,593)
2024-02-18 11:08:19: 新建复制 '/Users/IntoSoranohate/个人仓库/SHIP/.obsidian/plugins/obsidian-mind-map/manifest.json' -> '/Users/IntoSoranohate/个人仓库/backup/.obsidian/plugins/obsidian-mind-map/manifest.json' (194)
2024-02-18 11:08:19: 删除文件夹 /Users/IntoSoranohate/个人仓库/backup/Excalidraw
2024-02-18 11:08:19: Close Modified Folder (mod-time, acl): /.obsidian/plugins/recent-files-obsidian
2024-02-18 11:08:19: 删除文件夹 /Users/IntoSoranohate/个人仓库/backup/.obsidian/plugins/obsidian-excalidraw-plugin
2024-02-18 11:08:19: Close Modified Folder (mod-time, acl): /.obsidian/plugins/obsidian-mind-map
2024-02-18 11:08:19: Close Modified Folder (mod-time, acl): /.obsidian/plugins
2024-02-18 11:08:19: Close Modified Folder (mod-time, acl): /.obsidian
2024-02-18 11:08:19: 保持文件状态 /Users/IntoSoranohate/个人仓库/SHIP/_gsdata_/_file_state_v4._gs
2024-02-18 11:08:19: 保持文件状态 /Users/IntoSoranohate/个人仓库/backup/_gsdata_/_file_state_v4._gs
2024-02-18 11:08:19: == 同步完成. 历时: 00:00:00, 速度: 0.00/s, 完成: 14, 错误: 0
