2024-02-22 10:33:45: -- 分析开始 Periodic Timer
2024-02-22 10:33:45: 左侧: 正在读取文件状态 /Users/IntoSoranohate/个人仓库/SHIP/_gsdata_/_file_state_v4._gs
2024-02-22 10:33:45: 右侧: 正在读取文件状态 /Users/IntoSoranohate/个人仓库/backup/_gsdata_/_file_state_v4._gs
2024-02-22 10:33:45: 变更：20， 冲突：0， 复制时间：0， 复制状态：0， 错误： 0, All: 714
2024-02-22 10:33:45: Left to Right: Copy File: 20 
2024-02-22 10:33:45: == 同步开始由 Periodic Timer
2024-02-22 10:33:45: ConnectCloned connected to file:///Users/IntoSoranohate/个人仓库/SHIP
2024-02-22 10:33:45: ConnectCloned connected to file:///Users/IntoSoranohate/个人仓库/SHIP
2024-02-22 10:33:45: ConnectCloned connected to file:///Users/IntoSoranohate/个人仓库/backup
2024-02-22 10:33:45: ConnectCloned connected to file:///Users/IntoSoranohate/个人仓库/backup
2024-02-22 10:33:45: ConnectCloned connected to file:///Users/IntoSoranohate/个人仓库/SHIP
2024-02-22 10:33:45: ConnectCloned connected to file:///Users/IntoSoranohate/个人仓库/backup
2024-02-22 10:33:45: 覆盖复制 '/Users/IntoSoranohate/个人仓库/SHIP/daily/2023-08-02.md' -> '/Users/IntoSoranohate/个人仓库/backup/daily/2023-08-02.md' (404)
2024-02-22 10:33:45: 覆盖复制 '/Users/IntoSoranohate/个人仓库/SHIP/daily/2023-08-26.md' -> '/Users/IntoSoranohate/个人仓库/backup/daily/2023-08-26.md' (882)
2024-02-22 10:33:45: 覆盖复制 '/Users/IntoSoranohate/个人仓库/SHIP/.obsidian/plugins/recent-files-obsidian/data.json' -> '/Users/IntoSoranohate/个人仓库/backup/.obsidian/plugins/recent-files-obsidian/data.json' (5,409)
2024-02-22 10:33:45: 覆盖复制 '/Users/IntoSoranohate/个人仓库/SHIP/daily/2024-02-05_周一.md' -> '/Users/IntoSoranohate/个人仓库/backup/daily/2024-02-05_周一.md' (627)
2024-02-22 10:33:45: 覆盖复制 '/Users/IntoSoranohate/个人仓库/SHIP/daily/2024-02-06_周二.md' -> '/Users/IntoSoranohate/个人仓库/backup/daily/2024-02-06_周二.md' (1,667)
2024-02-22 10:33:45: 覆盖复制 '/Users/IntoSoranohate/个人仓库/SHIP/daily/2024-02-07_周三.md' -> '/Users/IntoSoranohate/个人仓库/backup/daily/2024-02-07_周三.md' (954)
2024-02-22 10:33:45: 覆盖复制 '/Users/IntoSoranohate/个人仓库/SHIP/daily/2024-02-08_周四.md' -> '/Users/IntoSoranohate/个人仓库/backup/daily/2024-02-08_周四.md' (1,503)
2024-02-22 10:33:45: 覆盖复制 '/Users/IntoSoranohate/个人仓库/SHIP/daily/2024-02-09_周五.md' -> '/Users/IntoSoranohate/个人仓库/backup/daily/2024-02-09_周五.md' (1,507)
2024-02-22 10:33:45: 覆盖复制 '/Users/IntoSoranohate/个人仓库/SHIP/daily/2024-02-10_周六.md' -> '/Users/IntoSoranohate/个人仓库/backup/daily/2024-02-10_周六.md' (1,514)
2024-02-22 10:33:45: 覆盖复制 '/Users/IntoSoranohate/个人仓库/SHIP/daily/2024-02-11_周日.md' -> '/Users/IntoSoranohate/个人仓库/backup/daily/2024-02-11_周日.md' (1,707)
2024-02-22 10:33:45: 覆盖复制 '/Users/IntoSoranohate/个人仓库/SHIP/daily/2024-02-12_周一.md' -> '/Users/IntoSoranohate/个人仓库/backup/daily/2024-02-12_周一.md' (1,514)
2024-02-22 10:33:45: 覆盖复制 '/Users/IntoSoranohate/个人仓库/SHIP/daily/2024-02-14_周三.md' -> '/Users/IntoSoranohate/个人仓库/backup/daily/2024-02-14_周三.md' (1,791)
2024-02-22 10:33:45: 覆盖复制 '/Users/IntoSoranohate/个人仓库/SHIP/daily/2024-02-15_周四.md' -> '/Users/IntoSoranohate/个人仓库/backup/daily/2024-02-15_周四.md' (1,397)
2024-02-22 10:33:45: 覆盖复制 '/Users/IntoSoranohate/个人仓库/SHIP/daily/2024-02-18_周日.md' -> '/Users/IntoSoranohate/个人仓库/backup/daily/2024-02-18_周日.md' (1,242)
2024-02-22 10:33:45: 覆盖复制 '/Users/IntoSoranohate/个人仓库/SHIP/daily/2024-02-19_周一.md' -> '/Users/IntoSoranohate/个人仓库/backup/daily/2024-02-19_周一.md' (1,480)
2024-02-22 10:33:45: 覆盖复制 '/Users/IntoSoranohate/个人仓库/SHIP/daily/2024-02-21_周三.md' -> '/Users/IntoSoranohate/个人仓库/backup/daily/2024-02-21_周三.md' (1,600)
2024-02-22 10:33:45: 覆盖复制 '/Users/IntoSoranohate/个人仓库/SHIP/.obsidian/workspace.json' -> '/Users/IntoSoranohate/个人仓库/backup/.obsidian/workspace.json' (8,107)
2024-02-22 10:33:45: 覆盖复制 '/Users/IntoSoranohate/个人仓库/SHIP/daily/情绪日记/心情记录2024-02-14_周三.md' -> '/Users/IntoSoranohate/个人仓库/backup/daily/情绪日记/心情记录2024-02-14_周三.md' (584)
2024-02-22 10:33:45: 覆盖复制 '/Users/IntoSoranohate/个人仓库/SHIP/daily/情绪日记/心情记录2024-02-19_周一.md' -> '/Users/IntoSoranohate/个人仓库/backup/daily/情绪日记/心情记录2024-02-19_周一.md' (599)
2024-02-22 10:33:45: Close Modified Folder (mod-time, acl): /.obsidian/plugins/recent-files-obsidian
2024-02-22 10:33:45: Close Modified Folder (mod-time, acl): /daily/情绪日记
2024-02-22 10:33:45: Close Modified Folder (mod-time, acl): /daily
2024-02-22 10:33:45: Close Modified Folder (mod-time, acl): /.obsidian
2024-02-22 10:33:45: 覆盖复制 '/Users/IntoSoranohate/个人仓库/SHIP/Project/2024-02-21中国风角色策划.md' -> '/Users/IntoSoranohate/个人仓库/backup/Project/2024-02-21中国风角色策划.md' (185)
2024-02-22 10:33:45: Close Modified Folder (mod-time, acl): /Project
2024-02-22 10:33:45: 保持文件状态 /Users/IntoSoranohate/个人仓库/SHIP/_gsdata_/_file_state_v4._gs
2024-02-22 10:33:45: 保持文件状态 /Users/IntoSoranohate/个人仓库/backup/_gsdata_/_file_state_v4._gs
2024-02-22 10:33:45: == 同步完成. 历时: 00:00:00, 速度: 0.00/s, 完成: 20, 错误: 0
