2024-02-16 00:43:10: -- 分析开始 Periodic Timer
2024-02-16 00:43:10: 左侧: 正在读取文件状态 /Users/IntoSoranohate/个人仓库/SHIP/_gsdata_/_file_state_v4._gs
2024-02-16 00:43:10: 右侧: 正在读取文件状态 /Users/IntoSoranohate/Library/CloudStorage/OneDrive-个人/Shipy/_gsdata_/_file_state_v4._gs
2024-02-16 00:43:10: 变更：5， 冲突：0， 复制时间：0， 复制状态：0， 错误： 0, All: 614
2024-02-16 00:43:10: Left to Right: Copy File: 5 
2024-02-16 00:43:10: == 同步开始由 Periodic Timer
2024-02-16 00:43:10: ConnectCloned connected to file:///Users/IntoSoranohate/个人仓库/SHIP
2024-02-16 00:43:10: ConnectCloned connected to file:///Users/IntoSoranohate/个人仓库/SHIP
2024-02-16 00:43:10: ConnectCloned connected to file:///Users/IntoSoranohate/Library/CloudStorage/OneDrive-个人/Shipy
2024-02-16 00:43:10: ConnectCloned connected to file:///Users/IntoSoranohate/Library/CloudStorage/OneDrive-个人/Shipy
2024-02-16 00:43:10: ConnectCloned connected to file:///Users/IntoSoranohate/个人仓库/SHIP
2024-02-16 00:43:10: ConnectCloned connected to file:///Users/IntoSoranohate/Library/CloudStorage/OneDrive-个人/Shipy
2024-02-16 00:43:10: 覆盖复制 '/Users/IntoSoranohate/个人仓库/SHIP/.obsidian/bookmarks.json' -> '/Users/IntoSoranohate/Library/CloudStorage/OneDrive-个人/Shipy/.obsidian/bookmarks.json' (3,412)
2024-02-16 00:43:10: 覆盖复制 '/Users/IntoSoranohate/个人仓库/SHIP/日记/2024-02-15_周四.md' -> '/Users/IntoSoranohate/Library/CloudStorage/OneDrive-个人/Shipy/日记/2024-02-15_周四.md' (1,244)
2024-02-16 00:43:10: 覆盖复制 '/Users/IntoSoranohate/个人仓库/SHIP/.obsidian/workspace.json' -> '/Users/IntoSoranohate/Library/CloudStorage/OneDrive-个人/Shipy/.obsidian/workspace.json' (8,101)
2024-02-16 00:43:10: 覆盖复制 '/Users/IntoSoranohate/个人仓库/SHIP/.obsidian/plugins/obsidian-checklist-plugin/data.json' -> '/Users/IntoSoranohate/Library/CloudStorage/OneDrive-个人/Shipy/.obsidian/plugins/obsidian-checklist-plugin/data.json' (449)
2024-02-16 00:43:10: Close Modified Folder (mod-time, acl): /日记
2024-02-16 00:43:10: Close Modified Folder (mod-time, acl): /.obsidian/plugins/obsidian-checklist-plugin
2024-02-16 00:43:10: 覆盖复制 '/Users/IntoSoranohate/个人仓库/SHIP/.obsidian/plugins/recent-files-obsidian/data.json' -> '/Users/IntoSoranohate/Library/CloudStorage/OneDrive-个人/Shipy/.obsidian/plugins/recent-files-obsidian/data.json' (6,899)
2024-02-16 00:43:10: Close Modified Folder (mod-time, acl): /.obsidian/plugins/recent-files-obsidian
2024-02-16 00:43:10: Close Modified Folder (mod-time, acl): /.obsidian
2024-02-16 00:43:10: 保持文件状态 /Users/IntoSoranohate/个人仓库/SHIP/_gsdata_/_file_state_v4._gs
2024-02-16 00:43:10: 保持文件状态 /Users/IntoSoranohate/Library/CloudStorage/OneDrive-个人/Shipy/_gsdata_/_file_state_v4._gs
2024-02-16 00:43:11: == 同步完成. 历时: 00:00:01, 速度: 0.00/s, 完成: 5, 错误: 0
