2024-02-14 23:36:06: -- 分析开始 Periodic Timer
2024-02-14 23:36:06: 左侧: 正在读取文件状态 /Users/IntoSoranohate/个人仓库/SHIP/_gsdata_/_file_state_v4._gs
2024-02-14 23:36:09: 右侧: 正在读取文件状态 gdrive://www.googleapis.com/shipy/_gsdata_/_file_state_v4._gs
2024-02-14 23:36:12: 变更：3， 冲突：0， 复制时间：0， 复制状态：0， 错误： 0, All: 613
2024-02-14 23:36:12: Left to Right: Copy File: 3 
2024-02-14 23:36:12: == 同步开始由 Periodic Timer
2024-02-14 23:36:12: ConnectCloned connected to file:///Users/IntoSoranohate/个人仓库/SHIP
2024-02-14 23:36:12: ConnectCloned connected to file:///Users/IntoSoranohate/个人仓库/SHIP
2024-02-14 23:36:12: ConnectCloned connected to file:///Users/IntoSoranohate/个人仓库/SHIP
2024-02-14 23:36:12: GsConnectAndSetRoot1 connected to gdrive://www.googleapis.com/shipy
2024-02-14 23:36:12: GsConnectAndSetRoot1 connected to gdrive://www.googleapis.com/shipy
2024-02-14 23:36:13: GsConnectAndSetRoot1 connected to gdrive://www.googleapis.com/shipy
2024-02-14 23:36:20: /Users/IntoSoranohate/个人仓库/SHIP/.obsidian/bookmarks.json: Source file has changed between Analyze and Sync from '[file] size=3,412 accu-time=2024-02-14 23:35:45 attr=Hidden644 cktype=0' to 'size=3,412 time=2024-02-14 23:36:08', noted in source file state
2024-02-14 23:36:20: 覆盖复制 '/Users/IntoSoranohate/个人仓库/SHIP/.obsidian/bookmarks.json' -> 'gdrive://www.googleapis.com/shipy/.obsidian/bookmarks.json' (3,412)
2024-02-14 23:36:21: 覆盖复制 '/Users/IntoSoranohate/个人仓库/SHIP/日记/2024-02-14_周三.md' -> 'gdrive://www.googleapis.com/shipy/日记/2024-02-14_周三.md' (1,325)
2024-02-14 23:36:22: /Users/IntoSoranohate/个人仓库/SHIP/.obsidian/workspace.json: Source file has changed between Analyze and Sync from '[file] size=8,160 accu-time=2024-02-14 23:35:45 attr=Hidden644 cktype=0' to 'size=8,160 time=2024-02-14 23:36:08', noted in source file state
2024-02-14 23:36:22: 覆盖复制 '/Users/IntoSoranohate/个人仓库/SHIP/.obsidian/workspace.json' -> 'gdrive://www.googleapis.com/shipy/.obsidian/workspace.json' (8,160)
2024-02-14 23:36:22: 保持文件状态 /Users/IntoSoranohate/个人仓库/SHIP/_gsdata_/_file_state_v4._gs
2024-02-14 23:36:24: 保持文件状态 gdrive://www.googleapis.com/shipy/_gsdata_/_file_state_v4._gs
2024-02-14 23:36:26: == 同步完成. 历时: 00:00:42, 速度: 419.00/s, 完成: 3, 错误: 0
