2024-02-11 21:29:55: -- 分析开始 Periodic Timer
2024-02-11 21:29:55: 左侧: 正在读取文件状态 /Users/IntoSoranohate/个人仓库/SHIP/_gsdata_/_file_state_v4._gs
2024-02-11 21:29:58: 右侧: 正在读取文件状态 gdrive://www.googleapis.com/shipy/_gsdata_/_file_state_v4._gs
2024-02-11 21:30:00: 变更：4， 冲突：0， 复制时间：0， 复制状态：0， 错误： 0, All: 584
2024-02-11 21:30:00: Left to Right: Copy File: 4 
2024-02-11 21:30:00: == 同步开始由 Periodic Timer
2024-02-11 21:30:01: ConnectCloned connected to file:///Users/IntoSoranohate/个人仓库/SHIP
2024-02-11 21:30:01: ConnectCloned connected to file:///Users/IntoSoranohate/个人仓库/SHIP
2024-02-11 21:30:01: ConnectCloned connected to file:///Users/IntoSoranohate/个人仓库/SHIP
2024-02-11 21:30:01: GsConnectAndSetRoot1 connected to gdrive://www.googleapis.com/shipy
2024-02-11 21:30:01: GsConnectAndSetRoot1 connected to gdrive://www.googleapis.com/shipy
2024-02-11 21:30:01: GsConnectAndSetRoot1 connected to gdrive://www.googleapis.com/shipy
2024-02-11 21:30:08: /Users/IntoSoranohate/个人仓库/SHIP/.obsidian/bookmarks.json: Source file has changed between Analyze and Sync from '[file] size=3,412 accu-time=2024-02-11 21:26:32 file-time=2024-02-11 21:26:33 attr=Hidden644 cktype=0' to 'size=3,412 time=2024-02-11 21:29:55', noted in source file state
2024-02-11 21:30:08: 覆盖复制 '/Users/IntoSoranohate/个人仓库/SHIP/.obsidian/bookmarks.json' -> 'gdrive://www.googleapis.com/shipy/.obsidian/bookmarks.json' (3,412)
2024-02-11 21:30:09: 覆盖复制 '/Users/IntoSoranohate/个人仓库/SHIP/日记/2024-02-11_周日.md' -> 'gdrive://www.googleapis.com/shipy/日记/2024-02-11_周日.md' (1,337)
2024-02-11 21:30:12: /Users/IntoSoranohate/个人仓库/SHIP/.obsidian/workspace.json: Source file has changed between Analyze and Sync from '[file] size=8,848 accu-time=2024-02-11 21:26:33 attr=Hidden644 cktype=0' to 'size=8,848 time=2024-02-11 21:29:56', noted in source file state
2024-02-11 21:30:12: 覆盖复制 '/Users/IntoSoranohate/个人仓库/SHIP/.obsidian/workspace.json' -> 'gdrive://www.googleapis.com/shipy/.obsidian/workspace.json' (8,848)
2024-02-11 21:30:14: 覆盖复制 '/Users/IntoSoranohate/个人仓库/SHIP/.obsidian/plugins/recent-files-obsidian/data.json' -> 'gdrive://www.googleapis.com/shipy/.obsidian/plugins/recent-files-obsidian/data.json' (5,162)
2024-02-11 21:30:14: 保持文件状态 /Users/IntoSoranohate/个人仓库/SHIP/_gsdata_/_file_state_v4._gs
2024-02-11 21:30:16: 保持文件状态 gdrive://www.googleapis.com/shipy/_gsdata_/_file_state_v4._gs
2024-02-11 21:30:18: == 同步完成. 历时: 00:00:25, 速度: 965.00/s, 完成: 4, 错误: 0
