2024-02-21 19:01:55: -- 分析开始 Periodic Timer
2024-02-21 19:01:55: 左侧: 正在读取文件状态 /Users/IntoSoranohate/个人仓库/SHIP/_gsdata_/_file_state_v4._gs
2024-02-21 19:01:58: 右侧: 正在读取文件状态 gdrive://www.googleapis.com/shipy/_gsdata_/_file_state_v4._gs
2024-02-21 19:02:00: 变更：13， 冲突：0， 复制时间：0， 复制状态：0， 错误： 0, All: 708
2024-02-21 19:02:00: Left to Right: Copy File: 13 
2024-02-21 19:02:00: == 同步开始由 Periodic Timer
2024-02-21 19:02:00: ConnectCloned connected to file:///Users/IntoSoranohate/个人仓库/SHIP
2024-02-21 19:02:00: ConnectCloned connected to file:///Users/IntoSoranohate/个人仓库/SHIP
2024-02-21 19:02:00: ConnectCloned connected to file:///Users/IntoSoranohate/个人仓库/SHIP
2024-02-21 19:02:00: GsConnectAndSetRoot1 connected to gdrive://www.googleapis.com/shipy
2024-02-21 19:02:00: GsConnectAndSetRoot1 connected to gdrive://www.googleapis.com/shipy
2024-02-21 19:02:03: GsConnectAndSetRoot1 connected to gdrive://www.googleapis.com/shipy
2024-02-21 19:02:08: 覆盖复制 '/Users/IntoSoranohate/个人仓库/SHIP/.obsidian/app.json' -> 'gdrive://www.googleapis.com/shipy/.obsidian/app.json' (206)
2024-02-21 19:02:09: /Users/IntoSoranohate/个人仓库/SHIP/.obsidian/bookmarks.json: Source file has changed between Analyze and Sync from '[file] size=3,411 accu-time=2024-02-21 18:53:56 file-time=2024-02-21 18:53:57 attr=Hidden644 cktype=0' to 'size=3,411 time=2024-02-21 19:01:55', noted in source file state
2024-02-21 19:02:09: 覆盖复制 '/Users/IntoSoranohate/个人仓库/SHIP/.obsidian/bookmarks.json' -> 'gdrive://www.googleapis.com/shipy/.obsidian/bookmarks.json' (3,411)
2024-02-21 19:02:11: 覆盖复制 '/Users/IntoSoranohate/个人仓库/SHIP/.obsidian/appearance.json' -> 'gdrive://www.googleapis.com/shipy/.obsidian/appearance.json' (739)
2024-02-21 19:02:13: 覆盖复制 '/Users/IntoSoranohate/个人仓库/SHIP/.obsidian/community-plugins.json' -> 'gdrive://www.googleapis.com/shipy/.obsidian/community-plugins.json' (594)
2024-02-21 19:02:15: 覆盖复制 '/Users/IntoSoranohate/个人仓库/SHIP/.obsidian/core-plugins-migration.json' -> 'gdrive://www.googleapis.com/shipy/.obsidian/core-plugins-migration.json' (637)
2024-02-21 19:02:19: 覆盖复制 '/Users/IntoSoranohate/个人仓库/SHIP/.obsidian/graph.json' -> 'gdrive://www.googleapis.com/shipy/.obsidian/graph.json' (511)
2024-02-21 19:02:22: /Users/IntoSoranohate/个人仓库/SHIP/.obsidian/workspace.json: Source file has changed between Analyze and Sync from '[file] size=8,847 accu-time=2024-02-21 18:53:56 file-time=2024-02-21 18:53:58 attr=Hidden644 cktype=0' to 'size=8,847 time=2024-02-21 19:01:56', noted in source file state
2024-02-21 19:02:22: 覆盖复制 '/Users/IntoSoranohate/个人仓库/SHIP/.obsidian/workspace.json' -> 'gdrive://www.googleapis.com/shipy/.obsidian/workspace.json' (8,847)
2024-02-21 19:02:48: Waiting for 29+4(120) sec on verb DELETE: Server says: Internal Server Error (status code 500): Internal Error
2024-02-21 19:02:53: Recovered the connection, continuing operations
2024-02-21 19:02:57: 覆盖复制 '/Users/IntoSoranohate/个人仓库/SHIP/.obsidian/plugins/calendar/data.json' -> 'gdrive://www.googleapis.com/shipy/.obsidian/plugins/calendar/data.json' (231)
2024-02-21 19:03:01: 覆盖复制 '/Users/IntoSoranohate/个人仓库/SHIP/.obsidian/plugins/recent-files-obsidian/data.json' -> 'gdrive://www.googleapis.com/shipy/.obsidian/plugins/recent-files-obsidian/data.json' (5,734)
2024-02-21 19:03:07: 覆盖复制 '/Users/IntoSoranohate/个人仓库/SHIP/.obsidian/plugins/table-editor-obsidian/data.json' -> 'gdrive://www.googleapis.com/shipy/.obsidian/plugins/table-editor-obsidian/data.json' (95)
2024-02-21 19:03:13: 覆盖复制 '/Users/IntoSoranohate/个人仓库/SHIP/.obsidian/workspaces.json' -> 'gdrive://www.googleapis.com/shipy/.obsidian/workspaces.json' (7,581)
2024-02-21 19:03:19: 覆盖复制 '/Users/IntoSoranohate/个人仓库/SHIP/.obsidian/core-plugins.json' -> 'gdrive://www.googleapis.com/shipy/.obsidian/core-plugins.json' (295)
2024-02-21 19:03:34: 覆盖复制 '/Users/IntoSoranohate/个人仓库/SHIP/.obsidian/plugins/obsidian-admonition/data.json' -> 'gdrive://www.googleapis.com/shipy/.obsidian/plugins/obsidian-admonition/data.json' (1,705)
2024-02-21 19:03:34: 保持文件状态 /Users/IntoSoranohate/个人仓库/SHIP/_gsdata_/_file_state_v4._gs
2024-02-21 19:03:36: 保持文件状态 gdrive://www.googleapis.com/shipy/_gsdata_/_file_state_v4._gs
2024-02-21 19:03:38: == 同步完成. 历时: 00:01:46, 速度: 606.00/s, 完成: 13, 错误: 0
