2024-02-10 22:50:31: -- 分析开始 Periodic Timer
2024-02-10 22:50:31: 左侧: 正在读取文件状态 /Users/IntoSoranohate/个人仓库/SHIP/_gsdata_/_file_state_v4._gs
2024-02-10 22:50:31: 右侧: 正在读取文件状态 /Users/IntoSoranohate/Library/CloudStorage/OneDrive-个人/Shipy/_gsdata_/_file_state_v4._gs
2024-02-10 22:50:31: 变更：17， 冲突：0， 复制时间：0， 复制状态：5， 错误： 0, All: 344
2024-02-10 22:50:31: Left to Right: Copy File: 16 Delete File: 1 
2024-02-10 22:50:31: == 同步开始由 Periodic Timer
2024-02-10 22:50:31: ConnectCloned connected to file:///Users/IntoSoranohate/个人仓库/SHIP
2024-02-10 22:50:31: ConnectCloned connected to file:///Users/IntoSoranohate/个人仓库/SHIP
2024-02-10 22:50:31: ConnectCloned connected to file:///Users/IntoSoranohate/个人仓库/SHIP
2024-02-10 22:50:31: ConnectCloned connected to file:///Users/IntoSoranohate/Library/CloudStorage/OneDrive-个人/Shipy
2024-02-10 22:50:31: ConnectCloned connected to file:///Users/IntoSoranohate/Library/CloudStorage/OneDrive-个人/Shipy
2024-02-10 22:50:31: ConnectCloned connected to file:///Users/IntoSoranohate/Library/CloudStorage/OneDrive-个人/Shipy
2024-02-10 22:50:31: 覆盖复制 '/Users/IntoSoranohate/个人仓库/SHIP/.obsidian/app.json' -> '/Users/IntoSoranohate/Library/CloudStorage/OneDrive-个人/Shipy/.obsidian/app.json' (206)
2024-02-10 22:50:31: 覆盖复制 '/Users/IntoSoranohate/个人仓库/SHIP/.obsidian/appearance.json' -> '/Users/IntoSoranohate/Library/CloudStorage/OneDrive-个人/Shipy/.obsidian/appearance.json' (385)
2024-02-10 22:50:31: 覆盖复制 '/Users/IntoSoranohate/个人仓库/SHIP/Setting/模板/存档.md' -> '/Users/IntoSoranohate/Library/CloudStorage/OneDrive-个人/Shipy/Setting/模板/存档.md' (3,585)
2024-02-10 22:50:31: 删除文件 /Users/IntoSoranohate/Library/CloudStorage/OneDrive-个人/Shipy/Setting/模板/template模板/Daily.md
2024-02-10 22:50:31: 覆盖复制 '/Users/IntoSoranohate/个人仓库/SHIP/.obsidian/bookmarks.json' -> '/Users/IntoSoranohate/Library/CloudStorage/OneDrive-个人/Shipy/.obsidian/bookmarks.json' (2,725)
2024-02-10 22:50:31: 覆盖复制 '/Users/IntoSoranohate/个人仓库/SHIP/.obsidian/community-plugins.json' -> '/Users/IntoSoranohate/Library/CloudStorage/OneDrive-个人/Shipy/.obsidian/community-plugins.json' (421)
2024-02-10 22:50:31: 覆盖复制 '/Users/IntoSoranohate/个人仓库/SHIP/.obsidian/core-plugins-migration.json' -> '/Users/IntoSoranohate/Library/CloudStorage/OneDrive-个人/Shipy/.obsidian/core-plugins-migration.json' (638)
2024-02-10 22:50:31: 覆盖复制 '/Users/IntoSoranohate/个人仓库/SHIP/.obsidian/core-plugins.json' -> '/Users/IntoSoranohate/Library/CloudStorage/OneDrive-个人/Shipy/.obsidian/core-plugins.json' (278)
2024-02-10 22:50:31: 覆盖复制 '/Users/IntoSoranohate/个人仓库/SHIP/.obsidian/graph.json' -> '/Users/IntoSoranohate/Library/CloudStorage/OneDrive-个人/Shipy/.obsidian/graph.json' (510)
2024-02-10 22:50:31: 覆盖复制 '/Users/IntoSoranohate/个人仓库/SHIP/.obsidian/workspace.json' -> '/Users/IntoSoranohate/Library/CloudStorage/OneDrive-个人/Shipy/.obsidian/workspace.json' (6,660)
2024-02-10 22:50:31: 覆盖复制 '/Users/IntoSoranohate/个人仓库/SHIP/.obsidian/plugins/calendar/data.json' -> '/Users/IntoSoranohate/Library/CloudStorage/OneDrive-个人/Shipy/.obsidian/plugins/calendar/data.json' (232)
2024-02-10 22:50:31: 覆盖复制 '/Users/IntoSoranohate/个人仓库/SHIP/.obsidian/plugins/obsidian-admonition/data.json' -> '/Users/IntoSoranohate/Library/CloudStorage/OneDrive-个人/Shipy/.obsidian/plugins/obsidian-admonition/data.json' (1,705)
2024-02-10 22:50:31: 覆盖复制 '/Users/IntoSoranohate/个人仓库/SHIP/.obsidian/plugins/obsidian-minimal-settings/data.json' -> '/Users/IntoSoranohate/Library/CloudStorage/OneDrive-个人/Shipy/.obsidian/plugins/obsidian-minimal-settings/data.json' (934)
2024-02-10 22:50:31: 覆盖复制 '/Users/IntoSoranohate/个人仓库/SHIP/.obsidian/plugins/recent-files-obsidian/data.json' -> '/Users/IntoSoranohate/Library/CloudStorage/OneDrive-个人/Shipy/.obsidian/plugins/recent-files-obsidian/data.json' (5,154)
2024-02-10 22:50:31: 覆盖复制 '/Users/IntoSoranohate/个人仓库/SHIP/.obsidian/plugins/table-editor-obsidian/data.json' -> '/Users/IntoSoranohate/Library/CloudStorage/OneDrive-个人/Shipy/.obsidian/plugins/table-editor-obsidian/data.json' (95)
2024-02-10 22:50:31: 新建复制 '/Users/IntoSoranohate/个人仓库/SHIP/未命名.md' -> '/Users/IntoSoranohate/Library/CloudStorage/OneDrive-个人/Shipy/未命名.md' (485)
2024-02-10 22:50:31: Close Modified Folder (mod-time, acl): /Setting/模板/template模板
2024-02-10 22:50:31: Close Modified Folder (mod-time, acl): /.obsidian/plugins/calendar
2024-02-10 22:50:31: Close Modified Folder (mod-time, acl): /.obsidian/plugins/obsidian-admonition
2024-02-10 22:50:31: Close Modified Folder (mod-time, acl): /.obsidian/plugins/obsidian-minimal-settings
2024-02-10 22:50:31: Close Modified Folder (mod-time, acl): /.obsidian/plugins/recent-files-obsidian
2024-02-10 22:50:31: Close Modified Folder (mod-time, acl): /.obsidian/plugins/table-editor-obsidian
2024-02-10 22:50:31: Close Modified Folder (mod-time, acl): /Setting/模板
2024-02-10 22:50:31: Close Modified Folder (mod-time, acl): /.obsidian
2024-02-10 22:50:31: 覆盖复制 '/Users/IntoSoranohate/个人仓库/SHIP/日记/2024-02-10_周六.md' -> '/Users/IntoSoranohate/Library/CloudStorage/OneDrive-个人/Shipy/日记/2024-02-10_周六.md' (1,490)
2024-02-10 22:50:31: Close Modified Folder (mod-time, acl): /日记
2024-02-10 22:50:31: 保持文件状态 /Users/IntoSoranohate/个人仓库/SHIP/_gsdata_/_file_state_v4._gs
2024-02-10 22:50:31: 保持文件状态 /Users/IntoSoranohate/Library/CloudStorage/OneDrive-个人/Shipy/_gsdata_/_file_state_v4._gs
2024-02-10 22:50:31: == 同步完成. 历时: 00:00:00, 速度: 0.00/s, 完成: 22, 错误: 0
