2024-02-21 10:25:46: -- 分析开始 Periodic Timer
2024-02-21 10:25:46: 左侧: 正在读取文件状态 /Users/IntoSoranohate/个人仓库/SHIP/_gsdata_/_file_state_v4._gs
2024-02-21 10:25:46: 右侧: 正在读取文件状态 /Users/IntoSoranohate/个人仓库/backup/_gsdata_/_file_state_v4._gs
2024-02-21 10:25:46: 变更：30， 冲突：0， 复制时间：0， 复制状态：0， 错误： 0, All: 658
2024-02-21 10:25:46: Left to Right: Copy File: 7 Delete File: 3 Rename/Move File/Folder: 20 
2024-02-21 10:25:46: == 同步开始由 Periodic Timer
2024-02-21 10:25:46: ConnectCloned connected to file:///Users/IntoSoranohate/个人仓库/SHIP
2024-02-21 10:25:46: ConnectCloned connected to file:///Users/IntoSoranohate/个人仓库/SHIP
2024-02-21 10:25:46: ConnectCloned connected to file:///Users/IntoSoranohate/个人仓库/backup
2024-02-21 10:25:46: ConnectCloned connected to file:///Users/IntoSoranohate/个人仓库/backup
2024-02-21 10:25:46: ConnectCloned connected to file:///Users/IntoSoranohate/个人仓库/SHIP
2024-02-21 10:25:46: ConnectCloned connected to file:///Users/IntoSoranohate/个人仓库/backup
2024-02-21 10:25:47: 覆盖复制 '/Users/IntoSoranohate/个人仓库/SHIP/.obsidian/bookmarks.json' -> '/Users/IntoSoranohate/个人仓库/backup/.obsidian/bookmarks.json' (3,412)
2024-02-21 10:25:47: 创建文件夹 /Users/IntoSoranohate/个人仓库/backup/Setting/components
2024-02-21 10:25:47: 创建文件夹 /Users/IntoSoranohate/个人仓库/backup/Setting/components/ReactJS
2024-02-21 10:25:47: 移动文件 /Users/IntoSoranohate/个人仓库/backup/Setting/组件/ReactJS/ColorfulClock.md -> /Users/IntoSoranohate/个人仓库/backup/Setting/components/ReactJS/ColorfulClock.md
2024-02-21 10:25:47: 移动文件 /Users/IntoSoranohate/个人仓库/backup/Setting/组件/ReactJS/DigitalClock.md -> /Users/IntoSoranohate/个人仓库/backup/Setting/components/ReactJS/DigitalClock.md
2024-02-21 10:25:47: 移动文件 /Users/IntoSoranohate/个人仓库/backup/Setting/组件/ReactJS/react_weather.md -> /Users/IntoSoranohate/个人仓库/backup/Setting/components/ReactJS/react_weather.md
2024-02-21 10:25:47: 覆盖复制 '/Users/IntoSoranohate/个人仓库/SHIP/.obsidian/plugins/recent-files-obsidian/data.json' -> '/Users/IntoSoranohate/个人仓库/backup/.obsidian/plugins/recent-files-obsidian/data.json' (5,652)
2024-02-21 10:25:47: 创建文件夹 /Users/IntoSoranohate/个人仓库/backup/Setting/components/script
2024-02-21 10:25:47: 移动文件 /Users/IntoSoranohate/个人仓库/backup/Setting/组件/彩色时钟.md -> /Users/IntoSoranohate/个人仓库/backup/Setting/components/彩色时钟.md
2024-02-21 10:25:47: 移动文件 /Users/IntoSoranohate/个人仓库/backup/Setting/组件/script/changeInlineToYaml.js -> /Users/IntoSoranohate/个人仓库/backup/Setting/components/script/changeInlineToYaml.js
2024-02-21 10:25:47: 移动文件 /Users/IntoSoranohate/个人仓库/backup/Setting/组件/script/colorclock.js -> /Users/IntoSoranohate/个人仓库/backup/Setting/components/script/colorclock.js
2024-02-21 10:25:47: 移动文件 /Users/IntoSoranohate/个人仓库/backup/Setting/组件/script/dv_project_tracking.js -> /Users/IntoSoranohate/个人仓库/backup/Setting/components/script/dv_project_tracking.js
2024-02-21 10:25:47: 移动文件 /Users/IntoSoranohate/个人仓库/backup/Setting/组件/script/dv_weatherSvg.js -> /Users/IntoSoranohate/个人仓库/backup/Setting/components/script/dv_weatherSvg.js
2024-02-21 10:25:47: 移动文件 /Users/IntoSoranohate/个人仓库/backup/Setting/组件/script/dv_weatherView.js -> /Users/IntoSoranohate/个人仓库/backup/Setting/components/script/dv_weatherView.js
2024-02-21 10:25:47: 移动文件 /Users/IntoSoranohate/个人仓库/backup/Setting/组件/最近天气查询.md -> /Users/IntoSoranohate/个人仓库/backup/Setting/components/最近天气查询.md
2024-02-21 10:25:47: 新建复制 '/Users/IntoSoranohate/个人仓库/SHIP/Setting/components/项目追踪（完成的字数和任务）.md' -> '/Users/IntoSoranohate/个人仓库/backup/Setting/components/项目追踪（完成的字数和任务）.md' (13,559)
2024-02-21 10:25:47: 覆盖复制 '/Users/IntoSoranohate/个人仓库/SHIP/.obsidian/workspace.json' -> '/Users/IntoSoranohate/个人仓库/backup/.obsidian/workspace.json' (8,338)
2024-02-21 10:25:47: Close Modified Folder (mod-time, acl): /Setting/components/ReactJS
2024-02-21 10:25:47: 删除文件夹 /Users/IntoSoranohate/个人仓库/backup/Setting/组件/ReactJS
2024-02-21 10:25:47: Close Modified Folder (mod-time, acl): /.obsidian/plugins/recent-files-obsidian
2024-02-21 10:25:47: Close Modified Folder (mod-time, acl): /Setting/components/script
2024-02-21 10:25:47: Close Modified Folder (mod-time, acl): /Setting/components
2024-02-21 10:25:47: 删除文件夹 /Users/IntoSoranohate/个人仓库/backup/Setting/组件/script
2024-02-21 10:25:47: Close Modified Folder (mod-time, acl): /.obsidian
2024-02-21 10:25:47: 删除文件夹 /Users/IntoSoranohate/个人仓库/backup/Setting/组件
2024-02-21 10:25:47: Close Modified Folder (mod-time, acl): /Setting
2024-02-21 10:25:47: 保持文件状态 /Users/IntoSoranohate/个人仓库/SHIP/_gsdata_/_file_state_v4._gs
2024-02-21 10:25:47: 保持文件状态 /Users/IntoSoranohate/个人仓库/backup/_gsdata_/_file_state_v4._gs
2024-02-21 10:25:47: == 同步完成. 历时: 00:00:01, 速度: 0.00/s, 完成: 30, 错误: 0
