2024-02-11 11:47:05: -- 分析开始 Periodic Timer
2024-02-11 11:47:05: 左侧: 正在读取文件状态 /Users/IntoSoranohate/个人仓库/SHIP/_gsdata_/_file_state_v4._gs
2024-02-11 11:47:05: 右侧: 正在读取文件状态 /Users/IntoSoranohate/个人仓库/backup/_gsdata_/_file_state_v4._gs
2024-02-11 11:47:05: 变更：17， 冲突：0， 复制时间：0， 复制状态：0， 错误： 0, All: 500
2024-02-11 11:47:05: Left to Right: Copy File: 17 
2024-02-11 11:47:05: == 同步开始由 Periodic Timer
2024-02-11 11:47:05: ConnectCloned connected to file:///Users/IntoSoranohate/个人仓库/SHIP
2024-02-11 11:47:05: ConnectCloned connected to file:///Users/IntoSoranohate/个人仓库/SHIP
2024-02-11 11:47:05: ConnectCloned connected to file:///Users/IntoSoranohate/个人仓库/SHIP
2024-02-11 11:47:05: ConnectCloned connected to file:///Users/IntoSoranohate/个人仓库/backup
2024-02-11 11:47:05: ConnectCloned connected to file:///Users/IntoSoranohate/个人仓库/backup
2024-02-11 11:47:05: ConnectCloned connected to file:///Users/IntoSoranohate/个人仓库/backup
2024-02-11 11:47:05: 覆盖复制 '/Users/IntoSoranohate/个人仓库/SHIP/.obsidian/bookmarks.json' -> '/Users/IntoSoranohate/个人仓库/backup/.obsidian/bookmarks.json' (2,725)
2024-02-11 11:47:05: 覆盖复制 '/Users/IntoSoranohate/个人仓库/SHIP/.obsidian/community-plugins.json' -> '/Users/IntoSoranohate/个人仓库/backup/.obsidian/community-plugins.json' (602)
2024-02-11 11:47:05: 创建文件夹 /Users/IntoSoranohate/个人仓库/backup/Setting/Files/词典
2024-02-11 11:47:05: 覆盖复制 '/Users/IntoSoranohate/个人仓库/SHIP/.obsidian/core-plugins-migration.json' -> '/Users/IntoSoranohate/个人仓库/backup/.obsidian/core-plugins-migration.json' (637)
2024-02-11 11:47:05: 覆盖复制 '/Users/IntoSoranohate/个人仓库/SHIP/.obsidian/core-plugins.json' -> '/Users/IntoSoranohate/个人仓库/backup/.obsidian/core-plugins.json' (295)
2024-02-11 11:47:05: 覆盖复制 '/Users/IntoSoranohate/个人仓库/SHIP/.obsidian/graph.json' -> '/Users/IntoSoranohate/个人仓库/backup/.obsidian/graph.json' (511)
2024-02-11 11:47:05: 覆盖复制 '/Users/IntoSoranohate/个人仓库/SHIP/.obsidian/workspace.json' -> '/Users/IntoSoranohate/个人仓库/backup/.obsidian/workspace.json' (8,219)
2024-02-11 11:47:05: 创建文件夹 /Users/IntoSoranohate/个人仓库/backup/.obsidian/plugins/obsidian-dictionary-plugin
2024-02-11 11:47:05: 新建复制 '/Users/IntoSoranohate/个人仓库/SHIP/.obsidian/plugins/obsidian-dictionary-plugin/cache.json' -> '/Users/IntoSoranohate/个人仓库/backup/.obsidian/plugins/obsidian-dictionary-plugin/cache.json' (2)
2024-02-11 11:47:05: > 新建复制 '/Users/IntoSoranohate/个人仓库/SHIP/.obsidian/plugins/obsidian-wordnet-plugin/dict-WordNet.json' -> '/Users/IntoSoranohate/个人仓库/backup/.obsidian/plugins/obsidian-wordnet-plugin/dict-WordNet.json' (30,475,996)
2024-02-11 11:47:05: < 新建复制 '/Users/IntoSoranohate/个人仓库/SHIP/.obsidian/plugins/obsidian-wordnet-plugin/dict-WordNet.json' -> '/Users/IntoSoranohate/个人仓库/backup/.obsidian/plugins/obsidian-wordnet-plugin/dict-WordNet.json' (30,475,996)
2024-02-11 11:47:05: 新建复制 '/Users/IntoSoranohate/个人仓库/SHIP/.obsidian/plugins/obsidian-dictionary-plugin/data.json' -> '/Users/IntoSoranohate/个人仓库/backup/.obsidian/plugins/obsidian-dictionary-plugin/data.json' (2,063)
2024-02-11 11:47:05: 新建复制 '/Users/IntoSoranohate/个人仓库/SHIP/.obsidian/plugins/obsidian-dictionary-plugin/main.js' -> '/Users/IntoSoranohate/个人仓库/backup/.obsidian/plugins/obsidian-dictionary-plugin/main.js' (274,544)
2024-02-11 11:47:05: 新建复制 '/Users/IntoSoranohate/个人仓库/SHIP/.obsidian/plugins/obsidian-dictionary-plugin/manifest.json' -> '/Users/IntoSoranohate/个人仓库/backup/.obsidian/plugins/obsidian-dictionary-plugin/manifest.json' (295)
2024-02-11 11:47:05: > 新建复制 '/Users/IntoSoranohate/个人仓库/SHIP/.obsidian/plugins/obsidian-dictionary-plugin/offlineDictionary.json' -> '/Users/IntoSoranohate/个人仓库/backup/.obsidian/plugins/obsidian-dictionary-plugin/offlineDictionary.json' (33,321,749)
2024-02-11 11:47:05: < 新建复制 '/Users/IntoSoranohate/个人仓库/SHIP/.obsidian/plugins/obsidian-dictionary-plugin/offlineDictionary.json' -> '/Users/IntoSoranohate/个人仓库/backup/.obsidian/plugins/obsidian-dictionary-plugin/offlineDictionary.json' (33,321,749)
2024-02-11 11:47:05: 新建复制 '/Users/IntoSoranohate/个人仓库/SHIP/.obsidian/plugins/obsidian-dictionary-plugin/styles.css' -> '/Users/IntoSoranohate/个人仓库/backup/.obsidian/plugins/obsidian-dictionary-plugin/styles.css' (555)
2024-02-11 11:47:05: 覆盖复制 '/Users/IntoSoranohate/个人仓库/SHIP/.obsidian/workspaces.json' -> '/Users/IntoSoranohate/个人仓库/backup/.obsidian/workspaces.json' (6,837)
2024-02-11 11:47:05: Close Modified Folder (mod-time, acl): /Setting/Files
2024-02-11 11:47:05: Close Modified Folder (mod-time, acl): /.obsidian/plugins/obsidian-wordnet-plugin
2024-02-11 11:47:05: Close Modified Folder (mod-time, acl): /.obsidian/plugins/obsidian-dictionary-plugin
2024-02-11 11:47:05: 覆盖复制 '/Users/IntoSoranohate/个人仓库/SHIP/.obsidian/plugins/recent-files-obsidian/data.json' -> '/Users/IntoSoranohate/个人仓库/backup/.obsidian/plugins/recent-files-obsidian/data.json' (4,952)
2024-02-11 11:47:06: Close Modified Folder (mod-time, acl): /.obsidian/plugins/recent-files-obsidian
2024-02-11 11:47:06: Close Modified Folder (mod-time, acl): /.obsidian/plugins
2024-02-11 11:47:06: Close Modified Folder (mod-time, acl): /.obsidian
2024-02-11 11:47:06: 保持文件状态 /Users/IntoSoranohate/个人仓库/SHIP/_gsdata_/_file_state_v4._gs
2024-02-11 11:47:06: 保持文件状态 /Users/IntoSoranohate/个人仓库/backup/_gsdata_/_file_state_v4._gs
2024-02-11 11:47:06: == 同步完成. 历时: 00:00:01, 速度: 0.00/s, 完成: 17, 错误: 0
