2024-02-19 11:11:14: -- 分析开始 Periodic Timer
2024-02-19 11:11:14: 左侧: 正在读取文件状态 /Users/IntoSoranohate/个人仓库/SHIP/_gsdata_/_file_state_v4._gs
2024-02-19 11:11:17: 右侧: 正在读取文件状态 gdrive://www.googleapis.com/shipy/_gsdata_/_file_state_v4._gs
2024-02-19 11:11:19: 变更：3， 冲突：0， 复制时间：0， 复制状态：0， 错误： 0, All: 626
2024-02-19 11:11:19: Left to Right: Copy File: 3 
2024-02-19 11:11:19: == 同步开始由 Periodic Timer
2024-02-19 11:11:19: ConnectCloned connected to file:///Users/IntoSoranohate/个人仓库/SHIP
2024-02-19 11:11:19: ConnectCloned connected to file:///Users/IntoSoranohate/个人仓库/SHIP
2024-02-19 11:11:19: ConnectCloned connected to file:///Users/IntoSoranohate/个人仓库/SHIP
2024-02-19 11:11:19: GsConnectAndSetRoot1 connected to gdrive://www.googleapis.com/shipy
2024-02-19 11:11:20: GsConnectAndSetRoot1 connected to gdrive://www.googleapis.com/shipy
2024-02-19 11:11:20: GsConnectAndSetRoot1 connected to gdrive://www.googleapis.com/shipy
2024-02-19 11:11:28: /Users/IntoSoranohate/个人仓库/SHIP/.obsidian/workspace.json: Source file has changed between Analyze and Sync from '[file] size=8,453 accu-time=2024-02-19 11:10:35 attr=Hidden644 cktype=0' to 'size=8,453 time=2024-02-19 11:11:16', noted in source file state
2024-02-19 11:11:28: 覆盖复制 '/Users/IntoSoranohate/个人仓库/SHIP/.obsidian/workspace.json' -> 'gdrive://www.googleapis.com/shipy/.obsidian/workspace.json' (8,453)
2024-02-19 11:11:28: /Users/IntoSoranohate/个人仓库/SHIP/.obsidian/bookmarks.json: Source file has changed between Analyze and Sync from '[file] size=3,412 accu-time=2024-02-19 11:10:35 attr=Hidden644 cktype=0' to 'size=3,412 time=2024-02-19 11:11:16', noted in source file state
2024-02-19 11:11:28: 覆盖复制 '/Users/IntoSoranohate/个人仓库/SHIP/.obsidian/bookmarks.json' -> 'gdrive://www.googleapis.com/shipy/.obsidian/bookmarks.json' (3,412)
2024-02-19 11:11:30: 覆盖复制 '/Users/IntoSoranohate/个人仓库/SHIP/.obsidian/plugins/recent-files-obsidian/data.json' -> 'gdrive://www.googleapis.com/shipy/.obsidian/plugins/recent-files-obsidian/data.json' (6,494)
2024-02-19 11:11:30: 保持文件状态 /Users/IntoSoranohate/个人仓库/SHIP/_gsdata_/_file_state_v4._gs
2024-02-19 11:11:32: 保持文件状态 gdrive://www.googleapis.com/shipy/_gsdata_/_file_state_v4._gs
2024-02-19 11:11:34: == 同步完成. 历时: 00:00:22, 速度: 952.00/s, 完成: 3, 错误: 0
