2024-02-21 09:55:40: -- 分析开始 Periodic Timer
2024-02-21 09:55:40: 左侧: 正在读取文件状态 /Users/IntoSoranohate/个人仓库/SHIP/_gsdata_/_file_state_v4._gs
2024-02-21 09:55:40: 右侧: 正在读取文件状态 /Users/IntoSoranohate/个人仓库/backup/_gsdata_/_file_state_v4._gs
2024-02-21 09:55:40: 变更：3， 冲突：0， 复制时间：0， 复制状态：0， 错误： 0, All: 644
2024-02-21 09:55:40: Left to Right: Copy File: 3 
2024-02-21 09:55:40: == 同步开始由 Periodic Timer
2024-02-21 09:55:40: ConnectCloned connected to file:///Users/IntoSoranohate/个人仓库/SHIP
2024-02-21 09:55:40: ConnectCloned connected to file:///Users/IntoSoranohate/个人仓库/SHIP
2024-02-21 09:55:40: ConnectCloned connected to file:///Users/IntoSoranohate/个人仓库/backup
2024-02-21 09:55:40: ConnectCloned connected to file:///Users/IntoSoranohate/个人仓库/SHIP
2024-02-21 09:55:40: ConnectCloned connected to file:///Users/IntoSoranohate/个人仓库/backup
2024-02-21 09:55:40: ConnectCloned connected to file:///Users/IntoSoranohate/个人仓库/backup
2024-02-21 09:55:41: 覆盖复制 '/Users/IntoSoranohate/个人仓库/SHIP/Setting/组件/最近天气查询.md' -> '/Users/IntoSoranohate/个人仓库/backup/Setting/组件/最近天气查询.md' (558)
2024-02-21 09:55:41: 覆盖复制 '/Users/IntoSoranohate/个人仓库/SHIP/.obsidian/plugins/recent-files-obsidian/data.json' -> '/Users/IntoSoranohate/个人仓库/backup/.obsidian/plugins/recent-files-obsidian/data.json' (5,474)
2024-02-21 09:55:41: Close Modified Folder (mod-time, acl): /Setting/组件
2024-02-21 09:55:41: Close Modified Folder (mod-time, acl): /.obsidian/plugins/recent-files-obsidian
2024-02-21 09:55:41: 覆盖复制 '/Users/IntoSoranohate/个人仓库/SHIP/.obsidian/workspace.json' -> '/Users/IntoSoranohate/个人仓库/backup/.obsidian/workspace.json' (8,113)
2024-02-21 09:55:41: Close Modified Folder (mod-time, acl): /.obsidian
2024-02-21 09:55:41: 保持文件状态 /Users/IntoSoranohate/个人仓库/SHIP/_gsdata_/_file_state_v4._gs
2024-02-21 09:55:41: 保持文件状态 /Users/IntoSoranohate/个人仓库/backup/_gsdata_/_file_state_v4._gs
2024-02-21 09:55:41: == 同步完成. 历时: 00:00:01, 速度: 0.00/s, 完成: 3, 错误: 0
