2024-02-19 09:10:12: -- 分析开始 Periodic Timer
2024-02-19 09:10:12: 左侧: 正在读取文件状态 /Users/IntoSoranohate/个人仓库/SHIP/_gsdata_/_file_state_v4._gs
2024-02-19 09:10:16: 右侧: 正在读取文件状态 gdrive://www.googleapis.com/shipy/_gsdata_/_file_state_v4._gs
2024-02-19 09:10:18: 变更：22， 冲突：0， 复制时间：0， 复制状态：0， 错误： 0, All: 626
2024-02-19 09:10:18: Left to Right: Copy File: 19 Delete File: 3 
2024-02-19 09:10:18: == 同步开始由 Periodic Timer
2024-02-19 09:10:19: ConnectCloned connected to file:///Users/IntoSoranohate/个人仓库/SHIP
2024-02-19 09:10:19: ConnectCloned connected to file:///Users/IntoSoranohate/个人仓库/SHIP
2024-02-19 09:10:19: ConnectCloned connected to file:///Users/IntoSoranohate/个人仓库/SHIP
2024-02-19 09:10:19: GsConnectAndSetRoot1 connected to gdrive://www.googleapis.com/shipy
2024-02-19 09:10:19: GsConnectAndSetRoot1 connected to gdrive://www.googleapis.com/shipy
2024-02-19 09:10:20: GsConnectAndSetRoot1 connected to gdrive://www.googleapis.com/shipy
2024-02-19 09:10:25: 新建复制 '/Users/IntoSoranohate/个人仓库/SHIP/日记/2024-02-19_周一.md' -> 'gdrive://www.googleapis.com/shipy/日记/2024-02-19_周一.md' (1,255)
2024-02-19 09:10:26: 覆盖复制 '/Users/IntoSoranohate/个人仓库/SHIP/.obsidian/app.json' -> 'gdrive://www.googleapis.com/shipy/.obsidian/app.json' (206)
2024-02-19 09:10:28: 覆盖复制 '/Users/IntoSoranohate/个人仓库/SHIP/日记/2024-02-18_周日.md' -> 'gdrive://www.googleapis.com/shipy/日记/2024-02-18_周日.md' (1,232)
2024-02-19 09:10:32: 覆盖复制 '/Users/IntoSoranohate/个人仓库/SHIP/.obsidian/bookmarks.json' -> 'gdrive://www.googleapis.com/shipy/.obsidian/bookmarks.json' (3,412)
2024-02-19 09:10:33: 覆盖复制 '/Users/IntoSoranohate/个人仓库/SHIP/.obsidian/appearance.json' -> 'gdrive://www.googleapis.com/shipy/.obsidian/appearance.json' (717)
2024-02-19 09:10:33: 覆盖复制 '/Users/IntoSoranohate/个人仓库/SHIP/.obsidian/community-plugins.json' -> 'gdrive://www.googleapis.com/shipy/.obsidian/community-plugins.json' (570)
2024-02-19 09:10:37: 覆盖复制 '/Users/IntoSoranohate/个人仓库/SHIP/.obsidian/core-plugins-migration.json' -> 'gdrive://www.googleapis.com/shipy/.obsidian/core-plugins-migration.json' (637)
2024-02-19 09:10:39: 覆盖复制 '/Users/IntoSoranohate/个人仓库/SHIP/.obsidian/core-plugins.json' -> 'gdrive://www.googleapis.com/shipy/.obsidian/core-plugins.json' (295)
2024-02-19 09:10:41: 覆盖复制 '/Users/IntoSoranohate/个人仓库/SHIP/.obsidian/graph.json' -> 'gdrive://www.googleapis.com/shipy/.obsidian/graph.json' (511)
2024-02-19 09:10:42: 覆盖复制 '/Users/IntoSoranohate/个人仓库/SHIP/.obsidian/hotkeys.json' -> 'gdrive://www.googleapis.com/shipy/.obsidian/hotkeys.json' (1,442)
2024-02-19 09:10:45: /Users/IntoSoranohate/个人仓库/SHIP/.obsidian/workspace.json: Source file has changed between Analyze and Sync from '[file] size=8,377 accu-time=2024-02-19 09:10:10 attr=Hidden644 cktype=0' to 'size=8,377 time=2024-02-19 09:10:13', noted in source file state
2024-02-19 09:10:45: 覆盖复制 '/Users/IntoSoranohate/个人仓库/SHIP/.obsidian/workspace.json' -> 'gdrive://www.googleapis.com/shipy/.obsidian/workspace.json' (8,377)
2024-02-19 09:10:47: 覆盖复制 '/Users/IntoSoranohate/个人仓库/SHIP/.obsidian/plugins/calendar/data.json' -> 'gdrive://www.googleapis.com/shipy/.obsidian/plugins/calendar/data.json' (231)
2024-02-19 09:10:48: 删除文件 gdrive://www.googleapis.com/shipy/.obsidian/plugins/obsidian-mind-map/main.js
2024-02-19 09:10:49: 覆盖复制 '/Users/IntoSoranohate/个人仓库/SHIP/.obsidian/plugins/obsidian-admonition/data.json' -> 'gdrive://www.googleapis.com/shipy/.obsidian/plugins/obsidian-admonition/data.json' (1,705)
2024-02-19 09:10:49: 删除文件 gdrive://www.googleapis.com/shipy/.obsidian/plugins/obsidian-mind-map/manifest.json
2024-02-19 09:10:54: 覆盖复制 '/Users/IntoSoranohate/个人仓库/SHIP/.obsidian/plugins/obsidian-minimal-settings/data.json' -> 'gdrive://www.googleapis.com/shipy/.obsidian/plugins/obsidian-minimal-settings/data.json' (934)
2024-02-19 09:10:55: 覆盖复制 '/Users/IntoSoranohate/个人仓库/SHIP/.obsidian/plugins/obsidian-tasks-plugin/data.json' -> 'gdrive://www.googleapis.com/shipy/.obsidian/plugins/obsidian-tasks-plugin/data.json' (1,652)
2024-02-19 09:10:58: 覆盖复制 '/Users/IntoSoranohate/个人仓库/SHIP/.obsidian/plugins/quickadd/data.json' -> 'gdrive://www.googleapis.com/shipy/.obsidian/plugins/quickadd/data.json' (4,600)
2024-02-19 09:11:01: 覆盖复制 '/Users/IntoSoranohate/个人仓库/SHIP/.obsidian/plugins/recent-files-obsidian/data.json' -> 'gdrive://www.googleapis.com/shipy/.obsidian/plugins/recent-files-obsidian/data.json' (6,494)
2024-02-19 09:11:03: 覆盖复制 '/Users/IntoSoranohate/个人仓库/SHIP/.obsidian/workspaces.json' -> 'gdrive://www.googleapis.com/shipy/.obsidian/workspaces.json' (7,043)
2024-02-19 09:11:03: 删除文件夹 gdrive://www.googleapis.com/shipy/.obsidian/plugins/obsidian-mind-map
2024-02-19 09:11:03: 覆盖复制 '/Users/IntoSoranohate/个人仓库/SHIP/.obsidian/plugins/table-editor-obsidian/data.json' -> 'gdrive://www.googleapis.com/shipy/.obsidian/plugins/table-editor-obsidian/data.json' (95)
2024-02-19 09:11:03: 保持文件状态 /Users/IntoSoranohate/个人仓库/SHIP/_gsdata_/_file_state_v4._gs
2024-02-19 09:11:05: 保持文件状态 gdrive://www.googleapis.com/shipy/_gsdata_/_file_state_v4._gs
2024-02-19 09:11:07: == 同步完成. 历时: 00:00:57, 速度: 2.49 KB/s, 完成: 22, 错误: 0
