2024-02-14 00:05:21: -- 分析开始 Periodic Timer
2024-02-14 00:05:21: 左侧: 正在读取文件状态 /Users/IntoSoranohate/个人仓库/SHIP/_gsdata_/_file_state_v4._gs
2024-02-14 00:05:24: 右侧: 正在读取文件状态 gdrive://www.googleapis.com/shipy/_gsdata_/_file_state_v4._gs
2024-02-14 00:05:27: 变更：5， 冲突：0， 复制时间：0， 复制状态：0， 错误： 0, All: 611
2024-02-14 00:05:27: Left to Right: Copy File: 5 
2024-02-14 00:05:27: == 同步开始由 Periodic Timer
2024-02-14 00:05:27: ConnectCloned connected to file:///Users/IntoSoranohate/个人仓库/SHIP
2024-02-14 00:05:27: ConnectCloned connected to file:///Users/IntoSoranohate/个人仓库/SHIP
2024-02-14 00:05:27: ConnectCloned connected to file:///Users/IntoSoranohate/个人仓库/SHIP
2024-02-14 00:05:27: GsConnectAndSetRoot1 connected to gdrive://www.googleapis.com/shipy
2024-02-14 00:05:28: GsConnectAndSetRoot1 connected to gdrive://www.googleapis.com/shipy
2024-02-14 00:05:30: GsConnectAndSetRoot1 connected to gdrive://www.googleapis.com/shipy
2024-02-14 00:05:35: /Users/IntoSoranohate/个人仓库/SHIP/.obsidian/bookmarks.json: Source file has changed between Analyze and Sync from '[file] size=3,412 accu-time=2024-02-14 00:05:03 attr=Hidden644 cktype=0' to 'size=3,412 time=2024-02-14 00:05:22', noted in source file state
2024-02-14 00:05:35: 覆盖复制 '/Users/IntoSoranohate/个人仓库/SHIP/.obsidian/bookmarks.json' -> 'gdrive://www.googleapis.com/shipy/.obsidian/bookmarks.json' (3,412)
2024-02-14 00:05:37: 覆盖复制 '/Users/IntoSoranohate/个人仓库/SHIP/日记/2024-02-12_周一.md' -> 'gdrive://www.googleapis.com/shipy/日记/2024-02-12_周一.md' (1,509)
2024-02-14 00:05:39: /Users/IntoSoranohate/个人仓库/SHIP/.obsidian/workspace.json: Source file has changed between Analyze and Sync from '[file] size=8,139 accu-time=2024-02-14 00:05:03 attr=Hidden644 cktype=0' to 'size=8,139 time=2024-02-14 00:05:22', noted in source file state
2024-02-14 00:05:39: 覆盖复制 '/Users/IntoSoranohate/个人仓库/SHIP/.obsidian/workspace.json' -> 'gdrive://www.googleapis.com/shipy/.obsidian/workspace.json' (8,139)
2024-02-14 00:05:41: 覆盖复制 '/Users/IntoSoranohate/个人仓库/SHIP/.obsidian/plugins/recent-files-obsidian/data.json' -> 'gdrive://www.googleapis.com/shipy/.obsidian/plugins/recent-files-obsidian/data.json' (6,940)
2024-02-14 00:05:41: 新建复制 '/Users/IntoSoranohate/个人仓库/SHIP/闪念笔记/摘抄/绘画对人的影响.md' -> 'gdrive://www.googleapis.com/shipy/闪念笔记/摘抄/绘画对人的影响.md' (196)
2024-02-14 00:05:41: 保持文件状态 /Users/IntoSoranohate/个人仓库/SHIP/_gsdata_/_file_state_v4._gs
2024-02-14 00:05:43: 保持文件状态 gdrive://www.googleapis.com/shipy/_gsdata_/_file_state_v4._gs
2024-02-14 00:05:46: == 同步完成. 历时: 00:00:27, 速度: 1.14 KB/s, 完成: 5, 错误: 0
