2024-02-22 09:03:29: -- 分析开始 Periodic Timer
2024-02-22 09:03:29: 左侧: 正在读取文件状态 /Users/IntoSoranohate/个人仓库/SHIP/_gsdata_/_file_state_v4._gs
2024-02-22 09:03:33: 右侧: 正在读取文件状态 gdrive://www.googleapis.com/shipy/_gsdata_/_file_state_v4._gs
2024-02-22 09:03:35: 变更：15， 冲突：0， 复制时间：0， 复制状态：0， 错误： 0, All: 710
2024-02-22 09:03:35: Left to Right: Copy File: 15 
2024-02-22 09:03:35: == 同步开始由 Periodic Timer
2024-02-22 09:03:35: ConnectCloned connected to file:///Users/IntoSoranohate/个人仓库/SHIP
2024-02-22 09:03:35: ConnectCloned connected to file:///Users/IntoSoranohate/个人仓库/SHIP
2024-02-22 09:03:35: ConnectCloned connected to file:///Users/IntoSoranohate/个人仓库/SHIP
2024-02-22 09:03:35: GsConnectAndSetRoot1 connected to gdrive://www.googleapis.com/shipy
2024-02-22 09:03:36: GsConnectAndSetRoot1 connected to gdrive://www.googleapis.com/shipy
2024-02-22 09:03:36: GsConnectAndSetRoot1 connected to gdrive://www.googleapis.com/shipy
2024-02-22 09:03:43: 覆盖复制 '/Users/IntoSoranohate/个人仓库/SHIP/.obsidian/.diary-stats' -> 'gdrive://www.googleapis.com/shipy/.obsidian/.diary-stats' (475,157)
2024-02-22 09:03:43: 覆盖复制 '/Users/IntoSoranohate/个人仓库/SHIP/.obsidian/app.json' -> 'gdrive://www.googleapis.com/shipy/.obsidian/app.json' (206)
2024-02-22 09:03:45: 覆盖复制 '/Users/IntoSoranohate/个人仓库/SHIP/.obsidian/appearance.json' -> 'gdrive://www.googleapis.com/shipy/.obsidian/appearance.json' (773)
2024-02-22 09:03:49: 覆盖复制 '/Users/IntoSoranohate/个人仓库/SHIP/.obsidian/community-plugins.json' -> 'gdrive://www.googleapis.com/shipy/.obsidian/community-plugins.json' (594)
2024-02-22 09:03:50: 覆盖复制 '/Users/IntoSoranohate/个人仓库/SHIP/.obsidian/bookmarks.json' -> 'gdrive://www.googleapis.com/shipy/.obsidian/bookmarks.json' (3,411)
2024-02-22 09:03:51: 覆盖复制 '/Users/IntoSoranohate/个人仓库/SHIP/.obsidian/core-plugins-migration.json' -> 'gdrive://www.googleapis.com/shipy/.obsidian/core-plugins-migration.json' (637)
2024-02-22 09:03:53: 覆盖复制 '/Users/IntoSoranohate/个人仓库/SHIP/.obsidian/core-plugins.json' -> 'gdrive://www.googleapis.com/shipy/.obsidian/core-plugins.json' (295)
2024-02-22 09:03:54: 覆盖复制 '/Users/IntoSoranohate/个人仓库/SHIP/.obsidian/graph.json' -> 'gdrive://www.googleapis.com/shipy/.obsidian/graph.json' (511)
2024-02-22 09:03:58: 覆盖复制 '/Users/IntoSoranohate/个人仓库/SHIP/.obsidian/workspace.json' -> 'gdrive://www.googleapis.com/shipy/.obsidian/workspace.json' (8,920)
2024-02-22 09:03:59: 覆盖复制 '/Users/IntoSoranohate/个人仓库/SHIP/.obsidian/plugins/calendar/data.json' -> 'gdrive://www.googleapis.com/shipy/.obsidian/plugins/calendar/data.json' (231)
2024-02-22 09:04:02: 覆盖复制 '/Users/IntoSoranohate/个人仓库/SHIP/.obsidian/plugins/obsidian-admonition/data.json' -> 'gdrive://www.googleapis.com/shipy/.obsidian/plugins/obsidian-admonition/data.json' (1,705)
2024-02-22 09:04:04: 覆盖复制 '/Users/IntoSoranohate/个人仓库/SHIP/.obsidian/plugins/quickadd/data.json' -> 'gdrive://www.googleapis.com/shipy/.obsidian/plugins/quickadd/data.json' (8,144)
2024-02-22 09:04:06: 覆盖复制 '/Users/IntoSoranohate/个人仓库/SHIP/.obsidian/plugins/recent-files-obsidian/data.json' -> 'gdrive://www.googleapis.com/shipy/.obsidian/plugins/recent-files-obsidian/data.json' (5,670)
2024-02-22 09:04:09: 覆盖复制 '/Users/IntoSoranohate/个人仓库/SHIP/.obsidian/plugins/table-editor-obsidian/data.json' -> 'gdrive://www.googleapis.com/shipy/.obsidian/plugins/table-editor-obsidian/data.json' (95)
2024-02-22 09:04:09: 覆盖复制 '/Users/IntoSoranohate/个人仓库/SHIP/.obsidian/workspaces.json' -> 'gdrive://www.googleapis.com/shipy/.obsidian/workspaces.json' (7,581)
2024-02-22 09:04:09: 保持文件状态 /Users/IntoSoranohate/个人仓库/SHIP/_gsdata_/_file_state_v4._gs
2024-02-22 09:04:11: 保持文件状态 gdrive://www.googleapis.com/shipy/_gsdata_/_file_state_v4._gs
2024-02-22 09:04:14: == 同步完成. 历时: 00:00:46, 速度: 12.71 KB/s, 完成: 15, 错误: 0
