2024-02-10 21:58:12: -- 分析开始 Periodic Timer
2024-02-10 21:58:12: 左侧: 正在读取文件状态 /Users/IntoSoranohate/个人仓库/SHIP/_gsdata_/_file_state_v4._gs
2024-02-10 21:58:15: 右侧: 正在读取文件状态 gdrive://www.googleapis.com/shipy/_gsdata_/_file_state_v4._gs
2024-02-10 21:58:17: 变更：7， 冲突：0， 复制时间：0， 复制状态：0， 错误： 0, All: 338
2024-02-10 21:58:17: Left to Right: Copy File: 7 
2024-02-10 21:58:17: == 同步开始由 Periodic Timer
2024-02-10 21:58:17: ConnectCloned connected to file:///Users/IntoSoranohate/个人仓库/SHIP
2024-02-10 21:58:17: ConnectCloned connected to file:///Users/IntoSoranohate/个人仓库/SHIP
2024-02-10 21:58:17: ConnectCloned connected to file:///Users/IntoSoranohate/个人仓库/SHIP
2024-02-10 21:58:17: GsConnectAndSetRoot1 connected to gdrive://www.googleapis.com/shipy
2024-02-10 21:58:18: GsConnectAndSetRoot1 connected to gdrive://www.googleapis.com/shipy
2024-02-10 21:58:18: GsConnectAndSetRoot1 connected to gdrive://www.googleapis.com/shipy
2024-02-10 21:58:25: /Users/IntoSoranohate/个人仓库/SHIP/.obsidian/bookmarks.json: Source file has changed between Analyze and Sync from '[file] size=2,725 accu-time=2024-02-10 21:56:45 attr=Hidden644 cktype=0' to 'size=2,725 time=2024-02-10 21:58:13', noted in source file state
2024-02-10 21:58:25: 覆盖复制 '/Users/IntoSoranohate/个人仓库/SHIP/.obsidian/bookmarks.json' -> 'gdrive://www.googleapis.com/shipy/.obsidian/bookmarks.json' (2,725)
2024-02-10 21:58:31: 覆盖复制 '/Users/IntoSoranohate/个人仓库/SHIP/Setting/模板/template模板/日记模板.md' -> 'gdrive://www.googleapis.com/shipy/Setting/模板/template模板/日记模板.md' (2,983)
2024-02-10 21:58:34: /Users/IntoSoranohate/个人仓库/SHIP/.obsidian/workspace.json: Source file has changed between Analyze and Sync from '[file] size=7,455 accu-time=2024-02-10 21:56:44 attr=Hidden644 cktype=0' to 'size=7,455 time=2024-02-10 21:58:13', noted in source file state
2024-02-10 21:58:34: 覆盖复制 '/Users/IntoSoranohate/个人仓库/SHIP/.obsidian/workspace.json' -> 'gdrive://www.googleapis.com/shipy/.obsidian/workspace.json' (7,455)
2024-02-10 21:58:35: 覆盖复制 '/Users/IntoSoranohate/个人仓库/SHIP/.obsidian/plugins/obsidian-linter/data.json' -> 'gdrive://www.googleapis.com/shipy/.obsidian/plugins/obsidian-linter/data.json' (10,244)
2024-02-10 21:58:37: 覆盖复制 '/Users/IntoSoranohate/个人仓库/SHIP/.obsidian/plugins/recent-files-obsidian/data.json' -> 'gdrive://www.googleapis.com/shipy/.obsidian/plugins/recent-files-obsidian/data.json' (5,276)
2024-02-10 21:58:40: 覆盖复制 '/Users/IntoSoranohate/个人仓库/SHIP/日记/2024-02-09_周五.md' -> 'gdrive://www.googleapis.com/shipy/日记/2024-02-09_周五.md' (1,497)
2024-02-10 21:58:40: 覆盖复制 '/Users/IntoSoranohate/个人仓库/SHIP/日记/2024-02-10_周六.md' -> 'gdrive://www.googleapis.com/shipy/日记/2024-02-10_周六.md' (1,424)
2024-02-10 21:58:40: 保持文件状态 /Users/IntoSoranohate/个人仓库/SHIP/_gsdata_/_file_state_v4._gs
2024-02-10 21:58:42: 保持文件状态 gdrive://www.googleapis.com/shipy/_gsdata_/_file_state_v4._gs
2024-02-10 21:58:44: == 同步完成. 历时: 00:00:34, 速度: 1.27 KB/s, 完成: 7, 错误: 0
