2024-02-11 12:32:14: -- 分析开始 Periodic Timer
2024-02-11 12:32:14: 左侧: 正在读取文件状态 /Users/IntoSoranohate/个人仓库/SHIP/_gsdata_/_file_state_v4._gs
2024-02-11 12:32:14: 右侧: 正在读取文件状态 /Users/IntoSoranohate/个人仓库/backup/_gsdata_/_file_state_v4._gs
2024-02-11 12:32:14: 变更：6， 冲突：0， 复制时间：0， 复制状态：0， 错误： 0, All: 501
2024-02-11 12:32:14: Left to Right: Copy File: 6 
2024-02-11 12:32:14: == 同步开始由 Periodic Timer
2024-02-11 12:32:14: ConnectCloned connected to file:///Users/IntoSoranohate/个人仓库/SHIP
2024-02-11 12:32:14: ConnectCloned connected to file:///Users/IntoSoranohate/个人仓库/backup
2024-02-11 12:32:14: ConnectCloned connected to file:///Users/IntoSoranohate/个人仓库/SHIP
2024-02-11 12:32:14: ConnectCloned connected to file:///Users/IntoSoranohate/个人仓库/backup
2024-02-11 12:32:14: ConnectCloned connected to file:///Users/IntoSoranohate/个人仓库/SHIP
2024-02-11 12:32:14: ConnectCloned connected to file:///Users/IntoSoranohate/个人仓库/backup
2024-02-11 12:32:14: 覆盖复制 '/Users/IntoSoranohate/个人仓库/SHIP/.obsidian/bookmarks.json' -> '/Users/IntoSoranohate/个人仓库/backup/.obsidian/bookmarks.json' (2,725)
2024-02-11 12:32:14: 覆盖复制 '/Users/IntoSoranohate/个人仓库/SHIP/Setting/模板/template模板/日记模板.md' -> '/Users/IntoSoranohate/个人仓库/backup/Setting/模板/template模板/日记模板.md' (2,978)
2024-02-11 12:32:14: 覆盖复制 '/Users/IntoSoranohate/个人仓库/SHIP/.obsidian/plugins/quickadd/data.json' -> '/Users/IntoSoranohate/个人仓库/backup/.obsidian/plugins/quickadd/data.json' (2,363)
2024-02-11 12:32:14: 覆盖复制 '/Users/IntoSoranohate/个人仓库/SHIP/.obsidian/workspace.json' -> '/Users/IntoSoranohate/个人仓库/backup/.obsidian/workspace.json' (8,062)
2024-02-11 12:32:14: 覆盖复制 '/Users/IntoSoranohate/个人仓库/SHIP/.obsidian/plugins/recent-files-obsidian/data.json' -> '/Users/IntoSoranohate/个人仓库/backup/.obsidian/plugins/recent-files-obsidian/data.json' (4,952)
2024-02-11 12:32:14: Close Modified Folder (mod-time, acl): /Setting/模板/template模板
2024-02-11 12:32:14: Close Modified Folder (mod-time, acl): /.obsidian/plugins/quickadd
2024-02-11 12:32:14: Close Modified Folder (mod-time, acl): /.obsidian/plugins/recent-files-obsidian
2024-02-11 12:32:14: Close Modified Folder (mod-time, acl): /.obsidian
2024-02-11 12:32:14: 覆盖复制 '/Users/IntoSoranohate/个人仓库/SHIP/日记/2024-02-11_周日.md' -> '/Users/IntoSoranohate/个人仓库/backup/日记/2024-02-11_周日.md' (1,331)
2024-02-11 12:32:14: Close Modified Folder (mod-time, acl): /日记
2024-02-11 12:32:14: 保持文件状态 /Users/IntoSoranohate/个人仓库/SHIP/_gsdata_/_file_state_v4._gs
2024-02-11 12:32:14: 保持文件状态 /Users/IntoSoranohate/个人仓库/backup/_gsdata_/_file_state_v4._gs
2024-02-11 12:32:15: == 同步完成. 历时: 00:00:01, 速度: 0.00/s, 完成: 6, 错误: 0
