2024-02-20 09:08:21: -- 分析开始 Periodic Timer
2024-02-20 09:08:21: 左侧: 正在读取文件状态 /Users/IntoSoranohate/个人仓库/SHIP/_gsdata_/_file_state_v4._gs
2024-02-20 09:08:25: 右侧: 正在读取文件状态 gdrive://www.googleapis.com/shipy/_gsdata_/_file_state_v4._gs
2024-02-20 09:08:27: 变更：4， 冲突：0， 复制时间：0， 复制状态：0， 错误： 0, All: 627
2024-02-20 09:08:27: Left to Right: Copy File: 4 
2024-02-20 09:08:27: == 同步开始由 Periodic Timer
2024-02-20 09:08:28: ConnectCloned connected to file:///Users/IntoSoranohate/个人仓库/SHIP
2024-02-20 09:08:28: ConnectCloned connected to file:///Users/IntoSoranohate/个人仓库/SHIP
2024-02-20 09:08:28: ConnectCloned connected to file:///Users/IntoSoranohate/个人仓库/SHIP
2024-02-20 09:08:28: GsConnectAndSetRoot1 connected to gdrive://www.googleapis.com/shipy
2024-02-20 09:08:28: GsConnectAndSetRoot1 connected to gdrive://www.googleapis.com/shipy
2024-02-20 09:08:29: GsConnectAndSetRoot1 connected to gdrive://www.googleapis.com/shipy
2024-02-20 09:08:36: /Users/IntoSoranohate/个人仓库/SHIP/.obsidian/bookmarks.json: Source file has changed between Analyze and Sync from '[file] size=3,412 accu-time=2024-02-20 09:08:18 file-time=2024-02-20 09:08:19 attr=Hidden644 cktype=0' to 'size=3,412 time=2024-02-20 09:08:21', noted in source file state
2024-02-20 09:08:36: 覆盖复制 '/Users/IntoSoranohate/个人仓库/SHIP/.obsidian/bookmarks.json' -> 'gdrive://www.googleapis.com/shipy/.obsidian/bookmarks.json' (3,412)
2024-02-20 09:08:36: 覆盖复制 '/Users/IntoSoranohate/个人仓库/SHIP/日记/2024-02-19_周一.md' -> 'gdrive://www.googleapis.com/shipy/日记/2024-02-19_周一.md' (1,454)
2024-02-20 09:08:38: /Users/IntoSoranohate/个人仓库/SHIP/.obsidian/workspace.json: Source file has changed between Analyze and Sync from '[file] size=8,435 accu-time=2024-02-20 09:08:19 attr=Hidden644 cktype=0' to 'size=8,435 time=2024-02-20 09:08:22', noted in source file state
2024-02-20 09:08:38: 覆盖复制 '/Users/IntoSoranohate/个人仓库/SHIP/.obsidian/workspace.json' -> 'gdrive://www.googleapis.com/shipy/.obsidian/workspace.json' (8,435)
2024-02-20 09:08:41: 覆盖复制 '/Users/IntoSoranohate/个人仓库/SHIP/.obsidian/plugins/recent-files-obsidian/data.json' -> 'gdrive://www.googleapis.com/shipy/.obsidian/plugins/recent-files-obsidian/data.json' (6,627)
2024-02-20 09:08:41: 保持文件状态 /Users/IntoSoranohate/个人仓库/SHIP/_gsdata_/_file_state_v4._gs
2024-02-20 09:08:43: 保持文件状态 gdrive://www.googleapis.com/shipy/_gsdata_/_file_state_v4._gs
2024-02-20 09:08:46: == 同步完成. 历时: 00:00:27, 速度: 968.00/s, 完成: 4, 错误: 0
