2024-02-20 23:13:27: -- 分析开始 Periodic Timer
2024-02-20 23:13:27: 左侧: 正在读取文件状态 /Users/IntoSoranohate/个人仓库/SHIP/_gsdata_/_file_state_v4._gs
2024-02-20 23:13:27: 右侧: 正在读取文件状态 /Users/IntoSoranohate/Library/CloudStorage/OneDrive-个人/Shipy/_gsdata_/_file_state_v4._gs
2024-02-20 23:13:27: 变更：4， 冲突：0， 复制时间：0， 复制状态：0， 错误： 0, All: 643
2024-02-20 23:13:27: Left to Right: Copy File: 4 
2024-02-20 23:13:27: == 同步开始由 Periodic Timer
2024-02-20 23:13:27: ConnectCloned connected to file:///Users/IntoSoranohate/个人仓库/SHIP
2024-02-20 23:13:27: ConnectCloned connected to file:///Users/IntoSoranohate/个人仓库/SHIP
2024-02-20 23:13:27: ConnectCloned connected to file:///Users/IntoSoranohate/个人仓库/SHIP
2024-02-20 23:13:27: ConnectCloned connected to file:///Users/IntoSoranohate/Library/CloudStorage/OneDrive-个人/Shipy
2024-02-20 23:13:27: ConnectCloned connected to file:///Users/IntoSoranohate/Library/CloudStorage/OneDrive-个人/Shipy
2024-02-20 23:13:27: ConnectCloned connected to file:///Users/IntoSoranohate/Library/CloudStorage/OneDrive-个人/Shipy
2024-02-20 23:13:27: 覆盖复制 '/Users/IntoSoranohate/个人仓库/SHIP/.obsidian/bookmarks.json' -> '/Users/IntoSoranohate/Library/CloudStorage/OneDrive-个人/Shipy/.obsidian/bookmarks.json' (3,412)
2024-02-20 23:13:27: 覆盖复制 '/Users/IntoSoranohate/个人仓库/SHIP/Project/中国风角色(主角)设计.md' -> '/Users/IntoSoranohate/Library/CloudStorage/OneDrive-个人/Shipy/Project/中国风角色(主角)设计.md' (1,346)
2024-02-20 23:13:27: 覆盖复制 '/Users/IntoSoranohate/个人仓库/SHIP/.obsidian/workspace.json' -> '/Users/IntoSoranohate/Library/CloudStorage/OneDrive-个人/Shipy/.obsidian/workspace.json' (8,928)
2024-02-20 23:13:27: Close Modified Folder (mod-time, acl): /Project
2024-02-20 23:13:27: 覆盖复制 '/Users/IntoSoranohate/个人仓库/SHIP/.obsidian/plugins/recent-files-obsidian/data.json' -> '/Users/IntoSoranohate/Library/CloudStorage/OneDrive-个人/Shipy/.obsidian/plugins/recent-files-obsidian/data.json' (5,707)
2024-02-20 23:13:27: Close Modified Folder (mod-time, acl): /.obsidian/plugins/recent-files-obsidian
2024-02-20 23:13:27: Close Modified Folder (mod-time, acl): /.obsidian
2024-02-20 23:13:27: 保持文件状态 /Users/IntoSoranohate/个人仓库/SHIP/_gsdata_/_file_state_v4._gs
2024-02-20 23:13:27: 保持文件状态 /Users/IntoSoranohate/Library/CloudStorage/OneDrive-个人/Shipy/_gsdata_/_file_state_v4._gs
2024-02-20 23:13:27: == 同步完成. 历时: 00:00:00, 速度: 0.00/s, 完成: 4, 错误: 0
