2024-02-20 09:08:18: -- 分析开始 Periodic Timer
2024-02-20 09:08:18: 左侧: 正在读取文件状态 /Users/IntoSoranohate/个人仓库/SHIP/_gsdata_/_file_state_v4._gs
2024-02-20 09:08:18: 右侧: 正在读取文件状态 /Users/IntoSoranohate/个人仓库/backup/_gsdata_/_file_state_v4._gs
2024-02-20 09:08:18: 变更：4， 冲突：0， 复制时间：0， 复制状态：0， 错误： 0, All: 627
2024-02-20 09:08:18: Left to Right: Copy File: 4 
2024-02-20 09:08:18: == 同步开始由 Periodic Timer
2024-02-20 09:08:18: ConnectCloned connected to file:///Users/IntoSoranohate/个人仓库/SHIP
2024-02-20 09:08:18: ConnectCloned connected to file:///Users/IntoSoranohate/个人仓库/SHIP
2024-02-20 09:08:18: ConnectCloned connected to file:///Users/IntoSoranohate/个人仓库/backup
2024-02-20 09:08:18: ConnectCloned connected to file:///Users/IntoSoranohate/个人仓库/SHIP
2024-02-20 09:08:18: ConnectCloned connected to file:///Users/IntoSoranohate/个人仓库/backup
2024-02-20 09:08:18: ConnectCloned connected to file:///Users/IntoSoranohate/个人仓库/backup
2024-02-20 09:08:18: /Users/IntoSoranohate/个人仓库/SHIP/.obsidian/bookmarks.json: Source file has changed between Analyze and Sync from '[file] size=3,412 accu-time=2024-02-19 22:45:25 attr=Hidden644 cktype=0' to 'size=3,412 time=2024-02-20 09:08:18', noted in source file state
2024-02-20 09:08:18: 覆盖复制 '/Users/IntoSoranohate/个人仓库/SHIP/.obsidian/bookmarks.json' -> '/Users/IntoSoranohate/个人仓库/backup/.obsidian/bookmarks.json' (3,412)
2024-02-20 09:08:18: 覆盖复制 '/Users/IntoSoranohate/个人仓库/SHIP/日记/2024-02-19_周一.md' -> '/Users/IntoSoranohate/个人仓库/backup/日记/2024-02-19_周一.md' (1,454)
2024-02-20 09:08:18: 覆盖复制 '/Users/IntoSoranohate/个人仓库/SHIP/.obsidian/workspace.json' -> '/Users/IntoSoranohate/个人仓库/backup/.obsidian/workspace.json' (8,368)
2024-02-20 09:08:18: Close Modified Folder (mod-time, acl): /日记
2024-02-20 09:08:18: 覆盖复制 '/Users/IntoSoranohate/个人仓库/SHIP/.obsidian/plugins/recent-files-obsidian/data.json' -> '/Users/IntoSoranohate/个人仓库/backup/.obsidian/plugins/recent-files-obsidian/data.json' (6,627)
2024-02-20 09:08:18: Close Modified Folder (mod-time, acl): /.obsidian/plugins/recent-files-obsidian
2024-02-20 09:08:18: Close Modified Folder (mod-time, acl): /.obsidian
2024-02-20 09:08:18: 保持文件状态 /Users/IntoSoranohate/个人仓库/SHIP/_gsdata_/_file_state_v4._gs
2024-02-20 09:08:18: 保持文件状态 /Users/IntoSoranohate/个人仓库/backup/_gsdata_/_file_state_v4._gs
2024-02-20 09:08:19: == 同步完成. 历时: 00:00:01, 速度: 0.00/s, 完成: 4, 错误: 0
