2024-02-11 14:57:57: -- 分析开始 Periodic Timer
2024-02-11 14:57:57: 左侧: 正在读取文件状态 /Users/IntoSoranohate/个人仓库/SHIP/_gsdata_/_file_state_v4._gs
2024-02-11 14:57:57: 右侧: 正在读取文件状态 /Users/IntoSoranohate/个人仓库/backup/_gsdata_/_file_state_v4._gs
2024-02-11 14:57:57: 变更：6， 冲突：0， 复制时间：0， 复制状态：0， 错误： 0, All: 584
2024-02-11 14:57:57: Left to Right: Copy File: 6 
2024-02-11 14:57:57: == 同步开始由 Periodic Timer
2024-02-11 14:57:57: ConnectCloned connected to file:///Users/IntoSoranohate/个人仓库/SHIP
2024-02-11 14:57:57: ConnectCloned connected to file:///Users/IntoSoranohate/个人仓库/SHIP
2024-02-11 14:57:57: ConnectCloned connected to file:///Users/IntoSoranohate/个人仓库/SHIP
2024-02-11 14:57:57: ConnectCloned connected to file:///Users/IntoSoranohate/个人仓库/backup
2024-02-11 14:57:57: ConnectCloned connected to file:///Users/IntoSoranohate/个人仓库/backup
2024-02-11 14:57:57: ConnectCloned connected to file:///Users/IntoSoranohate/个人仓库/backup
2024-02-11 14:57:57: 覆盖复制 '/Users/IntoSoranohate/个人仓库/SHIP/.obsidian/bookmarks.json' -> '/Users/IntoSoranohate/个人仓库/backup/.obsidian/bookmarks.json' (3,412)
2024-02-11 14:57:57: 覆盖复制 '/Users/IntoSoranohate/个人仓库/SHIP/闪念笔记/CardBox.md' -> '/Users/IntoSoranohate/个人仓库/backup/闪念笔记/CardBox.md' (184)
2024-02-11 14:57:57: 覆盖复制 '/Users/IntoSoranohate/个人仓库/SHIP/闪念笔记/卡片盒/长青笔记.md' -> '/Users/IntoSoranohate/个人仓库/backup/闪念笔记/卡片盒/长青笔记.md' (403)
2024-02-11 14:57:57: 覆盖复制 '/Users/IntoSoranohate/个人仓库/SHIP/.obsidian/plugins/obsidian-tasks-plugin/data.json' -> '/Users/IntoSoranohate/个人仓库/backup/.obsidian/plugins/obsidian-tasks-plugin/data.json' (1,652)
2024-02-11 14:57:57: 覆盖复制 '/Users/IntoSoranohate/个人仓库/SHIP/.obsidian/plugins/recent-files-obsidian/data.json' -> '/Users/IntoSoranohate/个人仓库/backup/.obsidian/plugins/recent-files-obsidian/data.json' (5,162)
2024-02-11 14:57:57: Close Modified Folder (mod-time, acl): /闪念笔记/卡片盒
2024-02-11 14:57:57: Close Modified Folder (mod-time, acl): /.obsidian/plugins/obsidian-tasks-plugin
2024-02-11 14:57:57: Close Modified Folder (mod-time, acl): /.obsidian/plugins/recent-files-obsidian
2024-02-11 14:57:57: Close Modified Folder (mod-time, acl): /闪念笔记
2024-02-11 14:57:57: 覆盖复制 '/Users/IntoSoranohate/个人仓库/SHIP/.obsidian/workspace.json' -> '/Users/IntoSoranohate/个人仓库/backup/.obsidian/workspace.json' (8,834)
2024-02-11 14:57:57: Close Modified Folder (mod-time, acl): /.obsidian
2024-02-11 14:57:57: 保持文件状态 /Users/IntoSoranohate/个人仓库/SHIP/_gsdata_/_file_state_v4._gs
2024-02-11 14:57:57: 保持文件状态 /Users/IntoSoranohate/个人仓库/backup/_gsdata_/_file_state_v4._gs
2024-02-11 14:57:57: == 同步完成. 历时: 00:00:00, 速度: 0.00/s, 完成: 6, 错误: 0
