2024-02-10 03:46:21: -- 分析开始 Periodic Timer
2024-02-10 03:46:21: 左侧: 正在读取文件状态 /Users/IntoSoranohate/个人仓库/SHIP/_gsdata_/_file_state_v4._gs
2024-02-10 03:46:21: 右侧: 正在读取文件状态 /Users/IntoSoranohate/个人仓库/backup/_gsdata_/_file_state_v4._gs
2024-02-10 03:46:21: 变更：3， 冲突：0， 复制时间：0， 复制状态：10， 错误： 0, All: 336
2024-02-10 03:46:21: Left to Right: Copy File: 3 
2024-02-10 03:46:21: == 同步开始由 Periodic Timer
2024-02-10 03:46:21: ConnectCloned connected to file:///Users/IntoSoranohate/个人仓库/SHIP
2024-02-10 03:46:21: ConnectCloned connected to file:///Users/IntoSoranohate/个人仓库/SHIP
2024-02-10 03:46:21: ConnectCloned connected to file:///Users/IntoSoranohate/个人仓库/SHIP
2024-02-10 03:46:21: ConnectCloned connected to file:///Users/IntoSoranohate/个人仓库/backup
2024-02-10 03:46:21: ConnectCloned connected to file:///Users/IntoSoranohate/个人仓库/backup
2024-02-10 03:46:21: ConnectCloned connected to file:///Users/IntoSoranohate/个人仓库/backup
2024-02-10 03:46:21: 覆盖复制 '/Users/IntoSoranohate/个人仓库/SHIP/.obsidian/bookmarks.json' -> '/Users/IntoSoranohate/个人仓库/backup/.obsidian/bookmarks.json' (2,725)
2024-02-10 03:46:21: 覆盖复制 '/Users/IntoSoranohate/个人仓库/SHIP/.obsidian/workspace.json' -> '/Users/IntoSoranohate/个人仓库/backup/.obsidian/workspace.json' (7,119)
2024-02-10 03:46:21: 覆盖复制 '/Users/IntoSoranohate/个人仓库/SHIP/.obsidian/plugins/recent-files-obsidian/data.json' -> '/Users/IntoSoranohate/个人仓库/backup/.obsidian/plugins/recent-files-obsidian/data.json' (5,616)
2024-02-10 03:46:21: Close Modified Folder (mod-time, acl): /.obsidian/plugins/recent-files-obsidian
2024-02-10 03:46:21: Close Modified Folder (mod-time, acl): /.obsidian
2024-02-10 03:46:21: 保持文件状态 /Users/IntoSoranohate/个人仓库/SHIP/_gsdata_/_file_state_v4._gs
2024-02-10 03:46:21: 保持文件状态 /Users/IntoSoranohate/个人仓库/backup/_gsdata_/_file_state_v4._gs
2024-02-10 03:46:21: == 同步完成. 历时: 00:00:00, 速度: 0.00/s, 完成: 13, 错误: 0
