2024-02-11 02:04:34: -- 分析开始 Periodic Timer
2024-02-11 02:04:34: 左侧: 正在读取文件状态 /Users/IntoSoranohate/个人仓库/SHIP/_gsdata_/_file_state_v4._gs
2024-02-11 02:04:34: 右侧: 正在读取文件状态 /Users/IntoSoranohate/个人仓库/backup/_gsdata_/_file_state_v4._gs
2024-02-11 02:04:34: 变更：22， 冲突：0， 复制时间：0， 复制状态：0， 错误： 0, All: 455
2024-02-11 02:04:34: Left to Right: Copy File: 16 Delete File: 6 
2024-02-11 02:04:34: == 同步开始由 Periodic Timer
2024-02-11 02:04:34: ConnectCloned connected to file:///Users/IntoSoranohate/个人仓库/SHIP
2024-02-11 02:04:34: ConnectCloned connected to file:///Users/IntoSoranohate/个人仓库/SHIP
2024-02-11 02:04:34: ConnectCloned connected to file:///Users/IntoSoranohate/个人仓库/backup
2024-02-11 02:04:34: ConnectCloned connected to file:///Users/IntoSoranohate/个人仓库/backup
2024-02-11 02:04:34: ConnectCloned connected to file:///Users/IntoSoranohate/个人仓库/SHIP
2024-02-11 02:04:34: ConnectCloned connected to file:///Users/IntoSoranohate/个人仓库/backup
2024-02-11 02:04:34: > 覆盖复制 '/Users/IntoSoranohate/个人仓库/SHIP/.makemd/superstate.mdb' -> '/Users/IntoSoranohate/个人仓库/backup/.makemd/superstate.mdb' (1,064,960)
2024-02-11 02:04:34: < 覆盖复制 '/Users/IntoSoranohate/个人仓库/SHIP/.makemd/superstate.mdb' -> '/Users/IntoSoranohate/个人仓库/backup/.makemd/superstate.mdb' (1,064,960)
2024-02-11 02:04:34: 覆盖复制 '/Users/IntoSoranohate/个人仓库/SHIP/.obsidian/app.json' -> '/Users/IntoSoranohate/个人仓库/backup/.obsidian/app.json' (206)
2024-02-11 02:04:34: 覆盖复制 '/Users/IntoSoranohate/个人仓库/SHIP/.obsidian/appearance.json' -> '/Users/IntoSoranohate/个人仓库/backup/.obsidian/appearance.json' (579)
2024-02-11 02:04:34: 覆盖复制 '/Users/IntoSoranohate/个人仓库/SHIP/Setting/组件/彩色时钟.md' -> '/Users/IntoSoranohate/个人仓库/backup/Setting/组件/彩色时钟.md' (141)
2024-02-11 02:04:34: 覆盖复制 '/Users/IntoSoranohate/个人仓库/SHIP/.obsidian/bookmarks.json' -> '/Users/IntoSoranohate/个人仓库/backup/.obsidian/bookmarks.json' (2,725)
2024-02-11 02:04:34: 覆盖复制 '/Users/IntoSoranohate/个人仓库/SHIP/.obsidian/community-plugins.json' -> '/Users/IntoSoranohate/个人仓库/backup/.obsidian/community-plugins.json' (486)
2024-02-11 02:04:34: 覆盖复制 '/Users/IntoSoranohate/个人仓库/SHIP/.obsidian/core-plugins-migration.json' -> '/Users/IntoSoranohate/个人仓库/backup/.obsidian/core-plugins-migration.json' (640)
2024-02-11 02:04:34: 覆盖复制 '/Users/IntoSoranohate/个人仓库/SHIP/.obsidian/core-plugins.json' -> '/Users/IntoSoranohate/个人仓库/backup/.obsidian/core-plugins.json' (242)
2024-02-11 02:04:34: 覆盖复制 '/Users/IntoSoranohate/个人仓库/SHIP/.obsidian/graph.json' -> '/Users/IntoSoranohate/个人仓库/backup/.obsidian/graph.json' (510)
2024-02-11 02:04:34: 新建复制 '/Users/IntoSoranohate/个人仓库/SHIP/.obsidian/snippets/【图标】iconfont.css' -> '/Users/IntoSoranohate/个人仓库/backup/.obsidian/snippets/【图标】iconfont.css' (71,273)
2024-02-11 02:04:34: 覆盖复制 '/Users/IntoSoranohate/个人仓库/SHIP/.obsidian/plugins/calendar/data.json' -> '/Users/IntoSoranohate/个人仓库/backup/.obsidian/plugins/calendar/data.json' (231)
2024-02-11 02:04:34: 删除文件 /Users/IntoSoranohate/个人仓库/backup/.obsidian/plugins/make-md/data.json
2024-02-11 02:04:34: 删除文件 /Users/IntoSoranohate/个人仓库/backup/.obsidian/plugins/make-md/main.js
2024-02-11 02:04:34: 删除文件 /Users/IntoSoranohate/个人仓库/backup/.obsidian/plugins/make-md/manifest.json
2024-02-11 02:04:34: 删除文件 /Users/IntoSoranohate/个人仓库/backup/.obsidian/plugins/make-md/Spaces.mdb
2024-02-11 02:04:34: 删除文件 /Users/IntoSoranohate/个人仓库/backup/.obsidian/plugins/make-md/styles.css
2024-02-11 02:04:34: 覆盖复制 '/Users/IntoSoranohate/个人仓库/SHIP/.obsidian/plugins/obsidian-admonition/data.json' -> '/Users/IntoSoranohate/个人仓库/backup/.obsidian/plugins/obsidian-admonition/data.json' (1,705)
2024-02-11 02:04:34: 覆盖复制 '/Users/IntoSoranohate/个人仓库/SHIP/.obsidian/plugins/obsidian-minimal-settings/data.json' -> '/Users/IntoSoranohate/个人仓库/backup/.obsidian/plugins/obsidian-minimal-settings/data.json' (934)
2024-02-11 02:04:34: 覆盖复制 '/Users/IntoSoranohate/个人仓库/SHIP/.obsidian/plugins/recent-files-obsidian/data.json' -> '/Users/IntoSoranohate/个人仓库/backup/.obsidian/plugins/recent-files-obsidian/data.json' (4,637)
2024-02-11 02:04:34: 覆盖复制 '/Users/IntoSoranohate/个人仓库/SHIP/.obsidian/plugins/table-editor-obsidian/data.json' -> '/Users/IntoSoranohate/个人仓库/backup/.obsidian/plugins/table-editor-obsidian/data.json' (95)
2024-02-11 02:04:34: Close Modified Folder (mod-time, acl): /.makemd
2024-02-11 02:04:34: Close Modified Folder (mod-time, acl): /Setting/组件
2024-02-11 02:04:34: Close Modified Folder (mod-time, acl): /.obsidian/snippets
2024-02-11 02:04:34: Close Modified Folder (mod-time, acl): /.obsidian/plugins/calendar
2024-02-11 02:04:34: 覆盖复制 '/Users/IntoSoranohate/个人仓库/SHIP/.obsidian/workspace.json' -> '/Users/IntoSoranohate/个人仓库/backup/.obsidian/workspace.json' (7,425)
2024-02-11 02:04:34: Close Modified Folder (mod-time, acl): /.obsidian/plugins/obsidian-admonition
2024-02-11 02:04:34: Close Modified Folder (mod-time, acl): /.obsidian/plugins/obsidian-minimal-settings
2024-02-11 02:04:34: Close Modified Folder (mod-time, acl): /.obsidian/plugins/recent-files-obsidian
2024-02-11 02:04:34: 删除文件夹 /Users/IntoSoranohate/个人仓库/backup/.obsidian/plugins/make-md
2024-02-11 02:04:34: Close Modified Folder (mod-time, acl): /.obsidian/plugins/table-editor-obsidian
2024-02-11 02:04:34: Close Modified Folder (mod-time, acl): /.obsidian/plugins
2024-02-11 02:04:34: Close Modified Folder (mod-time, acl): /.obsidian
2024-02-11 02:04:34: 保持文件状态 /Users/IntoSoranohate/个人仓库/SHIP/_gsdata_/_file_state_v4._gs
2024-02-11 02:04:34: 保持文件状态 /Users/IntoSoranohate/个人仓库/backup/_gsdata_/_file_state_v4._gs
2024-02-11 02:04:34: == 同步完成. 历时: 00:00:00, 速度: 0.00/s, 完成: 22, 错误: 0
