2024-02-19 10:11:33: -- 分析开始 Periodic Timer
2024-02-19 10:11:33: 左侧: 正在读取文件状态 /Users/IntoSoranohate/个人仓库/SHIP/_gsdata_/_file_state_v4._gs
2024-02-19 10:11:33: 右侧: 正在读取文件状态 /Users/IntoSoranohate/Library/CloudStorage/OneDrive-个人/Shipy/_gsdata_/_file_state_v4._gs
2024-02-19 10:11:33: 变更：3， 冲突：0， 复制时间：0， 复制状态：0， 错误： 0, All: 626
2024-02-19 10:11:33: Left to Right: Copy File: 3 
2024-02-19 10:11:33: == 同步开始由 Periodic Timer
2024-02-19 10:11:33: ConnectCloned connected to file:///Users/IntoSoranohate/个人仓库/SHIP
2024-02-19 10:11:33: ConnectCloned connected to file:///Users/IntoSoranohate/个人仓库/SHIP
2024-02-19 10:11:33: ConnectCloned connected to file:///Users/IntoSoranohate/个人仓库/SHIP
2024-02-19 10:11:33: ConnectCloned connected to file:///Users/IntoSoranohate/Library/CloudStorage/OneDrive-个人/Shipy
2024-02-19 10:11:33: ConnectCloned connected to file:///Users/IntoSoranohate/Library/CloudStorage/OneDrive-个人/Shipy
2024-02-19 10:11:33: ConnectCloned connected to file:///Users/IntoSoranohate/Library/CloudStorage/OneDrive-个人/Shipy
2024-02-19 10:11:34: 覆盖复制 '/Users/IntoSoranohate/个人仓库/SHIP/.obsidian/bookmarks.json' -> '/Users/IntoSoranohate/Library/CloudStorage/OneDrive-个人/Shipy/.obsidian/bookmarks.json' (3,412)
2024-02-19 10:11:34: 覆盖复制 '/Users/IntoSoranohate/个人仓库/SHIP/.obsidian/workspace.json' -> '/Users/IntoSoranohate/Library/CloudStorage/OneDrive-个人/Shipy/.obsidian/workspace.json' (8,416)
2024-02-19 10:11:34: 覆盖复制 '/Users/IntoSoranohate/个人仓库/SHIP/.obsidian/plugins/recent-files-obsidian/data.json' -> '/Users/IntoSoranohate/Library/CloudStorage/OneDrive-个人/Shipy/.obsidian/plugins/recent-files-obsidian/data.json' (6,494)
2024-02-19 10:11:34: Close Modified Folder (mod-time, acl): /.obsidian/plugins/recent-files-obsidian
2024-02-19 10:11:34: Close Modified Folder (mod-time, acl): /.obsidian
2024-02-19 10:11:34: 保持文件状态 /Users/IntoSoranohate/个人仓库/SHIP/_gsdata_/_file_state_v4._gs
2024-02-19 10:11:34: 保持文件状态 /Users/IntoSoranohate/Library/CloudStorage/OneDrive-个人/Shipy/_gsdata_/_file_state_v4._gs
2024-02-19 10:11:34: == 同步完成. 历时: 00:00:01, 速度: 0.00/s, 完成: 3, 错误: 0
