2024-02-12 02:42:28: >> Resolved stor-dca1.storage to stor-dca1.goodsync.com:443-:443
2024-02-12 02:42:29: REMOTE C:103.238.130.133(198.18.0.1) -> S:stor-dca1.goodsync.com:443
2024-02-12 02:42:31: -- 分析开始 Periodic Timer
2024-02-12 02:42:31: 左侧: 正在读取文件状态 /Users/IntoSoranohate/个人仓库/SHIP/_gsdata_/_file_state_v4._gs
2024-02-12 02:42:33: 右侧: 正在读取文件状态 gstore://RealDisk-10.1072710413-qq-com.goodsync/SHIP'y/_gsdata_/_file_state_v4._gs
2024-02-12 02:42:35: 变更：29， 冲突：0， 复制时间：0， 复制状态：6， 错误： 0, All: 600
2024-02-12 02:42:35: Left to Right: Copy File: 19 Delete File: 8 Rename/Move File/Folder: 2 
2024-02-12 02:42:35: == 同步开始由 Periodic Timer
2024-02-12 02:42:35: ConnectCloned connected to file:///Users/IntoSoranohate/个人仓库/SHIP
2024-02-12 02:42:35: ConnectCloned connected to file:///Users/IntoSoranohate/个人仓库/SHIP
2024-02-12 02:42:35: ConnectCloned connected to file:///Users/IntoSoranohate/个人仓库/SHIP
2024-02-12 02:42:36: REMOTE C:103.238.130.133(198.18.0.1) -> S:stor-dca1.goodsync.com:443
2024-02-12 02:42:36: REMOTE C:103.238.130.133(198.18.0.1) -> S:stor-dca1.goodsync.com:443
2024-02-12 02:42:36: REMOTE C:103.238.130.133(198.18.0.1) -> S:stor-dca1.goodsync.com:443
2024-02-12 02:42:37: ConnectCloned connected to gstore://RealDisk-10.1072710413-qq-com.goodsync/SHIP'y
2024-02-12 02:42:37: ConnectCloned connected to gstore://RealDisk-10.1072710413-qq-com.goodsync/SHIP'y
2024-02-12 02:42:37: ConnectCloned connected to gstore://RealDisk-10.1072710413-qq-com.goodsync/SHIP'y
2024-02-12 02:42:39: 新建复制 '/Users/IntoSoranohate/个人仓库/SHIP/Setting/Files/IMGv2-3cf59881051877fcbf99409d80692745202402 12.jpeg' -> 'gstore://RealDisk-10.1072710413-qq-com.goodsync/SHIP'y/Setting/Files/IMGv2-3cf59881051877fcbf99409d80692745202402 12.jpeg' (109,097)
2024-02-12 02:42:41: 新建复制 '/Users/IntoSoranohate/个人仓库/SHIP/Setting/Files/IMGv2-ce85cd1da38f0971360dbeef07df3fd8202402 12.jpeg' -> 'gstore://RealDisk-10.1072710413-qq-com.goodsync/SHIP'y/Setting/Files/IMGv2-ce85cd1da38f0971360dbeef07df3fd8202402 12.jpeg' (71,835)
2024-02-12 02:42:41: 覆盖复制 '/Users/IntoSoranohate/个人仓库/SHIP/Setting/标签/日常.md' -> 'gstore://RealDisk-10.1072710413-qq-com.goodsync/SHIP'y/Setting/标签/日常.md' (167)
2024-02-12 02:42:43: 新建复制 '/Users/IntoSoranohate/个人仓库/SHIP/Setting/Files/焦虑.png' -> 'gstore://RealDisk-10.1072710413-qq-com.goodsync/SHIP'y/Setting/Files/焦虑.png' (94,919)
2024-02-12 02:42:43: 新建复制 '/Users/IntoSoranohate/个人仓库/SHIP/Setting/Files/IMGv2-ce8f13f43068ca91bd332c35ea287fb0202402 12.jpeg' -> 'gstore://RealDisk-10.1072710413-qq-com.goodsync/SHIP'y/Setting/Files/IMGv2-ce8f13f43068ca91bd332c35ea287fb0202402 12.jpeg' (50,485)
2024-02-12 02:42:43: 删除文件夹 gstore://RealDisk-10.1072710413-qq-com.goodsync/SHIP'y/Setting/Files/词典
2024-02-12 02:42:45: 覆盖复制 '/Users/IntoSoranohate/个人仓库/SHIP/日记/2024-02-11_周日.md' -> 'gstore://RealDisk-10.1072710413-qq-com.goodsync/SHIP'y/日记/2024-02-11_周日.md' (1,704)
2024-02-12 02:42:46: 覆盖复制 '/Users/IntoSoranohate/个人仓库/SHIP/Setting/模板/template模板/卡片模板.md' -> 'gstore://RealDisk-10.1072710413-qq-com.goodsync/SHIP'y/Setting/模板/template模板/卡片模板.md' (161)
2024-02-12 02:42:47: 新建复制 '/Users/IntoSoranohate/个人仓库/SHIP/Setting/模板/template模板/情绪模版.md' -> 'gstore://RealDisk-10.1072710413-qq-com.goodsync/SHIP'y/Setting/模板/template模板/情绪模版.md' (68)
2024-02-12 02:42:47: 新建复制 '/Users/IntoSoranohate/个人仓库/SHIP/日记/2024-02-12_周一.md' -> 'gstore://RealDisk-10.1072710413-qq-com.goodsync/SHIP'y/日记/2024-02-12_周一.md' (1,334)
2024-02-12 02:42:47: Close Modified Folder (mod-time, acl): /Setting/标签
2024-02-12 02:42:47: 创建文件夹 gstore://RealDisk-10.1072710413-qq-com.goodsync/SHIP'y/日记/情绪日记
2024-02-12 02:42:49: 覆盖复制 '/Users/IntoSoranohate/个人仓库/SHIP/闪念笔记/CardBox.md' -> 'gstore://RealDisk-10.1072710413-qq-com.goodsync/SHIP'y/闪念笔记/CardBox.md' (186)
2024-02-12 02:42:51: 新建复制 '/Users/IntoSoranohate/个人仓库/SHIP/闪念笔记/卡片盒/5W2H方法.md' -> 'gstore://RealDisk-10.1072710413-qq-com.goodsync/SHIP'y/闪念笔记/卡片盒/5W2H方法.md' (1,192)
2024-02-12 02:42:51: 删除文件 gstore://RealDisk-10.1072710413-qq-com.goodsync/SHIP'y/闪念笔记/摘抄/5W2H方法.md
2024-02-12 02:42:51: 删除文件 gstore://RealDisk-10.1072710413-qq-com.goodsync/SHIP'y/闪念笔记/摘抄/PKM 个人知识管理系统.md
2024-02-12 02:42:52: 删除文件 gstore://RealDisk-10.1072710413-qq-com.goodsync/SHIP'y/闪念笔记/摘抄/专注（心流、高峰体验、自我效能感）的原理和方法.md
2024-02-12 02:42:52: 删除文件 gstore://RealDisk-10.1072710413-qq-com.goodsync/SHIP'y/闪念笔记/摘抄/卡片盒笔记法.md
2024-02-12 02:42:52: 删除文件 gstore://RealDisk-10.1072710413-qq-com.goodsync/SHIP'y/闪念笔记/摘抄/数字花园.md
2024-02-12 02:42:52: 删除文件 gstore://RealDisk-10.1072710413-qq-com.goodsync/SHIP'y/闪念笔记/摘抄/最深的焦虑，来自对创造的拖延。当他明知现实，是奇迹唯一的藏身之所。.md
2024-02-12 02:42:53: 删除文件 gstore://RealDisk-10.1072710413-qq-com.goodsync/SHIP'y/闪念笔记/摘抄/毛姆的「写作建议」.md
2024-02-12 02:42:54: 新建复制 '/Users/IntoSoranohate/个人仓库/SHIP/闪念笔记/摘抄/焦虑与拖延.md' -> 'gstore://RealDisk-10.1072710413-qq-com.goodsync/SHIP'y/闪念笔记/摘抄/焦虑与拖延.md' (109)
2024-02-12 02:42:54: 移动文件 gstore://RealDisk-10.1072710413-qq-com.goodsync/SHIP'y/闪念笔记/卡片盒/笔记的组织方式.md -> gstore://RealDisk-10.1072710413-qq-com.goodsync/SHIP'y/闪念笔记/卡片盒/TOC与MOC.md
2024-02-12 02:42:55: 新建复制 '/Users/IntoSoranohate/个人仓库/SHIP/闪念笔记/卡片盒/PKM 个人知识管理系统.md' -> 'gstore://RealDisk-10.1072710413-qq-com.goodsync/SHIP'y/闪念笔记/卡片盒/PKM 个人知识管理系统.md' (3,338)
2024-02-12 02:42:56: 新建复制 '/Users/IntoSoranohate/个人仓库/SHIP/闪念笔记/卡片盒/卡片盒笔记法.md' -> 'gstore://RealDisk-10.1072710413-qq-com.goodsync/SHIP'y/闪念笔记/卡片盒/卡片盒笔记法.md' (8,797)
2024-02-12 02:42:56: 新建复制 '/Users/IntoSoranohate/个人仓库/SHIP/闪念笔记/卡片盒/心流.md' -> 'gstore://RealDisk-10.1072710413-qq-com.goodsync/SHIP'y/闪念笔记/卡片盒/心流.md' (1,517)
2024-02-12 02:42:57: 新建复制 '/Users/IntoSoranohate/个人仓库/SHIP/闪念笔记/卡片盒/数字花园.md' -> 'gstore://RealDisk-10.1072710413-qq-com.goodsync/SHIP'y/闪念笔记/卡片盒/数字花园.md' (2,183)
2024-02-12 02:42:57: Close Modified Folder (mod-time, acl): /Setting/Files
2024-02-12 02:42:57: Close Modified Folder (mod-time, acl): /Setting/模板/template模板
2024-02-12 02:42:57: Close Modified Folder (mod-time, acl): /日记
2024-02-12 02:42:58: Close Modified Folder (mod-time, acl): /闪念笔记/摘抄
2024-02-12 02:42:58: 新建复制 '/Users/IntoSoranohate/个人仓库/SHIP/闪念笔记/卡片盒/毛姆的「写作建议」.md' -> 'gstore://RealDisk-10.1072710413-qq-com.goodsync/SHIP'y/闪念笔记/卡片盒/毛姆的「写作建议」.md' (4,368)
2024-02-12 02:42:58: 新建复制 '/Users/IntoSoranohate/个人仓库/SHIP/闪念笔记/卡片盒/认知行为疗法.md' -> 'gstore://RealDisk-10.1072710413-qq-com.goodsync/SHIP'y/闪念笔记/卡片盒/认知行为疗法.md' (1,078)
2024-02-12 02:42:58: Close Modified Folder (mod-time, acl): /闪念笔记/卡片盒
2024-02-12 02:42:59: Close Modified Folder (mod-time, acl): /闪念笔记
2024-02-12 02:42:59: 保持文件状态 /Users/IntoSoranohate/个人仓库/SHIP/_gsdata_/_file_state_v4._gs
2024-02-12 02:43:00: 保持文件状态 gstore://RealDisk-10.1072710413-qq-com.goodsync/SHIP'y/_gsdata_/_file_state_v4._gs
2024-02-12 02:43:02: == 同步完成. 历时: 00:00:35, 速度: 16.25 KB/s, 完成: 35, 错误: 0
