2024-02-11 00:19:13: -- 分析开始 Periodic Timer
2024-02-11 00:19:13: 左侧: 正在读取文件状态 /Users/IntoSoranohate/个人仓库/SHIP/_gsdata_/_file_state_v4._gs
2024-02-11 00:19:13: 右侧: 正在读取文件状态 /Users/IntoSoranohate/个人仓库/backup/_gsdata_/_file_state_v4._gs
2024-02-11 00:19:13: 变更：16， 冲突：0， 复制时间：0， 复制状态：0， 错误： 0, All: 358
2024-02-11 00:19:13: Left to Right: Copy File: 16 
2024-02-11 00:19:13: == 同步开始由 Periodic Timer
2024-02-11 00:19:13: ConnectCloned connected to file:///Users/IntoSoranohate/个人仓库/SHIP
2024-02-11 00:19:13: ConnectCloned connected to file:///Users/IntoSoranohate/个人仓库/SHIP
2024-02-11 00:19:13: ConnectCloned connected to file:///Users/IntoSoranohate/个人仓库/SHIP
2024-02-11 00:19:13: ConnectCloned connected to file:///Users/IntoSoranohate/个人仓库/backup
2024-02-11 00:19:13: ConnectCloned connected to file:///Users/IntoSoranohate/个人仓库/backup
2024-02-11 00:19:13: ConnectCloned connected to file:///Users/IntoSoranohate/个人仓库/backup
2024-02-11 00:19:13: 新建复制 '/Users/IntoSoranohate/个人仓库/SHIP/彩色时钟.md' -> '/Users/IntoSoranohate/个人仓库/backup/彩色时钟.md' (268)
2024-02-11 00:19:13: 覆盖复制 '/Users/IntoSoranohate/个人仓库/SHIP/.obsidian/app.json' -> '/Users/IntoSoranohate/个人仓库/backup/.obsidian/app.json' (206)
2024-02-11 00:19:13: 覆盖复制 '/Users/IntoSoranohate/个人仓库/SHIP/.obsidian/appearance.json' -> '/Users/IntoSoranohate/个人仓库/backup/.obsidian/appearance.json' (488)
2024-02-11 00:19:13: 覆盖复制 '/Users/IntoSoranohate/个人仓库/SHIP/.obsidian/bookmarks.json' -> '/Users/IntoSoranohate/个人仓库/backup/.obsidian/bookmarks.json' (2,725)
2024-02-11 00:19:13: 覆盖复制 '/Users/IntoSoranohate/个人仓库/SHIP/.obsidian/community-plugins.json' -> '/Users/IntoSoranohate/个人仓库/backup/.obsidian/community-plugins.json' (461)
2024-02-11 00:19:13: 新建复制 '/Users/IntoSoranohate/个人仓库/SHIP/.obsidian/snippets/【天气】weather.css' -> '/Users/IntoSoranohate/个人仓库/backup/.obsidian/snippets/【天气】weather.css' (18,579)
2024-02-11 00:19:13: 覆盖复制 '/Users/IntoSoranohate/个人仓库/SHIP/.obsidian/plugins/obsidian-hider/data.json' -> '/Users/IntoSoranohate/个人仓库/backup/.obsidian/plugins/obsidian-hider/data.json' (321)
2024-02-11 00:19:13: 新建复制 '/Users/IntoSoranohate/个人仓库/SHIP/.obsidian/snippets/【自定义】彩色时钟样式.css' -> '/Users/IntoSoranohate/个人仓库/backup/.obsidian/snippets/【自定义】彩色时钟样式.css' (2,802)
2024-02-11 00:19:13: 新建复制 '/Users/IntoSoranohate/个人仓库/SHIP/.obsidian/snippets/【自定义】数字时钟.css' -> '/Users/IntoSoranohate/个人仓库/backup/.obsidian/snippets/【自定义】数字时钟.css' (2,614)
2024-02-11 00:19:13: 创建文件夹 /Users/IntoSoranohate/个人仓库/backup/.obsidian/plugins/obsidian-memos
2024-02-11 00:19:13: 新建复制 '/Users/IntoSoranohate/个人仓库/SHIP/.obsidian/plugins/obsidian-memos/main.js' -> '/Users/IntoSoranohate/个人仓库/backup/.obsidian/plugins/obsidian-memos/main.js' (775,294)
2024-02-11 00:19:13: 覆盖复制 '/Users/IntoSoranohate/个人仓库/SHIP/.obsidian/plugins/obsidian-minimal-settings/data.json' -> '/Users/IntoSoranohate/个人仓库/backup/.obsidian/plugins/obsidian-minimal-settings/data.json' (934)
2024-02-11 00:19:13: 新建复制 '/Users/IntoSoranohate/个人仓库/SHIP/.obsidian/plugins/obsidian-memos/manifest.json' -> '/Users/IntoSoranohate/个人仓库/backup/.obsidian/plugins/obsidian-memos/manifest.json' (267)
2024-02-11 00:19:13: 新建复制 '/Users/IntoSoranohate/个人仓库/SHIP/.obsidian/plugins/obsidian-memos/styles.css' -> '/Users/IntoSoranohate/个人仓库/backup/.obsidian/plugins/obsidian-memos/styles.css' (283,187)
2024-02-11 00:19:13: 覆盖复制 '/Users/IntoSoranohate/个人仓库/SHIP/.obsidian/workspace.json' -> '/Users/IntoSoranohate/个人仓库/backup/.obsidian/workspace.json' (6,723)
2024-02-11 00:19:13: Close Modified Folder (mod-time, acl): /.obsidian/plugins/obsidian-hider
2024-02-11 00:19:13: Close Modified Folder (mod-time, acl): /.obsidian/snippets
2024-02-11 00:19:13: Close Modified Folder (mod-time, acl): /.obsidian/plugins/obsidian-minimal-settings
2024-02-11 00:19:13: Close Modified Folder (mod-time, acl): /.obsidian/plugins/obsidian-memos
2024-02-11 00:19:13: 覆盖复制 '/Users/IntoSoranohate/个人仓库/SHIP/.obsidian/plugins/recent-files-obsidian/data.json' -> '/Users/IntoSoranohate/个人仓库/backup/.obsidian/plugins/recent-files-obsidian/data.json' (5,226)
2024-02-11 00:19:13: Close Modified Folder (mod-time, acl): /.obsidian/plugins/recent-files-obsidian
2024-02-11 00:19:13: Close Modified Folder (mod-time, acl): /.obsidian/plugins
2024-02-11 00:19:13: Close Modified Folder (mod-time, acl): /.obsidian
2024-02-11 00:19:13: 保持文件状态 /Users/IntoSoranohate/个人仓库/SHIP/_gsdata_/_file_state_v4._gs
2024-02-11 00:19:13: 保持文件状态 /Users/IntoSoranohate/个人仓库/backup/_gsdata_/_file_state_v4._gs
2024-02-11 00:19:13: == 同步完成. 历时: 00:00:00, 速度: 0.00/s, 完成: 16, 错误: 0
