2024-02-22 01:06:12: -- 分析开始 Periodic Timer
2024-02-22 01:06:12: 左侧: 正在读取文件状态 /Users/IntoSoranohate/个人仓库/SHIP/_gsdata_/_file_state_v4._gs
2024-02-22 01:06:15: 右侧: 正在读取文件状态 gdrive://www.googleapis.com/shipy/_gsdata_/_file_state_v4._gs
2024-02-22 01:06:17: 变更：3， 冲突：0， 复制时间：0， 复制状态：0， 错误： 0, All: 710
2024-02-22 01:06:17: Left to Right: Copy File: 3 
2024-02-22 01:06:17: == 同步开始由 Periodic Timer
2024-02-22 01:06:18: ConnectCloned connected to file:///Users/IntoSoranohate/个人仓库/SHIP
2024-02-22 01:06:18: ConnectCloned connected to file:///Users/IntoSoranohate/个人仓库/SHIP
2024-02-22 01:06:18: ConnectCloned connected to file:///Users/IntoSoranohate/个人仓库/SHIP
2024-02-22 01:06:18: GsConnectAndSetRoot1 connected to gdrive://www.googleapis.com/shipy
2024-02-22 01:06:18: GsConnectAndSetRoot1 connected to gdrive://www.googleapis.com/shipy
2024-02-22 01:06:19: GsConnectAndSetRoot1 connected to gdrive://www.googleapis.com/shipy
2024-02-22 01:06:26: /Users/IntoSoranohate/个人仓库/SHIP/.obsidian/bookmarks.json: Source file has changed between Analyze and Sync from '[file] size=3,411 accu-time=2024-02-22 00:59:29 attr=Hidden644 cktype=0' to 'size=3,411 time=2024-02-22 01:06:12', noted in source file state
2024-02-22 01:06:26: 覆盖复制 '/Users/IntoSoranohate/个人仓库/SHIP/.obsidian/bookmarks.json' -> 'gdrive://www.googleapis.com/shipy/.obsidian/bookmarks.json' (3,411)
2024-02-22 01:06:28: /Users/IntoSoranohate/个人仓库/SHIP/.obsidian/workspace.json: Source file has changed between Analyze and Sync from '[file] size=8,974 accu-time=2024-02-22 01:03:54 attr=Hidden644 cktype=0' to 'size=8,974 time=2024-02-22 01:06:13', noted in source file state
2024-02-22 01:06:28: 覆盖复制 '/Users/IntoSoranohate/个人仓库/SHIP/.obsidian/workspace.json' -> 'gdrive://www.googleapis.com/shipy/.obsidian/workspace.json' (8,974)
2024-02-22 01:06:29: 覆盖复制 '/Users/IntoSoranohate/个人仓库/SHIP/.obsidian/plugins/recent-files-obsidian/data.json' -> 'gdrive://www.googleapis.com/shipy/.obsidian/plugins/recent-files-obsidian/data.json' (5,733)
2024-02-22 01:06:29: 保持文件状态 /Users/IntoSoranohate/个人仓库/SHIP/_gsdata_/_file_state_v4._gs
2024-02-22 01:06:31: 保持文件状态 gdrive://www.googleapis.com/shipy/_gsdata_/_file_state_v4._gs
2024-02-22 01:06:34: == 同步完成. 历时: 00:00:23, 速度: 940.00/s, 完成: 3, 错误: 0
