2024-02-12 01:11:05: -- 分析开始 Periodic Timer
2024-02-12 01:11:05: 左侧: 正在读取文件状态 /Users/IntoSoranohate/个人仓库/SHIP/_gsdata_/_file_state_v4._gs
2024-02-12 01:11:05: 右侧: 正在读取文件状态 /Users/IntoSoranohate/个人仓库/backup/_gsdata_/_file_state_v4._gs
2024-02-12 01:11:05: 变更：25， 冲突：0， 复制时间：0， 复制状态：0， 错误： 0, All: 598
2024-02-12 01:11:05: Left to Right: Copy File: 14 Delete File: 7 Rename/Move File/Folder: 4 
2024-02-12 01:11:05: == 同步开始由 Periodic Timer
2024-02-12 01:11:05: ConnectCloned connected to file:///Users/IntoSoranohate/个人仓库/SHIP
2024-02-12 01:11:05: ConnectCloned connected to file:///Users/IntoSoranohate/个人仓库/SHIP
2024-02-12 01:11:05: ConnectCloned connected to file:///Users/IntoSoranohate/个人仓库/backup
2024-02-12 01:11:05: ConnectCloned connected to file:///Users/IntoSoranohate/个人仓库/backup
2024-02-12 01:11:05: ConnectCloned connected to file:///Users/IntoSoranohate/个人仓库/SHIP
2024-02-12 01:11:05: ConnectCloned connected to file:///Users/IntoSoranohate/个人仓库/backup
2024-02-12 01:11:05: 覆盖复制 '/Users/IntoSoranohate/个人仓库/SHIP/.obsidian/bookmarks.json' -> '/Users/IntoSoranohate/个人仓库/backup/.obsidian/bookmarks.json' (3,412)
2024-02-12 01:11:05: 新建复制 '/Users/IntoSoranohate/个人仓库/SHIP/Setting/Files/IMGv2-3cf59881051877fcbf99409d80692745202402 12.jpeg' -> '/Users/IntoSoranohate/个人仓库/backup/Setting/Files/IMGv2-3cf59881051877fcbf99409d80692745202402 12.jpeg' (109,097)
2024-02-12 01:11:05: 新建复制 '/Users/IntoSoranohate/个人仓库/SHIP/Setting/Files/IMGv2-ce85cd1da38f0971360dbeef07df3fd8202402 12.jpeg' -> '/Users/IntoSoranohate/个人仓库/backup/Setting/Files/IMGv2-ce85cd1da38f0971360dbeef07df3fd8202402 12.jpeg' (71,835)
2024-02-12 01:11:05: 覆盖复制 '/Users/IntoSoranohate/个人仓库/SHIP/.obsidian/plugins/recent-files-obsidian/data.json' -> '/Users/IntoSoranohate/个人仓库/backup/.obsidian/plugins/recent-files-obsidian/data.json' (6,020)
2024-02-12 01:11:05: 新建复制 '/Users/IntoSoranohate/个人仓库/SHIP/Setting/Files/IMGv2-ce8f13f43068ca91bd332c35ea287fb0202402 12.jpeg' -> '/Users/IntoSoranohate/个人仓库/backup/Setting/Files/IMGv2-ce8f13f43068ca91bd332c35ea287fb0202402 12.jpeg' (50,485)
2024-02-12 01:11:05: 新建复制 '/Users/IntoSoranohate/个人仓库/SHIP/Setting/Files/焦虑.png' -> '/Users/IntoSoranohate/个人仓库/backup/Setting/Files/焦虑.png' (94,919)
2024-02-12 01:11:05: 覆盖复制 '/Users/IntoSoranohate/个人仓库/SHIP/.obsidian/workspace.json' -> '/Users/IntoSoranohate/个人仓库/backup/.obsidian/workspace.json' (9,504)
2024-02-12 01:11:05: Close Modified Folder (mod-time, acl): /.obsidian/plugins/recent-files-obsidian
2024-02-12 01:11:05: 新建复制 '/Users/IntoSoranohate/个人仓库/SHIP/闪念笔记/卡片盒/5W2H方法.md' -> '/Users/IntoSoranohate/个人仓库/backup/闪念笔记/卡片盒/5W2H方法.md' (1,192)
2024-02-12 01:11:05: 删除文件 /Users/IntoSoranohate/个人仓库/backup/闪念笔记/摘抄/5W2H方法.md
2024-02-12 01:11:05: 删除文件 /Users/IntoSoranohate/个人仓库/backup/闪念笔记/摘抄/PKM 个人知识管理系统.md
2024-02-12 01:11:05: 删除文件 /Users/IntoSoranohate/个人仓库/backup/闪念笔记/摘抄/专注（心流、高峰体验、自我效能感）的原理和方法.md
2024-02-12 01:11:05: 删除文件 /Users/IntoSoranohate/个人仓库/backup/闪念笔记/摘抄/卡片盒笔记法.md
2024-02-12 01:11:05: 删除文件 /Users/IntoSoranohate/个人仓库/backup/闪念笔记/摘抄/数字花园.md
2024-02-12 01:11:05: 删除文件 /Users/IntoSoranohate/个人仓库/backup/闪念笔记/摘抄/最深的焦虑，来自对创造的拖延。当他明知现实，是奇迹唯一的藏身之所。.md
2024-02-12 01:11:05: 移动文件 /Users/IntoSoranohate/个人仓库/backup/闪念笔记/卡片盒/笔记的组织方式.md -> /Users/IntoSoranohate/个人仓库/backup/闪念笔记/卡片盒/TOC与MOC.md
2024-02-12 01:11:05: 新建复制 '/Users/IntoSoranohate/个人仓库/SHIP/闪念笔记/卡片盒/PKM 个人知识管理系统.md' -> '/Users/IntoSoranohate/个人仓库/backup/闪念笔记/卡片盒/PKM 个人知识管理系统.md' (3,338)
2024-02-12 01:11:05: 新建复制 '/Users/IntoSoranohate/个人仓库/SHIP/闪念笔记/卡片盒/卡片盒笔记法.md' -> '/Users/IntoSoranohate/个人仓库/backup/闪念笔记/卡片盒/卡片盒笔记法.md' (8,797)
2024-02-12 01:11:05: 新建复制 '/Users/IntoSoranohate/个人仓库/SHIP/闪念笔记/卡片盒/心流.md' -> '/Users/IntoSoranohate/个人仓库/backup/闪念笔记/卡片盒/心流.md' (1,517)
2024-02-12 01:11:05: 新建复制 '/Users/IntoSoranohate/个人仓库/SHIP/闪念笔记/卡片盒/数字花园.md' -> '/Users/IntoSoranohate/个人仓库/backup/闪念笔记/卡片盒/数字花园.md' (2,183)
2024-02-12 01:11:05: 新建复制 '/Users/IntoSoranohate/个人仓库/SHIP/闪念笔记/卡片盒/焦虑与拖延.md' -> '/Users/IntoSoranohate/个人仓库/backup/闪念笔记/卡片盒/焦虑与拖延.md' (220)
2024-02-12 01:11:05: 覆盖复制 '/Users/IntoSoranohate/个人仓库/SHIP/闪念笔记/卡片盒/认知行为疗法.md' -> '/Users/IntoSoranohate/个人仓库/backup/闪念笔记/卡片盒/认知行为疗法.md' (1,078)
2024-02-12 01:11:05: 删除文件 /Users/IntoSoranohate/个人仓库/backup/闪念笔记/卡片盒/需要去研究认知行为.md
2024-02-12 01:11:05: 移动文件 /Users/IntoSoranohate/个人仓库/backup/闪念笔记/摘抄/真诚就是“不欺”，能够“全身心投入行动”“不遗余力”……这意味着，既不浪费一丝力量，也不保留一丝力量，真实不虚。一个人能这样生活，他….md -> /Users/IntoSoranohate/个人仓库/backup/闪念笔记/真诚就是“不欺”，能够“全身心投入行动”“不遗余力”……这意味着，既不浪费一丝力量，也不保留一丝力量，真实不虚。一个人能这样生活，他….md
2024-02-12 01:11:05: Close Modified Folder (mod-time, acl): /Setting/Files
2024-02-12 01:11:05: Close Modified Folder (mod-time, acl): /闪念笔记/卡片盒
2024-02-12 01:11:05: Close Modified Folder (mod-time, acl): /闪念笔记/摘抄
2024-02-12 01:11:05: Close Modified Folder (mod-time, acl): /.obsidian
2024-02-12 01:11:05: Close Modified Folder (mod-time, acl): /闪念笔记
2024-02-12 01:11:05: 保持文件状态 /Users/IntoSoranohate/个人仓库/SHIP/_gsdata_/_file_state_v4._gs
2024-02-12 01:11:05: 保持文件状态 /Users/IntoSoranohate/个人仓库/backup/_gsdata_/_file_state_v4._gs
2024-02-12 01:11:05: == 同步完成. 历时: 00:00:00, 速度: 0.00/s, 完成: 25, 错误: 0
