2024-02-21 09:10:33: -- 分析开始 Periodic Timer
2024-02-21 09:10:33: 左侧: 正在读取文件状态 /Users/IntoSoranohate/个人仓库/SHIP/_gsdata_/_file_state_v4._gs
2024-02-21 09:10:33: 右侧: 正在读取文件状态 /Users/IntoSoranohate/Library/CloudStorage/OneDrive-个人/Shipy/_gsdata_/_file_state_v4._gs
2024-02-21 09:10:33: 变更：17， 冲突：0， 复制时间：0， 复制状态：0， 错误： 0, All: 643
2024-02-21 09:10:33: Left to Right: Copy File: 17 
2024-02-21 09:10:33: == 同步开始由 Periodic Timer
2024-02-21 09:10:33: ConnectCloned connected to file:///Users/IntoSoranohate/个人仓库/SHIP
2024-02-21 09:10:33: ConnectCloned connected to file:///Users/IntoSoranohate/个人仓库/SHIP
2024-02-21 09:10:33: ConnectCloned connected to file:///Users/IntoSoranohate/Library/CloudStorage/OneDrive-个人/Shipy
2024-02-21 09:10:33: ConnectCloned connected to file:///Users/IntoSoranohate/个人仓库/SHIP
2024-02-21 09:10:33: ConnectCloned connected to file:///Users/IntoSoranohate/Library/CloudStorage/OneDrive-个人/Shipy
2024-02-21 09:10:33: ConnectCloned connected to file:///Users/IntoSoranohate/Library/CloudStorage/OneDrive-个人/Shipy
2024-02-21 09:10:33: 覆盖复制 '/Users/IntoSoranohate/个人仓库/SHIP/.obsidian/app.json' -> '/Users/IntoSoranohate/Library/CloudStorage/OneDrive-个人/Shipy/.obsidian/app.json' (206)
2024-02-21 09:10:33: 覆盖复制 '/Users/IntoSoranohate/个人仓库/SHIP/Project/IDEA 备忘.md' -> '/Users/IntoSoranohate/Library/CloudStorage/OneDrive-个人/Shipy/Project/IDEA 备忘.md' (23)
2024-02-21 09:10:33: 覆盖复制 '/Users/IntoSoranohate/个人仓库/SHIP/Project/中国风角色(主角)设计.md' -> '/Users/IntoSoranohate/Library/CloudStorage/OneDrive-个人/Shipy/Project/中国风角色(主角)设计.md' (1,421)
2024-02-21 09:10:33: 覆盖复制 '/Users/IntoSoranohate/个人仓库/SHIP/.obsidian/appearance.json' -> '/Users/IntoSoranohate/Library/CloudStorage/OneDrive-个人/Shipy/.obsidian/appearance.json' (717)
2024-02-21 09:10:33: 覆盖复制 '/Users/IntoSoranohate/个人仓库/SHIP/.obsidian/bookmarks.json' -> '/Users/IntoSoranohate/Library/CloudStorage/OneDrive-个人/Shipy/.obsidian/bookmarks.json' (3,412)
2024-02-21 09:10:33: 覆盖复制 '/Users/IntoSoranohate/个人仓库/SHIP/.obsidian/community-plugins.json' -> '/Users/IntoSoranohate/Library/CloudStorage/OneDrive-个人/Shipy/.obsidian/community-plugins.json' (570)
2024-02-21 09:10:33: 覆盖复制 '/Users/IntoSoranohate/个人仓库/SHIP/.obsidian/core-plugins-migration.json' -> '/Users/IntoSoranohate/Library/CloudStorage/OneDrive-个人/Shipy/.obsidian/core-plugins-migration.json' (637)
2024-02-21 09:10:33: 覆盖复制 '/Users/IntoSoranohate/个人仓库/SHIP/.obsidian/core-plugins.json' -> '/Users/IntoSoranohate/Library/CloudStorage/OneDrive-个人/Shipy/.obsidian/core-plugins.json' (295)
2024-02-21 09:10:33: 覆盖复制 '/Users/IntoSoranohate/个人仓库/SHIP/.obsidian/graph.json' -> '/Users/IntoSoranohate/Library/CloudStorage/OneDrive-个人/Shipy/.obsidian/graph.json' (511)
2024-02-21 09:10:33: 覆盖复制 '/Users/IntoSoranohate/个人仓库/SHIP/.obsidian/workspace.json' -> '/Users/IntoSoranohate/Library/CloudStorage/OneDrive-个人/Shipy/.obsidian/workspace.json' (8,387)
2024-02-21 09:10:33: 覆盖复制 '/Users/IntoSoranohate/个人仓库/SHIP/.obsidian/plugins/calendar/data.json' -> '/Users/IntoSoranohate/Library/CloudStorage/OneDrive-个人/Shipy/.obsidian/plugins/calendar/data.json' (231)
2024-02-21 09:10:33: 覆盖复制 '/Users/IntoSoranohate/个人仓库/SHIP/.obsidian/plugins/obsidian-admonition/data.json' -> '/Users/IntoSoranohate/Library/CloudStorage/OneDrive-个人/Shipy/.obsidian/plugins/obsidian-admonition/data.json' (1,705)
2024-02-21 09:10:33: 覆盖复制 '/Users/IntoSoranohate/个人仓库/SHIP/.obsidian/plugins/obsidian-minimal-settings/data.json' -> '/Users/IntoSoranohate/Library/CloudStorage/OneDrive-个人/Shipy/.obsidian/plugins/obsidian-minimal-settings/data.json' (934)
2024-02-21 09:10:33: 覆盖复制 '/Users/IntoSoranohate/个人仓库/SHIP/.obsidian/plugins/recent-files-obsidian/data.json' -> '/Users/IntoSoranohate/Library/CloudStorage/OneDrive-个人/Shipy/.obsidian/plugins/recent-files-obsidian/data.json' (5,706)
2024-02-21 09:10:33: 覆盖复制 '/Users/IntoSoranohate/个人仓库/SHIP/.obsidian/workspaces.json' -> '/Users/IntoSoranohate/Library/CloudStorage/OneDrive-个人/Shipy/.obsidian/workspaces.json' (7,043)
2024-02-21 09:10:33: 覆盖复制 '/Users/IntoSoranohate/个人仓库/SHIP/.obsidian/plugins/table-editor-obsidian/data.json' -> '/Users/IntoSoranohate/Library/CloudStorage/OneDrive-个人/Shipy/.obsidian/plugins/table-editor-obsidian/data.json' (95)
2024-02-21 09:10:33: Close Modified Folder (mod-time, acl): /Project
2024-02-21 09:10:33: Close Modified Folder (mod-time, acl): /.obsidian/plugins/calendar
2024-02-21 09:10:33: Close Modified Folder (mod-time, acl): /.obsidian/plugins/obsidian-admonition
2024-02-21 09:10:33: Close Modified Folder (mod-time, acl): /.obsidian/plugins/obsidian-minimal-settings
2024-02-21 09:10:33: Close Modified Folder (mod-time, acl): /.obsidian/plugins/recent-files-obsidian
2024-02-21 09:10:33: Close Modified Folder (mod-time, acl): /.obsidian/plugins/table-editor-obsidian
2024-02-21 09:10:33: Close Modified Folder (mod-time, acl): /.obsidian
2024-02-21 09:10:33: 覆盖复制 '/Users/IntoSoranohate/个人仓库/SHIP/日记/2024-02-19_周一.md' -> '/Users/IntoSoranohate/Library/CloudStorage/OneDrive-个人/Shipy/日记/2024-02-19_周一.md' (1,475)
2024-02-21 09:10:33: Close Modified Folder (mod-time, acl): /日记
2024-02-21 09:10:33: 保持文件状态 /Users/IntoSoranohate/个人仓库/SHIP/_gsdata_/_file_state_v4._gs
2024-02-21 09:10:33: 保持文件状态 /Users/IntoSoranohate/Library/CloudStorage/OneDrive-个人/Shipy/_gsdata_/_file_state_v4._gs
2024-02-21 09:10:33: == 同步完成. 历时: 00:00:00, 速度: 0.00/s, 完成: 17, 错误: 0
