2024-02-20 11:38:48: -- 分析开始 Periodic Timer
2024-02-20 11:38:48: 左侧: 正在读取文件状态 /Users/IntoSoranohate/个人仓库/SHIP/_gsdata_/_file_state_v4._gs
2024-02-20 11:38:48: 右侧: 正在读取文件状态 /Users/IntoSoranohate/个人仓库/backup/_gsdata_/_file_state_v4._gs
2024-02-20 11:38:48: 变更：3， 冲突：0， 复制时间：0， 复制状态：0， 错误： 0, All: 634
2024-02-20 11:38:48: Left to Right: Copy File: 3 
2024-02-20 11:38:48: == 同步开始由 Periodic Timer
2024-02-20 11:38:48: ConnectCloned connected to file:///Users/IntoSoranohate/个人仓库/SHIP
2024-02-20 11:38:48: ConnectCloned connected to file:///Users/IntoSoranohate/个人仓库/SHIP
2024-02-20 11:38:48: ConnectCloned connected to file:///Users/IntoSoranohate/个人仓库/backup
2024-02-20 11:38:48: ConnectCloned connected to file:///Users/IntoSoranohate/个人仓库/backup
2024-02-20 11:38:48: ConnectCloned connected to file:///Users/IntoSoranohate/个人仓库/SHIP
2024-02-20 11:38:48: ConnectCloned connected to file:///Users/IntoSoranohate/个人仓库/backup
2024-02-20 11:38:48: 覆盖复制 '/Users/IntoSoranohate/个人仓库/SHIP/闪念笔记/Notes/20240220速写复盘.md' -> '/Users/IntoSoranohate/个人仓库/backup/闪念笔记/Notes/20240220速写复盘.md' (192)
2024-02-20 11:38:48: 覆盖复制 '/Users/IntoSoranohate/个人仓库/SHIP/.obsidian/plugins/recent-files-obsidian/data.json' -> '/Users/IntoSoranohate/个人仓库/backup/.obsidian/plugins/recent-files-obsidian/data.json' (5,168)
2024-02-20 11:38:48: Close Modified Folder (mod-time, acl): /闪念笔记/Notes
2024-02-20 11:38:48: Close Modified Folder (mod-time, acl): /.obsidian/plugins/recent-files-obsidian
2024-02-20 11:38:48: 覆盖复制 '/Users/IntoSoranohate/个人仓库/SHIP/.obsidian/workspace.json' -> '/Users/IntoSoranohate/个人仓库/backup/.obsidian/workspace.json' (8,466)
2024-02-20 11:38:48: Close Modified Folder (mod-time, acl): /.obsidian
2024-02-20 11:38:48: 保持文件状态 /Users/IntoSoranohate/个人仓库/SHIP/_gsdata_/_file_state_v4._gs
2024-02-20 11:38:48: 保持文件状态 /Users/IntoSoranohate/个人仓库/backup/_gsdata_/_file_state_v4._gs
2024-02-20 11:38:48: == 同步完成. 历时: 00:00:00, 速度: 0.00/s, 完成: 3, 错误: 0
