2024-02-21 21:28:23: -- 分析开始 Periodic Timer
2024-02-21 21:28:23: 左侧: 正在读取文件状态 /Users/IntoSoranohate/个人仓库/SHIP/_gsdata_/_file_state_v4._gs
2024-02-21 21:28:23: 右侧: 正在读取文件状态 /Users/IntoSoranohate/个人仓库/backup/_gsdata_/_file_state_v4._gs
2024-02-21 21:28:23: 变更：4， 冲突：0， 复制时间：0， 复制状态：0， 错误： 0, All: 708
2024-02-21 21:28:23: Left to Right: Copy File: 4 
2024-02-21 21:28:23: == 同步开始由 Periodic Timer
2024-02-21 21:28:23: ConnectCloned connected to file:///Users/IntoSoranohate/个人仓库/SHIP
2024-02-21 21:28:23: ConnectCloned connected to file:///Users/IntoSoranohate/个人仓库/SHIP
2024-02-21 21:28:23: ConnectCloned connected to file:///Users/IntoSoranohate/个人仓库/backup
2024-02-21 21:28:23: ConnectCloned connected to file:///Users/IntoSoranohate/个人仓库/backup
2024-02-21 21:28:23: ConnectCloned connected to file:///Users/IntoSoranohate/个人仓库/SHIP
2024-02-21 21:28:23: ConnectCloned connected to file:///Users/IntoSoranohate/个人仓库/backup
2024-02-21 21:28:23: 覆盖复制 '/Users/IntoSoranohate/个人仓库/SHIP/.obsidian/bookmarks.json' -> '/Users/IntoSoranohate/个人仓库/backup/.obsidian/bookmarks.json' (3,411)
2024-02-21 21:28:23: 覆盖复制 '/Users/IntoSoranohate/个人仓库/SHIP/Project/2024-02-21中国风角色策划.md' -> '/Users/IntoSoranohate/个人仓库/backup/Project/2024-02-21中国风角色策划.md' (157)
2024-02-21 21:28:23: 覆盖复制 '/Users/IntoSoranohate/个人仓库/SHIP/.obsidian/workspace.json' -> '/Users/IntoSoranohate/个人仓库/backup/.obsidian/workspace.json' (8,226)
2024-02-21 21:28:23: Close Modified Folder (mod-time, acl): /Project
2024-02-21 21:28:23: 覆盖复制 '/Users/IntoSoranohate/个人仓库/SHIP/.obsidian/plugins/recent-files-obsidian/data.json' -> '/Users/IntoSoranohate/个人仓库/backup/.obsidian/plugins/recent-files-obsidian/data.json' (5,733)
2024-02-21 21:28:23: Close Modified Folder (mod-time, acl): /.obsidian/plugins/recent-files-obsidian
2024-02-21 21:28:23: Close Modified Folder (mod-time, acl): /.obsidian
2024-02-21 21:28:23: 保持文件状态 /Users/IntoSoranohate/个人仓库/SHIP/_gsdata_/_file_state_v4._gs
2024-02-21 21:28:23: 保持文件状态 /Users/IntoSoranohate/个人仓库/backup/_gsdata_/_file_state_v4._gs
2024-02-21 21:28:23: == 同步完成. 历时: 00:00:00, 速度: 0.00/s, 完成: 4, 错误: 0
