2024-02-20 20:42:21: -- 分析开始 Periodic Timer
2024-02-20 20:42:21: 左侧: 正在读取文件状态 /Users/IntoSoranohate/个人仓库/SHIP/_gsdata_/_file_state_v4._gs
2024-02-20 20:42:21: 右侧: 正在读取文件状态 /Users/IntoSoranohate/个人仓库/backup/_gsdata_/_file_state_v4._gs
2024-02-20 20:42:21: 变更：6， 冲突：0， 复制时间：0， 复制状态：0， 错误： 0, All: 636
2024-02-20 20:42:21: Left to Right: Copy File: 6 
2024-02-20 20:42:21: == 同步开始由 Periodic Timer
2024-02-20 20:42:21: ConnectCloned connected to file:///Users/IntoSoranohate/个人仓库/SHIP
2024-02-20 20:42:21: ConnectCloned connected to file:///Users/IntoSoranohate/个人仓库/SHIP
2024-02-20 20:42:21: ConnectCloned connected to file:///Users/IntoSoranohate/个人仓库/SHIP
2024-02-20 20:42:21: ConnectCloned connected to file:///Users/IntoSoranohate/个人仓库/backup
2024-02-20 20:42:21: ConnectCloned connected to file:///Users/IntoSoranohate/个人仓库/backup
2024-02-20 20:42:21: ConnectCloned connected to file:///Users/IntoSoranohate/个人仓库/backup
2024-02-20 20:42:21: 覆盖复制 '/Users/IntoSoranohate/个人仓库/SHIP/.obsidian/bookmarks.json' -> '/Users/IntoSoranohate/个人仓库/backup/.obsidian/bookmarks.json' (3,412)
2024-02-20 20:42:21: 新建复制 '/Users/IntoSoranohate/个人仓库/SHIP/Project/中国风角色(主角).md' -> '/Users/IntoSoranohate/个人仓库/backup/Project/中国风角色(主角).md' (0)
2024-02-20 20:42:21: 覆盖复制 '/Users/IntoSoranohate/个人仓库/SHIP/.obsidian/workspace.json' -> '/Users/IntoSoranohate/个人仓库/backup/.obsidian/workspace.json' (8,470)
2024-02-20 20:42:21: 覆盖复制 '/Users/IntoSoranohate/个人仓库/SHIP/.obsidian/plugins/recent-files-obsidian/data.json' -> '/Users/IntoSoranohate/个人仓库/backup/.obsidian/plugins/recent-files-obsidian/data.json' (5,195)
2024-02-20 20:42:21: 新建复制 '/Users/IntoSoranohate/个人仓库/SHIP/Setting/Files/Pasted image 20240220203309.png' -> '/Users/IntoSoranohate/个人仓库/backup/Setting/Files/Pasted image 20240220203309.png' (584,110)
2024-02-20 20:42:21: Close Modified Folder (mod-time, acl): /Project
2024-02-20 20:42:21: Close Modified Folder (mod-time, acl): /.obsidian/plugins/recent-files-obsidian
2024-02-20 20:42:21: Close Modified Folder (mod-time, acl): /Setting/Files
2024-02-20 20:42:21: Close Modified Folder (mod-time, acl): /.obsidian
2024-02-20 20:42:21: 覆盖复制 '/Users/IntoSoranohate/个人仓库/SHIP/闪念笔记/Notes/20240220速写复盘.md' -> '/Users/IntoSoranohate/个人仓库/backup/闪念笔记/Notes/20240220速写复盘.md' (230)
2024-02-20 20:42:21: Close Modified Folder (mod-time, acl): /闪念笔记/Notes
2024-02-20 20:42:21: 保持文件状态 /Users/IntoSoranohate/个人仓库/SHIP/_gsdata_/_file_state_v4._gs
2024-02-20 20:42:21: 保持文件状态 /Users/IntoSoranohate/个人仓库/backup/_gsdata_/_file_state_v4._gs
2024-02-20 20:42:21: == 同步完成. 历时: 00:00:00, 速度: 0.00/s, 完成: 6, 错误: 0
