2024-02-11 15:13:00: -- 分析开始 Periodic Timer
2024-02-11 15:13:00: 左侧: 正在读取文件状态 /Users/IntoSoranohate/个人仓库/SHIP/_gsdata_/_file_state_v4._gs
2024-02-11 15:13:00: 右侧: 正在读取文件状态 /Users/IntoSoranohate/个人仓库/backup/_gsdata_/_file_state_v4._gs
2024-02-11 15:13:00: 变更：3， 冲突：0， 复制时间：0， 复制状态：0， 错误： 0, All: 584
2024-02-11 15:13:00: Left to Right: Copy File: 3 
2024-02-11 15:13:00: == 同步开始由 Periodic Timer
2024-02-11 15:13:00: ConnectCloned connected to file:///Users/IntoSoranohate/个人仓库/SHIP
2024-02-11 15:13:00: ConnectCloned connected to file:///Users/IntoSoranohate/个人仓库/SHIP
2024-02-11 15:13:00: ConnectCloned connected to file:///Users/IntoSoranohate/个人仓库/backup
2024-02-11 15:13:00: ConnectCloned connected to file:///Users/IntoSoranohate/个人仓库/SHIP
2024-02-11 15:13:00: ConnectCloned connected to file:///Users/IntoSoranohate/个人仓库/backup
2024-02-11 15:13:00: ConnectCloned connected to file:///Users/IntoSoranohate/个人仓库/backup
2024-02-11 15:13:00: 覆盖复制 '/Users/IntoSoranohate/个人仓库/SHIP/.obsidian/bookmarks.json' -> '/Users/IntoSoranohate/个人仓库/backup/.obsidian/bookmarks.json' (3,412)
2024-02-11 15:13:00: 覆盖复制 '/Users/IntoSoranohate/个人仓库/SHIP/闪念笔记/CardBox.md' -> '/Users/IntoSoranohate/个人仓库/backup/闪念笔记/CardBox.md' (213)
2024-02-11 15:13:00: Close Modified Folder (mod-time, acl): /闪念笔记
2024-02-11 15:13:00: 覆盖复制 '/Users/IntoSoranohate/个人仓库/SHIP/.obsidian/workspace.json' -> '/Users/IntoSoranohate/个人仓库/backup/.obsidian/workspace.json' (8,842)
2024-02-11 15:13:00: Close Modified Folder (mod-time, acl): /.obsidian
2024-02-11 15:13:00: 保持文件状态 /Users/IntoSoranohate/个人仓库/SHIP/_gsdata_/_file_state_v4._gs
2024-02-11 15:13:00: 保持文件状态 /Users/IntoSoranohate/个人仓库/backup/_gsdata_/_file_state_v4._gs
2024-02-11 15:13:00: == 同步完成. 历时: 00:00:00, 速度: 0.00/s, 完成: 3, 错误: 0
