2024-02-10 17:48:35: -- 分析开始 Periodic Timer
2024-02-10 17:48:35: 左侧: 正在读取文件状态 /Users/IntoSoranohate/个人仓库/SHIP/_gsdata_/_file_state_v4._gs
2024-02-10 17:48:35: 右侧: 正在读取文件状态 /Users/IntoSoranohate/个人仓库/backup/_gsdata_/_file_state_v4._gs
2024-02-10 17:48:35: 变更：3， 冲突：0， 复制时间：0， 复制状态：0， 错误： 0, All: 336
2024-02-10 17:48:35: Left to Right: Copy File: 3 
2024-02-10 17:48:35: == 同步开始由 Periodic Timer
2024-02-10 17:48:35: ConnectCloned connected to file:///Users/IntoSoranohate/个人仓库/SHIP
2024-02-10 17:48:35: ConnectCloned connected to file:///Users/IntoSoranohate/个人仓库/SHIP
2024-02-10 17:48:35: ConnectCloned connected to file:///Users/IntoSoranohate/个人仓库/SHIP
2024-02-10 17:48:35: ConnectCloned connected to file:///Users/IntoSoranohate/个人仓库/backup
2024-02-10 17:48:35: ConnectCloned connected to file:///Users/IntoSoranohate/个人仓库/backup
2024-02-10 17:48:35: ConnectCloned connected to file:///Users/IntoSoranohate/个人仓库/backup
2024-02-10 17:48:35: 覆盖复制 '/Users/IntoSoranohate/个人仓库/SHIP/.obsidian/bookmarks.json' -> '/Users/IntoSoranohate/个人仓库/backup/.obsidian/bookmarks.json' (2,725)
2024-02-10 17:48:35: 覆盖复制 '/Users/IntoSoranohate/个人仓库/SHIP/.obsidian/workspace.json' -> '/Users/IntoSoranohate/个人仓库/backup/.obsidian/workspace.json' (7,269)
2024-02-10 17:48:35: 覆盖复制 '/Users/IntoSoranohate/个人仓库/SHIP/.obsidian/plugins/recent-files-obsidian/data.json' -> '/Users/IntoSoranohate/个人仓库/backup/.obsidian/plugins/recent-files-obsidian/data.json' (5,413)
2024-02-10 17:48:36: Close Modified Folder (mod-time, acl): /.obsidian/plugins/recent-files-obsidian
2024-02-10 17:48:36: Close Modified Folder (mod-time, acl): /.obsidian
2024-02-10 17:48:36: 保持文件状态 /Users/IntoSoranohate/个人仓库/SHIP/_gsdata_/_file_state_v4._gs
2024-02-10 17:48:36: 保持文件状态 /Users/IntoSoranohate/个人仓库/backup/_gsdata_/_file_state_v4._gs
2024-02-10 17:48:36: == 同步完成. 历时: 00:00:01, 速度: 0.00/s, 完成: 3, 错误: 0
