2024-02-21 13:38:50: -- 分析开始 Periodic Timer
2024-02-21 13:38:50: 左侧: 正在读取文件状态 /Users/IntoSoranohate/个人仓库/SHIP/_gsdata_/_file_state_v4._gs
2024-02-21 13:38:50: 右侧: 正在读取文件状态 /Users/IntoSoranohate/个人仓库/backup/_gsdata_/_file_state_v4._gs
2024-02-21 13:38:50: 变更：6， 冲突：0， 复制时间：0， 复制状态：0， 错误： 0, All: 672
2024-02-21 13:38:50: Left to Right: Copy File: 6 
2024-02-21 13:38:50: == 同步开始由 Periodic Timer
2024-02-21 13:38:50: ConnectCloned connected to file:///Users/IntoSoranohate/个人仓库/SHIP
2024-02-21 13:38:50: ConnectCloned connected to file:///Users/IntoSoranohate/个人仓库/SHIP
2024-02-21 13:38:50: ConnectCloned connected to file:///Users/IntoSoranohate/个人仓库/SHIP
2024-02-21 13:38:50: ConnectCloned connected to file:///Users/IntoSoranohate/个人仓库/backup
2024-02-21 13:38:50: ConnectCloned connected to file:///Users/IntoSoranohate/个人仓库/backup
2024-02-21 13:38:50: ConnectCloned connected to file:///Users/IntoSoranohate/个人仓库/backup
2024-02-21 13:38:50: 覆盖复制 '/Users/IntoSoranohate/个人仓库/SHIP/.obsidian/core-plugins-migration.json' -> '/Users/IntoSoranohate/个人仓库/backup/.obsidian/core-plugins-migration.json' (637)
2024-02-21 13:38:50: 覆盖复制 '/Users/IntoSoranohate/个人仓库/SHIP/.obsidian/core-plugins.json' -> '/Users/IntoSoranohate/个人仓库/backup/.obsidian/core-plugins.json' (295)
2024-02-21 13:38:50: 覆盖复制 '/Users/IntoSoranohate/个人仓库/SHIP/.obsidian/graph.json' -> '/Users/IntoSoranohate/个人仓库/backup/.obsidian/graph.json' (511)
2024-02-21 13:38:50: 覆盖复制 '/Users/IntoSoranohate/个人仓库/SHIP/.obsidian/workspace.json' -> '/Users/IntoSoranohate/个人仓库/backup/.obsidian/workspace.json' (8,052)
2024-02-21 13:38:50: 覆盖复制 '/Users/IntoSoranohate/个人仓库/SHIP/.obsidian/workspaces.json' -> '/Users/IntoSoranohate/个人仓库/backup/.obsidian/workspaces.json' (6,627)
2024-02-21 13:38:50: 覆盖复制 '/Users/IntoSoranohate/个人仓库/SHIP/.obsidian/plugins/recent-files-obsidian/data.json' -> '/Users/IntoSoranohate/个人仓库/backup/.obsidian/plugins/recent-files-obsidian/data.json' (5,704)
2024-02-21 13:38:50: Close Modified Folder (mod-time, acl): /.obsidian/plugins/recent-files-obsidian
2024-02-21 13:38:50: Close Modified Folder (mod-time, acl): /.obsidian
2024-02-21 13:38:50: 保持文件状态 /Users/IntoSoranohate/个人仓库/SHIP/_gsdata_/_file_state_v4._gs
2024-02-21 13:38:50: 保持文件状态 /Users/IntoSoranohate/个人仓库/backup/_gsdata_/_file_state_v4._gs
2024-02-21 13:38:50: == 同步完成. 历时: 00:00:00, 速度: 0.00/s, 完成: 6, 错误: 0
