2024-02-21 16:09:20: -- 分析开始 Periodic Timer
2024-02-21 16:09:20: 左侧: 正在读取文件状态 /Users/IntoSoranohate/个人仓库/SHIP/_gsdata_/_file_state_v4._gs
2024-02-21 16:09:20: 右侧: 正在读取文件状态 /Users/IntoSoranohate/个人仓库/backup/_gsdata_/_file_state_v4._gs
2024-02-21 16:09:20: 变更：22， 冲突：0， 复制时间：0， 复制状态：0， 错误： 0, All: 703
2024-02-21 16:09:20: Left to Right: Copy File: 8 Delete File: 14 
2024-02-21 16:09:20: == 同步开始由 Periodic Timer
2024-02-21 16:09:20: ConnectCloned connected to file:///Users/IntoSoranohate/个人仓库/SHIP
2024-02-21 16:09:20: ConnectCloned connected to file:///Users/IntoSoranohate/个人仓库/SHIP
2024-02-21 16:09:20: ConnectCloned connected to file:///Users/IntoSoranohate/个人仓库/SHIP
2024-02-21 16:09:20: ConnectCloned connected to file:///Users/IntoSoranohate/个人仓库/backup
2024-02-21 16:09:20: ConnectCloned connected to file:///Users/IntoSoranohate/个人仓库/backup
2024-02-21 16:09:20: ConnectCloned connected to file:///Users/IntoSoranohate/个人仓库/backup
2024-02-21 16:09:20: 覆盖复制 '/Users/IntoSoranohate/个人仓库/SHIP/.obsidian/app.json' -> '/Users/IntoSoranohate/个人仓库/backup/.obsidian/app.json' (206)
2024-02-21 16:09:20: 覆盖复制 '/Users/IntoSoranohate/个人仓库/SHIP/Project/2024-02-21中国风角色策划.md' -> '/Users/IntoSoranohate/个人仓库/backup/Project/2024-02-21中国风角色策划.md' (51)
2024-02-21 16:09:20: 覆盖复制 '/Users/IntoSoranohate/个人仓库/SHIP/.obsidian/appearance.json' -> '/Users/IntoSoranohate/个人仓库/backup/.obsidian/appearance.json' (739)
2024-02-21 16:09:20: 覆盖复制 '/Users/IntoSoranohate/个人仓库/SHIP/.obsidian/bookmarks.json' -> '/Users/IntoSoranohate/个人仓库/backup/.obsidian/bookmarks.json' (3,411)
2024-02-21 16:09:20: 覆盖复制 '/Users/IntoSoranohate/个人仓库/SHIP/.obsidian/community-plugins.json' -> '/Users/IntoSoranohate/个人仓库/backup/.obsidian/community-plugins.json' (566)
2024-02-21 16:09:20: 删除文件 /Users/IntoSoranohate/个人仓库/backup/.obsidian/themes/Minimal/manifest.json
2024-02-21 16:09:20: 覆盖复制 '/Users/IntoSoranohate/个人仓库/SHIP/.obsidian/plugins/obsidian-checklist-plugin/data.json' -> '/Users/IntoSoranohate/个人仓库/backup/.obsidian/plugins/obsidian-checklist-plugin/data.json' (483)
2024-02-21 16:09:20: 删除文件 /Users/IntoSoranohate/个人仓库/backup/.obsidian/themes/Minimal/theme.css
2024-02-21 16:09:20: 删除文件 /Users/IntoSoranohate/个人仓库/backup/.obsidian/plugins/obsidian-hider/data.json
2024-02-21 16:09:20: 删除文件 /Users/IntoSoranohate/个人仓库/backup/.obsidian/plugins/obsidian-hider/main.js
2024-02-21 16:09:20: 删除文件 /Users/IntoSoranohate/个人仓库/backup/.obsidian/plugins/obsidian-hider/manifest.json
2024-02-21 16:09:20: 删除文件 /Users/IntoSoranohate/个人仓库/backup/.obsidian/plugins/obsidian-hider/styles.css
2024-02-21 16:09:20: 删除文件 /Users/IntoSoranohate/个人仓库/backup/.obsidian/plugins/obsidian-minimal-settings/data.json
2024-02-21 16:09:20: 删除文件 /Users/IntoSoranohate/个人仓库/backup/.obsidian/plugins/obsidian-minimal-settings/main.js
2024-02-21 16:09:20: 删除文件 /Users/IntoSoranohate/个人仓库/backup/.obsidian/plugins/obsidian-minimal-settings/manifest.json
2024-02-21 16:09:20: 删除文件 /Users/IntoSoranohate/个人仓库/backup/.obsidian/plugins/obsidian-minimal-settings/styles.css
2024-02-21 16:09:20: 覆盖复制 '/Users/IntoSoranohate/个人仓库/SHIP/.obsidian/workspace.json' -> '/Users/IntoSoranohate/个人仓库/backup/.obsidian/workspace.json' (8,367)
2024-02-21 16:09:20: 覆盖复制 '/Users/IntoSoranohate/个人仓库/SHIP/.obsidian/plugins/recent-files-obsidian/data.json' -> '/Users/IntoSoranohate/个人仓库/backup/.obsidian/plugins/recent-files-obsidian/data.json' (5,734)
2024-02-21 16:09:20: Close Modified Folder (mod-time, acl): /Project
2024-02-21 16:09:20: Close Modified Folder (mod-time, acl): /.obsidian/plugins/obsidian-checklist-plugin
2024-02-21 16:09:20: 删除文件夹 /Users/IntoSoranohate/个人仓库/backup/.obsidian/themes/Minimal
2024-02-21 16:09:20: 删除文件 /Users/IntoSoranohate/个人仓库/backup/Setting/components/script/colorclock.js
2024-02-21 16:09:20: 删除文件夹 /Users/IntoSoranohate/个人仓库/backup/.obsidian/plugins/obsidian-hider
2024-02-21 16:09:20: Close Modified Folder (mod-time, acl): /.obsidian/plugins/recent-files-obsidian
2024-02-21 16:09:20: 删除文件夹 /Users/IntoSoranohate/个人仓库/backup/.obsidian/plugins/obsidian-minimal-settings
2024-02-21 16:09:20: Close Modified Folder (mod-time, acl): /.obsidian/themes
2024-02-21 16:09:20: Close Modified Folder (mod-time, acl): /Setting/components/script
2024-02-21 16:09:20: Close Modified Folder (mod-time, acl): /.obsidian/plugins
2024-02-21 16:09:20: Close Modified Folder (mod-time, acl): /.obsidian
2024-02-21 16:09:20: 保持文件状态 /Users/IntoSoranohate/个人仓库/SHIP/_gsdata_/_file_state_v4._gs
2024-02-21 16:09:20: 保持文件状态 /Users/IntoSoranohate/个人仓库/backup/_gsdata_/_file_state_v4._gs
2024-02-21 16:09:20: == 同步完成. 历时: 00:00:00, 速度: 0.00/s, 完成: 22, 错误: 0
