2024-02-10 21:50:28: -- 分析开始 Periodic Timer
2024-02-10 21:50:28: 左侧: 正在读取文件状态 /Users/IntoSoranohate/个人仓库/SHIP/_gsdata_/_file_state_v4._gs
2024-02-10 21:50:28: 右侧: 正在读取文件状态 /Users/IntoSoranohate/Library/CloudStorage/OneDrive-个人/Shipy/_gsdata_/_file_state_v4._gs
2024-02-10 21:50:28: 变更：7， 冲突：0， 复制时间：0， 复制状态：0， 错误： 0, All: 338
2024-02-10 21:50:28: Left to Right: Copy File: 7 
2024-02-10 21:50:28: == 同步开始由 Periodic Timer
2024-02-10 21:50:28: ConnectCloned connected to file:///Users/IntoSoranohate/个人仓库/SHIP
2024-02-10 21:50:28: ConnectCloned connected to file:///Users/IntoSoranohate/Library/CloudStorage/OneDrive-个人/Shipy
2024-02-10 21:50:28: ConnectCloned connected to file:///Users/IntoSoranohate/个人仓库/SHIP
2024-02-10 21:50:28: ConnectCloned connected to file:///Users/IntoSoranohate/Library/CloudStorage/OneDrive-个人/Shipy
2024-02-10 21:50:28: ConnectCloned connected to file:///Users/IntoSoranohate/个人仓库/SHIP
2024-02-10 21:50:28: ConnectCloned connected to file:///Users/IntoSoranohate/Library/CloudStorage/OneDrive-个人/Shipy
2024-02-10 21:50:28: /Users/IntoSoranohate/个人仓库/SHIP/.obsidian/bookmarks.json: Source file has changed between Analyze and Sync from '[file] size=2,725 accu-time=2024-02-10 21:48:44 attr=Hidden644 cktype=0' to 'size=2,725 time=2024-02-10 21:50:28', noted in source file state
2024-02-10 21:50:28: 覆盖复制 '/Users/IntoSoranohate/个人仓库/SHIP/.obsidian/bookmarks.json' -> '/Users/IntoSoranohate/Library/CloudStorage/OneDrive-个人/Shipy/.obsidian/bookmarks.json' (2,725)
2024-02-10 21:50:28: 覆盖复制 '/Users/IntoSoranohate/个人仓库/SHIP/Setting/模板/template模板/日记模板.md' -> '/Users/IntoSoranohate/Library/CloudStorage/OneDrive-个人/Shipy/Setting/模板/template模板/日记模板.md' (2,983)
2024-02-10 21:50:28: 覆盖复制 '/Users/IntoSoranohate/个人仓库/SHIP/.obsidian/plugins/obsidian-linter/data.json' -> '/Users/IntoSoranohate/Library/CloudStorage/OneDrive-个人/Shipy/.obsidian/plugins/obsidian-linter/data.json' (10,244)
2024-02-10 21:50:28: 覆盖复制 '/Users/IntoSoranohate/个人仓库/SHIP/.obsidian/workspace.json' -> '/Users/IntoSoranohate/Library/CloudStorage/OneDrive-个人/Shipy/.obsidian/workspace.json' (7,417)
2024-02-10 21:50:28: 覆盖复制 '/Users/IntoSoranohate/个人仓库/SHIP/.obsidian/plugins/recent-files-obsidian/data.json' -> '/Users/IntoSoranohate/Library/CloudStorage/OneDrive-个人/Shipy/.obsidian/plugins/recent-files-obsidian/data.json' (5,276)
2024-02-10 21:50:28: Close Modified Folder (mod-time, acl): /Setting/模板/template模板
2024-02-10 21:50:28: 覆盖复制 '/Users/IntoSoranohate/个人仓库/SHIP/日记/2024-02-09_周五.md' -> '/Users/IntoSoranohate/Library/CloudStorage/OneDrive-个人/Shipy/日记/2024-02-09_周五.md' (1,497)
2024-02-10 21:50:28: Close Modified Folder (mod-time, acl): /.obsidian/plugins/obsidian-linter
2024-02-10 21:50:28: Close Modified Folder (mod-time, acl): /.obsidian/plugins/recent-files-obsidian
2024-02-10 21:50:28: Close Modified Folder (mod-time, acl): /.obsidian
2024-02-10 21:50:28: 覆盖复制 '/Users/IntoSoranohate/个人仓库/SHIP/日记/2024-02-10_周六.md' -> '/Users/IntoSoranohate/Library/CloudStorage/OneDrive-个人/Shipy/日记/2024-02-10_周六.md' (1,406)
2024-02-10 21:50:29: Close Modified Folder (mod-time, acl): /日记
2024-02-10 21:50:29: 保持文件状态 /Users/IntoSoranohate/个人仓库/SHIP/_gsdata_/_file_state_v4._gs
2024-02-10 21:50:29: 保持文件状态 /Users/IntoSoranohate/Library/CloudStorage/OneDrive-个人/Shipy/_gsdata_/_file_state_v4._gs
2024-02-10 21:50:29: == 同步完成. 历时: 00:00:01, 速度: 0.00/s, 完成: 7, 错误: 0
