2024-02-21 14:23:59: -- 分析开始 Periodic Timer
2024-02-21 14:23:59: 左侧: 正在读取文件状态 /Users/IntoSoranohate/个人仓库/SHIP/_gsdata_/_file_state_v4._gs
2024-02-21 14:23:59: 右侧: 正在读取文件状态 /Users/IntoSoranohate/个人仓库/backup/_gsdata_/_file_state_v4._gs
2024-02-21 14:23:59: 变更：9， 冲突：0， 复制时间：0， 复制状态：0， 错误： 0, All: 673
2024-02-21 14:23:59: Left to Right: Copy File: 9 
2024-02-21 14:23:59: == 同步开始由 Periodic Timer
2024-02-21 14:23:59: ConnectCloned connected to file:///Users/IntoSoranohate/个人仓库/SHIP
2024-02-21 14:23:59: ConnectCloned connected to file:///Users/IntoSoranohate/个人仓库/backup
2024-02-21 14:23:59: ConnectCloned connected to file:///Users/IntoSoranohate/个人仓库/SHIP
2024-02-21 14:23:59: ConnectCloned connected to file:///Users/IntoSoranohate/个人仓库/backup
2024-02-21 14:23:59: ConnectCloned connected to file:///Users/IntoSoranohate/个人仓库/SHIP
2024-02-21 14:23:59: ConnectCloned connected to file:///Users/IntoSoranohate/个人仓库/backup
2024-02-21 14:23:59: 覆盖复制 '/Users/IntoSoranohate/个人仓库/SHIP/.obsidian/bookmarks.json' -> '/Users/IntoSoranohate/个人仓库/backup/.obsidian/bookmarks.json' (3,412)
2024-02-21 14:23:59: 覆盖复制 '/Users/IntoSoranohate/个人仓库/SHIP/.obsidian/graph.json' -> '/Users/IntoSoranohate/个人仓库/backup/.obsidian/graph.json' (511)
2024-02-21 14:23:59: 新建复制 '/Users/IntoSoranohate/个人仓库/SHIP/Setting/components/script/fetchhomepage.js' -> '/Users/IntoSoranohate/个人仓库/backup/Setting/components/script/fetchhomepage.js' (10,378)
2024-02-21 14:23:59: 覆盖复制 '/Users/IntoSoranohate/个人仓库/SHIP/.obsidian/plugins/obsidian-hover-editor/data.json' -> '/Users/IntoSoranohate/个人仓库/backup/.obsidian/plugins/obsidian-hover-editor/data.json' (284)
2024-02-21 14:23:59: 覆盖复制 '/Users/IntoSoranohate/个人仓库/SHIP/.obsidian/plugins/quickadd/data.json' -> '/Users/IntoSoranohate/个人仓库/backup/.obsidian/plugins/quickadd/data.json' (6,899)
2024-02-21 14:23:59: 新建复制 '/Users/IntoSoranohate/个人仓库/SHIP/Setting/components/script/notice.js' -> '/Users/IntoSoranohate/个人仓库/backup/Setting/components/script/notice.js' (229)
2024-02-21 14:23:59: 覆盖复制 '/Users/IntoSoranohate/个人仓库/SHIP/.obsidian/plugins/recent-files-obsidian/data.json' -> '/Users/IntoSoranohate/个人仓库/backup/.obsidian/plugins/recent-files-obsidian/data.json' (5,702)
2024-02-21 14:23:59: 覆盖复制 '/Users/IntoSoranohate/个人仓库/SHIP/.obsidian/workspace.json' -> '/Users/IntoSoranohate/个人仓库/backup/.obsidian/workspace.json' (8,068)
2024-02-21 14:23:59: Close Modified Folder (mod-time, acl): /.obsidian/plugins/obsidian-hover-editor
2024-02-21 14:23:59: Close Modified Folder (mod-time, acl): /.obsidian/plugins/quickadd
2024-02-21 14:23:59: Close Modified Folder (mod-time, acl): /Setting/components/script
2024-02-21 14:23:59: Close Modified Folder (mod-time, acl): /.obsidian/plugins/recent-files-obsidian
2024-02-21 14:23:59: 覆盖复制 '/Users/IntoSoranohate/个人仓库/SHIP/.obsidian/workspaces.json' -> '/Users/IntoSoranohate/个人仓库/backup/.obsidian/workspaces.json' (6,642)
2024-02-21 14:23:59: Close Modified Folder (mod-time, acl): /.obsidian
2024-02-21 14:23:59: 保持文件状态 /Users/IntoSoranohate/个人仓库/SHIP/_gsdata_/_file_state_v4._gs
2024-02-21 14:23:59: 保持文件状态 /Users/IntoSoranohate/个人仓库/backup/_gsdata_/_file_state_v4._gs
2024-02-21 14:23:59: == 同步完成. 历时: 00:00:00, 速度: 0.00/s, 完成: 9, 错误: 0
