2024-02-19 20:54:02: -- 分析开始 Periodic Timer
2024-02-19 20:54:02: 左侧: 正在读取文件状态 /Users/IntoSoranohate/个人仓库/SHIP/_gsdata_/_file_state_v4._gs
2024-02-19 20:54:02: 右侧: 正在读取文件状态 /Users/IntoSoranohate/个人仓库/backup/_gsdata_/_file_state_v4._gs
2024-02-19 20:54:02: 变更：5， 冲突：0， 复制时间：0， 复制状态：0， 错误： 0, All: 627
2024-02-19 20:54:02: Left to Right: Copy File: 5 
2024-02-19 20:54:02: == 同步开始由 Periodic Timer
2024-02-19 20:54:02: ConnectCloned connected to file:///Users/IntoSoranohate/个人仓库/SHIP
2024-02-19 20:54:02: ConnectCloned connected to file:///Users/IntoSoranohate/个人仓库/SHIP
2024-02-19 20:54:02: ConnectCloned connected to file:///Users/IntoSoranohate/个人仓库/backup
2024-02-19 20:54:02: ConnectCloned connected to file:///Users/IntoSoranohate/个人仓库/SHIP
2024-02-19 20:54:02: ConnectCloned connected to file:///Users/IntoSoranohate/个人仓库/backup
2024-02-19 20:54:02: ConnectCloned connected to file:///Users/IntoSoranohate/个人仓库/backup
2024-02-19 20:54:02: 覆盖复制 '/Users/IntoSoranohate/个人仓库/SHIP/.obsidian/bookmarks.json' -> '/Users/IntoSoranohate/个人仓库/backup/.obsidian/bookmarks.json' (3,412)
2024-02-19 20:54:02: 覆盖复制 '/Users/IntoSoranohate/个人仓库/SHIP/日记/2024-02-19_周一.md' -> '/Users/IntoSoranohate/个人仓库/backup/日记/2024-02-19_周一.md' (1,454)
2024-02-19 20:54:02: 覆盖复制 '/Users/IntoSoranohate/个人仓库/SHIP/日记/情绪日记/心情记录2024-02-19_周一.md' -> '/Users/IntoSoranohate/个人仓库/backup/日记/情绪日记/心情记录2024-02-19_周一.md' (593)
2024-02-19 20:54:02: 覆盖复制 '/Users/IntoSoranohate/个人仓库/SHIP/.obsidian/workspace.json' -> '/Users/IntoSoranohate/个人仓库/backup/.obsidian/workspace.json' (8,329)
2024-02-19 20:54:02: Close Modified Folder (mod-time, acl): /日记/情绪日记
2024-02-19 20:54:02: Close Modified Folder (mod-time, acl): /日记
2024-02-19 20:54:02: 覆盖复制 '/Users/IntoSoranohate/个人仓库/SHIP/.obsidian/plugins/recent-files-obsidian/data.json' -> '/Users/IntoSoranohate/个人仓库/backup/.obsidian/plugins/recent-files-obsidian/data.json' (6,627)
2024-02-19 20:54:02: Close Modified Folder (mod-time, acl): /.obsidian/plugins/recent-files-obsidian
2024-02-19 20:54:02: Close Modified Folder (mod-time, acl): /.obsidian
2024-02-19 20:54:02: 保持文件状态 /Users/IntoSoranohate/个人仓库/SHIP/_gsdata_/_file_state_v4._gs
2024-02-19 20:54:02: 保持文件状态 /Users/IntoSoranohate/个人仓库/backup/_gsdata_/_file_state_v4._gs
2024-02-19 20:54:02: == 同步完成. 历时: 00:00:00, 速度: 0.00/s, 完成: 5, 错误: 0
