2024-02-11 00:49:19: -- 分析开始 Periodic Timer
2024-02-11 00:49:19: 左侧: 正在读取文件状态 /Users/IntoSoranohate/个人仓库/SHIP/_gsdata_/_file_state_v4._gs
2024-02-11 00:49:19: 右侧: 正在读取文件状态 /Users/IntoSoranohate/个人仓库/backup/_gsdata_/_file_state_v4._gs
2024-02-11 00:49:19: 变更：8， 冲突：0， 复制时间：0， 复制状态：0， 错误： 0, All: 366
2024-02-11 00:49:19: Left to Right: Copy File: 8 
2024-02-11 00:49:19: == 同步开始由 Periodic Timer
2024-02-11 00:49:19: ConnectCloned connected to file:///Users/IntoSoranohate/个人仓库/SHIP
2024-02-11 00:49:19: ConnectCloned connected to file:///Users/IntoSoranohate/个人仓库/SHIP
2024-02-11 00:49:19: ConnectCloned connected to file:///Users/IntoSoranohate/个人仓库/backup
2024-02-11 00:49:19: ConnectCloned connected to file:///Users/IntoSoranohate/个人仓库/SHIP
2024-02-11 00:49:19: ConnectCloned connected to file:///Users/IntoSoranohate/个人仓库/backup
2024-02-11 00:49:19: ConnectCloned connected to file:///Users/IntoSoranohate/个人仓库/backup
2024-02-11 00:49:19: 覆盖复制 '/Users/IntoSoranohate/个人仓库/SHIP/.obsidian/bookmarks.json' -> '/Users/IntoSoranohate/个人仓库/backup/.obsidian/bookmarks.json' (2,725)
2024-02-11 00:49:19: 覆盖复制 '/Users/IntoSoranohate/个人仓库/SHIP/.obsidian/community-plugins.json' -> '/Users/IntoSoranohate/个人仓库/backup/.obsidian/community-plugins.json' (475)
2024-02-11 00:49:19: 覆盖复制 '/Users/IntoSoranohate/个人仓库/SHIP/.obsidian/workspace.json' -> '/Users/IntoSoranohate/个人仓库/backup/.obsidian/workspace.json' (6,908)
2024-02-11 00:49:19: 创建文件夹 /Users/IntoSoranohate/个人仓库/backup/.obsidian/plugins/metaedit
2024-02-11 00:49:19: 新建复制 '/Users/IntoSoranohate/个人仓库/SHIP/.obsidian/plugins/metaedit/data.json' -> '/Users/IntoSoranohate/个人仓库/backup/.obsidian/plugins/metaedit/data.json' (392)
2024-02-11 00:49:19: 新建复制 '/Users/IntoSoranohate/个人仓库/SHIP/.obsidian/plugins/metaedit/main.js' -> '/Users/IntoSoranohate/个人仓库/backup/.obsidian/plugins/metaedit/main.js' (180,374)
2024-02-11 00:49:19: 新建复制 '/Users/IntoSoranohate/个人仓库/SHIP/.obsidian/plugins/metaedit/manifest.json' -> '/Users/IntoSoranohate/个人仓库/backup/.obsidian/plugins/metaedit/manifest.json' (252)
2024-02-11 00:49:19: 新建复制 '/Users/IntoSoranohate/个人仓库/SHIP/.obsidian/plugins/metaedit/styles.css' -> '/Users/IntoSoranohate/个人仓库/backup/.obsidian/plugins/metaedit/styles.css' (255)
2024-02-11 00:49:19: Close Modified Folder (mod-time, acl): /.obsidian/plugins/metaedit
2024-02-11 00:49:19: Close Modified Folder (mod-time, acl): /.obsidian/plugins
2024-02-11 00:49:19: Close Modified Folder (mod-time, acl): /.obsidian
2024-02-11 00:49:19: 保持文件状态 /Users/IntoSoranohate/个人仓库/SHIP/_gsdata_/_file_state_v4._gs
2024-02-11 00:49:19: 保持文件状态 /Users/IntoSoranohate/个人仓库/backup/_gsdata_/_file_state_v4._gs
2024-02-11 00:49:19: == 同步完成. 历时: 00:00:00, 速度: 0.00/s, 完成: 8, 错误: 0
