2024-02-12 02:43:04: -- 分析开始 Periodic Timer
2024-02-12 02:43:04: 左侧: 正在读取文件状态 /Users/IntoSoranohate/个人仓库/SHIP/_gsdata_/_file_state_v4._gs
2024-02-12 02:43:04: 右侧: 正在读取文件状态 /Users/IntoSoranohate/Library/CloudStorage/OneDrive-个人/Shipy/_gsdata_/_file_state_v4._gs
2024-02-12 02:43:04: 变更：15， 冲突：0， 复制时间：0， 复制状态：2， 错误： 0, All: 609
2024-02-12 02:43:04: Left to Right: Copy File: 15 
2024-02-12 02:43:04: == 同步开始由 Periodic Timer
2024-02-12 02:43:04: ConnectCloned connected to file:///Users/IntoSoranohate/个人仓库/SHIP
2024-02-12 02:43:04: ConnectCloned connected to file:///Users/IntoSoranohate/个人仓库/SHIP
2024-02-12 02:43:04: ConnectCloned connected to file:///Users/IntoSoranohate/个人仓库/SHIP
2024-02-12 02:43:04: ConnectCloned connected to file:///Users/IntoSoranohate/Library/CloudStorage/OneDrive-个人/Shipy
2024-02-12 02:43:04: ConnectCloned connected to file:///Users/IntoSoranohate/Library/CloudStorage/OneDrive-个人/Shipy
2024-02-12 02:43:04: ConnectCloned connected to file:///Users/IntoSoranohate/Library/CloudStorage/OneDrive-个人/Shipy
2024-02-12 02:43:04: 覆盖复制 '/Users/IntoSoranohate/个人仓库/SHIP/.obsidian/bookmarks.json' -> '/Users/IntoSoranohate/Library/CloudStorage/OneDrive-个人/Shipy/.obsidian/bookmarks.json' (3,412)
2024-02-12 02:43:04: 覆盖复制 '/Users/IntoSoranohate/个人仓库/SHIP/Setting/标签/日常.md' -> '/Users/IntoSoranohate/Library/CloudStorage/OneDrive-个人/Shipy/Setting/标签/日常.md' (167)
2024-02-12 02:43:04: 覆盖复制 '/Users/IntoSoranohate/个人仓库/SHIP/.obsidian/community-plugins.json' -> '/Users/IntoSoranohate/Library/CloudStorage/OneDrive-个人/Shipy/.obsidian/community-plugins.json' (591)
2024-02-12 02:43:04: 覆盖复制 '/Users/IntoSoranohate/个人仓库/SHIP/Setting/模板/template模板/卡片模板.md' -> '/Users/IntoSoranohate/Library/CloudStorage/OneDrive-个人/Shipy/Setting/模板/template模板/卡片模板.md' (161)
2024-02-12 02:43:04: 新建复制 '/Users/IntoSoranohate/个人仓库/SHIP/Setting/模板/template模板/情绪模版.md' -> '/Users/IntoSoranohate/Library/CloudStorage/OneDrive-个人/Shipy/Setting/模板/template模板/情绪模版.md' (68)
2024-02-12 02:43:04: 覆盖复制 '/Users/IntoSoranohate/个人仓库/SHIP/.obsidian/workspace.json' -> '/Users/IntoSoranohate/Library/CloudStorage/OneDrive-个人/Shipy/.obsidian/workspace.json' (8,983)
2024-02-12 02:43:04: 创建文件夹 /Users/IntoSoranohate/Library/CloudStorage/OneDrive-个人/Shipy/.obsidian/plugins/auto-note-mover
2024-02-12 02:43:04: 新建复制 '/Users/IntoSoranohate/个人仓库/SHIP/.obsidian/plugins/auto-note-mover/data.json' -> '/Users/IntoSoranohate/Library/CloudStorage/OneDrive-个人/Shipy/.obsidian/plugins/auto-note-mover/data.json' (329)
2024-02-12 02:43:04: 覆盖复制 '/Users/IntoSoranohate/个人仓库/SHIP/.obsidian/plugins/quickadd/data.json' -> '/Users/IntoSoranohate/Library/CloudStorage/OneDrive-个人/Shipy/.obsidian/plugins/quickadd/data.json' (4,580)
2024-02-12 02:43:04: 新建复制 '/Users/IntoSoranohate/个人仓库/SHIP/.obsidian/plugins/auto-note-mover/main.js' -> '/Users/IntoSoranohate/Library/CloudStorage/OneDrive-个人/Shipy/.obsidian/plugins/auto-note-mover/main.js' (86,681)
2024-02-12 02:43:04: 新建复制 '/Users/IntoSoranohate/个人仓库/SHIP/.obsidian/plugins/auto-note-mover/manifest.json' -> '/Users/IntoSoranohate/Library/CloudStorage/OneDrive-个人/Shipy/.obsidian/plugins/auto-note-mover/manifest.json' (331)
2024-02-12 02:43:04: 覆盖复制 '/Users/IntoSoranohate/个人仓库/SHIP/.obsidian/plugins/recent-files-obsidian/data.json' -> '/Users/IntoSoranohate/Library/CloudStorage/OneDrive-个人/Shipy/.obsidian/plugins/recent-files-obsidian/data.json' (6,882)
2024-02-12 02:43:04: 覆盖复制 '/Users/IntoSoranohate/个人仓库/SHIP/日记/2024-02-11_周日.md' -> '/Users/IntoSoranohate/Library/CloudStorage/OneDrive-个人/Shipy/日记/2024-02-11_周日.md' (1,704)
2024-02-12 02:43:04: 覆盖复制 '/Users/IntoSoranohate/个人仓库/SHIP/闪念笔记/CardBox.md' -> '/Users/IntoSoranohate/Library/CloudStorage/OneDrive-个人/Shipy/闪念笔记/CardBox.md' (186)
2024-02-12 02:43:04: Close Modified Folder (mod-time, acl): /Setting/标签
2024-02-12 02:43:04: Close Modified Folder (mod-time, acl): /Setting/模板/template模板
2024-02-12 02:43:04: 创建文件夹 /Users/IntoSoranohate/Library/CloudStorage/OneDrive-个人/Shipy/日记/情绪日记
2024-02-12 02:43:04: Close Modified Folder (mod-time, acl): /.obsidian/plugins/quickadd
2024-02-12 02:43:04: Close Modified Folder (mod-time, acl): /.obsidian/plugins/auto-note-mover
2024-02-12 02:43:04: Close Modified Folder (mod-time, acl): /.obsidian/plugins/recent-files-obsidian
2024-02-12 02:43:04: Close Modified Folder (mod-time, acl): /闪念笔记
2024-02-12 02:43:04: Close Modified Folder (mod-time, acl): /日记
2024-02-12 02:43:04: Close Modified Folder (mod-time, acl): /.obsidian/plugins
2024-02-12 02:43:04: Close Modified Folder (mod-time, acl): /.obsidian
2024-02-12 02:43:04: 保持文件状态 /Users/IntoSoranohate/个人仓库/SHIP/_gsdata_/_file_state_v4._gs
2024-02-12 02:43:04: 保持文件状态 /Users/IntoSoranohate/Library/CloudStorage/OneDrive-个人/Shipy/_gsdata_/_file_state_v4._gs
2024-02-12 02:43:04: == 同步完成. 历时: 00:00:00, 速度: 0.00/s, 完成: 17, 错误: 0
