2024-02-10 22:18:49: -- 分析开始 Periodic Timer
2024-02-10 22:18:49: 左侧: 正在读取文件状态 /Users/IntoSoranohate/个人仓库/SHIP/_gsdata_/_file_state_v4._gs
2024-02-10 22:18:49: 右侧: 正在读取文件状态 /Users/IntoSoranohate/个人仓库/backup/_gsdata_/_file_state_v4._gs
2024-02-10 22:18:49: 变更：5， 冲突：0， 复制时间：0， 复制状态：0， 错误： 0, All: 339
2024-02-10 22:18:49: Left to Right: Copy File: 5 
2024-02-10 22:18:49: == 同步开始由 Periodic Timer
2024-02-10 22:18:49: ConnectCloned connected to file:///Users/IntoSoranohate/个人仓库/SHIP
2024-02-10 22:18:49: ConnectCloned connected to file:///Users/IntoSoranohate/个人仓库/backup
2024-02-10 22:18:49: ConnectCloned connected to file:///Users/IntoSoranohate/个人仓库/SHIP
2024-02-10 22:18:49: ConnectCloned connected to file:///Users/IntoSoranohate/个人仓库/SHIP
2024-02-10 22:18:49: ConnectCloned connected to file:///Users/IntoSoranohate/个人仓库/backup
2024-02-10 22:18:49: ConnectCloned connected to file:///Users/IntoSoranohate/个人仓库/backup
2024-02-10 22:18:49: 覆盖复制 '/Users/IntoSoranohate/个人仓库/SHIP/.obsidian/bookmarks.json' -> '/Users/IntoSoranohate/个人仓库/backup/.obsidian/bookmarks.json' (2,725)
2024-02-10 22:18:49: 新建复制 '/Users/IntoSoranohate/个人仓库/SHIP/Setting/模板/template模板/LunarYear.md' -> '/Users/IntoSoranohate/个人仓库/backup/Setting/模板/template模板/LunarYear.md' (1,411)
2024-02-10 22:18:49: 覆盖复制 '/Users/IntoSoranohate/个人仓库/SHIP/.obsidian/plugins/recent-files-obsidian/data.json' -> '/Users/IntoSoranohate/个人仓库/backup/.obsidian/plugins/recent-files-obsidian/data.json' (5,277)
2024-02-10 22:18:49: 覆盖复制 '/Users/IntoSoranohate/个人仓库/SHIP/Setting/模板/存档.md' -> '/Users/IntoSoranohate/个人仓库/backup/Setting/模板/存档.md' (3,364)
2024-02-10 22:18:49: Close Modified Folder (mod-time, acl): /Setting/模板/template模板
2024-02-10 22:18:49: Close Modified Folder (mod-time, acl): /.obsidian/plugins/recent-files-obsidian
2024-02-10 22:18:49: Close Modified Folder (mod-time, acl): /Setting/模板
2024-02-10 22:18:49: 覆盖复制 '/Users/IntoSoranohate/个人仓库/SHIP/.obsidian/workspace.json' -> '/Users/IntoSoranohate/个人仓库/backup/.obsidian/workspace.json' (7,812)
2024-02-10 22:18:49: Close Modified Folder (mod-time, acl): /.obsidian
2024-02-10 22:18:49: 保持文件状态 /Users/IntoSoranohate/个人仓库/SHIP/_gsdata_/_file_state_v4._gs
2024-02-10 22:18:49: 保持文件状态 /Users/IntoSoranohate/个人仓库/backup/_gsdata_/_file_state_v4._gs
2024-02-10 22:18:49: == 同步完成. 历时: 00:00:00, 速度: 0.00/s, 完成: 5, 错误: 0
