2024-02-20 11:09:53: -- 分析开始 Periodic Timer
2024-02-20 11:09:53: 左侧: 正在读取文件状态 /Users/IntoSoranohate/个人仓库/SHIP/_gsdata_/_file_state_v4._gs
2024-02-20 11:09:53: 右侧: 正在读取文件状态 /Users/IntoSoranohate/Library/CloudStorage/OneDrive-个人/Shipy/_gsdata_/_file_state_v4._gs
2024-02-20 11:09:53: 变更：9， 冲突：0， 复制时间：0， 复制状态：2， 错误： 0, All: 634
2024-02-20 11:09:53: Left to Right: Copy File: 9 
2024-02-20 11:09:53: == 同步开始由 Periodic Timer
2024-02-20 11:09:53: ConnectCloned connected to file:///Users/IntoSoranohate/个人仓库/SHIP
2024-02-20 11:09:53: ConnectCloned connected to file:///Users/IntoSoranohate/个人仓库/SHIP
2024-02-20 11:09:53: ConnectCloned connected to file:///Users/IntoSoranohate/Library/CloudStorage/OneDrive-个人/Shipy
2024-02-20 11:09:53: ConnectCloned connected to file:///Users/IntoSoranohate/Library/CloudStorage/OneDrive-个人/Shipy
2024-02-20 11:09:53: ConnectCloned connected to file:///Users/IntoSoranohate/个人仓库/SHIP
2024-02-20 11:09:53: ConnectCloned connected to file:///Users/IntoSoranohate/Library/CloudStorage/OneDrive-个人/Shipy
2024-02-20 11:09:53: 覆盖复制 '/Users/IntoSoranohate/个人仓库/SHIP/.obsidian/bookmarks.json' -> '/Users/IntoSoranohate/Library/CloudStorage/OneDrive-个人/Shipy/.obsidian/bookmarks.json' (3,412)
2024-02-20 11:09:53: 创建文件夹 /Users/IntoSoranohate/Library/CloudStorage/OneDrive-个人/Shipy/永久笔记/CANVAS
2024-02-20 11:09:53: 新建复制 '/Users/IntoSoranohate/个人仓库/SHIP/永久笔记/CANVAS/ART.canvas' -> '/Users/IntoSoranohate/Library/CloudStorage/OneDrive-个人/Shipy/永久笔记/CANVAS/ART.canvas' (5,613)
2024-02-20 11:09:53: 覆盖复制 '/Users/IntoSoranohate/个人仓库/SHIP/永久笔记/ART/基础练习/速写.md' -> '/Users/IntoSoranohate/Library/CloudStorage/OneDrive-个人/Shipy/永久笔记/ART/基础练习/速写.md' (380)
2024-02-20 11:09:53: 覆盖复制 '/Users/IntoSoranohate/个人仓库/SHIP/永久笔记/ART/绘画练习.md' -> '/Users/IntoSoranohate/Library/CloudStorage/OneDrive-个人/Shipy/永久笔记/ART/绘画练习.md' (482)
2024-02-20 11:09:53: 新建复制 '/Users/IntoSoranohate/个人仓库/SHIP/.obsidian/canvas.json' -> '/Users/IntoSoranohate/Library/CloudStorage/OneDrive-个人/Shipy/.obsidian/canvas.json' (115)
2024-02-20 11:09:53: 覆盖复制 '/Users/IntoSoranohate/个人仓库/SHIP/.obsidian/workspace.json' -> '/Users/IntoSoranohate/Library/CloudStorage/OneDrive-个人/Shipy/.obsidian/workspace.json' (8,539)
2024-02-20 11:09:53: 覆盖复制 '/Users/IntoSoranohate/个人仓库/SHIP/.obsidian/plugins/recent-files-obsidian/data.json' -> '/Users/IntoSoranohate/Library/CloudStorage/OneDrive-个人/Shipy/.obsidian/plugins/recent-files-obsidian/data.json' (5,168)
2024-02-20 11:09:53: Close Modified Folder (mod-time, acl): /永久笔记/CANVAS
2024-02-20 11:09:53: Close Modified Folder (mod-time, acl): /永久笔记/ART/基础练习
2024-02-20 11:09:53: Close Modified Folder (mod-time, acl): /.obsidian/plugins/recent-files-obsidian
2024-02-20 11:09:53: Close Modified Folder (mod-time, acl): /永久笔记/ART
2024-02-20 11:09:53: Close Modified Folder (mod-time, acl): /永久笔记
2024-02-20 11:09:53: 新建复制 '/Users/IntoSoranohate/个人仓库/SHIP/闪念笔记/Notes/20240220速写复盘.md' -> '/Users/IntoSoranohate/Library/CloudStorage/OneDrive-个人/Shipy/闪念笔记/Notes/20240220速写复盘.md' (139)
2024-02-20 11:09:53: Close Modified Folder (mod-time, acl): /.obsidian
2024-02-20 11:09:53: Close Modified Folder (mod-time, acl): /闪念笔记/Notes
2024-02-20 11:09:53: 保持文件状态 /Users/IntoSoranohate/个人仓库/SHIP/_gsdata_/_file_state_v4._gs
2024-02-20 11:09:54: 保持文件状态 /Users/IntoSoranohate/Library/CloudStorage/OneDrive-个人/Shipy/_gsdata_/_file_state_v4._gs
2024-02-20 11:09:54: == 同步完成. 历时: 00:00:01, 速度: 0.00/s, 完成: 11, 错误: 0
