2024-02-19 09:11:30: -- 分析开始 Periodic Timer
2024-02-19 09:11:30: 左侧: 正在读取文件状态 /Users/IntoSoranohate/个人仓库/SHIP/_gsdata_/_file_state_v4._gs
2024-02-19 09:11:30: 右侧: 正在读取文件状态 /Users/IntoSoranohate/Library/CloudStorage/OneDrive-个人/Shipy/_gsdata_/_file_state_v4._gs
2024-02-19 09:11:30: 变更：22， 冲突：0， 复制时间：0， 复制状态：0， 错误： 0, All: 626
2024-02-19 09:11:30: Left to Right: Copy File: 19 Delete File: 3 
2024-02-19 09:11:30: == 同步开始由 Periodic Timer
2024-02-19 09:11:30: ConnectCloned connected to file:///Users/IntoSoranohate/个人仓库/SHIP
2024-02-19 09:11:30: ConnectCloned connected to file:///Users/IntoSoranohate/个人仓库/SHIP
2024-02-19 09:11:30: ConnectCloned connected to file:///Users/IntoSoranohate/Library/CloudStorage/OneDrive-个人/Shipy
2024-02-19 09:11:30: ConnectCloned connected to file:///Users/IntoSoranohate/Library/CloudStorage/OneDrive-个人/Shipy
2024-02-19 09:11:30: ConnectCloned connected to file:///Users/IntoSoranohate/个人仓库/SHIP
2024-02-19 09:11:30: ConnectCloned connected to file:///Users/IntoSoranohate/Library/CloudStorage/OneDrive-个人/Shipy
2024-02-19 09:11:30: 覆盖复制 '/Users/IntoSoranohate/个人仓库/SHIP/.obsidian/app.json' -> '/Users/IntoSoranohate/Library/CloudStorage/OneDrive-个人/Shipy/.obsidian/app.json' (206)
2024-02-19 09:11:30: 覆盖复制 '/Users/IntoSoranohate/个人仓库/SHIP/日记/2024-02-18_周日.md' -> '/Users/IntoSoranohate/Library/CloudStorage/OneDrive-个人/Shipy/日记/2024-02-18_周日.md' (1,232)
2024-02-19 09:11:30: 新建复制 '/Users/IntoSoranohate/个人仓库/SHIP/日记/2024-02-19_周一.md' -> '/Users/IntoSoranohate/Library/CloudStorage/OneDrive-个人/Shipy/日记/2024-02-19_周一.md' (1,255)
2024-02-19 09:11:30: 覆盖复制 '/Users/IntoSoranohate/个人仓库/SHIP/.obsidian/appearance.json' -> '/Users/IntoSoranohate/Library/CloudStorage/OneDrive-个人/Shipy/.obsidian/appearance.json' (717)
2024-02-19 09:11:30: 覆盖复制 '/Users/IntoSoranohate/个人仓库/SHIP/.obsidian/bookmarks.json' -> '/Users/IntoSoranohate/Library/CloudStorage/OneDrive-个人/Shipy/.obsidian/bookmarks.json' (3,412)
2024-02-19 09:11:30: 覆盖复制 '/Users/IntoSoranohate/个人仓库/SHIP/.obsidian/community-plugins.json' -> '/Users/IntoSoranohate/Library/CloudStorage/OneDrive-个人/Shipy/.obsidian/community-plugins.json' (570)
2024-02-19 09:11:30: 覆盖复制 '/Users/IntoSoranohate/个人仓库/SHIP/.obsidian/core-plugins-migration.json' -> '/Users/IntoSoranohate/Library/CloudStorage/OneDrive-个人/Shipy/.obsidian/core-plugins-migration.json' (637)
2024-02-19 09:11:30: 覆盖复制 '/Users/IntoSoranohate/个人仓库/SHIP/.obsidian/core-plugins.json' -> '/Users/IntoSoranohate/Library/CloudStorage/OneDrive-个人/Shipy/.obsidian/core-plugins.json' (295)
2024-02-19 09:11:30: 覆盖复制 '/Users/IntoSoranohate/个人仓库/SHIP/.obsidian/graph.json' -> '/Users/IntoSoranohate/Library/CloudStorage/OneDrive-个人/Shipy/.obsidian/graph.json' (511)
2024-02-19 09:11:30: 覆盖复制 '/Users/IntoSoranohate/个人仓库/SHIP/.obsidian/hotkeys.json' -> '/Users/IntoSoranohate/Library/CloudStorage/OneDrive-个人/Shipy/.obsidian/hotkeys.json' (1,442)
2024-02-19 09:11:30: 覆盖复制 '/Users/IntoSoranohate/个人仓库/SHIP/.obsidian/workspace.json' -> '/Users/IntoSoranohate/Library/CloudStorage/OneDrive-个人/Shipy/.obsidian/workspace.json' (8,376)
2024-02-19 09:11:30: 覆盖复制 '/Users/IntoSoranohate/个人仓库/SHIP/.obsidian/plugins/calendar/data.json' -> '/Users/IntoSoranohate/Library/CloudStorage/OneDrive-个人/Shipy/.obsidian/plugins/calendar/data.json' (231)
2024-02-19 09:11:30: 覆盖复制 '/Users/IntoSoranohate/个人仓库/SHIP/.obsidian/plugins/obsidian-admonition/data.json' -> '/Users/IntoSoranohate/Library/CloudStorage/OneDrive-个人/Shipy/.obsidian/plugins/obsidian-admonition/data.json' (1,705)
2024-02-19 09:11:30: 删除文件 /Users/IntoSoranohate/Library/CloudStorage/OneDrive-个人/Shipy/.obsidian/plugins/obsidian-mind-map/main.js
2024-02-19 09:11:30: 删除文件 /Users/IntoSoranohate/Library/CloudStorage/OneDrive-个人/Shipy/.obsidian/plugins/obsidian-mind-map/manifest.json
2024-02-19 09:11:30: 覆盖复制 '/Users/IntoSoranohate/个人仓库/SHIP/.obsidian/plugins/obsidian-minimal-settings/data.json' -> '/Users/IntoSoranohate/Library/CloudStorage/OneDrive-个人/Shipy/.obsidian/plugins/obsidian-minimal-settings/data.json' (934)
2024-02-19 09:11:30: 覆盖复制 '/Users/IntoSoranohate/个人仓库/SHIP/.obsidian/plugins/obsidian-tasks-plugin/data.json' -> '/Users/IntoSoranohate/Library/CloudStorage/OneDrive-个人/Shipy/.obsidian/plugins/obsidian-tasks-plugin/data.json' (1,652)
2024-02-19 09:11:30: 覆盖复制 '/Users/IntoSoranohate/个人仓库/SHIP/.obsidian/plugins/quickadd/data.json' -> '/Users/IntoSoranohate/Library/CloudStorage/OneDrive-个人/Shipy/.obsidian/plugins/quickadd/data.json' (4,600)
2024-02-19 09:11:30: 覆盖复制 '/Users/IntoSoranohate/个人仓库/SHIP/.obsidian/plugins/recent-files-obsidian/data.json' -> '/Users/IntoSoranohate/Library/CloudStorage/OneDrive-个人/Shipy/.obsidian/plugins/recent-files-obsidian/data.json' (6,494)
2024-02-19 09:11:30: 覆盖复制 '/Users/IntoSoranohate/个人仓库/SHIP/.obsidian/workspaces.json' -> '/Users/IntoSoranohate/Library/CloudStorage/OneDrive-个人/Shipy/.obsidian/workspaces.json' (7,043)
2024-02-19 09:11:30: Close Modified Folder (mod-time, acl): /日记
2024-02-19 09:11:30: Close Modified Folder (mod-time, acl): /.obsidian/plugins/calendar
2024-02-19 09:11:30: Close Modified Folder (mod-time, acl): /.obsidian/plugins/obsidian-admonition
2024-02-19 09:11:30: 覆盖复制 '/Users/IntoSoranohate/个人仓库/SHIP/.obsidian/plugins/table-editor-obsidian/data.json' -> '/Users/IntoSoranohate/Library/CloudStorage/OneDrive-个人/Shipy/.obsidian/plugins/table-editor-obsidian/data.json' (95)
2024-02-19 09:11:30: Close Modified Folder (mod-time, acl): /.obsidian/plugins/obsidian-minimal-settings
2024-02-19 09:11:30: 删除文件夹 /Users/IntoSoranohate/Library/CloudStorage/OneDrive-个人/Shipy/.obsidian/plugins/obsidian-mind-map
2024-02-19 09:11:30: Close Modified Folder (mod-time, acl): /.obsidian/plugins/obsidian-tasks-plugin
2024-02-19 09:11:30: Close Modified Folder (mod-time, acl): /.obsidian/plugins/quickadd
2024-02-19 09:11:30: Close Modified Folder (mod-time, acl): /.obsidian/plugins/recent-files-obsidian
2024-02-19 09:11:30: Close Modified Folder (mod-time, acl): /.obsidian/plugins/table-editor-obsidian
2024-02-19 09:11:30: Close Modified Folder (mod-time, acl): /.obsidian/plugins
2024-02-19 09:11:30: Close Modified Folder (mod-time, acl): /.obsidian
2024-02-19 09:11:30: 保持文件状态 /Users/IntoSoranohate/个人仓库/SHIP/_gsdata_/_file_state_v4._gs
2024-02-19 09:11:30: 保持文件状态 /Users/IntoSoranohate/Library/CloudStorage/OneDrive-个人/Shipy/_gsdata_/_file_state_v4._gs
2024-02-19 09:11:30: == 同步完成. 历时: 00:00:00, 速度: 0.00/s, 完成: 22, 错误: 0
