2024-02-12 03:11:29: -- 分析开始 Periodic Timer
2024-02-12 03:11:29: 左侧: 正在读取文件状态 /Users/IntoSoranohate/个人仓库/SHIP/_gsdata_/_file_state_v4._gs
2024-02-12 03:11:29: 右侧: 正在读取文件状态 /Users/IntoSoranohate/个人仓库/backup/_gsdata_/_file_state_v4._gs
2024-02-12 03:11:29: 变更：6， 冲突：0， 复制时间：0， 复制状态：0， 错误： 0, All: 610
2024-02-12 03:11:29: Left to Right: Copy File: 6 
2024-02-12 03:11:29: == 同步开始由 Periodic Timer
2024-02-12 03:11:29: ConnectCloned connected to file:///Users/IntoSoranohate/个人仓库/SHIP
2024-02-12 03:11:29: ConnectCloned connected to file:///Users/IntoSoranohate/个人仓库/SHIP
2024-02-12 03:11:29: ConnectCloned connected to file:///Users/IntoSoranohate/个人仓库/backup
2024-02-12 03:11:29: ConnectCloned connected to file:///Users/IntoSoranohate/个人仓库/SHIP
2024-02-12 03:11:29: ConnectCloned connected to file:///Users/IntoSoranohate/个人仓库/backup
2024-02-12 03:11:29: ConnectCloned connected to file:///Users/IntoSoranohate/个人仓库/backup
2024-02-12 03:11:29: 覆盖复制 '/Users/IntoSoranohate/个人仓库/SHIP/.obsidian/bookmarks.json' -> '/Users/IntoSoranohate/个人仓库/backup/.obsidian/bookmarks.json' (3,412)
2024-02-12 03:11:29: 覆盖复制 '/Users/IntoSoranohate/个人仓库/SHIP/Setting/模板/template模板/情绪模版.md' -> '/Users/IntoSoranohate/个人仓库/backup/Setting/模板/template模板/情绪模版.md' (77)
2024-02-12 03:11:29: 覆盖复制 '/Users/IntoSoranohate/个人仓库/SHIP/.obsidian/plugins/quickadd/data.json' -> '/Users/IntoSoranohate/个人仓库/backup/.obsidian/plugins/quickadd/data.json' (6,093)
2024-02-12 03:11:29: 覆盖复制 '/Users/IntoSoranohate/个人仓库/SHIP/.obsidian/workspace.json' -> '/Users/IntoSoranohate/个人仓库/backup/.obsidian/workspace.json' (9,336)
2024-02-12 03:11:29: 覆盖复制 '/Users/IntoSoranohate/个人仓库/SHIP/.obsidian/plugins/recent-files-obsidian/data.json' -> '/Users/IntoSoranohate/个人仓库/backup/.obsidian/plugins/recent-files-obsidian/data.json' (6,917)
2024-02-12 03:11:29: Close Modified Folder (mod-time, acl): /Setting/模板/template模板
2024-02-12 03:11:29: Close Modified Folder (mod-time, acl): /.obsidian/plugins/quickadd
2024-02-12 03:11:29: Close Modified Folder (mod-time, acl): /.obsidian/plugins/recent-files-obsidian
2024-02-12 03:11:29: Close Modified Folder (mod-time, acl): /.obsidian
2024-02-12 03:11:29: 新建复制 '/Users/IntoSoranohate/个人仓库/SHIP/日记/情绪日记/心情记录2024-02-12_周一.md' -> '/Users/IntoSoranohate/个人仓库/backup/日记/情绪日记/心情记录2024-02-12_周一.md' (293)
2024-02-12 03:11:29: Close Modified Folder (mod-time, acl): /日记/情绪日记
2024-02-12 03:11:29: 保持文件状态 /Users/IntoSoranohate/个人仓库/SHIP/_gsdata_/_file_state_v4._gs
2024-02-12 03:11:29: 保持文件状态 /Users/IntoSoranohate/个人仓库/backup/_gsdata_/_file_state_v4._gs
2024-02-12 03:11:29: == 同步完成. 历时: 00:00:00, 速度: 0.00/s, 完成: 6, 错误: 0
