2024-02-11 12:17:11: -- 分析开始 Periodic Timer
2024-02-11 12:17:11: 左侧: 正在读取文件状态 /Users/IntoSoranohate/个人仓库/SHIP/_gsdata_/_file_state_v4._gs
2024-02-11 12:17:11: 右侧: 正在读取文件状态 /Users/IntoSoranohate/个人仓库/backup/_gsdata_/_file_state_v4._gs
2024-02-11 12:17:11: 变更：5， 冲突：0， 复制时间：0， 复制状态：0， 错误： 0, All: 501
2024-02-11 12:17:11: Left to Right: Copy File: 5 
2024-02-11 12:17:11: == 同步开始由 Periodic Timer
2024-02-11 12:17:11: ConnectCloned connected to file:///Users/IntoSoranohate/个人仓库/SHIP
2024-02-11 12:17:11: ConnectCloned connected to file:///Users/IntoSoranohate/个人仓库/SHIP
2024-02-11 12:17:11: ConnectCloned connected to file:///Users/IntoSoranohate/个人仓库/SHIP
2024-02-11 12:17:11: ConnectCloned connected to file:///Users/IntoSoranohate/个人仓库/backup
2024-02-11 12:17:11: ConnectCloned connected to file:///Users/IntoSoranohate/个人仓库/backup
2024-02-11 12:17:11: ConnectCloned connected to file:///Users/IntoSoranohate/个人仓库/backup
2024-02-11 12:17:11: 覆盖复制 '/Users/IntoSoranohate/个人仓库/SHIP/.obsidian/bookmarks.json' -> '/Users/IntoSoranohate/个人仓库/backup/.obsidian/bookmarks.json' (2,725)
2024-02-11 12:17:11: 创建文件夹 /Users/IntoSoranohate/个人仓库/backup/灵感笔记/卡片盒
2024-02-11 12:17:11: 覆盖复制 '/Users/IntoSoranohate/个人仓库/SHIP/.obsidian/workspace.json' -> '/Users/IntoSoranohate/个人仓库/backup/.obsidian/workspace.json' (8,023)
2024-02-11 12:17:11: 覆盖复制 '/Users/IntoSoranohate/个人仓库/SHIP/.obsidian/plugins/quickadd/data.json' -> '/Users/IntoSoranohate/个人仓库/backup/.obsidian/plugins/quickadd/data.json' (2,304)
2024-02-11 12:17:11: Close Modified Folder (mod-time, acl): /灵感笔记
2024-02-11 12:17:11: Close Modified Folder (mod-time, acl): /.obsidian/plugins/quickadd
2024-02-11 12:17:11: 覆盖复制 '/Users/IntoSoranohate/个人仓库/SHIP/.obsidian/plugins/recent-files-obsidian/data.json' -> '/Users/IntoSoranohate/个人仓库/backup/.obsidian/plugins/recent-files-obsidian/data.json' (4,952)
2024-02-11 12:17:11: Close Modified Folder (mod-time, acl): /.obsidian/plugins/recent-files-obsidian
2024-02-11 12:17:11: Close Modified Folder (mod-time, acl): /.obsidian
2024-02-11 12:17:11: 保持文件状态 /Users/IntoSoranohate/个人仓库/SHIP/_gsdata_/_file_state_v4._gs
2024-02-11 12:17:11: 保持文件状态 /Users/IntoSoranohate/个人仓库/backup/_gsdata_/_file_state_v4._gs
2024-02-11 12:17:12: == 同步完成. 历时: 00:00:01, 速度: 0.00/s, 完成: 5, 错误: 0
