2024-02-11 11:32:02: -- 分析开始 Periodic Timer
2024-02-11 11:32:02: 左侧: 正在读取文件状态 /Users/IntoSoranohate/个人仓库/SHIP/_gsdata_/_file_state_v4._gs
2024-02-11 11:32:02: 右侧: 正在读取文件状态 /Users/IntoSoranohate/个人仓库/backup/_gsdata_/_file_state_v4._gs
2024-02-11 11:32:02: 变更：6， 冲突：0， 复制时间：0， 复制状态：0， 错误： 0, All: 491
2024-02-11 11:32:02: Left to Right: Copy File: 6 
2024-02-11 11:32:02: == 同步开始由 Periodic Timer
2024-02-11 11:32:02: ConnectCloned connected to file:///Users/IntoSoranohate/个人仓库/SHIP
2024-02-11 11:32:02: ConnectCloned connected to file:///Users/IntoSoranohate/个人仓库/SHIP
2024-02-11 11:32:02: ConnectCloned connected to file:///Users/IntoSoranohate/个人仓库/SHIP
2024-02-11 11:32:02: ConnectCloned connected to file:///Users/IntoSoranohate/个人仓库/backup
2024-02-11 11:32:02: ConnectCloned connected to file:///Users/IntoSoranohate/个人仓库/backup
2024-02-11 11:32:02: ConnectCloned connected to file:///Users/IntoSoranohate/个人仓库/backup
2024-02-11 11:32:02: 覆盖复制 '/Users/IntoSoranohate/个人仓库/SHIP/.obsidian/bookmarks.json' -> '/Users/IntoSoranohate/个人仓库/backup/.obsidian/bookmarks.json' (2,725)
2024-02-11 11:32:02: 覆盖复制 '/Users/IntoSoranohate/个人仓库/SHIP/.obsidian/workspace.json' -> '/Users/IntoSoranohate/个人仓库/backup/.obsidian/workspace.json' (8,251)
2024-02-11 11:32:02: 创建文件夹 /Users/IntoSoranohate/个人仓库/backup/.obsidian/plugins/obsidian-wordnet-plugin
2024-02-11 11:32:03: 新建复制 '/Users/IntoSoranohate/个人仓库/SHIP/.obsidian/plugins/obsidian-wordnet-plugin/main.js' -> '/Users/IntoSoranohate/个人仓库/backup/.obsidian/plugins/obsidian-wordnet-plugin/main.js' (40,962)
2024-02-11 11:32:03: 新建复制 '/Users/IntoSoranohate/个人仓库/SHIP/.obsidian/plugins/obsidian-wordnet-plugin/manifest.json' -> '/Users/IntoSoranohate/个人仓库/backup/.obsidian/plugins/obsidian-wordnet-plugin/manifest.json' (338)
2024-02-11 11:32:03: 新建复制 '/Users/IntoSoranohate/个人仓库/SHIP/.obsidian/plugins/obsidian-wordnet-plugin/styles.css' -> '/Users/IntoSoranohate/个人仓库/backup/.obsidian/plugins/obsidian-wordnet-plugin/styles.css' (2)
2024-02-11 11:32:03: Close Modified Folder (mod-time, acl): /.obsidian/plugins/obsidian-wordnet-plugin
2024-02-11 11:32:03: Close Modified Folder (mod-time, acl): /.obsidian/plugins
2024-02-11 11:32:03: Close Modified Folder (mod-time, acl): /.obsidian
2024-02-11 11:32:03: 保持文件状态 /Users/IntoSoranohate/个人仓库/SHIP/_gsdata_/_file_state_v4._gs
2024-02-11 11:32:03: 保持文件状态 /Users/IntoSoranohate/个人仓库/backup/_gsdata_/_file_state_v4._gs
2024-02-11 11:32:03: == 同步完成. 历时: 00:00:01, 速度: 0.00/s, 完成: 6, 错误: 0
