2024-02-11 14:10:45: -- 分析开始 Periodic Timer
2024-02-11 14:10:45: 左侧: 正在读取文件状态 /Users/IntoSoranohate/个人仓库/SHIP/_gsdata_/_file_state_v4._gs
2024-02-11 14:10:45: 右侧: 正在读取文件状态 /Users/IntoSoranohate/个人仓库/backup/_gsdata_/_file_state_v4._gs
2024-02-11 14:10:45: 变更：17， 冲突：0， 复制时间：0， 复制状态：0， 错误： 0, All: 581
2024-02-11 14:10:45: Left to Right: Copy File: 17 
2024-02-11 14:10:45: == 同步开始由 Periodic Timer
2024-02-11 14:10:45: ConnectCloned connected to file:///Users/IntoSoranohate/个人仓库/SHIP
2024-02-11 14:10:45: ConnectCloned connected to file:///Users/IntoSoranohate/个人仓库/SHIP
2024-02-11 14:10:45: ConnectCloned connected to file:///Users/IntoSoranohate/个人仓库/backup
2024-02-11 14:10:45: ConnectCloned connected to file:///Users/IntoSoranohate/个人仓库/SHIP
2024-02-11 14:10:45: ConnectCloned connected to file:///Users/IntoSoranohate/个人仓库/backup
2024-02-11 14:10:45: ConnectCloned connected to file:///Users/IntoSoranohate/个人仓库/backup
2024-02-11 14:10:45: 覆盖复制 '/Users/IntoSoranohate/个人仓库/SHIP/.obsidian/app.json' -> '/Users/IntoSoranohate/个人仓库/backup/.obsidian/app.json' (206)
2024-02-11 14:10:45: 覆盖复制 '/Users/IntoSoranohate/个人仓库/SHIP/.obsidian/appearance.json' -> '/Users/IntoSoranohate/个人仓库/backup/.obsidian/appearance.json' (717)
2024-02-11 14:10:45: 覆盖复制 '/Users/IntoSoranohate/个人仓库/SHIP/.obsidian/bookmarks.json' -> '/Users/IntoSoranohate/个人仓库/backup/.obsidian/bookmarks.json' (3,592)
2024-02-11 14:10:45: 覆盖复制 '/Users/IntoSoranohate/个人仓库/SHIP/Setting/模板/template模板/卡片模板.md' -> '/Users/IntoSoranohate/个人仓库/backup/Setting/模板/template模板/卡片模板.md' (161)
2024-02-11 14:10:45: 覆盖复制 '/Users/IntoSoranohate/个人仓库/SHIP/.obsidian/community-plugins.json' -> '/Users/IntoSoranohate/个人仓库/backup/.obsidian/community-plugins.json' (570)
2024-02-11 14:10:45: 覆盖复制 '/Users/IntoSoranohate/个人仓库/SHIP/.obsidian/core-plugins-migration.json' -> '/Users/IntoSoranohate/个人仓库/backup/.obsidian/core-plugins-migration.json' (637)
2024-02-11 14:10:45: 覆盖复制 '/Users/IntoSoranohate/个人仓库/SHIP/.obsidian/core-plugins.json' -> '/Users/IntoSoranohate/个人仓库/backup/.obsidian/core-plugins.json' (295)
2024-02-11 14:10:45: 覆盖复制 '/Users/IntoSoranohate/个人仓库/SHIP/.obsidian/graph.json' -> '/Users/IntoSoranohate/个人仓库/backup/.obsidian/graph.json' (511)
2024-02-11 14:10:45: 覆盖复制 '/Users/IntoSoranohate/个人仓库/SHIP/.obsidian/workspace.json' -> '/Users/IntoSoranohate/个人仓库/backup/.obsidian/workspace.json' (8,684)
2024-02-11 14:10:45: 覆盖复制 '/Users/IntoSoranohate/个人仓库/SHIP/.obsidian/plugins/calendar/data.json' -> '/Users/IntoSoranohate/个人仓库/backup/.obsidian/plugins/calendar/data.json' (231)
2024-02-11 14:10:45: 覆盖复制 '/Users/IntoSoranohate/个人仓库/SHIP/.obsidian/plugins/obsidian-admonition/data.json' -> '/Users/IntoSoranohate/个人仓库/backup/.obsidian/plugins/obsidian-admonition/data.json' (1,705)
2024-02-11 14:10:45: 覆盖复制 '/Users/IntoSoranohate/个人仓库/SHIP/.obsidian/plugins/obsidian-minimal-settings/data.json' -> '/Users/IntoSoranohate/个人仓库/backup/.obsidian/plugins/obsidian-minimal-settings/data.json' (934)
2024-02-11 14:10:45: 覆盖复制 '/Users/IntoSoranohate/个人仓库/SHIP/.obsidian/plugins/quickadd/data.json' -> '/Users/IntoSoranohate/个人仓库/backup/.obsidian/plugins/quickadd/data.json' (3,217)
2024-02-11 14:10:45: 覆盖复制 '/Users/IntoSoranohate/个人仓库/SHIP/.obsidian/plugins/recent-files-obsidian/data.json' -> '/Users/IntoSoranohate/个人仓库/backup/.obsidian/plugins/recent-files-obsidian/data.json' (5,261)
2024-02-11 14:10:45: 覆盖复制 '/Users/IntoSoranohate/个人仓库/SHIP/.obsidian/plugins/table-editor-obsidian/data.json' -> '/Users/IntoSoranohate/个人仓库/backup/.obsidian/plugins/table-editor-obsidian/data.json' (95)
2024-02-11 14:10:45: 覆盖复制 '/Users/IntoSoranohate/个人仓库/SHIP/.obsidian/workspaces.json' -> '/Users/IntoSoranohate/个人仓库/backup/.obsidian/workspaces.json' (6,886)
2024-02-11 14:10:45: Close Modified Folder (mod-time, acl): /Setting/模板/template模板
2024-02-11 14:10:45: Close Modified Folder (mod-time, acl): /.obsidian/plugins/calendar
2024-02-11 14:10:45: Close Modified Folder (mod-time, acl): /.obsidian/plugins/obsidian-admonition
2024-02-11 14:10:45: Close Modified Folder (mod-time, acl): /.obsidian/plugins/obsidian-minimal-settings
2024-02-11 14:10:45: Close Modified Folder (mod-time, acl): /.obsidian/plugins/quickadd
2024-02-11 14:10:45: Close Modified Folder (mod-time, acl): /.obsidian/plugins/recent-files-obsidian
2024-02-11 14:10:45: Close Modified Folder (mod-time, acl): /.obsidian/plugins/table-editor-obsidian
2024-02-11 14:10:45: 新建复制 '/Users/IntoSoranohate/个人仓库/SHIP/闪念笔记/卡片盒/MOC（Map of Contents）.md' -> '/Users/IntoSoranohate/个人仓库/backup/闪念笔记/卡片盒/MOC（Map of Contents）.md' (1,000)
2024-02-11 14:10:45: Close Modified Folder (mod-time, acl): /闪念笔记/卡片盒
2024-02-11 14:10:45: Close Modified Folder (mod-time, acl): /.obsidian
2024-02-11 14:10:45: 保持文件状态 /Users/IntoSoranohate/个人仓库/SHIP/_gsdata_/_file_state_v4._gs
2024-02-11 14:10:45: 保持文件状态 /Users/IntoSoranohate/个人仓库/backup/_gsdata_/_file_state_v4._gs
2024-02-11 14:10:45: == 同步完成. 历时: 00:00:00, 速度: 0.00/s, 完成: 17, 错误: 0
