2024-02-10 21:48:43: -- 分析开始 Periodic Timer
2024-02-10 21:48:43: 左侧: 正在读取文件状态 /Users/IntoSoranohate/个人仓库/SHIP/_gsdata_/_file_state_v4._gs
2024-02-10 21:48:43: 右侧: 正在读取文件状态 /Users/IntoSoranohate/个人仓库/backup/_gsdata_/_file_state_v4._gs
2024-02-10 21:48:43: 变更：7， 冲突：0， 复制时间：0， 复制状态：0， 错误： 0, All: 338
2024-02-10 21:48:43: Left to Right: Copy File: 7 
2024-02-10 21:48:43: == 同步开始由 Periodic Timer
2024-02-10 21:48:43: ConnectCloned connected to file:///Users/IntoSoranohate/个人仓库/SHIP
2024-02-10 21:48:43: ConnectCloned connected to file:///Users/IntoSoranohate/个人仓库/SHIP
2024-02-10 21:48:43: ConnectCloned connected to file:///Users/IntoSoranohate/个人仓库/SHIP
2024-02-10 21:48:43: ConnectCloned connected to file:///Users/IntoSoranohate/个人仓库/backup
2024-02-10 21:48:43: ConnectCloned connected to file:///Users/IntoSoranohate/个人仓库/backup
2024-02-10 21:48:43: ConnectCloned connected to file:///Users/IntoSoranohate/个人仓库/backup
2024-02-10 21:48:43: 覆盖复制 '/Users/IntoSoranohate/个人仓库/SHIP/.obsidian/bookmarks.json' -> '/Users/IntoSoranohate/个人仓库/backup/.obsidian/bookmarks.json' (2,725)
2024-02-10 21:48:43: 覆盖复制 '/Users/IntoSoranohate/个人仓库/SHIP/Setting/模板/template模板/日记模板.md' -> '/Users/IntoSoranohate/个人仓库/backup/Setting/模板/template模板/日记模板.md' (2,983)
2024-02-10 21:48:43: 覆盖复制 '/Users/IntoSoranohate/个人仓库/SHIP/.obsidian/plugins/obsidian-linter/data.json' -> '/Users/IntoSoranohate/个人仓库/backup/.obsidian/plugins/obsidian-linter/data.json' (10,244)
2024-02-10 21:48:43: 覆盖复制 '/Users/IntoSoranohate/个人仓库/SHIP/.obsidian/workspace.json' -> '/Users/IntoSoranohate/个人仓库/backup/.obsidian/workspace.json' (7,173)
2024-02-10 21:48:43: 覆盖复制 '/Users/IntoSoranohate/个人仓库/SHIP/.obsidian/plugins/recent-files-obsidian/data.json' -> '/Users/IntoSoranohate/个人仓库/backup/.obsidian/plugins/recent-files-obsidian/data.json' (5,305)
2024-02-10 21:48:43: Close Modified Folder (mod-time, acl): /Setting/模板/template模板
2024-02-10 21:48:43: 覆盖复制 '/Users/IntoSoranohate/个人仓库/SHIP/日记/2024-02-09_周五.md' -> '/Users/IntoSoranohate/个人仓库/backup/日记/2024-02-09_周五.md' (1,497)
2024-02-10 21:48:43: Close Modified Folder (mod-time, acl): /.obsidian/plugins/obsidian-linter
2024-02-10 21:48:43: Close Modified Folder (mod-time, acl): /.obsidian/plugins/recent-files-obsidian
2024-02-10 21:48:43: Close Modified Folder (mod-time, acl): /.obsidian
2024-02-10 21:48:43: 覆盖复制 '/Users/IntoSoranohate/个人仓库/SHIP/日记/2024-02-10_周六.md' -> '/Users/IntoSoranohate/个人仓库/backup/日记/2024-02-10_周六.md' (1,303)
2024-02-10 21:48:44: Close Modified Folder (mod-time, acl): /日记
2024-02-10 21:48:44: 保持文件状态 /Users/IntoSoranohate/个人仓库/SHIP/_gsdata_/_file_state_v4._gs
2024-02-10 21:48:44: 保持文件状态 /Users/IntoSoranohate/个人仓库/backup/_gsdata_/_file_state_v4._gs
2024-02-10 21:48:44: == 同步完成. 历时: 00:00:01, 速度: 0.00/s, 完成: 7, 错误: 0
