2024-02-11 00:04:10: -- 分析开始 Periodic Timer
2024-02-11 00:04:10: 左侧: 正在读取文件状态 /Users/IntoSoranohate/个人仓库/SHIP/_gsdata_/_file_state_v4._gs
2024-02-11 00:04:10: 右侧: 正在读取文件状态 /Users/IntoSoranohate/个人仓库/backup/_gsdata_/_file_state_v4._gs
2024-02-11 00:04:10: 变更：13， 冲突：0， 复制时间：0， 复制状态：0， 错误： 0, All: 354
2024-02-11 00:04:10: Left to Right: Copy File: 13 
2024-02-11 00:04:10: == 同步开始由 Periodic Timer
2024-02-11 00:04:10: ConnectCloned connected to file:///Users/IntoSoranohate/个人仓库/SHIP
2024-02-11 00:04:10: ConnectCloned connected to file:///Users/IntoSoranohate/个人仓库/SHIP
2024-02-11 00:04:10: ConnectCloned connected to file:///Users/IntoSoranohate/个人仓库/backup
2024-02-11 00:04:10: ConnectCloned connected to file:///Users/IntoSoranohate/个人仓库/backup
2024-02-11 00:04:10: ConnectCloned connected to file:///Users/IntoSoranohate/个人仓库/SHIP
2024-02-11 00:04:10: ConnectCloned connected to file:///Users/IntoSoranohate/个人仓库/backup
2024-02-11 00:04:10: 新建复制 '/Users/IntoSoranohate/个人仓库/SHIP/5W2H方法.md' -> '/Users/IntoSoranohate/个人仓库/backup/5W2H方法.md' (1,060)
2024-02-11 00:04:10: 覆盖复制 '/Users/IntoSoranohate/个人仓库/SHIP/.obsidian/bookmarks.json' -> '/Users/IntoSoranohate/个人仓库/backup/.obsidian/bookmarks.json' (2,725)
2024-02-11 00:04:10: 覆盖复制 '/Users/IntoSoranohate/个人仓库/SHIP/.obsidian/community-plugins.json' -> '/Users/IntoSoranohate/个人仓库/backup/.obsidian/community-plugins.json' (441)
2024-02-11 00:04:10: 覆盖复制 '/Users/IntoSoranohate/个人仓库/SHIP/.obsidian/core-plugins-migration.json' -> '/Users/IntoSoranohate/个人仓库/backup/.obsidian/core-plugins-migration.json' (640)
2024-02-11 00:04:10: 覆盖复制 '/Users/IntoSoranohate/个人仓库/SHIP/.obsidian/core-plugins.json' -> '/Users/IntoSoranohate/个人仓库/backup/.obsidian/core-plugins.json' (242)
2024-02-11 00:04:10: 覆盖复制 '/Users/IntoSoranohate/个人仓库/SHIP/.obsidian/workspace.json' -> '/Users/IntoSoranohate/个人仓库/backup/.obsidian/workspace.json' (7,090)
2024-02-11 00:04:10: 创建文件夹 /Users/IntoSoranohate/个人仓库/backup/.obsidian/plugins/obsidian-hider
2024-02-11 00:04:10: 新建复制 '/Users/IntoSoranohate/个人仓库/SHIP/.obsidian/plugins/obsidian-hider/data.json' -> '/Users/IntoSoranohate/个人仓库/backup/.obsidian/plugins/obsidian-hider/data.json' (321)
2024-02-11 00:04:10: 覆盖复制 '/Users/IntoSoranohate/个人仓库/SHIP/.obsidian/plugins/recent-files-obsidian/data.json' -> '/Users/IntoSoranohate/个人仓库/backup/.obsidian/plugins/recent-files-obsidian/data.json' (5,147)
2024-02-11 00:04:10: 新建复制 '/Users/IntoSoranohate/个人仓库/SHIP/.obsidian/plugins/obsidian-hider/main.js' -> '/Users/IntoSoranohate/个人仓库/backup/.obsidian/plugins/obsidian-hider/main.js' (50,130)
2024-02-11 00:04:10: 新建复制 '/Users/IntoSoranohate/个人仓库/SHIP/.obsidian/plugins/obsidian-hider/manifest.json' -> '/Users/IntoSoranohate/个人仓库/backup/.obsidian/plugins/obsidian-hider/manifest.json' (332)
2024-02-11 00:04:10: 新建复制 '/Users/IntoSoranohate/个人仓库/SHIP/.obsidian/plugins/obsidian-hider/styles.css' -> '/Users/IntoSoranohate/个人仓库/backup/.obsidian/plugins/obsidian-hider/styles.css' (1,861)
2024-02-11 00:04:10: Close Modified Folder (mod-time, acl): /.obsidian/plugins/recent-files-obsidian
2024-02-11 00:04:10: Close Modified Folder (mod-time, acl): /.obsidian/plugins/obsidian-hider
2024-02-11 00:04:10: Close Modified Folder (mod-time, acl): /.obsidian/plugins
2024-02-11 00:04:10: Close Modified Folder (mod-time, acl): /.obsidian
2024-02-11 00:04:10: 新建复制 '/Users/IntoSoranohate/个人仓库/SHIP/Setting/Files/IMGckeditor-633408c5443fb202402 10.png' -> '/Users/IntoSoranohate/个人仓库/backup/Setting/Files/IMGckeditor-633408c5443fb202402 10.png' (106,255)
2024-02-11 00:04:10: Close Modified Folder (mod-time, acl): /Setting/Files
2024-02-11 00:04:10: 保持文件状态 /Users/IntoSoranohate/个人仓库/SHIP/_gsdata_/_file_state_v4._gs
2024-02-11 00:04:10: 保持文件状态 /Users/IntoSoranohate/个人仓库/backup/_gsdata_/_file_state_v4._gs
2024-02-11 00:04:10: == 同步完成. 历时: 00:00:00, 速度: 0.00/s, 完成: 13, 错误: 0
