2024-02-21 08:52:26: -- 分析开始 Periodic Timer
2024-02-21 08:52:26: 左侧: 正在读取文件状态 /Users/IntoSoranohate/个人仓库/SHIP/_gsdata_/_file_state_v4._gs
2024-02-21 08:52:26: 右侧: 正在读取文件状态 /Users/IntoSoranohate/个人仓库/backup/_gsdata_/_file_state_v4._gs
2024-02-21 08:52:27: 变更：6， 冲突：0， 复制时间：0， 复制状态：0， 错误： 0, All: 643
2024-02-21 08:52:27: Left to Right: Copy File: 6 
2024-02-21 08:52:27: == 同步开始由 Periodic Timer
2024-02-21 08:52:27: ConnectCloned connected to file:///Users/IntoSoranohate/个人仓库/SHIP
2024-02-21 08:52:27: ConnectCloned connected to file:///Users/IntoSoranohate/个人仓库/backup
2024-02-21 08:52:27: ConnectCloned connected to file:///Users/IntoSoranohate/个人仓库/SHIP
2024-02-21 08:52:27: ConnectCloned connected to file:///Users/IntoSoranohate/个人仓库/SHIP
2024-02-21 08:52:27: ConnectCloned connected to file:///Users/IntoSoranohate/个人仓库/backup
2024-02-21 08:52:27: ConnectCloned connected to file:///Users/IntoSoranohate/个人仓库/backup
2024-02-21 08:52:27: 覆盖复制 '/Users/IntoSoranohate/个人仓库/SHIP/.obsidian/bookmarks.json' -> '/Users/IntoSoranohate/个人仓库/backup/.obsidian/bookmarks.json' (3,412)
2024-02-21 08:52:27: 覆盖复制 '/Users/IntoSoranohate/个人仓库/SHIP/Project/IDEA 备忘.md' -> '/Users/IntoSoranohate/个人仓库/backup/Project/IDEA 备忘.md' (23)
2024-02-21 08:52:27: 覆盖复制 '/Users/IntoSoranohate/个人仓库/SHIP/Project/中国风角色(主角)设计.md' -> '/Users/IntoSoranohate/个人仓库/backup/Project/中国风角色(主角)设计.md' (1,421)
2024-02-21 08:52:27: 覆盖复制 '/Users/IntoSoranohate/个人仓库/SHIP/.obsidian/workspace.json' -> '/Users/IntoSoranohate/个人仓库/backup/.obsidian/workspace.json' (8,769)
2024-02-21 08:52:27: 覆盖复制 '/Users/IntoSoranohate/个人仓库/SHIP/.obsidian/plugins/recent-files-obsidian/data.json' -> '/Users/IntoSoranohate/个人仓库/backup/.obsidian/plugins/recent-files-obsidian/data.json' (5,706)
2024-02-21 08:52:27: Close Modified Folder (mod-time, acl): /Project
2024-02-21 08:52:27: Close Modified Folder (mod-time, acl): /.obsidian/plugins/recent-files-obsidian
2024-02-21 08:52:27: Close Modified Folder (mod-time, acl): /.obsidian
2024-02-21 08:52:27: 覆盖复制 '/Users/IntoSoranohate/个人仓库/SHIP/日记/2024-02-19_周一.md' -> '/Users/IntoSoranohate/个人仓库/backup/日记/2024-02-19_周一.md' (1,475)
2024-02-21 08:52:27: Close Modified Folder (mod-time, acl): /日记
2024-02-21 08:52:27: 保持文件状态 /Users/IntoSoranohate/个人仓库/SHIP/_gsdata_/_file_state_v4._gs
2024-02-21 08:52:27: 保持文件状态 /Users/IntoSoranohate/个人仓库/backup/_gsdata_/_file_state_v4._gs
2024-02-21 08:52:27: == 同步完成. 历时: 00:00:01, 速度: 0.00/s, 完成: 6, 错误: 0
