2024-02-13 11:01:46: -- 分析开始 Periodic Timer
2024-02-13 11:01:46: 左侧: 正在读取文件状态 /Users/IntoSoranohate/个人仓库/SHIP/_gsdata_/_file_state_v4._gs
2024-02-13 11:01:46: 右侧: 正在读取文件状态 /Users/IntoSoranohate/个人仓库/backup/_gsdata_/_file_state_v4._gs
2024-02-13 11:01:46: 变更：6， 冲突：0， 复制时间：0， 复制状态：0， 错误： 0, All: 610
2024-02-13 11:01:46: Left to Right: Copy File: 5 Delete File: 1 
2024-02-13 11:01:46: == 同步开始由 Periodic Timer
2024-02-13 11:01:46: ConnectCloned connected to file:///Users/IntoSoranohate/个人仓库/SHIP
2024-02-13 11:01:46: ConnectCloned connected to file:///Users/IntoSoranohate/个人仓库/SHIP
2024-02-13 11:01:46: ConnectCloned connected to file:///Users/IntoSoranohate/个人仓库/backup
2024-02-13 11:01:46: ConnectCloned connected to file:///Users/IntoSoranohate/个人仓库/SHIP
2024-02-13 11:01:46: ConnectCloned connected to file:///Users/IntoSoranohate/个人仓库/backup
2024-02-13 11:01:46: ConnectCloned connected to file:///Users/IntoSoranohate/个人仓库/backup
2024-02-13 11:01:46: 覆盖复制 '/Users/IntoSoranohate/个人仓库/SHIP/.obsidian/bookmarks.json' -> '/Users/IntoSoranohate/个人仓库/backup/.obsidian/bookmarks.json' (3,412)
2024-02-13 11:01:46: 覆盖复制 '/Users/IntoSoranohate/个人仓库/SHIP/日记/2024-02-12_周一.md' -> '/Users/IntoSoranohate/个人仓库/backup/日记/2024-02-12_周一.md' (1,334)
2024-02-13 11:01:46: 删除文件 /Users/IntoSoranohate/个人仓库/backup/日记/情绪日记/心情记录2024-02-12_周一.md
2024-02-13 11:01:46: 覆盖复制 '/Users/IntoSoranohate/个人仓库/SHIP/.obsidian/plugins/quickadd/data.json' -> '/Users/IntoSoranohate/个人仓库/backup/.obsidian/plugins/quickadd/data.json' (4,600)
2024-02-13 11:01:46: 覆盖复制 '/Users/IntoSoranohate/个人仓库/SHIP/.obsidian/plugins/recent-files-obsidian/data.json' -> '/Users/IntoSoranohate/个人仓库/backup/.obsidian/plugins/recent-files-obsidian/data.json' (7,008)
2024-02-13 11:01:46: Close Modified Folder (mod-time, acl): /日记/情绪日记
2024-02-13 11:01:46: Close Modified Folder (mod-time, acl): /.obsidian/plugins/quickadd
2024-02-13 11:01:46: Close Modified Folder (mod-time, acl): /.obsidian/plugins/recent-files-obsidian
2024-02-13 11:01:46: Close Modified Folder (mod-time, acl): /日记
2024-02-13 11:01:46: 覆盖复制 '/Users/IntoSoranohate/个人仓库/SHIP/.obsidian/workspace.json' -> '/Users/IntoSoranohate/个人仓库/backup/.obsidian/workspace.json' (8,235)
2024-02-13 11:01:46: Close Modified Folder (mod-time, acl): /.obsidian
2024-02-13 11:01:46: 保持文件状态 /Users/IntoSoranohate/个人仓库/SHIP/_gsdata_/_file_state_v4._gs
2024-02-13 11:01:46: 保持文件状态 /Users/IntoSoranohate/个人仓库/backup/_gsdata_/_file_state_v4._gs
2024-02-13 11:01:46: == 同步完成. 历时: 00:00:00, 速度: 0.00/s, 完成: 6, 错误: 0
