2024-02-20 12:09:54: -- 分析开始 Periodic Timer
2024-02-20 12:09:54: 左侧: 正在读取文件状态 /Users/IntoSoranohate/个人仓库/SHIP/_gsdata_/_file_state_v4._gs
2024-02-20 12:09:54: 右侧: 正在读取文件状态 /Users/IntoSoranohate/Library/CloudStorage/OneDrive-个人/Shipy/_gsdata_/_file_state_v4._gs
2024-02-20 12:09:54: 变更：4， 冲突：0， 复制时间：0， 复制状态：0， 错误： 0, All: 634
2024-02-20 12:09:54: Left to Right: Copy File: 4 
2024-02-20 12:09:54: == 同步开始由 Periodic Timer
2024-02-20 12:09:54: ConnectCloned connected to file:///Users/IntoSoranohate/个人仓库/SHIP
2024-02-20 12:09:54: ConnectCloned connected to file:///Users/IntoSoranohate/个人仓库/SHIP
2024-02-20 12:09:54: ConnectCloned connected to file:///Users/IntoSoranohate/个人仓库/SHIP
2024-02-20 12:09:54: ConnectCloned connected to file:///Users/IntoSoranohate/Library/CloudStorage/OneDrive-个人/Shipy
2024-02-20 12:09:54: ConnectCloned connected to file:///Users/IntoSoranohate/Library/CloudStorage/OneDrive-个人/Shipy
2024-02-20 12:09:54: ConnectCloned connected to file:///Users/IntoSoranohate/Library/CloudStorage/OneDrive-个人/Shipy
2024-02-20 12:09:54: /Users/IntoSoranohate/个人仓库/SHIP/.obsidian/bookmarks.json: Source file has changed between Analyze and Sync from '[file] size=3,412 accu-time=2024-02-20 12:08:54 attr=Hidden644 cktype=0' to 'size=3,412 time=2024-02-20 12:09:54', noted in source file state
2024-02-20 12:09:54: 覆盖复制 '/Users/IntoSoranohate/个人仓库/SHIP/.obsidian/bookmarks.json' -> '/Users/IntoSoranohate/Library/CloudStorage/OneDrive-个人/Shipy/.obsidian/bookmarks.json' (3,412)
2024-02-20 12:09:54: 覆盖复制 '/Users/IntoSoranohate/个人仓库/SHIP/闪念笔记/Notes/20240220速写复盘.md' -> '/Users/IntoSoranohate/Library/CloudStorage/OneDrive-个人/Shipy/闪念笔记/Notes/20240220速写复盘.md' (192)
2024-02-20 12:09:54: 覆盖复制 '/Users/IntoSoranohate/个人仓库/SHIP/.obsidian/workspace.json' -> '/Users/IntoSoranohate/Library/CloudStorage/OneDrive-个人/Shipy/.obsidian/workspace.json' (8,474)
2024-02-20 12:09:54: Close Modified Folder (mod-time, acl): /闪念笔记/Notes
2024-02-20 12:09:54: 覆盖复制 '/Users/IntoSoranohate/个人仓库/SHIP/.obsidian/plugins/recent-files-obsidian/data.json' -> '/Users/IntoSoranohate/Library/CloudStorage/OneDrive-个人/Shipy/.obsidian/plugins/recent-files-obsidian/data.json' (5,168)
2024-02-20 12:09:54: Close Modified Folder (mod-time, acl): /.obsidian/plugins/recent-files-obsidian
2024-02-20 12:09:54: Close Modified Folder (mod-time, acl): /.obsidian
2024-02-20 12:09:54: 保持文件状态 /Users/IntoSoranohate/个人仓库/SHIP/_gsdata_/_file_state_v4._gs
2024-02-20 12:09:54: 保持文件状态 /Users/IntoSoranohate/Library/CloudStorage/OneDrive-个人/Shipy/_gsdata_/_file_state_v4._gs
2024-02-20 12:09:54: == 同步完成. 历时: 00:00:00, 速度: 0.00/s, 完成: 4, 错误: 0
