2024-02-21 10:54:29: -- 分析开始 Periodic Timer
2024-02-21 10:54:29: 左侧: 正在读取文件状态 /Users/IntoSoranohate/个人仓库/SHIP/_gsdata_/_file_state_v4._gs
2024-02-21 10:54:29: 右侧: 正在读取文件状态 /Users/IntoSoranohate/个人仓库/backup/_gsdata_/_file_state_v4._gs
2024-02-21 10:54:29: 变更：6， 冲突：0， 复制时间：0， 复制状态：0， 错误： 0, All: 658
2024-02-21 10:54:29: Left to Right: Copy File: 4 Delete File: 2 
2024-02-21 10:54:29: == 同步开始由 Periodic Timer
2024-02-21 10:54:29: ConnectCloned connected to file:///Users/IntoSoranohate/个人仓库/SHIP
2024-02-21 10:54:29: ConnectCloned connected to file:///Users/IntoSoranohate/个人仓库/SHIP
2024-02-21 10:54:29: ConnectCloned connected to file:///Users/IntoSoranohate/个人仓库/backup
2024-02-21 10:54:29: ConnectCloned connected to file:///Users/IntoSoranohate/个人仓库/SHIP
2024-02-21 10:54:29: ConnectCloned connected to file:///Users/IntoSoranohate/个人仓库/backup
2024-02-21 10:54:29: ConnectCloned connected to file:///Users/IntoSoranohate/个人仓库/backup
2024-02-21 10:54:29: 覆盖复制 '/Users/IntoSoranohate/个人仓库/SHIP/.obsidian/bookmarks.json' -> '/Users/IntoSoranohate/个人仓库/backup/.obsidian/bookmarks.json' (3,412)
2024-02-21 10:54:29: 覆盖复制 '/Users/IntoSoranohate/个人仓库/SHIP/Setting/components/ReactJS/react_weather.md' -> '/Users/IntoSoranohate/个人仓库/backup/Setting/components/ReactJS/react_weather.md' (710)
2024-02-21 10:54:29: 覆盖复制 '/Users/IntoSoranohate/个人仓库/SHIP/.obsidian/plugins/recent-files-obsidian/data.json' -> '/Users/IntoSoranohate/个人仓库/backup/.obsidian/plugins/recent-files-obsidian/data.json' (5,494)
2024-02-21 10:54:29: 删除文件 /Users/IntoSoranohate/个人仓库/backup/Setting/components/项目追踪（完成的字数和任务）.md
2024-02-21 10:54:29: 删除文件 /Users/IntoSoranohate/个人仓库/backup/Setting/components/script/dv_project_tracking.js
2024-02-21 10:54:29: Close Modified Folder (mod-time, acl): /Setting/components/ReactJS
2024-02-21 10:54:29: Close Modified Folder (mod-time, acl): /.obsidian/plugins/recent-files-obsidian
2024-02-21 10:54:29: Close Modified Folder (mod-time, acl): /Setting/components/script
2024-02-21 10:54:29: Close Modified Folder (mod-time, acl): /Setting/components
2024-02-21 10:54:29: 覆盖复制 '/Users/IntoSoranohate/个人仓库/SHIP/.obsidian/workspace.json' -> '/Users/IntoSoranohate/个人仓库/backup/.obsidian/workspace.json' (8,201)
2024-02-21 10:54:29: Close Modified Folder (mod-time, acl): /.obsidian
2024-02-21 10:54:29: 保持文件状态 /Users/IntoSoranohate/个人仓库/SHIP/_gsdata_/_file_state_v4._gs
2024-02-21 10:54:29: 保持文件状态 /Users/IntoSoranohate/个人仓库/backup/_gsdata_/_file_state_v4._gs
2024-02-21 10:54:29: == 同步完成. 历时: 00:00:00, 速度: 0.00/s, 完成: 6, 错误: 0
