2024-02-10 22:33:52: -- 分析开始 Periodic Timer
2024-02-10 22:33:52: 左侧: 正在读取文件状态 /Users/IntoSoranohate/个人仓库/SHIP/_gsdata_/_file_state_v4._gs
2024-02-10 22:33:52: 右侧: 正在读取文件状态 /Users/IntoSoranohate/个人仓库/backup/_gsdata_/_file_state_v4._gs
2024-02-10 22:33:52: 变更：5， 冲突：0， 复制时间：0， 复制状态：0， 错误： 0, All: 340
2024-02-10 22:33:52: Left to Right: Copy File: 5 
2024-02-10 22:33:52: == 同步开始由 Periodic Timer
2024-02-10 22:33:52: ConnectCloned connected to file:///Users/IntoSoranohate/个人仓库/SHIP
2024-02-10 22:33:52: ConnectCloned connected to file:///Users/IntoSoranohate/个人仓库/SHIP
2024-02-10 22:33:52: ConnectCloned connected to file:///Users/IntoSoranohate/个人仓库/SHIP
2024-02-10 22:33:52: ConnectCloned connected to file:///Users/IntoSoranohate/个人仓库/backup
2024-02-10 22:33:52: ConnectCloned connected to file:///Users/IntoSoranohate/个人仓库/backup
2024-02-10 22:33:52: ConnectCloned connected to file:///Users/IntoSoranohate/个人仓库/backup
2024-02-10 22:33:52: 覆盖复制 '/Users/IntoSoranohate/个人仓库/SHIP/.obsidian/bookmarks.json' -> '/Users/IntoSoranohate/个人仓库/backup/.obsidian/bookmarks.json' (2,725)
2024-02-10 22:33:52: 覆盖复制 '/Users/IntoSoranohate/个人仓库/SHIP/Setting/模板/template模板/LunarYear.md' -> '/Users/IntoSoranohate/个人仓库/backup/Setting/模板/template模板/LunarYear.md' (204)
2024-02-10 22:33:52: 覆盖复制 '/Users/IntoSoranohate/个人仓库/SHIP/.obsidian/plugins/recent-files-obsidian/data.json' -> '/Users/IntoSoranohate/个人仓库/backup/.obsidian/plugins/recent-files-obsidian/data.json' (5,257)
2024-02-10 22:33:52: 覆盖复制 '/Users/IntoSoranohate/个人仓库/SHIP/.obsidian/workspace.json' -> '/Users/IntoSoranohate/个人仓库/backup/.obsidian/workspace.json' (8,020)
2024-02-10 22:33:52: Close Modified Folder (mod-time, acl): /Setting/模板/template模板
2024-02-10 22:33:52: Close Modified Folder (mod-time, acl): /.obsidian/plugins/recent-files-obsidian
2024-02-10 22:33:52: Close Modified Folder (mod-time, acl): /.obsidian
2024-02-10 22:33:52: 新建复制 '/Users/IntoSoranohate/个人仓库/SHIP/未命名.md' -> '/Users/IntoSoranohate/个人仓库/backup/未命名.md' (202)
2024-02-10 22:33:52: 保持文件状态 /Users/IntoSoranohate/个人仓库/SHIP/_gsdata_/_file_state_v4._gs
2024-02-10 22:33:52: 保持文件状态 /Users/IntoSoranohate/个人仓库/backup/_gsdata_/_file_state_v4._gs
2024-02-10 22:33:52: == 同步完成. 历时: 00:00:00, 速度: 0.00/s, 完成: 5, 错误: 0
