2024-02-15 13:30:17: -- 分析开始 Periodic Timer
2024-02-15 13:30:17: 左侧: 正在读取文件状态 /Users/IntoSoranohate/个人仓库/SHIP/_gsdata_/_file_state_v4._gs
2024-02-15 13:30:17: 右侧: 正在读取文件状态 /Users/IntoSoranohate/个人仓库/backup/_gsdata_/_file_state_v4._gs
2024-02-15 13:30:17: 变更：4， 冲突：0， 复制时间：0， 复制状态：0， 错误： 0, All: 613
2024-02-15 13:30:17: Left to Right: Copy File: 4 
2024-02-15 13:30:17: == 同步开始由 Periodic Timer
2024-02-15 13:30:17: ConnectCloned connected to file:///Users/IntoSoranohate/个人仓库/SHIP
2024-02-15 13:30:17: ConnectCloned connected to file:///Users/IntoSoranohate/个人仓库/SHIP
2024-02-15 13:30:17: ConnectCloned connected to file:///Users/IntoSoranohate/个人仓库/SHIP
2024-02-15 13:30:17: ConnectCloned connected to file:///Users/IntoSoranohate/个人仓库/backup
2024-02-15 13:30:17: ConnectCloned connected to file:///Users/IntoSoranohate/个人仓库/backup
2024-02-15 13:30:17: ConnectCloned connected to file:///Users/IntoSoranohate/个人仓库/backup
2024-02-15 13:30:17: 覆盖复制 '/Users/IntoSoranohate/个人仓库/SHIP/.obsidian/bookmarks.json' -> '/Users/IntoSoranohate/个人仓库/backup/.obsidian/bookmarks.json' (3,412)
2024-02-15 13:30:17: 覆盖复制 '/Users/IntoSoranohate/个人仓库/SHIP/日记/2024-02-14_周三.md' -> '/Users/IntoSoranohate/个人仓库/backup/日记/2024-02-14_周三.md' (1,781)
2024-02-15 13:30:17: 覆盖复制 '/Users/IntoSoranohate/个人仓库/SHIP/.obsidian/workspace.json' -> '/Users/IntoSoranohate/个人仓库/backup/.obsidian/workspace.json' (8,079)
2024-02-15 13:30:17: Close Modified Folder (mod-time, acl): /日记
2024-02-15 13:30:17: 覆盖复制 '/Users/IntoSoranohate/个人仓库/SHIP/.obsidian/plugins/recent-files-obsidian/data.json' -> '/Users/IntoSoranohate/个人仓库/backup/.obsidian/plugins/recent-files-obsidian/data.json' (6,894)
2024-02-15 13:30:17: Close Modified Folder (mod-time, acl): /.obsidian/plugins/recent-files-obsidian
2024-02-15 13:30:17: Close Modified Folder (mod-time, acl): /.obsidian
2024-02-15 13:30:17: 保持文件状态 /Users/IntoSoranohate/个人仓库/SHIP/_gsdata_/_file_state_v4._gs
2024-02-15 13:30:17: 保持文件状态 /Users/IntoSoranohate/个人仓库/backup/_gsdata_/_file_state_v4._gs
2024-02-15 13:30:17: == 同步完成. 历时: 00:00:00, 速度: 0.00/s, 完成: 4, 错误: 0
