2024-02-22 01:14:32: -- 分析开始 Periodic Timer
2024-02-22 01:14:32: 左侧: 正在读取文件状态 /Users/IntoSoranohate/个人仓库/SHIP/_gsdata_/_file_state_v4._gs
2024-02-22 01:14:32: 右侧: 正在读取文件状态 /Users/IntoSoranohate/个人仓库/backup/_gsdata_/_file_state_v4._gs
2024-02-22 01:14:32: 变更：4， 冲突：0， 复制时间：0， 复制状态：0， 错误： 0, All: 710
2024-02-22 01:14:32: Left to Right: Copy File: 4 
2024-02-22 01:14:32: == 同步开始由 Periodic Timer
2024-02-22 01:14:32: ConnectCloned connected to file:///Users/IntoSoranohate/个人仓库/SHIP
2024-02-22 01:14:32: ConnectCloned connected to file:///Users/IntoSoranohate/个人仓库/SHIP
2024-02-22 01:14:32: ConnectCloned connected to file:///Users/IntoSoranohate/个人仓库/SHIP
2024-02-22 01:14:32: ConnectCloned connected to file:///Users/IntoSoranohate/个人仓库/backup
2024-02-22 01:14:32: ConnectCloned connected to file:///Users/IntoSoranohate/个人仓库/backup
2024-02-22 01:14:32: ConnectCloned connected to file:///Users/IntoSoranohate/个人仓库/backup
2024-02-22 01:14:32: /Users/IntoSoranohate/个人仓库/SHIP/.obsidian/bookmarks.json: Source file has changed between Analyze and Sync from '[file] size=3,411 accu-time=2024-02-22 01:06:48 attr=Hidden644 cktype=0' to 'size=3,411 time=2024-02-22 01:14:32', noted in source file state
2024-02-22 01:14:32: 覆盖复制 '/Users/IntoSoranohate/个人仓库/SHIP/.obsidian/bookmarks.json' -> '/Users/IntoSoranohate/个人仓库/backup/.obsidian/bookmarks.json' (3,411)
2024-02-22 01:14:32: 覆盖复制 '/Users/IntoSoranohate/个人仓库/SHIP/.obsidian/workspace.json' -> '/Users/IntoSoranohate/个人仓库/backup/.obsidian/workspace.json' (9,036)
2024-02-22 01:14:32: 覆盖复制 '/Users/IntoSoranohate/个人仓库/SHIP/.obsidian/plugins/quickadd/data.json' -> '/Users/IntoSoranohate/个人仓库/backup/.obsidian/plugins/quickadd/data.json' (8,144)
2024-02-22 01:14:32: Close Modified Folder (mod-time, acl): /.obsidian/plugins/quickadd
2024-02-22 01:14:32: 覆盖复制 '/Users/IntoSoranohate/个人仓库/SHIP/.obsidian/plugins/recent-files-obsidian/data.json' -> '/Users/IntoSoranohate/个人仓库/backup/.obsidian/plugins/recent-files-obsidian/data.json' (5,670)
2024-02-22 01:14:32: Close Modified Folder (mod-time, acl): /.obsidian/plugins/recent-files-obsidian
2024-02-22 01:14:32: Close Modified Folder (mod-time, acl): /.obsidian
2024-02-22 01:14:32: 保持文件状态 /Users/IntoSoranohate/个人仓库/SHIP/_gsdata_/_file_state_v4._gs
2024-02-22 01:14:32: 保持文件状态 /Users/IntoSoranohate/个人仓库/backup/_gsdata_/_file_state_v4._gs
2024-02-22 01:14:32: == 同步完成. 历时: 00:00:00, 速度: 0.00/s, 完成: 4, 错误: 0
