2024-02-21 11:54:41: -- 分析开始 Periodic Timer
2024-02-21 11:54:41: 左侧: 正在读取文件状态 /Users/IntoSoranohate/个人仓库/SHIP/_gsdata_/_file_state_v4._gs
2024-02-21 11:54:41: 右侧: 正在读取文件状态 /Users/IntoSoranohate/个人仓库/backup/_gsdata_/_file_state_v4._gs
2024-02-21 11:54:41: 变更：12， 冲突：0， 复制时间：0， 复制状态：0， 错误： 0, All: 663
2024-02-21 11:54:41: Left to Right: Copy File: 12 
2024-02-21 11:54:41: == 同步开始由 Periodic Timer
2024-02-21 11:54:41: ConnectCloned connected to file:///Users/IntoSoranohate/个人仓库/SHIP
2024-02-21 11:54:41: ConnectCloned connected to file:///Users/IntoSoranohate/个人仓库/SHIP
2024-02-21 11:54:41: ConnectCloned connected to file:///Users/IntoSoranohate/个人仓库/backup
2024-02-21 11:54:41: ConnectCloned connected to file:///Users/IntoSoranohate/个人仓库/backup
2024-02-21 11:54:41: ConnectCloned connected to file:///Users/IntoSoranohate/个人仓库/SHIP
2024-02-21 11:54:41: ConnectCloned connected to file:///Users/IntoSoranohate/个人仓库/backup
2024-02-21 11:54:41: 覆盖复制 '/Users/IntoSoranohate/个人仓库/SHIP/.obsidian/app.json' -> '/Users/IntoSoranohate/个人仓库/backup/.obsidian/app.json' (206)
2024-02-21 11:54:41: 覆盖复制 '/Users/IntoSoranohate/个人仓库/SHIP/.obsidian/appearance.json' -> '/Users/IntoSoranohate/个人仓库/backup/.obsidian/appearance.json' (729)
2024-02-21 11:54:41: 创建文件夹 /Users/IntoSoranohate/个人仓库/backup/Setting/components/tp
2024-02-21 11:54:41: 覆盖复制 '/Users/IntoSoranohate/个人仓库/SHIP/.obsidian/bookmarks.json' -> '/Users/IntoSoranohate/个人仓库/backup/.obsidian/bookmarks.json' (3,412)
2024-02-21 11:54:41: 覆盖复制 '/Users/IntoSoranohate/个人仓库/SHIP/.obsidian/community-plugins.json' -> '/Users/IntoSoranohate/个人仓库/backup/.obsidian/community-plugins.json' (590)
2024-02-21 11:54:41: 创建文件夹 /Users/IntoSoranohate/个人仓库/backup/.obsidian/plugins/obsidian-memos
2024-02-21 11:54:41: 新建复制 '/Users/IntoSoranohate/个人仓库/SHIP/.obsidian/snippets/memos.css' -> '/Users/IntoSoranohate/个人仓库/backup/.obsidian/snippets/memos.css' (1,444)
2024-02-21 11:54:41: 新建复制 '/Users/IntoSoranohate/个人仓库/SHIP/.obsidian/plugins/obsidian-memos/main.js' -> '/Users/IntoSoranohate/个人仓库/backup/.obsidian/plugins/obsidian-memos/main.js' (775,294)
2024-02-21 11:54:41: 新建复制 '/Users/IntoSoranohate/个人仓库/SHIP/.obsidian/plugins/obsidian-memos/manifest.json' -> '/Users/IntoSoranohate/个人仓库/backup/.obsidian/plugins/obsidian-memos/manifest.json' (267)
2024-02-21 11:54:41: 新建复制 '/Users/IntoSoranohate/个人仓库/SHIP/.obsidian/plugins/obsidian-memos/styles.css' -> '/Users/IntoSoranohate/个人仓库/backup/.obsidian/plugins/obsidian-memos/styles.css' (283,187)
2024-02-21 11:54:41: 覆盖复制 '/Users/IntoSoranohate/个人仓库/SHIP/.obsidian/workspace.json' -> '/Users/IntoSoranohate/个人仓库/backup/.obsidian/workspace.json' (8,013)
2024-02-21 11:54:41: Close Modified Folder (mod-time, acl): /Setting/components
2024-02-21 11:54:41: Close Modified Folder (mod-time, acl): /.obsidian/snippets
2024-02-21 11:54:41: Close Modified Folder (mod-time, acl): /.obsidian/plugins/obsidian-memos
2024-02-21 11:54:41: 覆盖复制 '/Users/IntoSoranohate/个人仓库/SHIP/.obsidian/plugins/obsidian-minimal-settings/data.json' -> '/Users/IntoSoranohate/个人仓库/backup/.obsidian/plugins/obsidian-minimal-settings/data.json' (934)
2024-02-21 11:54:41: Close Modified Folder (mod-time, acl): /.obsidian/plugins/obsidian-minimal-settings
2024-02-21 11:54:41: Close Modified Folder (mod-time, acl): /.obsidian/plugins
2024-02-21 11:54:41: Close Modified Folder (mod-time, acl): /.obsidian
2024-02-21 11:54:41: 保持文件状态 /Users/IntoSoranohate/个人仓库/SHIP/_gsdata_/_file_state_v4._gs
2024-02-21 11:54:41: 保持文件状态 /Users/IntoSoranohate/个人仓库/backup/_gsdata_/_file_state_v4._gs
2024-02-21 11:54:41: == 同步完成. 历时: 00:00:00, 速度: 0.00/s, 完成: 12, 错误: 0
