2024-02-18 10:53:16: -- 分析开始 Periodic Timer
2024-02-18 10:53:16: 左侧: 正在读取文件状态 /Users/IntoSoranohate/个人仓库/SHIP/_gsdata_/_file_state_v4._gs
2024-02-18 10:53:16: 右侧: 正在读取文件状态 /Users/IntoSoranohate/个人仓库/backup/_gsdata_/_file_state_v4._gs
2024-02-18 10:53:16: 变更：15， 冲突：0， 复制时间：0， 复制状态：0， 错误： 0, All: 622
2024-02-18 10:53:16: Left to Right: Copy File: 15 
2024-02-18 10:53:16: == 同步开始由 Periodic Timer
2024-02-18 10:53:16: ConnectCloned connected to file:///Users/IntoSoranohate/个人仓库/SHIP
2024-02-18 10:53:16: ConnectCloned connected to file:///Users/IntoSoranohate/个人仓库/SHIP
2024-02-18 10:53:16: ConnectCloned connected to file:///Users/IntoSoranohate/个人仓库/SHIP
2024-02-18 10:53:16: ConnectCloned connected to file:///Users/IntoSoranohate/个人仓库/backup
2024-02-18 10:53:16: ConnectCloned connected to file:///Users/IntoSoranohate/个人仓库/backup
2024-02-18 10:53:16: ConnectCloned connected to file:///Users/IntoSoranohate/个人仓库/backup
2024-02-18 10:53:16: 新建复制 '/Users/IntoSoranohate/个人仓库/SHIP/Drawing 2024-02-18 10.52.09.excalidraw.md' -> '/Users/IntoSoranohate/个人仓库/backup/Drawing 2024-02-18 10.52.09.excalidraw.md' (7,104)
2024-02-18 10:53:16: /Users/IntoSoranohate/个人仓库/SHIP/.obsidian/bookmarks.json: Source file has changed between Analyze and Sync from '[file] size=3,412 accu-time=2024-02-18 10:52:18 attr=Hidden644 cktype=0' to 'size=3,412 time=2024-02-18 10:53:16', noted in source file state
2024-02-18 10:53:16: 覆盖复制 '/Users/IntoSoranohate/个人仓库/SHIP/.obsidian/bookmarks.json' -> '/Users/IntoSoranohate/个人仓库/backup/.obsidian/bookmarks.json' (3,412)
2024-02-18 10:53:16: 覆盖复制 '/Users/IntoSoranohate/个人仓库/SHIP/.obsidian/community-plugins.json' -> '/Users/IntoSoranohate/个人仓库/backup/.obsidian/community-plugins.json' (602)
2024-02-18 10:53:16: 覆盖复制 '/Users/IntoSoranohate/个人仓库/SHIP/.obsidian/graph.json' -> '/Users/IntoSoranohate/个人仓库/backup/.obsidian/graph.json' (511)
2024-02-18 10:53:16: 覆盖复制 '/Users/IntoSoranohate/个人仓库/SHIP/.obsidian/types.json' -> '/Users/IntoSoranohate/个人仓库/backup/.obsidian/types.json' (826)
2024-02-18 10:53:16: 创建文件夹 /Users/IntoSoranohate/个人仓库/backup/.obsidian/plugins/obsidian-excalidraw-plugin
2024-02-18 10:53:16: 新建复制 '/Users/IntoSoranohate/个人仓库/SHIP/.obsidian/plugins/obsidian-excalidraw-plugin/data.json' -> '/Users/IntoSoranohate/个人仓库/backup/.obsidian/plugins/obsidian-excalidraw-plugin/data.json' (18,416)
2024-02-18 10:53:16: 覆盖复制 '/Users/IntoSoranohate/个人仓库/SHIP/.obsidian/plugins/recent-files-obsidian/data.json' -> '/Users/IntoSoranohate/个人仓库/backup/.obsidian/plugins/recent-files-obsidian/data.json' (6,724)
2024-02-18 10:53:16: > 新建复制 '/Users/IntoSoranohate/个人仓库/SHIP/.obsidian/plugins/obsidian-excalidraw-plugin/main.js' -> '/Users/IntoSoranohate/个人仓库/backup/.obsidian/plugins/obsidian-excalidraw-plugin/main.js' (4,405,600)
2024-02-18 10:53:16: < 新建复制 '/Users/IntoSoranohate/个人仓库/SHIP/.obsidian/plugins/obsidian-excalidraw-plugin/main.js' -> '/Users/IntoSoranohate/个人仓库/backup/.obsidian/plugins/obsidian-excalidraw-plugin/main.js' (4,405,600)
2024-02-18 10:53:16: 新建复制 '/Users/IntoSoranohate/个人仓库/SHIP/.obsidian/plugins/obsidian-excalidraw-plugin/manifest.json' -> '/Users/IntoSoranohate/个人仓库/backup/.obsidian/plugins/obsidian-excalidraw-plugin/manifest.json' (416)
2024-02-18 10:53:16: 新建复制 '/Users/IntoSoranohate/个人仓库/SHIP/.obsidian/plugins/obsidian-excalidraw-plugin/styles.css' -> '/Users/IntoSoranohate/个人仓库/backup/.obsidian/plugins/obsidian-excalidraw-plugin/styles.css' (439,355)
2024-02-18 10:53:16: 覆盖复制 '/Users/IntoSoranohate/个人仓库/SHIP/.obsidian/workspace.json' -> '/Users/IntoSoranohate/个人仓库/backup/.obsidian/workspace.json' (8,478)
2024-02-18 10:53:16: 覆盖复制 '/Users/IntoSoranohate/个人仓库/SHIP/.obsidian/workspaces.json' -> '/Users/IntoSoranohate/个人仓库/backup/.obsidian/workspaces.json' (7,043)
2024-02-18 10:53:16: 创建文件夹 /Users/IntoSoranohate/个人仓库/backup/Excalidraw
2024-02-18 10:53:16: Close Modified Folder (mod-time, acl): /.obsidian/plugins/recent-files-obsidian
2024-02-18 10:53:16: Close Modified Folder (mod-time, acl): /.obsidian/plugins/obsidian-excalidraw-plugin
2024-02-18 10:53:16: Close Modified Folder (mod-time, acl): /.obsidian/plugins
2024-02-18 10:53:16: Close Modified Folder (mod-time, acl): /.obsidian
2024-02-18 10:53:16: 覆盖复制 '/Users/IntoSoranohate/个人仓库/SHIP/Project/IDEA 备忘.md' -> '/Users/IntoSoranohate/个人仓库/backup/Project/IDEA 备忘.md' (17)
2024-02-18 10:53:16: Close Modified Folder (mod-time, acl): /Project
2024-02-18 10:53:16: 保持文件状态 /Users/IntoSoranohate/个人仓库/SHIP/_gsdata_/_file_state_v4._gs
2024-02-18 10:53:16: 保持文件状态 /Users/IntoSoranohate/个人仓库/backup/_gsdata_/_file_state_v4._gs
2024-02-18 10:53:16: == 同步完成. 历时: 00:00:00, 速度: 0.00/s, 完成: 15, 错误: 0
