2024-02-11 00:50:37: -- 分析开始 Periodic Timer
2024-02-11 00:50:37: 左侧: 正在读取文件状态 /Users/IntoSoranohate/个人仓库/SHIP/_gsdata_/_file_state_v4._gs
2024-02-11 00:50:37: 右侧: 正在读取文件状态 /Users/IntoSoranohate/Library/CloudStorage/OneDrive-个人/Shipy/_gsdata_/_file_state_v4._gs
2024-02-11 00:50:37: 变更：36， 冲突：0， 复制时间：0， 复制状态：0， 错误： 0, All: 366
2024-02-11 00:50:37: Left to Right: Copy File: 36 
2024-02-11 00:50:37: == 同步开始由 Periodic Timer
2024-02-11 00:50:37: ConnectCloned connected to file:///Users/IntoSoranohate/个人仓库/SHIP
2024-02-11 00:50:37: ConnectCloned connected to file:///Users/IntoSoranohate/个人仓库/SHIP
2024-02-11 00:50:37: ConnectCloned connected to file:///Users/IntoSoranohate/Library/CloudStorage/OneDrive-个人/Shipy
2024-02-11 00:50:37: ConnectCloned connected to file:///Users/IntoSoranohate/个人仓库/SHIP
2024-02-11 00:50:37: ConnectCloned connected to file:///Users/IntoSoranohate/Library/CloudStorage/OneDrive-个人/Shipy
2024-02-11 00:50:37: ConnectCloned connected to file:///Users/IntoSoranohate/Library/CloudStorage/OneDrive-个人/Shipy
2024-02-11 00:50:37: 新建复制 '/Users/IntoSoranohate/个人仓库/SHIP/5W2H方法.md' -> '/Users/IntoSoranohate/Library/CloudStorage/OneDrive-个人/Shipy/5W2H方法.md' (1,060)
2024-02-11 00:50:37: 覆盖复制 '/Users/IntoSoranohate/个人仓库/SHIP/.obsidian/app.json' -> '/Users/IntoSoranohate/Library/CloudStorage/OneDrive-个人/Shipy/.obsidian/app.json' (206)
2024-02-11 00:50:37: 覆盖复制 '/Users/IntoSoranohate/个人仓库/SHIP/.obsidian/appearance.json' -> '/Users/IntoSoranohate/Library/CloudStorage/OneDrive-个人/Shipy/.obsidian/appearance.json' (491)
2024-02-11 00:50:37: 覆盖复制 '/Users/IntoSoranohate/个人仓库/SHIP/.obsidian/bookmarks.json' -> '/Users/IntoSoranohate/Library/CloudStorage/OneDrive-个人/Shipy/.obsidian/bookmarks.json' (2,725)
2024-02-11 00:50:37: 覆盖复制 '/Users/IntoSoranohate/个人仓库/SHIP/.obsidian/community-plugins.json' -> '/Users/IntoSoranohate/Library/CloudStorage/OneDrive-个人/Shipy/.obsidian/community-plugins.json' (475)
2024-02-11 00:50:37: 覆盖复制 '/Users/IntoSoranohate/个人仓库/SHIP/.obsidian/core-plugins-migration.json' -> '/Users/IntoSoranohate/Library/CloudStorage/OneDrive-个人/Shipy/.obsidian/core-plugins-migration.json' (640)
2024-02-11 00:50:37: 覆盖复制 '/Users/IntoSoranohate/个人仓库/SHIP/.obsidian/core-plugins.json' -> '/Users/IntoSoranohate/Library/CloudStorage/OneDrive-个人/Shipy/.obsidian/core-plugins.json' (242)
2024-02-11 00:50:37: 覆盖复制 '/Users/IntoSoranohate/个人仓库/SHIP/.obsidian/graph.json' -> '/Users/IntoSoranohate/Library/CloudStorage/OneDrive-个人/Shipy/.obsidian/graph.json' (510)
2024-02-11 00:50:37: 新建复制 '/Users/IntoSoranohate/个人仓库/SHIP/.obsidian/snippets/【天气】weather.css' -> '/Users/IntoSoranohate/Library/CloudStorage/OneDrive-个人/Shipy/.obsidian/snippets/【天气】weather.css' (18,579)
2024-02-11 00:50:37: 覆盖复制 '/Users/IntoSoranohate/个人仓库/SHIP/.obsidian/plugins/calendar/data.json' -> '/Users/IntoSoranohate/Library/CloudStorage/OneDrive-个人/Shipy/.obsidian/plugins/calendar/data.json' (231)
2024-02-11 00:50:37: 新建复制 '/Users/IntoSoranohate/个人仓库/SHIP/.obsidian/snippets/【自定义】彩色时钟样式.css' -> '/Users/IntoSoranohate/Library/CloudStorage/OneDrive-个人/Shipy/.obsidian/snippets/【自定义】彩色时钟样式.css' (2,802)
2024-02-11 00:50:37: 新建复制 '/Users/IntoSoranohate/个人仓库/SHIP/.obsidian/snippets/【自定义】数字时钟.css' -> '/Users/IntoSoranohate/Library/CloudStorage/OneDrive-个人/Shipy/.obsidian/snippets/【自定义】数字时钟.css' (2,614)
2024-02-11 00:50:37: 创建文件夹 /Users/IntoSoranohate/Library/CloudStorage/OneDrive-个人/Shipy/.obsidian/plugins/metaedit
2024-02-11 00:50:37: 新建复制 '/Users/IntoSoranohate/个人仓库/SHIP/.obsidian/plugins/metaedit/data.json' -> '/Users/IntoSoranohate/Library/CloudStorage/OneDrive-个人/Shipy/.obsidian/plugins/metaedit/data.json' (392)
2024-02-11 00:50:37: 覆盖复制 '/Users/IntoSoranohate/个人仓库/SHIP/.obsidian/plugins/obsidian-admonition/data.json' -> '/Users/IntoSoranohate/Library/CloudStorage/OneDrive-个人/Shipy/.obsidian/plugins/obsidian-admonition/data.json' (1,705)
2024-02-11 00:50:37: 新建复制 '/Users/IntoSoranohate/个人仓库/SHIP/.obsidian/plugins/metaedit/main.js' -> '/Users/IntoSoranohate/Library/CloudStorage/OneDrive-个人/Shipy/.obsidian/plugins/metaedit/main.js' (180,374)
2024-02-11 00:50:37: 新建复制 '/Users/IntoSoranohate/个人仓库/SHIP/.obsidian/plugins/metaedit/manifest.json' -> '/Users/IntoSoranohate/Library/CloudStorage/OneDrive-个人/Shipy/.obsidian/plugins/metaedit/manifest.json' (252)
2024-02-11 00:50:37: 新建复制 '/Users/IntoSoranohate/个人仓库/SHIP/.obsidian/plugins/metaedit/styles.css' -> '/Users/IntoSoranohate/Library/CloudStorage/OneDrive-个人/Shipy/.obsidian/plugins/metaedit/styles.css' (255)
2024-02-11 00:50:37: 创建文件夹 /Users/IntoSoranohate/Library/CloudStorage/OneDrive-个人/Shipy/.obsidian/plugins/obsidian-hider
2024-02-11 00:50:37: 创建文件夹 /Users/IntoSoranohate/Library/CloudStorage/OneDrive-个人/Shipy/.obsidian/plugins/obsidian-memos
2024-02-11 00:50:37: 新建复制 '/Users/IntoSoranohate/个人仓库/SHIP/.obsidian/plugins/obsidian-hider/data.json' -> '/Users/IntoSoranohate/Library/CloudStorage/OneDrive-个人/Shipy/.obsidian/plugins/obsidian-hider/data.json' (321)
2024-02-11 00:50:37: 新建复制 '/Users/IntoSoranohate/个人仓库/SHIP/.obsidian/plugins/obsidian-memos/main.js' -> '/Users/IntoSoranohate/Library/CloudStorage/OneDrive-个人/Shipy/.obsidian/plugins/obsidian-memos/main.js' (775,294)
2024-02-11 00:50:37: 新建复制 '/Users/IntoSoranohate/个人仓库/SHIP/.obsidian/plugins/obsidian-memos/manifest.json' -> '/Users/IntoSoranohate/Library/CloudStorage/OneDrive-个人/Shipy/.obsidian/plugins/obsidian-memos/manifest.json' (267)
2024-02-11 00:50:37: 新建复制 '/Users/IntoSoranohate/个人仓库/SHIP/.obsidian/plugins/obsidian-memos/styles.css' -> '/Users/IntoSoranohate/Library/CloudStorage/OneDrive-个人/Shipy/.obsidian/plugins/obsidian-memos/styles.css' (283,187)
2024-02-11 00:50:37: 新建复制 '/Users/IntoSoranohate/个人仓库/SHIP/.obsidian/plugins/obsidian-hider/main.js' -> '/Users/IntoSoranohate/Library/CloudStorage/OneDrive-个人/Shipy/.obsidian/plugins/obsidian-hider/main.js' (50,130)
2024-02-11 00:50:37: 新建复制 '/Users/IntoSoranohate/个人仓库/SHIP/.obsidian/plugins/obsidian-hider/manifest.json' -> '/Users/IntoSoranohate/Library/CloudStorage/OneDrive-个人/Shipy/.obsidian/plugins/obsidian-hider/manifest.json' (332)
2024-02-11 00:50:37: 新建复制 '/Users/IntoSoranohate/个人仓库/SHIP/.obsidian/plugins/obsidian-hider/styles.css' -> '/Users/IntoSoranohate/Library/CloudStorage/OneDrive-个人/Shipy/.obsidian/plugins/obsidian-hider/styles.css' (1,861)
2024-02-11 00:50:37: 覆盖复制 '/Users/IntoSoranohate/个人仓库/SHIP/.obsidian/plugins/obsidian-minimal-settings/data.json' -> '/Users/IntoSoranohate/Library/CloudStorage/OneDrive-个人/Shipy/.obsidian/plugins/obsidian-minimal-settings/data.json' (934)
2024-02-11 00:50:37: 覆盖复制 '/Users/IntoSoranohate/个人仓库/SHIP/.obsidian/plugins/recent-files-obsidian/data.json' -> '/Users/IntoSoranohate/Library/CloudStorage/OneDrive-个人/Shipy/.obsidian/plugins/recent-files-obsidian/data.json' (5,226)
2024-02-11 00:50:37: 覆盖复制 '/Users/IntoSoranohate/个人仓库/SHIP/.obsidian/plugins/table-editor-obsidian/data.json' -> '/Users/IntoSoranohate/Library/CloudStorage/OneDrive-个人/Shipy/.obsidian/plugins/table-editor-obsidian/data.json' (95)
2024-02-11 00:50:37: 创建文件夹 /Users/IntoSoranohate/Library/CloudStorage/OneDrive-个人/Shipy/.obsidian/themes/Blue Topaz
2024-02-11 00:50:37: 覆盖复制 '/Users/IntoSoranohate/个人仓库/SHIP/.obsidian/workspace.json' -> '/Users/IntoSoranohate/Library/CloudStorage/OneDrive-个人/Shipy/.obsidian/workspace.json' (6,908)
2024-02-11 00:50:37: 新建复制 '/Users/IntoSoranohate/个人仓库/SHIP/.obsidian/themes/Blue Topaz/manifest.json' -> '/Users/IntoSoranohate/Library/CloudStorage/OneDrive-个人/Shipy/.obsidian/themes/Blue Topaz/manifest.json' (157)
2024-02-11 00:50:37: > 新建复制 '/Users/IntoSoranohate/个人仓库/SHIP/.obsidian/themes/Blue Topaz/theme.css' -> '/Users/IntoSoranohate/Library/CloudStorage/OneDrive-个人/Shipy/.obsidian/themes/Blue Topaz/theme.css' (1,123,414)
2024-02-11 00:50:37: < 新建复制 '/Users/IntoSoranohate/个人仓库/SHIP/.obsidian/themes/Blue Topaz/theme.css' -> '/Users/IntoSoranohate/Library/CloudStorage/OneDrive-个人/Shipy/.obsidian/themes/Blue Topaz/theme.css' (1,123,414)
2024-02-11 00:50:37: 新建复制 '/Users/IntoSoranohate/个人仓库/SHIP/彩色时钟.md' -> '/Users/IntoSoranohate/Library/CloudStorage/OneDrive-个人/Shipy/彩色时钟.md' (211)
2024-02-11 00:50:37: Close Modified Folder (mod-time, acl): /.obsidian/plugins/calendar
2024-02-11 00:50:37: Close Modified Folder (mod-time, acl): /.obsidian/snippets
2024-02-11 00:50:37: Close Modified Folder (mod-time, acl): /.obsidian/plugins/obsidian-admonition
2024-02-11 00:50:37: Close Modified Folder (mod-time, acl): /.obsidian/plugins/metaedit
2024-02-11 00:50:37: Close Modified Folder (mod-time, acl): /.obsidian/plugins/obsidian-memos
2024-02-11 00:50:37: Close Modified Folder (mod-time, acl): /.obsidian/plugins/obsidian-hider
2024-02-11 00:50:37: Close Modified Folder (mod-time, acl): /.obsidian/plugins/obsidian-minimal-settings
2024-02-11 00:50:37: Close Modified Folder (mod-time, acl): /.obsidian/plugins/recent-files-obsidian
2024-02-11 00:50:37: Close Modified Folder (mod-time, acl): /.obsidian/plugins/table-editor-obsidian
2024-02-11 00:50:37: Close Modified Folder (mod-time, acl): /.obsidian/themes/Blue Topaz
2024-02-11 00:50:37: Close Modified Folder (mod-time, acl): /.obsidian/plugins
2024-02-11 00:50:37: 新建复制 '/Users/IntoSoranohate/个人仓库/SHIP/Setting/Files/IMGckeditor-633408c5443fb202402 10.png' -> '/Users/IntoSoranohate/Library/CloudStorage/OneDrive-个人/Shipy/Setting/Files/IMGckeditor-633408c5443fb202402 10.png' (106,255)
2024-02-11 00:50:37: Close Modified Folder (mod-time, acl): /.obsidian/themes
2024-02-11 00:50:37: Close Modified Folder (mod-time, acl): /Setting/Files
2024-02-11 00:50:37: Close Modified Folder (mod-time, acl): /.obsidian
2024-02-11 00:50:37: 保持文件状态 /Users/IntoSoranohate/个人仓库/SHIP/_gsdata_/_file_state_v4._gs
2024-02-11 00:50:37: 保持文件状态 /Users/IntoSoranohate/Library/CloudStorage/OneDrive-个人/Shipy/_gsdata_/_file_state_v4._gs
2024-02-11 00:50:37: == 同步完成. 历时: 00:00:00, 速度: 0.00/s, 完成: 36, 错误: 0
