2024-02-21 12:24:47: -- 分析开始 Periodic Timer
2024-02-21 12:24:47: 左侧: 正在读取文件状态 /Users/IntoSoranohate/个人仓库/SHIP/_gsdata_/_file_state_v4._gs
2024-02-21 12:24:47: 右侧: 正在读取文件状态 /Users/IntoSoranohate/个人仓库/backup/_gsdata_/_file_state_v4._gs
2024-02-21 12:24:47: 变更：22， 冲突：0， 复制时间：0， 复制状态：0， 错误： 0, All: 667
2024-02-21 12:24:47: Left to Right: Copy File: 15 Delete File: 5 Rename/Move File/Folder: 2 
2024-02-21 12:24:47: == 同步开始由 Periodic Timer
2024-02-21 12:24:47: ConnectCloned connected to file:///Users/IntoSoranohate/个人仓库/SHIP
2024-02-21 12:24:47: ConnectCloned connected to file:///Users/IntoSoranohate/个人仓库/SHIP
2024-02-21 12:24:47: ConnectCloned connected to file:///Users/IntoSoranohate/个人仓库/backup
2024-02-21 12:24:47: ConnectCloned connected to file:///Users/IntoSoranohate/个人仓库/SHIP
2024-02-21 12:24:47: ConnectCloned connected to file:///Users/IntoSoranohate/个人仓库/backup
2024-02-21 12:24:47: ConnectCloned connected to file:///Users/IntoSoranohate/个人仓库/backup
2024-02-21 12:24:47: /Users/IntoSoranohate/个人仓库/SHIP/.obsidian/bookmarks.json: Source file has changed between Analyze and Sync from '[file] size=3,412 accu-time=2024-02-21 12:17:50 attr=Hidden644 cktype=0' to 'size=3,412 time=2024-02-21 12:24:47', noted in source file state
2024-02-21 12:24:47: 覆盖复制 '/Users/IntoSoranohate/个人仓库/SHIP/.obsidian/bookmarks.json' -> '/Users/IntoSoranohate/个人仓库/backup/.obsidian/bookmarks.json' (3,412)
2024-02-21 12:24:47: 覆盖复制 '/Users/IntoSoranohate/个人仓库/SHIP/.obsidian/community-plugins.json' -> '/Users/IntoSoranohate/个人仓库/backup/.obsidian/community-plugins.json' (562)
2024-02-21 12:24:47: 移动文件 /Users/IntoSoranohate/个人仓库/backup/Setting/components/ReactJS/ColorfulClock.md -> /Users/IntoSoranohate/个人仓库/backup/Setting/components/script/ColorfulClock.md
2024-02-21 12:24:47: 新建复制 '/Users/IntoSoranohate/个人仓库/SHIP/Setting/components/script/fetchhomepage.js' -> '/Users/IntoSoranohate/个人仓库/backup/Setting/components/script/fetchhomepage.js' (10,378)
2024-02-21 12:24:47: 覆盖复制 '/Users/IntoSoranohate/个人仓库/SHIP/.obsidian/graph.json' -> '/Users/IntoSoranohate/个人仓库/backup/.obsidian/graph.json' (511)
2024-02-21 12:24:47: 覆盖复制 '/Users/IntoSoranohate/个人仓库/SHIP/.obsidian/workspace.json' -> '/Users/IntoSoranohate/个人仓库/backup/.obsidian/workspace.json' (8,559)
2024-02-21 12:24:47: 删除文件 /Users/IntoSoranohate/个人仓库/backup/.obsidian/plugins/obsidian-wordnet-plugin/dict-WordNet.json
2024-02-21 12:24:47: 删除文件 /Users/IntoSoranohate/个人仓库/backup/.obsidian/plugins/obsidian-wordnet-plugin/main.js
2024-02-21 12:24:47: 删除文件 /Users/IntoSoranohate/个人仓库/backup/.obsidian/plugins/obsidian-wordnet-plugin/manifest.json
2024-02-21 12:24:47: 删除文件 /Users/IntoSoranohate/个人仓库/backup/.obsidian/plugins/obsidian-wordnet-plugin/styles.css
2024-02-21 12:24:47: 创建文件夹 /Users/IntoSoranohate/个人仓库/backup/.obsidian/plugins/workspaces-plus
2024-02-21 12:24:47: 覆盖复制 '/Users/IntoSoranohate/个人仓库/SHIP/.obsidian/plugins/recent-files-obsidian/data.json' -> '/Users/IntoSoranohate/个人仓库/backup/.obsidian/plugins/recent-files-obsidian/data.json' (5,704)
2024-02-21 12:24:47: 新建复制 '/Users/IntoSoranohate/个人仓库/SHIP/.obsidian/plugins/workspaces-plus/app.json.bak' -> '/Users/IntoSoranohate/个人仓库/backup/.obsidian/plugins/workspaces-plus/app.json.bak' (206)
2024-02-21 12:24:47: 新建复制 '/Users/IntoSoranohate/个人仓库/SHIP/.obsidian/plugins/workspaces-plus/appearance.json.bak' -> '/Users/IntoSoranohate/个人仓库/backup/.obsidian/plugins/workspaces-plus/appearance.json.bak' (755)
2024-02-21 12:24:47: 新建复制 '/Users/IntoSoranohate/个人仓库/SHIP/.obsidian/plugins/workspaces-plus/data.json' -> '/Users/IntoSoranohate/个人仓库/backup/.obsidian/plugins/workspaces-plus/data.json' (389)
2024-02-21 12:24:47: 新建复制 '/Users/IntoSoranohate/个人仓库/SHIP/.obsidian/plugins/workspaces-plus/main.js' -> '/Users/IntoSoranohate/个人仓库/backup/.obsidian/plugins/workspaces-plus/main.js' (183,830)
2024-02-21 12:24:47: 新建复制 '/Users/IntoSoranohate/个人仓库/SHIP/.obsidian/plugins/workspaces-plus/manifest.json' -> '/Users/IntoSoranohate/个人仓库/backup/.obsidian/plugins/workspaces-plus/manifest.json' (285)
2024-02-21 12:24:47: 新建复制 '/Users/IntoSoranohate/个人仓库/SHIP/.obsidian/plugins/workspaces-plus/styles.css' -> '/Users/IntoSoranohate/个人仓库/backup/.obsidian/plugins/workspaces-plus/styles.css' (5,587)
2024-02-21 12:24:47: 新建复制 '/Users/IntoSoranohate/个人仓库/SHIP/.obsidian/plugins/workspaces-plus/workspaces.json.bak' -> '/Users/IntoSoranohate/个人仓库/backup/.obsidian/plugins/workspaces-plus/workspaces.json.bak' (7,043)
2024-02-21 12:24:47: Close Modified Folder (mod-time, acl): /Setting/components/script
2024-02-21 12:24:47: 覆盖复制 '/Users/IntoSoranohate/个人仓库/SHIP/.obsidian/workspaces.json' -> '/Users/IntoSoranohate/个人仓库/backup/.obsidian/workspaces.json' (7,084)
2024-02-21 12:24:47: Close Modified Folder (mod-time, acl): /.obsidian/plugins/recent-files-obsidian
2024-02-21 12:24:47: 删除文件夹 /Users/IntoSoranohate/个人仓库/backup/.obsidian/plugins/obsidian-wordnet-plugin
2024-02-21 12:24:47: Close Modified Folder (mod-time, acl): /.obsidian/plugins/workspaces-plus
2024-02-21 12:24:47: Close Modified Folder (mod-time, acl): /.obsidian/plugins
2024-02-21 12:24:47: Close Modified Folder (mod-time, acl): /.obsidian
2024-02-21 12:24:47: 保持文件状态 /Users/IntoSoranohate/个人仓库/SHIP/_gsdata_/_file_state_v4._gs
2024-02-21 12:24:47: 保持文件状态 /Users/IntoSoranohate/个人仓库/backup/_gsdata_/_file_state_v4._gs
2024-02-21 12:24:47: == 同步完成. 历时: 00:00:00, 速度: 0.00/s, 完成: 22, 错误: 0
