2024-02-18 11:39:11: -- 分析开始 Periodic Timer
2024-02-18 11:39:11: 左侧: 正在读取文件状态 /Users/IntoSoranohate/个人仓库/SHIP/_gsdata_/_file_state_v4._gs
2024-02-18 11:39:11: 右侧: 正在读取文件状态 /Users/IntoSoranohate/Library/CloudStorage/OneDrive-个人/Shipy/_gsdata_/_file_state_v4._gs
2024-02-18 11:39:11: 变更：11， 冲突：0， 复制时间：0， 复制状态：7， 错误： 0, All: 625
2024-02-18 11:39:11: Left to Right: Copy File: 11 
2024-02-18 11:39:11: == 同步开始由 Periodic Timer
2024-02-18 11:39:11: ConnectCloned connected to file:///Users/IntoSoranohate/个人仓库/SHIP
2024-02-18 11:39:11: ConnectCloned connected to file:///Users/IntoSoranohate/个人仓库/SHIP
2024-02-18 11:39:11: ConnectCloned connected to file:///Users/IntoSoranohate/个人仓库/SHIP
2024-02-18 11:39:11: ConnectCloned connected to file:///Users/IntoSoranohate/Library/CloudStorage/OneDrive-个人/Shipy
2024-02-18 11:39:11: ConnectCloned connected to file:///Users/IntoSoranohate/Library/CloudStorage/OneDrive-个人/Shipy
2024-02-18 11:39:11: ConnectCloned connected to file:///Users/IntoSoranohate/Library/CloudStorage/OneDrive-个人/Shipy
2024-02-18 11:39:11: 覆盖复制 '/Users/IntoSoranohate/个人仓库/SHIP/.obsidian/bookmarks.json' -> '/Users/IntoSoranohate/Library/CloudStorage/OneDrive-个人/Shipy/.obsidian/bookmarks.json' (3,412)
2024-02-18 11:39:11: 覆盖复制 '/Users/IntoSoranohate/个人仓库/SHIP/.obsidian/community-plugins.json' -> '/Users/IntoSoranohate/Library/CloudStorage/OneDrive-个人/Shipy/.obsidian/community-plugins.json' (570)
2024-02-18 11:39:11: 覆盖复制 '/Users/IntoSoranohate/个人仓库/SHIP/.obsidian/graph.json' -> '/Users/IntoSoranohate/Library/CloudStorage/OneDrive-个人/Shipy/.obsidian/graph.json' (511)
2024-02-18 11:39:11: 覆盖复制 '/Users/IntoSoranohate/个人仓库/SHIP/.obsidian/types.json' -> '/Users/IntoSoranohate/Library/CloudStorage/OneDrive-个人/Shipy/.obsidian/types.json' (826)
2024-02-18 11:39:11: 创建文件夹 /Users/IntoSoranohate/Library/CloudStorage/OneDrive-个人/Shipy/.obsidian/plugins/obsidian-mind-map
2024-02-18 11:39:11: > 新建复制 '/Users/IntoSoranohate/个人仓库/SHIP/.obsidian/plugins/obsidian-mind-map/main.js' -> '/Users/IntoSoranohate/Library/CloudStorage/OneDrive-个人/Shipy/.obsidian/plugins/obsidian-mind-map/main.js' (4,003,690)
2024-02-18 11:39:11: < 新建复制 '/Users/IntoSoranohate/个人仓库/SHIP/.obsidian/plugins/obsidian-mind-map/main.js' -> '/Users/IntoSoranohate/Library/CloudStorage/OneDrive-个人/Shipy/.obsidian/plugins/obsidian-mind-map/main.js' (4,003,690)
2024-02-18 11:39:11: 覆盖复制 '/Users/IntoSoranohate/个人仓库/SHIP/.obsidian/plugins/recent-files-obsidian/data.json' -> '/Users/IntoSoranohate/Library/CloudStorage/OneDrive-个人/Shipy/.obsidian/plugins/recent-files-obsidian/data.json' (6,593)
2024-02-18 11:39:11: 新建复制 '/Users/IntoSoranohate/个人仓库/SHIP/.obsidian/plugins/obsidian-mind-map/manifest.json' -> '/Users/IntoSoranohate/Library/CloudStorage/OneDrive-个人/Shipy/.obsidian/plugins/obsidian-mind-map/manifest.json' (194)
2024-02-18 11:39:11: 覆盖复制 '/Users/IntoSoranohate/个人仓库/SHIP/.obsidian/workspace.json' -> '/Users/IntoSoranohate/Library/CloudStorage/OneDrive-个人/Shipy/.obsidian/workspace.json' (7,858)
2024-02-18 11:39:11: 覆盖复制 '/Users/IntoSoranohate/个人仓库/SHIP/.obsidian/workspaces.json' -> '/Users/IntoSoranohate/Library/CloudStorage/OneDrive-个人/Shipy/.obsidian/workspaces.json' (7,043)
2024-02-18 11:39:11: Close Modified Folder (mod-time, acl): /.obsidian/plugins/recent-files-obsidian
2024-02-18 11:39:11: Close Modified Folder (mod-time, acl): /.obsidian/plugins/obsidian-mind-map
2024-02-18 11:39:11: Close Modified Folder (mod-time, acl): /.obsidian/plugins
2024-02-18 11:39:11: Close Modified Folder (mod-time, acl): /.obsidian
2024-02-18 11:39:11: 覆盖复制 '/Users/IntoSoranohate/个人仓库/SHIP/Project/IDEA 备忘.md' -> '/Users/IntoSoranohate/Library/CloudStorage/OneDrive-个人/Shipy/Project/IDEA 备忘.md' (17)
2024-02-18 11:39:11: Close Modified Folder (mod-time, acl): /Project
2024-02-18 11:39:11: 保持文件状态 /Users/IntoSoranohate/个人仓库/SHIP/_gsdata_/_file_state_v4._gs
2024-02-18 11:39:11: 保持文件状态 /Users/IntoSoranohate/Library/CloudStorage/OneDrive-个人/Shipy/_gsdata_/_file_state_v4._gs
2024-02-18 11:39:11: == 同步完成. 历时: 00:00:00, 速度: 0.00/s, 完成: 18, 错误: 0
