2024-02-11 12:04:49: -- 分析开始 Periodic Timer
2024-02-11 12:04:49: 左侧: 正在读取文件状态 /Users/IntoSoranohate/个人仓库/SHIP/_gsdata_/_file_state_v4._gs
2024-02-11 12:04:49: 右侧: 正在读取文件状态 /Users/IntoSoranohate/Library/CloudStorage/OneDrive-个人/Shipy/_gsdata_/_file_state_v4._gs
2024-02-11 12:04:49: 变更：23， 冲突：0， 复制时间：0， 复制状态：7， 错误： 0, All: 500
2024-02-11 12:04:49: Left to Right: Copy File: 20 Delete File: 3 
2024-02-11 12:04:49: == 同步开始由 Periodic Timer
2024-02-11 12:04:49: ConnectCloned connected to file:///Users/IntoSoranohate/个人仓库/SHIP
2024-02-11 12:04:49: ConnectCloned connected to file:///Users/IntoSoranohate/个人仓库/SHIP
2024-02-11 12:04:49: ConnectCloned connected to file:///Users/IntoSoranohate/Library/CloudStorage/OneDrive-个人/Shipy
2024-02-11 12:04:49: ConnectCloned connected to file:///Users/IntoSoranohate/个人仓库/SHIP
2024-02-11 12:04:49: ConnectCloned connected to file:///Users/IntoSoranohate/Library/CloudStorage/OneDrive-个人/Shipy
2024-02-11 12:04:49: ConnectCloned connected to file:///Users/IntoSoranohate/Library/CloudStorage/OneDrive-个人/Shipy
2024-02-11 12:04:49: 覆盖复制 '/Users/IntoSoranohate/个人仓库/SHIP/.obsidian/bookmarks.json' -> '/Users/IntoSoranohate/Library/CloudStorage/OneDrive-个人/Shipy/.obsidian/bookmarks.json' (2,725)
2024-02-11 12:04:49: 覆盖复制 '/Users/IntoSoranohate/个人仓库/SHIP/.obsidian/community-plugins.json' -> '/Users/IntoSoranohate/Library/CloudStorage/OneDrive-个人/Shipy/.obsidian/community-plugins.json' (570)
2024-02-11 12:04:49: 删除文件 /Users/IntoSoranohate/Library/CloudStorage/OneDrive-个人/Shipy/Setting/Files/Pasted Graphic 16.png
2024-02-11 12:04:49: 删除文件 /Users/IntoSoranohate/Library/CloudStorage/OneDrive-个人/Shipy/Setting/Files/Pasted Graphic 17.png
2024-02-11 12:04:49: 删除文件 /Users/IntoSoranohate/Library/CloudStorage/OneDrive-个人/Shipy/Setting/Files/Pasted Graphic 3.png
2024-02-11 12:04:49: 创建文件夹 /Users/IntoSoranohate/Library/CloudStorage/OneDrive-个人/Shipy/Setting/Files/词典
2024-02-11 12:04:49: 覆盖复制 '/Users/IntoSoranohate/个人仓库/SHIP/.obsidian/core-plugins-migration.json' -> '/Users/IntoSoranohate/Library/CloudStorage/OneDrive-个人/Shipy/.obsidian/core-plugins-migration.json' (637)
2024-02-11 12:04:49: 覆盖复制 '/Users/IntoSoranohate/个人仓库/SHIP/.obsidian/core-plugins.json' -> '/Users/IntoSoranohate/Library/CloudStorage/OneDrive-个人/Shipy/.obsidian/core-plugins.json' (295)
2024-02-11 12:04:49: 覆盖复制 '/Users/IntoSoranohate/个人仓库/SHIP/.obsidian/graph.json' -> '/Users/IntoSoranohate/Library/CloudStorage/OneDrive-个人/Shipy/.obsidian/graph.json' (511)
2024-02-11 12:04:49: 覆盖复制 '/Users/IntoSoranohate/个人仓库/SHIP/.obsidian/hotkeys.json' -> '/Users/IntoSoranohate/Library/CloudStorage/OneDrive-个人/Shipy/.obsidian/hotkeys.json' (1,192)
2024-02-11 12:04:49: 覆盖复制 '/Users/IntoSoranohate/个人仓库/SHIP/.obsidian/workspace.json' -> '/Users/IntoSoranohate/Library/CloudStorage/OneDrive-个人/Shipy/.obsidian/workspace.json' (8,127)
2024-02-11 12:04:49: 创建文件夹 /Users/IntoSoranohate/Library/CloudStorage/OneDrive-个人/Shipy/.obsidian/plugins/obsidian-wordnet-plugin
2024-02-11 12:04:49: 创建文件夹 /Users/IntoSoranohate/Library/CloudStorage/OneDrive-个人/Shipy/.obsidian/plugins/oz-clear-unused-images
2024-02-11 12:04:49: > 新建复制 '/Users/IntoSoranohate/个人仓库/SHIP/.obsidian/plugins/obsidian-wordnet-plugin/dict-WordNet.json' -> '/Users/IntoSoranohate/Library/CloudStorage/OneDrive-个人/Shipy/.obsidian/plugins/obsidian-wordnet-plugin/dict-WordNet.json' (30,475,996)
2024-02-11 12:04:49: < 新建复制 '/Users/IntoSoranohate/个人仓库/SHIP/.obsidian/plugins/obsidian-wordnet-plugin/dict-WordNet.json' -> '/Users/IntoSoranohate/Library/CloudStorage/OneDrive-个人/Shipy/.obsidian/plugins/obsidian-wordnet-plugin/dict-WordNet.json' (30,475,996)
2024-02-11 12:04:49: 新建复制 '/Users/IntoSoranohate/个人仓库/SHIP/.obsidian/plugins/oz-clear-unused-images/data.json' -> '/Users/IntoSoranohate/Library/CloudStorage/OneDrive-个人/Shipy/.obsidian/plugins/oz-clear-unused-images/data.json' (134)
2024-02-11 12:04:49: 新建复制 '/Users/IntoSoranohate/个人仓库/SHIP/.obsidian/plugins/oz-clear-unused-images/main.js' -> '/Users/IntoSoranohate/Library/CloudStorage/OneDrive-个人/Shipy/.obsidian/plugins/oz-clear-unused-images/main.js' (22,301)
2024-02-11 12:04:49: 新建复制 '/Users/IntoSoranohate/个人仓库/SHIP/.obsidian/plugins/oz-clear-unused-images/manifest.json' -> '/Users/IntoSoranohate/Library/CloudStorage/OneDrive-个人/Shipy/.obsidian/plugins/oz-clear-unused-images/manifest.json' (338)
2024-02-11 12:04:49: 新建复制 '/Users/IntoSoranohate/个人仓库/SHIP/.obsidian/plugins/oz-clear-unused-images/styles.css' -> '/Users/IntoSoranohate/Library/CloudStorage/OneDrive-个人/Shipy/.obsidian/plugins/oz-clear-unused-images/styles.css' (178)
2024-02-11 12:04:49: 新建复制 '/Users/IntoSoranohate/个人仓库/SHIP/.obsidian/plugins/obsidian-wordnet-plugin/main.js' -> '/Users/IntoSoranohate/Library/CloudStorage/OneDrive-个人/Shipy/.obsidian/plugins/obsidian-wordnet-plugin/main.js' (40,962)
2024-02-11 12:04:49: 新建复制 '/Users/IntoSoranohate/个人仓库/SHIP/.obsidian/plugins/obsidian-wordnet-plugin/manifest.json' -> '/Users/IntoSoranohate/Library/CloudStorage/OneDrive-个人/Shipy/.obsidian/plugins/obsidian-wordnet-plugin/manifest.json' (338)
2024-02-11 12:04:49: 新建复制 '/Users/IntoSoranohate/个人仓库/SHIP/.obsidian/plugins/obsidian-wordnet-plugin/styles.css' -> '/Users/IntoSoranohate/Library/CloudStorage/OneDrive-个人/Shipy/.obsidian/plugins/obsidian-wordnet-plugin/styles.css' (2)
2024-02-11 12:04:49: 覆盖复制 '/Users/IntoSoranohate/个人仓库/SHIP/.obsidian/workspaces.json' -> '/Users/IntoSoranohate/Library/CloudStorage/OneDrive-个人/Shipy/.obsidian/workspaces.json' (6,886)
2024-02-11 12:04:49: Close Modified Folder (mod-time, acl): /Setting/Files
2024-02-11 12:04:49: Close Modified Folder (mod-time, acl): /.obsidian/plugins/oz-clear-unused-images
2024-02-11 12:04:49: Close Modified Folder (mod-time, acl): /.obsidian/plugins/obsidian-wordnet-plugin
2024-02-11 12:04:49: 覆盖复制 '/Users/IntoSoranohate/个人仓库/SHIP/.obsidian/plugins/recent-files-obsidian/data.json' -> '/Users/IntoSoranohate/Library/CloudStorage/OneDrive-个人/Shipy/.obsidian/plugins/recent-files-obsidian/data.json' (4,952)
2024-02-11 12:04:49: Close Modified Folder (mod-time, acl): /.obsidian/plugins/recent-files-obsidian
2024-02-11 12:04:49: Close Modified Folder (mod-time, acl): /.obsidian/plugins
2024-02-11 12:04:49: Close Modified Folder (mod-time, acl): /.obsidian
2024-02-11 12:04:49: 保持文件状态 /Users/IntoSoranohate/个人仓库/SHIP/_gsdata_/_file_state_v4._gs
2024-02-11 12:04:49: 保持文件状态 /Users/IntoSoranohate/Library/CloudStorage/OneDrive-个人/Shipy/_gsdata_/_file_state_v4._gs
2024-02-11 12:04:49: == 同步完成. 历时: 00:00:00, 速度: 0.00/s, 完成: 30, 错误: 0
