2024-02-22 09:03:27: -- 分析开始 Periodic Timer
2024-02-22 09:03:27: 左侧: 正在读取文件状态 /Users/IntoSoranohate/个人仓库/SHIP/_gsdata_/_file_state_v4._gs
2024-02-22 09:03:27: 右侧: 正在读取文件状态 /Users/IntoSoranohate/个人仓库/backup/_gsdata_/_file_state_v4._gs
2024-02-22 09:03:27: 变更：14， 冲突：0， 复制时间：0， 复制状态：0， 错误： 0, All: 710
2024-02-22 09:03:27: Left to Right: Copy File: 14 
2024-02-22 09:03:27: == 同步开始由 Periodic Timer
2024-02-22 09:03:27: ConnectCloned connected to file:///Users/IntoSoranohate/个人仓库/SHIP
2024-02-22 09:03:27: ConnectCloned connected to file:///Users/IntoSoranohate/个人仓库/SHIP
2024-02-22 09:03:27: ConnectCloned connected to file:///Users/IntoSoranohate/个人仓库/backup
2024-02-22 09:03:27: ConnectCloned connected to file:///Users/IntoSoranohate/个人仓库/backup
2024-02-22 09:03:27: ConnectCloned connected to file:///Users/IntoSoranohate/个人仓库/SHIP
2024-02-22 09:03:27: ConnectCloned connected to file:///Users/IntoSoranohate/个人仓库/backup
2024-02-22 09:03:27: 覆盖复制 '/Users/IntoSoranohate/个人仓库/SHIP/.obsidian/.diary-stats' -> '/Users/IntoSoranohate/个人仓库/backup/.obsidian/.diary-stats' (475,157)
2024-02-22 09:03:27: 覆盖复制 '/Users/IntoSoranohate/个人仓库/SHIP/.obsidian/app.json' -> '/Users/IntoSoranohate/个人仓库/backup/.obsidian/app.json' (206)
2024-02-22 09:03:27: 覆盖复制 '/Users/IntoSoranohate/个人仓库/SHIP/.obsidian/appearance.json' -> '/Users/IntoSoranohate/个人仓库/backup/.obsidian/appearance.json' (773)
2024-02-22 09:03:27: 覆盖复制 '/Users/IntoSoranohate/个人仓库/SHIP/.obsidian/bookmarks.json' -> '/Users/IntoSoranohate/个人仓库/backup/.obsidian/bookmarks.json' (3,411)
2024-02-22 09:03:27: 覆盖复制 '/Users/IntoSoranohate/个人仓库/SHIP/.obsidian/community-plugins.json' -> '/Users/IntoSoranohate/个人仓库/backup/.obsidian/community-plugins.json' (594)
2024-02-22 09:03:27: 覆盖复制 '/Users/IntoSoranohate/个人仓库/SHIP/.obsidian/core-plugins-migration.json' -> '/Users/IntoSoranohate/个人仓库/backup/.obsidian/core-plugins-migration.json' (637)
2024-02-22 09:03:27: 覆盖复制 '/Users/IntoSoranohate/个人仓库/SHIP/.obsidian/core-plugins.json' -> '/Users/IntoSoranohate/个人仓库/backup/.obsidian/core-plugins.json' (295)
2024-02-22 09:03:27: 覆盖复制 '/Users/IntoSoranohate/个人仓库/SHIP/.obsidian/graph.json' -> '/Users/IntoSoranohate/个人仓库/backup/.obsidian/graph.json' (511)
2024-02-22 09:03:27: 覆盖复制 '/Users/IntoSoranohate/个人仓库/SHIP/.obsidian/workspace.json' -> '/Users/IntoSoranohate/个人仓库/backup/.obsidian/workspace.json' (8,853)
2024-02-22 09:03:27: 覆盖复制 '/Users/IntoSoranohate/个人仓库/SHIP/.obsidian/plugins/calendar/data.json' -> '/Users/IntoSoranohate/个人仓库/backup/.obsidian/plugins/calendar/data.json' (231)
2024-02-22 09:03:27: 覆盖复制 '/Users/IntoSoranohate/个人仓库/SHIP/.obsidian/plugins/obsidian-admonition/data.json' -> '/Users/IntoSoranohate/个人仓库/backup/.obsidian/plugins/obsidian-admonition/data.json' (1,705)
2024-02-22 09:03:27: 覆盖复制 '/Users/IntoSoranohate/个人仓库/SHIP/.obsidian/plugins/recent-files-obsidian/data.json' -> '/Users/IntoSoranohate/个人仓库/backup/.obsidian/plugins/recent-files-obsidian/data.json' (5,670)
2024-02-22 09:03:27: 覆盖复制 '/Users/IntoSoranohate/个人仓库/SHIP/.obsidian/plugins/table-editor-obsidian/data.json' -> '/Users/IntoSoranohate/个人仓库/backup/.obsidian/plugins/table-editor-obsidian/data.json' (95)
2024-02-22 09:03:27: Close Modified Folder (mod-time, acl): /.obsidian/plugins/calendar
2024-02-22 09:03:27: Close Modified Folder (mod-time, acl): /.obsidian/plugins/obsidian-admonition
2024-02-22 09:03:27: Close Modified Folder (mod-time, acl): /.obsidian/plugins/recent-files-obsidian
2024-02-22 09:03:27: Close Modified Folder (mod-time, acl): /.obsidian/plugins/table-editor-obsidian
2024-02-22 09:03:27: 覆盖复制 '/Users/IntoSoranohate/个人仓库/SHIP/.obsidian/workspaces.json' -> '/Users/IntoSoranohate/个人仓库/backup/.obsidian/workspaces.json' (7,581)
2024-02-22 09:03:27: Close Modified Folder (mod-time, acl): /.obsidian
2024-02-22 09:03:27: 保持文件状态 /Users/IntoSoranohate/个人仓库/SHIP/_gsdata_/_file_state_v4._gs
2024-02-22 09:03:27: 保持文件状态 /Users/IntoSoranohate/个人仓库/backup/_gsdata_/_file_state_v4._gs
2024-02-22 09:03:28: == 同步完成. 历时: 00:00:01, 速度: 0.00/s, 完成: 14, 错误: 0
