2024-02-10 17:00:46: == 同步开始由 User Command
2024-02-10 17:00:55: File Systems limited number of parallel threads to 0
2024-02-10 17:01:00: 创建文件夹 icloud://www.icloud.com/Obsidian/shipy/Inbox
2024-02-10 17:01:04: 创建文件夹 icloud://www.icloud.com/Obsidian/shipy/Project
2024-02-10 17:01:12: Cannot get file info after Sync: SSL Library already initialized
2024-02-10 17:01:12: 新建复制 '/Users/IntoSoranohate/个人仓库/SHIP/Project/IDEA 备忘.md' -> 'icloud://www.icloud.com/Obsidian/shipy/Project/IDEA 备忘.md' (70)
- 错误: Cannot get file info after Sync: SSL Library already initialized
2024-02-10 17:01:16: 创建文件夹 icloud://www.icloud.com/Obsidian/shipy/Project/归档
2024-02-10 17:01:21: 创建文件夹 icloud://www.icloud.com/Obsidian/shipy/Setting
2024-02-10 17:01:27: 创建文件夹 icloud://www.icloud.com/Obsidian/shipy/Setting/Files
2024-02-10 17:01:36: Cannot get file info after Sync: SSL Library already initialized
2024-02-10 17:01:36: 新建复制 '/Users/IntoSoranohate/个人仓库/SHIP/Setting/Files/- 1.jpg' -> 'icloud://www.icloud.com/Obsidian/shipy/Setting/Files/- 1.jpg' (522,123)
- 错误: Cannot get file info after Sync: SSL Library already initialized
2024-02-10 17:01:44: Cannot get file info after Sync: SSL Library already initialized
2024-02-10 17:01:44: 新建复制 '/Users/IntoSoranohate/个人仓库/SHIP/Setting/Files/1 1.jpg' -> 'icloud://www.icloud.com/Obsidian/shipy/Setting/Files/1 1.jpg' (96,319)
- 错误: Cannot get file info after Sync: SSL Library already initialized
2024-02-10 17:01:50: Cannot get file info after Sync: SSL Library already initialized
2024-02-10 17:01:50: 新建复制 '/Users/IntoSoranohate/个人仓库/SHIP/Setting/Files/1 2.jpg' -> 'icloud://www.icloud.com/Obsidian/shipy/Setting/Files/1 2.jpg' (124,686)
- 错误: Cannot get file info after Sync: SSL Library already initialized
2024-02-10 17:01:55: Cannot get file info after Sync: SSL Library already initialized
2024-02-10 17:01:55: 新建复制 '/Users/IntoSoranohate/个人仓库/SHIP/Setting/Files/1 3.jpg' -> 'icloud://www.icloud.com/Obsidian/shipy/Setting/Files/1 3.jpg' (135,775)
- 错误: Cannot get file info after Sync: SSL Library already initialized
2024-02-10 17:02:00: Cannot get file info after Sync: SSL Library already initialized
2024-02-10 17:02:00: 新建复制 '/Users/IntoSoranohate/个人仓库/SHIP/Setting/Files/1.jpg' -> 'icloud://www.icloud.com/Obsidian/shipy/Setting/Files/1.jpg' (151,985)
- 错误: Cannot get file info after Sync: SSL Library already initialized
2024-02-10 17:02:05: Cannot get file info after Sync: SSL Library already initialized
2024-02-10 17:02:05: 新建复制 '/Users/IntoSoranohate/个人仓库/SHIP/Setting/Files/2 1.jpg' -> 'icloud://www.icloud.com/Obsidian/shipy/Setting/Files/2 1.jpg' (207,104)
- 错误: Cannot get file info after Sync: SSL Library already initialized
2024-02-10 17:02:11: Cannot get file info after Sync: SSL Library already initialized
2024-02-10 17:02:11: 新建复制 '/Users/IntoSoranohate/个人仓库/SHIP/Setting/Files/2 3.jpg' -> 'icloud://www.icloud.com/Obsidian/shipy/Setting/Files/2 3.jpg' (129,170)
- 错误: Cannot get file info after Sync: SSL Library already initialized
2024-02-10 17:02:17: Cannot get file info after Sync: SSL Library already initialized
2024-02-10 17:02:17: 新建复制 '/Users/IntoSoranohate/个人仓库/SHIP/Setting/Files/2.jpg' -> 'icloud://www.icloud.com/Obsidian/shipy/Setting/Files/2.jpg' (42,408)
- 错误: Cannot get file info after Sync: SSL Library already initialized
2024-02-10 17:02:22: Cannot get file info after Sync: SSL Library already initialized
2024-02-10 17:02:22: 新建复制 '/Users/IntoSoranohate/个人仓库/SHIP/Setting/Files/3 1.jpg' -> 'icloud://www.icloud.com/Obsidian/shipy/Setting/Files/3 1.jpg' (156,856)
- 错误: Cannot get file info after Sync: SSL Library already initialized
2024-02-10 17:02:27: Cannot get file info after Sync: SSL Library already initialized
2024-02-10 17:02:27: 新建复制 '/Users/IntoSoranohate/个人仓库/SHIP/Setting/Files/3 2.jpg' -> 'icloud://www.icloud.com/Obsidian/shipy/Setting/Files/3 2.jpg' (33,058)
- 错误: Cannot get file info after Sync: SSL Library already initialized
2024-02-10 17:02:33: Cannot get file info after Sync: SSL Library already initialized
2024-02-10 17:02:33: 新建复制 '/Users/IntoSoranohate/个人仓库/SHIP/Setting/Files/3.jpg' -> 'icloud://www.icloud.com/Obsidian/shipy/Setting/Files/3.jpg' (34,238)
- 错误: Cannot get file info after Sync: SSL Library already initialized
2024-02-10 17:02:40: Cannot get file info after Sync: SSL Library already initialized
2024-02-10 17:02:40: 新建复制 '/Users/IntoSoranohate/个人仓库/SHIP/Setting/Files/IMG2020-07-05_17202402 07.png' -> 'icloud://www.icloud.com/Obsidian/shipy/Setting/Files/IMG2020-07-05_17202402 07.png' (491,970)
- 错误: Cannot get file info after Sync: SSL Library already initialized
2024-02-10 17:02:54: Cannot get file info after Sync: SSL Library already initialized
2024-02-10 17:02:54: 新建复制 '/Users/IntoSoranohate/个人仓库/SHIP/Setting/Files/IMGdikw-model202402 06.png' -> 'icloud://www.icloud.com/Obsidian/shipy/Setting/Files/IMGdikw-model202402 06.png' (11,985)
- 错误: Cannot get file info after Sync: SSL Library already initialized
2024-02-10 17:02:54: > 新建复制 '/Users/IntoSoranohate/个人仓库/SHIP/Setting/Files/Notability 笔记.pdf' -> 'icloud://www.icloud.com/Obsidian/shipy/Setting/Files/Notability 笔记.pdf' (2,037,442)
2024-02-10 17:03:00: Cannot get file info after Sync: SSL Library already initialized
2024-02-10 17:03:00: < 新建复制 '/Users/IntoSoranohate/个人仓库/SHIP/Setting/Files/Notability 笔记.pdf' -> 'icloud://www.icloud.com/Obsidian/shipy/Setting/Files/Notability 笔记.pdf' (2,037,442)
- 错误: Cannot get file info after Sync: SSL Library already initialized
2024-02-10 17:03:07: Cannot get file info after Sync: SSL Library already initialized
2024-02-10 17:03:07: 新建复制 '/Users/IntoSoranohate/个人仓库/SHIP/Setting/Files/Pasted Graphic 1 1.png' -> 'icloud://www.icloud.com/Obsidian/shipy/Setting/Files/Pasted Graphic 1 1.png' (1,044,117)
- 错误: Cannot get file info after Sync: SSL Library already initialized
2024-02-10 17:03:14: Cannot get file info after Sync: SSL Library already initialized
2024-02-10 17:03:14: 新建复制 '/Users/IntoSoranohate/个人仓库/SHIP/Setting/Files/Pasted Graphic 1 2.png' -> 'icloud://www.icloud.com/Obsidian/shipy/Setting/Files/Pasted Graphic 1 2.png' (654,166)
- 错误: Cannot get file info after Sync: SSL Library already initialized
2024-02-10 17:03:22: Cannot get file info after Sync: SSL Library already initialized
2024-02-10 17:03:22: 新建复制 '/Users/IntoSoranohate/个人仓库/SHIP/Setting/Files/Pasted Graphic 1 3.png' -> 'icloud://www.icloud.com/Obsidian/shipy/Setting/Files/Pasted Graphic 1 3.png' (592,789)
- 错误: Cannot get file info after Sync: SSL Library already initialized
2024-02-10 17:03:27: Cannot get file info after Sync: SSL Library already initialized
2024-02-10 17:03:27: 新建复制 '/Users/IntoSoranohate/个人仓库/SHIP/Setting/Files/Pasted Graphic 1.png' -> 'icloud://www.icloud.com/Obsidian/shipy/Setting/Files/Pasted Graphic 1.png' (78,130)
- 错误: Cannot get file info after Sync: SSL Library already initialized
2024-02-10 17:03:32: Cannot get file info after Sync: SSL Library already initialized
2024-02-10 17:03:32: 新建复制 '/Users/IntoSoranohate/个人仓库/SHIP/Setting/Files/Pasted Graphic 10.png' -> 'icloud://www.icloud.com/Obsidian/shipy/Setting/Files/Pasted Graphic 10.png' (306,602)
- 错误: Cannot get file info after Sync: SSL Library already initialized
2024-02-10 17:03:37: Cannot get file info after Sync: SSL Library already initialized
2024-02-10 17:03:37: 新建复制 '/Users/IntoSoranohate/个人仓库/SHIP/Setting/Files/Pasted Graphic 12.png' -> 'icloud://www.icloud.com/Obsidian/shipy/Setting/Files/Pasted Graphic 12.png' (602,873)
- 错误: Cannot get file info after Sync: SSL Library already initialized
2024-02-10 17:03:41: Cannot get file info after Sync: SSL Library already initialized
2024-02-10 17:03:41: 新建复制 '/Users/IntoSoranohate/个人仓库/SHIP/Setting/Files/Pasted Graphic 13.png' -> 'icloud://www.icloud.com/Obsidian/shipy/Setting/Files/Pasted Graphic 13.png' (156,371)
- 错误: Cannot get file info after Sync: SSL Library already initialized
2024-02-10 17:03:46: Cannot get file info after Sync: SSL Library already initialized
2024-02-10 17:03:46: 新建复制 '/Users/IntoSoranohate/个人仓库/SHIP/Setting/Files/Pasted Graphic 14.png' -> 'icloud://www.icloud.com/Obsidian/shipy/Setting/Files/Pasted Graphic 14.png' (734,420)
- 错误: Cannot get file info after Sync: SSL Library already initialized
2024-02-10 17:03:50: Cannot get file info after Sync: SSL Library already initialized
2024-02-10 17:03:50: 新建复制 '/Users/IntoSoranohate/个人仓库/SHIP/Setting/Files/Pasted Graphic 16.png' -> 'icloud://www.icloud.com/Obsidian/shipy/Setting/Files/Pasted Graphic 16.png' (394,796)
- 错误: Cannot get file info after Sync: SSL Library already initialized
2024-02-10 17:03:55: Cannot get file info after Sync: SSL Library already initialized
2024-02-10 17:03:55: 新建复制 '/Users/IntoSoranohate/个人仓库/SHIP/Setting/Files/Pasted Graphic 17.png' -> 'icloud://www.icloud.com/Obsidian/shipy/Setting/Files/Pasted Graphic 17.png' (494,313)
- 错误: Cannot get file info after Sync: SSL Library already initialized
2024-02-10 17:04:01: Cannot get file info after Sync: SSL Library already initialized
2024-02-10 17:04:01: 新建复制 '/Users/IntoSoranohate/个人仓库/SHIP/Setting/Files/Pasted Graphic 2 1.png' -> 'icloud://www.icloud.com/Obsidian/shipy/Setting/Files/Pasted Graphic 2 1.png' (800,138)
- 错误: Cannot get file info after Sync: SSL Library already initialized
2024-02-10 17:04:06: Cannot get file info after Sync: SSL Library already initialized
2024-02-10 17:04:06: 新建复制 '/Users/IntoSoranohate/个人仓库/SHIP/Setting/Files/Pasted Graphic 2.png' -> 'icloud://www.icloud.com/Obsidian/shipy/Setting/Files/Pasted Graphic 2.png' (211,271)
- 错误: Cannot get file info after Sync: SSL Library already initialized
2024-02-10 17:04:06: > 新建复制 '/Users/IntoSoranohate/个人仓库/SHIP/Setting/Files/Pasted Graphic 3 1.png' -> 'icloud://www.icloud.com/Obsidian/shipy/Setting/Files/Pasted Graphic 3 1.png' (2,118,827)
2024-02-10 17:04:15: Cannot get file info after Sync: SSL Library already initialized
2024-02-10 17:04:15: < 新建复制 '/Users/IntoSoranohate/个人仓库/SHIP/Setting/Files/Pasted Graphic 3 1.png' -> 'icloud://www.icloud.com/Obsidian/shipy/Setting/Files/Pasted Graphic 3 1.png' (2,118,827)
- 错误: Cannot get file info after Sync: SSL Library already initialized
2024-02-10 17:04:21: Cannot get file info after Sync: SSL Library already initialized
2024-02-10 17:04:21: 新建复制 '/Users/IntoSoranohate/个人仓库/SHIP/Setting/Files/Pasted Graphic 3 2.png' -> 'icloud://www.icloud.com/Obsidian/shipy/Setting/Files/Pasted Graphic 3 2.png' (928,079)
- 错误: Cannot get file info after Sync: SSL Library already initialized
2024-02-10 17:04:27: Cannot get file info after Sync: SSL Library already initialized
2024-02-10 17:04:27: 新建复制 '/Users/IntoSoranohate/个人仓库/SHIP/Setting/Files/Pasted Graphic 3.png' -> 'icloud://www.icloud.com/Obsidian/shipy/Setting/Files/Pasted Graphic 3.png' (928,079)
- 错误: Cannot get file info after Sync: SSL Library already initialized
2024-02-10 17:04:32: Cannot get file info after Sync: SSL Library already initialized
2024-02-10 17:04:32: 新建复制 '/Users/IntoSoranohate/个人仓库/SHIP/Setting/Files/Pasted Graphic 322.png' -> 'icloud://www.icloud.com/Obsidian/shipy/Setting/Files/Pasted Graphic 322.png' (308,812)
- 错误: Cannot get file info after Sync: SSL Library already initialized
2024-02-10 17:04:36: Cannot get file info after Sync: SSL Library already initialized
2024-02-10 17:04:36: 新建复制 '/Users/IntoSoranohate/个人仓库/SHIP/Setting/Files/Pasted Graphic 4 1.png' -> 'icloud://www.icloud.com/Obsidian/shipy/Setting/Files/Pasted Graphic 4 1.png' (249,375)
- 错误: Cannot get file info after Sync: SSL Library already initialized
2024-02-10 17:04:41: Cannot get file info after Sync: SSL Library already initialized
2024-02-10 17:04:41: 新建复制 '/Users/IntoSoranohate/个人仓库/SHIP/Setting/Files/Pasted Graphic 4 2.png' -> 'icloud://www.icloud.com/Obsidian/shipy/Setting/Files/Pasted Graphic 4 2.png' (489,516)
- 错误: Cannot get file info after Sync: SSL Library already initialized
2024-02-10 17:04:41: > 新建复制 '/Users/IntoSoranohate/个人仓库/SHIP/Setting/Files/Pasted Graphic 4 3.png' -> 'icloud://www.icloud.com/Obsidian/shipy/Setting/Files/Pasted Graphic 4 3.png' (1,058,816)
2024-02-10 17:04:47: Cannot get file info after Sync: SSL Library already initialized
2024-02-10 17:04:47: < 新建复制 '/Users/IntoSoranohate/个人仓库/SHIP/Setting/Files/Pasted Graphic 4 3.png' -> 'icloud://www.icloud.com/Obsidian/shipy/Setting/Files/Pasted Graphic 4 3.png' (1,058,816)
- 错误: Cannot get file info after Sync: SSL Library already initialized
2024-02-10 17:04:51: Cannot get file info after Sync: SSL Library already initialized
2024-02-10 17:04:51: 新建复制 '/Users/IntoSoranohate/个人仓库/SHIP/Setting/Files/Pasted Graphic 4.png' -> 'icloud://www.icloud.com/Obsidian/shipy/Setting/Files/Pasted Graphic 4.png' (494,313)
- 错误: Cannot get file info after Sync: SSL Library already initialized
2024-02-10 17:04:57: Cannot get file info after Sync: SSL Library already initialized
2024-02-10 17:04:57: 新建复制 '/Users/IntoSoranohate/个人仓库/SHIP/Setting/Files/Pasted Graphic 5 1.png' -> 'icloud://www.icloud.com/Obsidian/shipy/Setting/Files/Pasted Graphic 5 1.png' (761,200)
- 错误: Cannot get file info after Sync: SSL Library already initialized
2024-02-10 17:05:01: Cannot get file info after Sync: SSL Library already initialized
2024-02-10 17:05:01: 新建复制 '/Users/IntoSoranohate/个人仓库/SHIP/Setting/Files/Pasted Graphic 5.png' -> 'icloud://www.icloud.com/Obsidian/shipy/Setting/Files/Pasted Graphic 5.png' (394,796)
- 错误: Cannot get file info after Sync: SSL Library already initialized
2024-02-10 17:05:01: > 新建复制 '/Users/IntoSoranohate/个人仓库/SHIP/Setting/Files/Pasted Graphic 6 1.png' -> 'icloud://www.icloud.com/Obsidian/shipy/Setting/Files/Pasted Graphic 6 1.png' (1,362,293)
2024-02-10 17:05:08: Cannot get file info after Sync: SSL Library already initialized
2024-02-10 17:05:08: < 新建复制 '/Users/IntoSoranohate/个人仓库/SHIP/Setting/Files/Pasted Graphic 6 1.png' -> 'icloud://www.icloud.com/Obsidian/shipy/Setting/Files/Pasted Graphic 6 1.png' (1,362,293)
- 错误: Cannot get file info after Sync: SSL Library already initialized
2024-02-10 17:05:14: Cannot get file info after Sync: SSL Library already initialized
2024-02-10 17:05:14: 新建复制 '/Users/IntoSoranohate/个人仓库/SHIP/Setting/Files/Pasted Graphic 6.png' -> 'icloud://www.icloud.com/Obsidian/shipy/Setting/Files/Pasted Graphic 6.png' (554,852)
- 错误: Cannot get file info after Sync: SSL Library already initialized
2024-02-10 17:05:19: Cannot get file info after Sync: SSL Library already initialized
2024-02-10 17:05:19: 新建复制 '/Users/IntoSoranohate/个人仓库/SHIP/Setting/Files/Pasted Graphic 7 1.png' -> 'icloud://www.icloud.com/Obsidian/shipy/Setting/Files/Pasted Graphic 7 1.png' (506,132)
- 错误: Cannot get file info after Sync: SSL Library already initialized
2024-02-10 17:05:25: Cannot get file info after Sync: SSL Library already initialized
2024-02-10 17:05:25: 新建复制 '/Users/IntoSoranohate/个人仓库/SHIP/Setting/Files/Pasted Graphic 7.png' -> 'icloud://www.icloud.com/Obsidian/shipy/Setting/Files/Pasted Graphic 7.png' (317,281)
- 错误: Cannot get file info after Sync: SSL Library already initialized
2024-02-10 17:05:30: Cannot get file info after Sync: SSL Library already initialized
2024-02-10 17:05:30: 新建复制 '/Users/IntoSoranohate/个人仓库/SHIP/Setting/Files/Pasted Graphic 8.png' -> 'icloud://www.icloud.com/Obsidian/shipy/Setting/Files/Pasted Graphic 8.png' (354,309)
- 错误: Cannot get file info after Sync: SSL Library already initialized
2024-02-10 17:05:35: Cannot get file info after Sync: SSL Library already initialized
2024-02-10 17:05:35: 新建复制 '/Users/IntoSoranohate/个人仓库/SHIP/Setting/Files/Pasted Graphic 9.png' -> 'icloud://www.icloud.com/Obsidian/shipy/Setting/Files/Pasted Graphic 9.png' (386,137)
- 错误: Cannot get file info after Sync: SSL Library already initialized
2024-02-10 17:05:41: Cannot get file info after Sync: SSL Library already initialized
2024-02-10 17:05:41: 新建复制 '/Users/IntoSoranohate/个人仓库/SHIP/Setting/Files/Pasted Graphic.png' -> 'icloud://www.icloud.com/Obsidian/shipy/Setting/Files/Pasted Graphic.png' (161,454)
- 错误: Cannot get file info after Sync: SSL Library already initialized
2024-02-10 17:05:45: Cannot get file info after Sync: SSL Library already initialized
2024-02-10 17:05:45: 新建复制 '/Users/IntoSoranohate/个人仓库/SHIP/Setting/Files/Pasted Graphic122.png' -> 'icloud://www.icloud.com/Obsidian/shipy/Setting/Files/Pasted Graphic122.png' (287,331)
- 错误: Cannot get file info after Sync: SSL Library already initialized
2024-02-10 17:05:50: Cannot get file info after Sync: SSL Library already initialized
2024-02-10 17:05:50: 新建复制 '/Users/IntoSoranohate/个人仓库/SHIP/Setting/Files/Pasted image 20240210011914.png' -> 'icloud://www.icloud.com/Obsidian/shipy/Setting/Files/Pasted image 20240210011914.png' (1,042,737)
- 错误: Cannot get file info after Sync: SSL Library already initialized
2024-02-10 17:05:55: Cannot get file info after Sync: SSL Library already initialized
2024-02-10 17:05:55: 新建复制 '/Users/IntoSoranohate/个人仓库/SHIP/Setting/Files/Pasted image 20240210012024.png' -> 'icloud://www.icloud.com/Obsidian/shipy/Setting/Files/Pasted image 20240210012024.png' (538,761)
- 错误: Cannot get file info after Sync: SSL Library already initialized
2024-02-10 17:06:00: Cannot get file info after Sync: SSL Library already initialized
2024-02-10 17:06:00: 新建复制 '/Users/IntoSoranohate/个人仓库/SHIP/Setting/Files/Pasted image 20240210012054.png' -> 'icloud://www.icloud.com/Obsidian/shipy/Setting/Files/Pasted image 20240210012054.png' (941,491)
- 错误: Cannot get file info after Sync: SSL Library already initialized
2024-02-10 17:06:00: > 新建复制 '/Users/IntoSoranohate/个人仓库/SHIP/Setting/Files/Pasted image 20240210012429.png' -> 'icloud://www.icloud.com/Obsidian/shipy/Setting/Files/Pasted image 20240210012429.png' (1,780,397)
2024-02-10 17:06:06: Cannot get file info after Sync: SSL Library already initialized
2024-02-10 17:06:06: < 新建复制 '/Users/IntoSoranohate/个人仓库/SHIP/Setting/Files/Pasted image 20240210012429.png' -> 'icloud://www.icloud.com/Obsidian/shipy/Setting/Files/Pasted image 20240210012429.png' (1,780,397)
- 错误: Cannot get file info after Sync: SSL Library already initialized
2024-02-10 17:06:12: Cannot get file info after Sync: SSL Library already initialized
2024-02-10 17:06:12: 新建复制 '/Users/IntoSoranohate/个人仓库/SHIP/Setting/Files/Pasted image 20240210012506.png' -> 'icloud://www.icloud.com/Obsidian/shipy/Setting/Files/Pasted image 20240210012506.png' (827,419)
- 错误: Cannot get file info after Sync: SSL Library already initialized
2024-02-10 17:06:12: > 新建复制 '/Users/IntoSoranohate/个人仓库/SHIP/Setting/Files/Pasted image 20240210012528.png' -> 'icloud://www.icloud.com/Obsidian/shipy/Setting/Files/Pasted image 20240210012528.png' (4,129,242)
2024-02-10 17:06:25: Cannot get file info after Sync: SSL Library already initialized
2024-02-10 17:06:25: < 新建复制 '/Users/IntoSoranohate/个人仓库/SHIP/Setting/Files/Pasted image 20240210012528.png' -> 'icloud://www.icloud.com/Obsidian/shipy/Setting/Files/Pasted image 20240210012528.png' (4,129,242)
- 错误: Cannot get file info after Sync: SSL Library already initialized
2024-02-10 17:06:25: > 新建复制 '/Users/IntoSoranohate/个人仓库/SHIP/Setting/Files/Pasted image 20240210012712.png' -> 'icloud://www.icloud.com/Obsidian/shipy/Setting/Files/Pasted image 20240210012712.png' (7,249,871)
2024-02-10 17:06:41: Cannot get file info after Sync: SSL Library already initialized
2024-02-10 17:06:41: < 新建复制 '/Users/IntoSoranohate/个人仓库/SHIP/Setting/Files/Pasted image 20240210012712.png' -> 'icloud://www.icloud.com/Obsidian/shipy/Setting/Files/Pasted image 20240210012712.png' (7,249,871)
- 错误: Cannot get file info after Sync: SSL Library already initialized
2024-02-10 17:06:41: > 新建复制 '/Users/IntoSoranohate/个人仓库/SHIP/Setting/Files/Pasted image 20240210012933.png' -> 'icloud://www.icloud.com/Obsidian/shipy/Setting/Files/Pasted image 20240210012933.png' (2,620,693)
2024-02-10 17:06:50: Cannot get file info after Sync: SSL Library already initialized
2024-02-10 17:06:50: < 新建复制 '/Users/IntoSoranohate/个人仓库/SHIP/Setting/Files/Pasted image 20240210012933.png' -> 'icloud://www.icloud.com/Obsidian/shipy/Setting/Files/Pasted image 20240210012933.png' (2,620,693)
- 错误: Cannot get file info after Sync: SSL Library already initialized
2024-02-10 17:06:50: > 新建复制 '/Users/IntoSoranohate/个人仓库/SHIP/Setting/Files/Pasted image 20240210012956.png' -> 'icloud://www.icloud.com/Obsidian/shipy/Setting/Files/Pasted image 20240210012956.png' (1,962,439)
2024-02-10 17:06:57: Cannot get file info after Sync: SSL Library already initialized
2024-02-10 17:06:57: < 新建复制 '/Users/IntoSoranohate/个人仓库/SHIP/Setting/Files/Pasted image 20240210012956.png' -> 'icloud://www.icloud.com/Obsidian/shipy/Setting/Files/Pasted image 20240210012956.png' (1,962,439)
- 错误: Cannot get file info after Sync: SSL Library already initialized
2024-02-10 17:07:02: Cannot get file info after Sync: SSL Library already initialized
2024-02-10 17:07:02: 新建复制 '/Users/IntoSoranohate/个人仓库/SHIP/Setting/Files/和生活主要高层目标.png' -> 'icloud://www.icloud.com/Obsidian/shipy/Setting/Files/和生活主要高层目标.png' (231,756)
- 错误: Cannot get file info after Sync: SSL Library already initialized
2024-02-10 17:07:07: Cannot get file info after Sync: SSL Library already initialized
2024-02-10 17:07:07: 新建复制 '/Users/IntoSoranohate/个人仓库/SHIP/Setting/Files/备注  2021年7月1日.pdf' -> 'icloud://www.icloud.com/Obsidian/shipy/Setting/Files/备注  2021年7月1日.pdf' (298,525)
- 错误: Cannot get file info after Sync: SSL Library already initialized
2024-02-10 17:07:11: Cannot get file info after Sync: SSL Library already initialized
2024-02-10 17:07:11: 新建复制 '/Users/IntoSoranohate/个人仓库/SHIP/Setting/Files/备注 2021年3月24日.pdf' -> 'icloud://www.icloud.com/Obsidian/shipy/Setting/Files/备注 2021年3月24日.pdf' (27,106)
- 错误: Cannot get file info after Sync: SSL Library already initialized
2024-02-10 17:07:15: Cannot get file info after Sync: SSL Library already initialized
2024-02-10 17:07:15: 新建复制 '/Users/IntoSoranohate/个人仓库/SHIP/Setting/Files/备注 2021年3月25日.pdf' -> 'icloud://www.icloud.com/Obsidian/shipy/Setting/Files/备注 2021年3月25日.pdf' (19,943)
- 错误: Cannot get file info after Sync: SSL Library already initialized
2024-02-10 17:07:20: Cannot get file info after Sync: SSL Library already initialized
2024-02-10 17:07:20: 新建复制 '/Users/IntoSoranohate/个人仓库/SHIP/Setting/Files/备注 2021年4月15日.pdf' -> 'icloud://www.icloud.com/Obsidian/shipy/Setting/Files/备注 2021年4月15日.pdf' (665,503)
- 错误: Cannot get file info after Sync: SSL Library already initialized
2024-02-10 17:07:26: Cannot get file info after Sync: SSL Library already initialized
2024-02-10 17:07:26: 新建复制 '/Users/IntoSoranohate/个人仓库/SHIP/Setting/Files/备注 2021年5月15日.pdf' -> 'icloud://www.icloud.com/Obsidian/shipy/Setting/Files/备注 2021年5月15日.pdf' (830,934)
- 错误: Cannot get file info after Sync: SSL Library already initialized
2024-02-10 17:07:30: Cannot get file info after Sync: SSL Library already initialized
2024-02-10 17:07:30: 新建复制 '/Users/IntoSoranohate/个人仓库/SHIP/Setting/Files/备注 2021年5月17日 1.pdf' -> 'icloud://www.icloud.com/Obsidian/shipy/Setting/Files/备注 2021年5月17日 1.pdf' (144,981)
- 错误: Cannot get file info after Sync: SSL Library already initialized
2024-02-10 17:07:34: Cannot get file info after Sync: SSL Library already initialized
2024-02-10 17:07:34: 新建复制 '/Users/IntoSoranohate/个人仓库/SHIP/Setting/Files/备注 2021年5月17日.pdf' -> 'icloud://www.icloud.com/Obsidian/shipy/Setting/Files/备注 2021年5月17日.pdf' (144,981)
- 错误: Cannot get file info after Sync: SSL Library already initialized
2024-02-10 17:07:39: Cannot get file info after Sync: SSL Library already initialized
2024-02-10 17:07:39: 新建复制 '/Users/IntoSoranohate/个人仓库/SHIP/Setting/Files/备注 2021年7月7日.pdf' -> 'icloud://www.icloud.com/Obsidian/shipy/Setting/Files/备注 2021年7月7日.pdf' (24,198)
- 错误: Cannot get file info after Sync: SSL Library already initialized
2024-02-10 17:07:43: Cannot get file info after Sync: SSL Library already initialized
2024-02-10 17:07:43: 新建复制 '/Users/IntoSoranohate/个人仓库/SHIP/Setting/Files/如果A=A就很无聊。我们都喜欢比喻句，那么如果A=B呢？如何去证明A=B就是一个.png' -> 'icloud://www.icloud.com/Obsidian/shipy/Setting/Files/如果A=A就很无聊。我们都喜欢比喻句，那么如果A=B呢？如何去证明A=B就是一个.png' (435,494)
- 错误: Cannot get file info after Sync: SSL Library already initialized
2024-02-10 17:07:48: Cannot get file info after Sync: SSL Library already initialized
2024-02-10 17:07:48: 新建复制 '/Users/IntoSoranohate/个人仓库/SHIP/Setting/Files/找不到生活的方向，是号致这种症状的.png' -> 'icloud://www.icloud.com/Obsidian/shipy/Setting/Files/找不到生活的方向，是号致这种症状的.png' (602,355)
- 错误: Cannot get file info after Sync: SSL Library already initialized
2024-02-10 17:07:52: Cannot get file info after Sync: SSL Library already initialized
2024-02-10 17:07:52: 新建复制 '/Users/IntoSoranohate/个人仓库/SHIP/Setting/Files/源自于馆受跃至的自再心。这一向题其.png' -> 'icloud://www.icloud.com/Obsidian/shipy/Setting/Files/源自于馆受跃至的自再心。这一向题其.png' (513,981)
- 错误: Cannot get file info after Sync: SSL Library already initialized
2024-02-10 17:07:57: 创建文件夹 icloud://www.icloud.com/Obsidian/shipy/Setting/标签
2024-02-10 17:08:02: Cannot get file info after Sync: SSL Library already initialized
2024-02-10 17:08:02: 新建复制 '/Users/IntoSoranohate/个人仓库/SHIP/Setting/标签/日常.md' -> 'icloud://www.icloud.com/Obsidian/shipy/Setting/标签/日常.md' (152)
- 错误: Cannot get file info after Sync: SSL Library already initialized
2024-02-10 17:08:10: Cannot get file info after Sync: SSL Library already initialized
2024-02-10 17:08:10: 新建复制 '/Users/IntoSoranohate/个人仓库/SHIP/Setting/标签/知识.md' -> 'icloud://www.icloud.com/Obsidian/shipy/Setting/标签/知识.md' (484)
- 错误: Cannot get file info after Sync: SSL Library already initialized
2024-02-10 17:08:17: Cannot get file info after Sync: SSL Library already initialized
2024-02-10 17:08:17: 新建复制 '/Users/IntoSoranohate/个人仓库/SHIP/Setting/标签/笔记.md' -> 'icloud://www.icloud.com/Obsidian/shipy/Setting/标签/笔记.md' (82)
- 错误: Cannot get file info after Sync: SSL Library already initialized
2024-02-10 17:08:21: Cannot get file info after Sync: SSL Library already initialized
2024-02-10 17:08:21: 新建复制 '/Users/IntoSoranohate/个人仓库/SHIP/Setting/标签/读书.md' -> 'icloud://www.icloud.com/Obsidian/shipy/Setting/标签/读书.md' (64)
- 错误: Cannot get file info after Sync: SSL Library already initialized
2024-02-10 17:08:25: Cannot get file info after Sync: SSL Library already initialized
2024-02-10 17:08:25: 新建复制 '/Users/IntoSoranohate/个人仓库/SHIP/Setting/标签/项目追踪.md' -> 'icloud://www.icloud.com/Obsidian/shipy/Setting/标签/项目追踪.md' (59)
- 错误: Cannot get file info after Sync: SSL Library already initialized
2024-02-10 17:08:29: 创建文件夹 icloud://www.icloud.com/Obsidian/shipy/Setting/模板
2024-02-10 17:08:35: 创建文件夹 icloud://www.icloud.com/Obsidian/shipy/Setting/模板/template模板
2024-02-10 17:08:40: Cannot get file info after Sync: SSL Library already initialized
2024-02-10 17:08:40: 新建复制 '/Users/IntoSoranohate/个人仓库/SHIP/Setting/模板/template模板/Daily.md' -> 'icloud://www.icloud.com/Obsidian/shipy/Setting/模板/template模板/Daily.md' (615)
- 错误: Cannot get file info after Sync: SSL Library already initialized
2024-02-10 17:08:45: Cannot get file info after Sync: SSL Library already initialized
2024-02-10 17:08:45: 新建复制 '/Users/IntoSoranohate/个人仓库/SHIP/Setting/模板/template模板/Insert Callouts.md' -> 'icloud://www.icloud.com/Obsidian/shipy/Setting/模板/template模板/Insert Callouts.md' (1,047)
- 错误: Cannot get file info after Sync: SSL Library already initialized
2024-02-10 17:08:48: Cannot get file info after Sync: SSL Library already initialized
2024-02-10 17:08:48: 新建复制 '/Users/IntoSoranohate/个人仓库/SHIP/Setting/模板/template模板/日记模板.md' -> 'icloud://www.icloud.com/Obsidian/shipy/Setting/模板/template模板/日记模板.md' (2,986)
- 错误: Cannot get file info after Sync: SSL Library already initialized
2024-02-10 17:08:53: Cannot get file info after Sync: SSL Library already initialized
2024-02-10 17:08:53: 新建复制 '/Users/IntoSoranohate/个人仓库/SHIP/Setting/模板/template模板/规范化笔记(ART).md' -> 'icloud://www.icloud.com/Obsidian/shipy/Setting/模板/template模板/规范化笔记(ART).md' (360)
- 错误: Cannot get file info after Sync: SSL Library already initialized
2024-02-10 17:08:56: Cannot get file info after Sync: SSL Library already initialized
2024-02-10 17:08:56: 新建复制 '/Users/IntoSoranohate/个人仓库/SHIP/Setting/模板/template模板/读书笔记模板.md' -> 'icloud://www.icloud.com/Obsidian/shipy/Setting/模板/template模板/读书笔记模板.md' (323)
- 错误: Cannot get file info after Sync: SSL Library already initialized
2024-02-10 17:09:00: Cannot get file info after Sync: SSL Library already initialized
2024-02-10 17:09:00: 新建复制 '/Users/IntoSoranohate/个人仓库/SHIP/Setting/模板/template模板/项目模板.md' -> 'icloud://www.icloud.com/Obsidian/shipy/Setting/模板/template模板/项目模板.md' (316)
- 错误: Cannot get file info after Sync: SSL Library already initialized
2024-02-10 17:09:05: Cannot get file info after Sync: SSL Library already initialized
2024-02-10 17:09:05: 新建复制 '/Users/IntoSoranohate/个人仓库/SHIP/Setting/模板/存档.md' -> 'icloud://www.icloud.com/Obsidian/shipy/Setting/模板/存档.md' (3,362)
- 错误: Cannot get file info after Sync: SSL Library already initialized
2024-02-10 17:09:09: 创建文件夹 icloud://www.icloud.com/Obsidian/shipy/Setting/模板/日记模板
2024-02-10 17:09:15: Cannot get file info after Sync: SSL Library already initialized
2024-02-10 17:09:15: 新建复制 '/Users/IntoSoranohate/个人仓库/SHIP/Setting/模板/日记模板/日记.md' -> 'icloud://www.icloud.com/Obsidian/shipy/Setting/模板/日记模板/日记.md' (614)
- 错误: Cannot get file info after Sync: SSL Library already initialized
2024-02-10 17:09:20: 创建文件夹 icloud://www.icloud.com/Obsidian/shipy/文献笔记
2024-02-10 17:09:25: 创建文件夹 icloud://www.icloud.com/Obsidian/shipy/文献笔记/读书
2024-02-10 17:09:31: Cannot get file info after Sync: SSL Library already initialized
2024-02-10 17:09:31: 新建复制 '/Users/IntoSoranohate/个人仓库/SHIP/文献笔记/读书/读书清单.md' -> 'icloud://www.icloud.com/Obsidian/shipy/文献笔记/读书/读书清单.md' (46)
- 错误: Cannot get file info after Sync: SSL Library already initialized
2024-02-10 17:09:36: 创建文件夹 icloud://www.icloud.com/Obsidian/shipy/日记
2024-02-10 17:09:41: Cannot get file info after Sync: SSL Library already initialized
2024-02-10 17:09:41: 新建复制 '/Users/IntoSoranohate/个人仓库/SHIP/日记/2021短暂日记备份.md' -> 'icloud://www.icloud.com/Obsidian/shipy/日记/2021短暂日记备份.md' (141)
- 错误: Cannot get file info after Sync: SSL Library already initialized
2024-02-10 17:09:45: Cannot get file info after Sync: SSL Library already initialized
2024-02-10 17:09:45: 新建复制 '/Users/IntoSoranohate/个人仓库/SHIP/日记/20230802日记.md' -> 'icloud://www.icloud.com/Obsidian/shipy/日记/20230802日记.md' (404)
- 错误: Cannot get file info after Sync: SSL Library already initialized
2024-02-10 17:09:49: Cannot get file info after Sync: SSL Library already initialized
2024-02-10 17:09:49: 新建复制 '/Users/IntoSoranohate/个人仓库/SHIP/日记/20230826.md' -> 'icloud://www.icloud.com/Obsidian/shipy/日记/20230826.md' (881)
- 错误: Cannot get file info after Sync: SSL Library already initialized
2024-02-10 17:09:53: Cannot get file info after Sync: SSL Library already initialized
2024-02-10 17:09:53: 新建复制 '/Users/IntoSoranohate/个人仓库/SHIP/日记/2024-02-05_周一.md' -> 'icloud://www.icloud.com/Obsidian/shipy/日记/2024-02-05_周一.md' (622)
- 错误: Cannot get file info after Sync: SSL Library already initialized
2024-02-10 17:09:57: Cannot get file info after Sync: SSL Library already initialized
2024-02-10 17:09:57: 新建复制 '/Users/IntoSoranohate/个人仓库/SHIP/日记/2024-02-06_周二.md' -> 'icloud://www.icloud.com/Obsidian/shipy/日记/2024-02-06_周二.md' (1,593)
- 错误: Cannot get file info after Sync: SSL Library already initialized
2024-02-10 17:10:01: Cannot get file info after Sync: SSL Library already initialized
2024-02-10 17:10:01: 新建复制 '/Users/IntoSoranohate/个人仓库/SHIP/日记/2024-02-07_周三.md' -> 'icloud://www.icloud.com/Obsidian/shipy/日记/2024-02-07_周三.md' (1,020)
- 错误: Cannot get file info after Sync: SSL Library already initialized
2024-02-10 17:10:05: Cannot get file info after Sync: SSL Library already initialized
2024-02-10 17:10:05: 新建复制 '/Users/IntoSoranohate/个人仓库/SHIP/日记/2024-02-08_周四.md' -> 'icloud://www.icloud.com/Obsidian/shipy/日记/2024-02-08_周四.md' (1,593)
- 错误: Cannot get file info after Sync: SSL Library already initialized
2024-02-10 17:10:09: Cannot get file info after Sync: SSL Library already initialized
2024-02-10 17:10:09: 新建复制 '/Users/IntoSoranohate/个人仓库/SHIP/日记/2024-02-09_周五.md' -> 'icloud://www.icloud.com/Obsidian/shipy/日记/2024-02-09_周五.md' (1,500)
- 错误: Cannot get file info after Sync: SSL Library already initialized
2024-02-10 17:10:13: Cannot get file info after Sync: SSL Library already initialized
2024-02-10 17:10:13: 新建复制 '/Users/IntoSoranohate/个人仓库/SHIP/日记/2024-02-10_周六.md' -> 'icloud://www.icloud.com/Obsidian/shipy/日记/2024-02-10_周六.md' (1,182)
- 错误: Cannot get file info after Sync: SSL Library already initialized
2024-02-10 17:10:17: Cannot get file info after Sync: SSL Library already initialized
2024-02-10 17:10:17: 新建复制 '/Users/IntoSoranohate/个人仓库/SHIP/日记/20240206周二.md' -> 'icloud://www.icloud.com/Obsidian/shipy/日记/20240206周二.md' (845)
- 错误: Cannot get file info after Sync: SSL Library already initialized
2024-02-10 17:10:21: 创建文件夹 icloud://www.icloud.com/Obsidian/shipy/永久笔记
2024-02-10 17:10:27: 创建文件夹 icloud://www.icloud.com/Obsidian/shipy/永久笔记/ART
2024-02-10 17:10:33: 创建文件夹 icloud://www.icloud.com/Obsidian/shipy/永久笔记/ART/基础练习
2024-02-10 17:10:38: Cannot get file info after Sync: SSL Library already initialized
2024-02-10 17:10:38: 新建复制 '/Users/IntoSoranohate/个人仓库/SHIP/永久笔记/ART/基础练习/光影.md' -> 'icloud://www.icloud.com/Obsidian/shipy/永久笔记/ART/基础练习/光影.md' (317)
- 错误: Cannot get file info after Sync: SSL Library already initialized
2024-02-10 17:10:43: Cannot get file info after Sync: SSL Library already initialized
2024-02-10 17:10:43: 新建复制 '/Users/IntoSoranohate/个人仓库/SHIP/永久笔记/ART/基础练习/构图.md' -> 'icloud://www.icloud.com/Obsidian/shipy/永久笔记/ART/基础练习/构图.md' (317)
- 错误: Cannot get file info after Sync: SSL Library already initialized
2024-02-10 17:10:48: Cannot get file info after Sync: SSL Library already initialized
2024-02-10 17:10:48: 新建复制 '/Users/IntoSoranohate/个人仓库/SHIP/永久笔记/ART/基础练习/线条.md' -> 'icloud://www.icloud.com/Obsidian/shipy/永久笔记/ART/基础练习/线条.md' (335)
- 错误: Cannot get file info after Sync: SSL Library already initialized
2024-02-10 17:10:52: Cannot get file info after Sync: SSL Library already initialized
2024-02-10 17:10:52: 新建复制 '/Users/IntoSoranohate/个人仓库/SHIP/永久笔记/ART/基础练习/色彩.md' -> 'icloud://www.icloud.com/Obsidian/shipy/永久笔记/ART/基础练习/色彩.md' (326)
- 错误: Cannot get file info after Sync: SSL Library already initialized
2024-02-10 17:10:56: Cannot get file info after Sync: SSL Library already initialized
2024-02-10 17:10:56: 新建复制 '/Users/IntoSoranohate/个人仓库/SHIP/永久笔记/ART/基础练习/速写.md' -> 'icloud://www.icloud.com/Obsidian/shipy/永久笔记/ART/基础练习/速写.md' (380)
- 错误: Cannot get file info after Sync: SSL Library already initialized
2024-02-10 17:11:00: Cannot get file info after Sync: SSL Library already initialized
2024-02-10 17:11:00: 新建复制 '/Users/IntoSoranohate/个人仓库/SHIP/永久笔记/ART/基础练习/造型.md' -> 'icloud://www.icloud.com/Obsidian/shipy/永久笔记/ART/基础练习/造型.md' (317)
- 错误: Cannot get file info after Sync: SSL Library already initialized
2024-02-10 17:11:04: Cannot get file info after Sync: SSL Library already initialized
2024-02-10 17:11:04: 新建复制 '/Users/IntoSoranohate/个人仓库/SHIP/永久笔记/ART/基础练习/配色.md' -> 'icloud://www.icloud.com/Obsidian/shipy/永久笔记/ART/基础练习/配色.md' (369)
- 错误: Cannot get file info after Sync: SSL Library already initialized
2024-02-10 17:11:08: Cannot get file info after Sync: SSL Library already initialized
2024-02-10 17:11:08: 新建复制 '/Users/IntoSoranohate/个人仓库/SHIP/永久笔记/ART/概念设计.md' -> 'icloud://www.icloud.com/Obsidian/shipy/永久笔记/ART/概念设计.md' (337)
- 错误: Cannot get file info after Sync: SSL Library already initialized
2024-02-10 17:11:12: Cannot get file info after Sync: SSL Library already initialized
2024-02-10 17:11:12: 新建复制 '/Users/IntoSoranohate/个人仓库/SHIP/永久笔记/ART/绘画练习.md' -> 'icloud://www.icloud.com/Obsidian/shipy/永久笔记/ART/绘画练习.md' (473)
- 错误: Cannot get file info after Sync: SSL Library already initialized
2024-02-10 17:11:17: 创建文件夹 icloud://www.icloud.com/Obsidian/shipy/永久笔记/ART/设计原理
2024-02-10 17:11:22: Cannot get file info after Sync: SSL Library already initialized
2024-02-10 17:11:22: 新建复制 '/Users/IntoSoranohate/个人仓库/SHIP/永久笔记/ART/设计原理/pose&动态.md' -> 'icloud://www.icloud.com/Obsidian/shipy/永久笔记/ART/设计原理/pose&动态.md' (319)
- 错误: Cannot get file info after Sync: SSL Library already initialized
2024-02-10 17:11:26: Cannot get file info after Sync: SSL Library already initialized
2024-02-10 17:11:26: 新建复制 '/Users/IntoSoranohate/个人仓库/SHIP/永久笔记/ART/设计原理/三级型.md' -> 'icloud://www.icloud.com/Obsidian/shipy/永久笔记/ART/设计原理/三级型.md' (1,314)
- 错误: Cannot get file info after Sync: SSL Library already initialized
2024-02-10 17:11:30: Cannot get file info after Sync: SSL Library already initialized
2024-02-10 17:11:30: 新建复制 '/Users/IntoSoranohate/个人仓库/SHIP/永久笔记/ART/设计原理/世界观设计&提炼.md' -> 'icloud://www.icloud.com/Obsidian/shipy/永久笔记/ART/设计原理/世界观设计&提炼.md' (348)
- 错误: Cannot get file info after Sync: SSL Library already initialized
2024-02-10 17:11:34: Cannot get file info after Sync: SSL Library already initialized
2024-02-10 17:11:34: 新建复制 '/Users/IntoSoranohate/个人仓库/SHIP/永久笔记/ART/设计原理/切分.md' -> 'icloud://www.icloud.com/Obsidian/shipy/永久笔记/ART/设计原理/切分.md' (330)
- 错误: Cannot get file info after Sync: SSL Library already initialized
2024-02-10 17:11:38: Cannot get file info after Sync: SSL Library already initialized
2024-02-10 17:11:38: 新建复制 '/Users/IntoSoranohate/个人仓库/SHIP/永久笔记/ART/设计原理/参考.md' -> 'icloud://www.icloud.com/Obsidian/shipy/永久笔记/ART/设计原理/参考.md' (479)
- 错误: Cannot get file info after Sync: SSL Library already initialized
2024-02-10 17:11:41: Cannot get file info after Sync: SSL Library already initialized
2024-02-10 17:11:41: 新建复制 '/Users/IntoSoranohate/个人仓库/SHIP/永久笔记/ART/设计原理/对比.md' -> 'icloud://www.icloud.com/Obsidian/shipy/永久笔记/ART/设计原理/对比.md' (317)
- 错误: Cannot get file info after Sync: SSL Library already initialized
2024-02-10 17:11:46: Cannot get file info after Sync: SSL Library already initialized
2024-02-10 17:11:46: 新建复制 '/Users/IntoSoranohate/个人仓库/SHIP/永久笔记/ART/设计原理/形状.md' -> 'icloud://www.icloud.com/Obsidian/shipy/永久笔记/ART/设计原理/形状.md' (343)
- 错误: Cannot get file info after Sync: SSL Library already initialized
2024-02-10 17:11:50: Cannot get file info after Sync: SSL Library already initialized
2024-02-10 17:11:50: 新建复制 '/Users/IntoSoranohate/个人仓库/SHIP/永久笔记/ART/设计原理/细节设计.md' -> 'icloud://www.icloud.com/Obsidian/shipy/永久笔记/ART/设计原理/细节设计.md' (299)
- 错误: Cannot get file info after Sync: SSL Library already initialized
2024-02-10 17:11:55: Cannot get file info after Sync: SSL Library already initialized
2024-02-10 17:11:55: 新建复制 '/Users/IntoSoranohate/个人仓库/SHIP/永久笔记/ART/设计原理/聚焦点设计.md' -> 'icloud://www.icloud.com/Obsidian/shipy/永久笔记/ART/设计原理/聚焦点设计.md' (351)
- 错误: Cannot get file info after Sync: SSL Library already initialized
2024-02-10 17:11:59: Cannot get file info after Sync: SSL Library already initialized
2024-02-10 17:11:59: 新建复制 '/Users/IntoSoranohate/个人仓库/SHIP/永久笔记/ART/设计原理/视觉引导.md' -> 'icloud://www.icloud.com/Obsidian/shipy/永久笔记/ART/设计原理/视觉引导.md' (333)
- 错误: Cannot get file info after Sync: SSL Library already initialized
2024-02-10 17:12:03: Cannot get file info after Sync: SSL Library already initialized
2024-02-10 17:12:03: 新建复制 '/Users/IntoSoranohate/个人仓库/SHIP/永久笔记/ART/设计原理/风格化.md' -> 'icloud://www.icloud.com/Obsidian/shipy/永久笔记/ART/设计原理/风格化.md' (333)
- 错误: Cannot get file info after Sync: SSL Library already initialized
2024-02-10 17:12:08: 创建文件夹 icloud://www.icloud.com/Obsidian/shipy/灵感笔记
2024-02-10 17:12:13: 创建文件夹 icloud://www.icloud.com/Obsidian/shipy/灵感笔记/Notes
2024-02-10 17:12:19: Cannot get file info after Sync: SSL Library already initialized
2024-02-10 17:12:19: 新建复制 '/Users/IntoSoranohate/个人仓库/SHIP/灵感笔记/Notes/20230628复盘.md' -> 'icloud://www.icloud.com/Obsidian/shipy/灵感笔记/Notes/20230628复盘.md' (4,420)
- 错误: Cannot get file info after Sync: SSL Library already initialized
2024-02-10 17:12:23: Cannot get file info after Sync: SSL Library already initialized
2024-02-10 17:12:23: 新建复制 '/Users/IntoSoranohate/个人仓库/SHIP/灵感笔记/Notes/20230830复盘.md' -> 'icloud://www.icloud.com/Obsidian/shipy/灵感笔记/Notes/20230830复盘.md' (239)
- 错误: Cannot get file info after Sync: SSL Library already initialized
2024-02-10 17:12:27: Cannot get file info after Sync: SSL Library already initialized
2024-02-10 17:12:27: 新建复制 '/Users/IntoSoranohate/个人仓库/SHIP/灵感笔记/Notes/20230907复盘.md' -> 'icloud://www.icloud.com/Obsidian/shipy/灵感笔记/Notes/20230907复盘.md' (290)
- 错误: Cannot get file info after Sync: SSL Library already initialized
2024-02-10 17:12:31: Cannot get file info after Sync: SSL Library already initialized
2024-02-10 17:12:31: 新建复制 '/Users/IntoSoranohate/个人仓库/SHIP/灵感笔记/Notes/20230911复盘.md' -> 'icloud://www.icloud.com/Obsidian/shipy/灵感笔记/Notes/20230911复盘.md' (268)
- 错误: Cannot get file info after Sync: SSL Library already initialized
2024-02-10 17:12:36: Cannot get file info after Sync: SSL Library already initialized
2024-02-10 17:12:36: 新建复制 '/Users/IntoSoranohate/个人仓库/SHIP/灵感笔记/Notes/20230913复盘.md' -> 'icloud://www.icloud.com/Obsidian/shipy/灵感笔记/Notes/20230913复盘.md' (214)
- 错误: Cannot get file info after Sync: SSL Library already initialized
2024-02-10 17:12:40: Cannot get file info after Sync: SSL Library already initialized
2024-02-10 17:12:40: 新建复制 '/Users/IntoSoranohate/个人仓库/SHIP/灵感笔记/Notes/20230920复盘.md' -> 'icloud://www.icloud.com/Obsidian/shipy/灵感笔记/Notes/20230920复盘.md' (291)
- 错误: Cannot get file info after Sync: SSL Library already initialized
2024-02-10 17:12:44: Cannot get file info after Sync: SSL Library already initialized
2024-02-10 17:12:44: 新建复制 '/Users/IntoSoranohate/个人仓库/SHIP/灵感笔记/Notes/20230922复盘.md' -> 'icloud://www.icloud.com/Obsidian/shipy/灵感笔记/Notes/20230922复盘.md' (341)
- 错误: Cannot get file info after Sync: SSL Library already initialized
2024-02-10 17:12:48: Cannot get file info after Sync: SSL Library already initialized
2024-02-10 17:12:48: 新建复制 '/Users/IntoSoranohate/个人仓库/SHIP/灵感笔记/Notes/20230925复盘.md' -> 'icloud://www.icloud.com/Obsidian/shipy/灵感笔记/Notes/20230925复盘.md' (201)
- 错误: Cannot get file info after Sync: SSL Library already initialized
2024-02-10 17:12:53: Cannot get file info after Sync: SSL Library already initialized
2024-02-10 17:12:53: 新建复制 '/Users/IntoSoranohate/个人仓库/SHIP/灵感笔记/Notes/20230927复盘.md' -> 'icloud://www.icloud.com/Obsidian/shipy/灵感笔记/Notes/20230927复盘.md' (398)
- 错误: Cannot get file info after Sync: SSL Library already initialized
2024-02-10 17:12:58: Cannot get file info after Sync: SSL Library already initialized
2024-02-10 17:12:58: 新建复制 '/Users/IntoSoranohate/个人仓库/SHIP/灵感笔记/Notes/20231001复盘.md' -> 'icloud://www.icloud.com/Obsidian/shipy/灵感笔记/Notes/20231001复盘.md' (170)
- 错误: Cannot get file info after Sync: SSL Library already initialized
2024-02-10 17:13:01: Cannot get file info after Sync: SSL Library already initialized
2024-02-10 17:13:01: 新建复制 '/Users/IntoSoranohate/个人仓库/SHIP/灵感笔记/Notes/20231008复盘.md' -> 'icloud://www.icloud.com/Obsidian/shipy/灵感笔记/Notes/20231008复盘.md' (397)
- 错误: Cannot get file info after Sync: SSL Library already initialized
2024-02-10 17:13:05: Cannot get file info after Sync: SSL Library already initialized
2024-02-10 17:13:05: 新建复制 '/Users/IntoSoranohate/个人仓库/SHIP/灵感笔记/Notes/20231025复盘.md' -> 'icloud://www.icloud.com/Obsidian/shipy/灵感笔记/Notes/20231025复盘.md' (532)
- 错误: Cannot get file info after Sync: SSL Library already initialized
2024-02-10 17:13:09: Cannot get file info after Sync: SSL Library already initialized
2024-02-10 17:13:09: 新建复制 '/Users/IntoSoranohate/个人仓库/SHIP/灵感笔记/Notes/20231028复盘.md' -> 'icloud://www.icloud.com/Obsidian/shipy/灵感笔记/Notes/20231028复盘.md' (1,524)
- 错误: Cannot get file info after Sync: SSL Library already initialized
2024-02-10 17:13:13: Cannot get file info after Sync: SSL Library already initialized
2024-02-10 17:13:13: 新建复制 '/Users/IntoSoranohate/个人仓库/SHIP/灵感笔记/Notes/世界观复盘.md' -> 'icloud://www.icloud.com/Obsidian/shipy/灵感笔记/Notes/世界观复盘.md' (360)
- 错误: Cannot get file info after Sync: SSL Library already initialized
2024-02-10 17:13:17: Cannot get file info after Sync: SSL Library already initialized
2024-02-10 17:13:17: 新建复制 '/Users/IntoSoranohate/个人仓库/SHIP/灵感笔记/Notes/动作设计复盘.md' -> 'icloud://www.icloud.com/Obsidian/shipy/灵感笔记/Notes/动作设计复盘.md' (360)
- 错误: Cannot get file info after Sync: SSL Library already initialized
2024-02-10 17:13:21: Cannot get file info after Sync: SSL Library already initialized
2024-02-10 17:13:21: 新建复制 '/Users/IntoSoranohate/个人仓库/SHIP/灵感笔记/Notes/参考复盘.md' -> 'icloud://www.icloud.com/Obsidian/shipy/灵感笔记/Notes/参考复盘.md' (308)
- 错误: Cannot get file info after Sync: SSL Library already initialized
2024-02-10 17:13:25: Cannot get file info after Sync: SSL Library already initialized
2024-02-10 17:13:25: 新建复制 '/Users/IntoSoranohate/个人仓库/SHIP/灵感笔记/Notes/工作总结复盘.md' -> 'icloud://www.icloud.com/Obsidian/shipy/灵感笔记/Notes/工作总结复盘.md' (1,030)
- 错误: Cannot get file info after Sync: SSL Library already initialized
2024-02-10 17:13:29: Cannot get file info after Sync: SSL Library already initialized
2024-02-10 17:13:29: 新建复制 '/Users/IntoSoranohate/个人仓库/SHIP/灵感笔记/Notes/心态复盘.md' -> 'icloud://www.icloud.com/Obsidian/shipy/灵感笔记/Notes/心态复盘.md' (1,057)
- 错误: Cannot get file info after Sync: SSL Library already initialized
2024-02-10 17:13:32: Cannot get file info after Sync: SSL Library already initialized
2024-02-10 17:13:32: 新建复制 '/Users/IntoSoranohate/个人仓库/SHIP/灵感笔记/Notes/效率复盘.md' -> 'icloud://www.icloud.com/Obsidian/shipy/灵感笔记/Notes/效率复盘.md' (113)
- 错误: Cannot get file info after Sync: SSL Library already initialized
2024-02-10 17:13:36: Cannot get file info after Sync: SSL Library already initialized
2024-02-10 17:13:36: 新建复制 '/Users/IntoSoranohate/个人仓库/SHIP/灵感笔记/Notes/日常练习复盘.md' -> 'icloud://www.icloud.com/Obsidian/shipy/灵感笔记/Notes/日常练习复盘.md' (200)
- 错误: Cannot get file info after Sync: SSL Library already initialized
2024-02-10 17:13:42: Cannot get file info after Sync: SSL Library already initialized
2024-02-10 17:13:42: 新建复制 '/Users/IntoSoranohate/个人仓库/SHIP/灵感笔记/Notes/深度工作复盘.md' -> 'icloud://www.icloud.com/Obsidian/shipy/灵感笔记/Notes/深度工作复盘.md' (1,092)
- 错误: Cannot get file info after Sync: SSL Library already initialized
2024-02-10 17:13:46: Cannot get file info after Sync: SSL Library already initialized
2024-02-10 17:13:46: 新建复制 '/Users/IntoSoranohate/个人仓库/SHIP/灵感笔记/Notes/线稿图形复盘.md' -> 'icloud://www.icloud.com/Obsidian/shipy/灵感笔记/Notes/线稿图形复盘.md' (426)
- 错误: Cannot get file info after Sync: SSL Library already initialized
2024-02-10 17:13:50: Cannot get file info after Sync: SSL Library already initialized
2024-02-10 17:13:50: 新建复制 '/Users/IntoSoranohate/个人仓库/SHIP/灵感笔记/Notes/线稿线条复盘.md' -> 'icloud://www.icloud.com/Obsidian/shipy/灵感笔记/Notes/线稿线条复盘.md' (1,022)
- 错误: Cannot get file info after Sync: SSL Library already initialized
2024-02-10 17:13:54: 创建文件夹 icloud://www.icloud.com/Obsidian/shipy/灵感笔记/personal
2024-02-10 17:14:00: Cannot get file info after Sync: SSL Library already initialized
2024-02-10 17:14:00: 新建复制 '/Users/IntoSoranohate/个人仓库/SHIP/灵感笔记/personal/cleaner-uninstaller.md' -> 'icloud://www.icloud.com/Obsidian/shipy/灵感笔记/personal/cleaner-uninstaller.md' (329)
- 错误: Cannot get file info after Sync: SSL Library already initialized
2024-02-10 17:14:04: Cannot get file info after Sync: SSL Library already initialized
2024-02-10 17:14:04: 新建复制 '/Users/IntoSoranohate/个人仓库/SHIP/灵感笔记/personal/Key.md' -> 'icloud://www.icloud.com/Obsidian/shipy/灵感笔记/personal/Key.md' (228)
- 错误: Cannot get file info after Sync: SSL Library already initialized
2024-02-10 17:14:08: Cannot get file info after Sync: SSL Library already initialized
2024-02-10 17:14:08: 新建复制 '/Users/IntoSoranohate/个人仓库/SHIP/灵感笔记/personal/Little Snitch.md' -> 'icloud://www.icloud.com/Obsidian/shipy/灵感笔记/personal/Little Snitch.md' (76)
- 错误: Cannot get file info after Sync: SSL Library already initialized
2024-02-10 17:14:12: Cannot get file info after Sync: SSL Library already initialized
2024-02-10 17:14:12: 新建复制 '/Users/IntoSoranohate/个人仓库/SHIP/灵感笔记/personal/ManicTime Pro 单用户版.md' -> 'icloud://www.icloud.com/Obsidian/shipy/灵感笔记/personal/ManicTime Pro 单用户版.md' (1,416)
- 错误: Cannot get file info after Sync: SSL Library already initialized
2024-02-10 17:14:16: Cannot get file info after Sync: SSL Library already initialized
2024-02-10 17:14:16: 新建复制 '/Users/IntoSoranohate/个人仓库/SHIP/灵感笔记/personal/parallels.md' -> 'icloud://www.icloud.com/Obsidian/shipy/灵感笔记/personal/parallels.md' (357)
- 错误: Cannot get file info after Sync: SSL Library already initialized
2024-02-10 17:14:20: Cannot get file info after Sync: SSL Library already initialized
2024-02-10 17:14:20: 新建复制 '/Users/IntoSoranohate/个人仓库/SHIP/灵感笔记/personal/【中国联通沃小号】您已成功开通中国联通沃小号业务，小号：18574381474，序号1，包季度 12元季度，订购立即生效，到期未….md' -> 'icloud://www.icloud.com/Obsidian/shipy/灵感笔记/personal/【中国联通沃小号】您已成功开通中国联通沃小号业务，小号：18574381474，序号1，包季度 12元季度，订购立即生效，到期未….md' (497)
- 错误: Cannot get file info after Sync: SSL Library already initialized
2024-02-10 17:14:24: Cannot get file info after Sync: SSL Library already initialized
2024-02-10 17:14:24: 新建复制 '/Users/IntoSoranohate/个人仓库/SHIP/灵感笔记/personal/多益面试问题.md' -> 'icloud://www.icloud.com/Obsidian/shipy/灵感笔记/personal/多益面试问题.md' (4,139)
- 错误: Cannot get file info after Sync: SSL Library already initialized
2024-02-10 17:14:29: Cannot get file info after Sync: SSL Library already initialized
2024-02-10 17:14:29: 新建复制 '/Users/IntoSoranohate/个人仓库/SHIP/灵感笔记/personal/推辞测试.md' -> 'icloud://www.icloud.com/Obsidian/shipy/灵感笔记/personal/推辞测试.md' (340)
- 错误: Cannot get file info after Sync: SSL Library already initialized
2024-02-10 17:14:33: Cannot get file info after Sync: SSL Library already initialized
2024-02-10 17:14:33: 新建复制 '/Users/IntoSoranohate/个人仓库/SHIP/灵感笔记/personal/高清影视之家.md' -> 'icloud://www.icloud.com/Obsidian/shipy/灵感笔记/personal/高清影视之家.md' (558)
- 错误: Cannot get file info after Sync: SSL Library already initialized
2024-02-10 17:14:37: 创建文件夹 icloud://www.icloud.com/Obsidian/shipy/灵感笔记/摘抄
2024-02-10 17:14:45: Cannot get file info after Sync: SSL Library already initialized
2024-02-10 17:14:45: 新建复制 '/Users/IntoSoranohate/个人仓库/SHIP/灵感笔记/摘抄/3ff0430d.md' -> 'icloud://www.icloud.com/Obsidian/shipy/灵感笔记/摘抄/3ff0430d.md' (785)
- 错误: Cannot get file info after Sync: SSL Library already initialized
2024-02-10 17:14:49: Cannot get file info after Sync: SSL Library already initialized
2024-02-10 17:14:49: 新建复制 '/Users/IntoSoranohate/个人仓库/SHIP/灵感笔记/摘抄/als ich can.md' -> 'icloud://www.icloud.com/Obsidian/shipy/灵感笔记/摘抄/als ich can.md' (11)
- 错误: Cannot get file info after Sync: SSL Library already initialized
2024-02-10 17:14:54: Cannot get file info after Sync: SSL Library already initialized
2024-02-10 17:14:54: 新建复制 '/Users/IntoSoranohate/个人仓库/SHIP/灵感笔记/摘抄/euphoria.md' -> 'icloud://www.icloud.com/Obsidian/shipy/灵感笔记/摘抄/euphoria.md' (12)
- 错误: Cannot get file info after Sync: SSL Library already initialized
2024-02-10 17:14:58: Cannot get file info after Sync: SSL Library already initialized
2024-02-10 17:14:58: 新建复制 '/Users/IntoSoranohate/个人仓库/SHIP/灵感笔记/摘抄/Hallelujah.md' -> 'icloud://www.icloud.com/Obsidian/shipy/灵感笔记/摘抄/Hallelujah.md' (10)
- 错误: Cannot get file info after Sync: SSL Library already initialized
2024-02-10 17:15:02: Cannot get file info after Sync: SSL Library already initialized
2024-02-10 17:15:02: 新建复制 '/Users/IntoSoranohate/个人仓库/SHIP/灵感笔记/摘抄/Into-soranohate.md' -> 'icloud://www.icloud.com/Obsidian/shipy/灵感笔记/摘抄/Into-soranohate.md' (17)
- 错误: Cannot get file info after Sync: SSL Library already initialized
2024-02-10 17:15:06: Cannot get file info after Sync: SSL Library already initialized
2024-02-10 17:15:06: 新建复制 '/Users/IntoSoranohate/个人仓库/SHIP/灵感笔记/摘抄/Moments.md' -> 'icloud://www.icloud.com/Obsidian/shipy/灵感笔记/摘抄/Moments.md' (258)
- 错误: Cannot get file info after Sync: SSL Library already initialized
2024-02-10 17:15:10: Cannot get file info after Sync: SSL Library already initialized
2024-02-10 17:15:10: 新建复制 '/Users/IntoSoranohate/个人仓库/SHIP/灵感笔记/摘抄/per aspera ad astra（循此苦旅，以达天际）.md' -> 'icloud://www.icloud.com/Obsidian/shipy/灵感笔记/摘抄/per aspera ad astra（循此苦旅，以达天际）.md' (52)
- 错误: Cannot get file info after Sync: SSL Library already initialized
2024-02-10 17:15:14: Cannot get file info after Sync: SSL Library already initialized
2024-02-10 17:15:14: 新建复制 '/Users/IntoSoranohate/个人仓库/SHIP/灵感笔记/摘抄/PKM 个人知识管理系统.md' -> 'icloud://www.icloud.com/Obsidian/shipy/灵感笔记/摘抄/PKM 个人知识管理系统.md' (3,216)
- 错误: Cannot get file info after Sync: SSL Library already initialized
2024-02-10 17:15:18: Cannot get file info after Sync: SSL Library already initialized
2024-02-10 17:15:18: 新建复制 '/Users/IntoSoranohate/个人仓库/SHIP/灵感笔记/摘抄/“应该是从喜欢里得到力量和快乐，而不是花光了所有力量和快乐去喜欢”.md' -> 'icloud://www.icloud.com/Obsidian/shipy/灵感笔记/摘抄/“应该是从喜欢里得到力量和快乐，而不是花光了所有力量和快乐去喜欢”.md' (99)
- 错误: Cannot get file info after Sync: SSL Library already initialized
2024-02-10 17:15:22: Cannot get file info after Sync: SSL Library already initialized
2024-02-10 17:15:22: 新建复制 '/Users/IntoSoranohate/个人仓库/SHIP/灵感笔记/摘抄/“我的母语世界已经沉沦，我的精神家园欧洲亦已自取灭亡。”.md' -> 'icloud://www.icloud.com/Obsidian/shipy/灵感笔记/摘抄/“我的母语世界已经沉沦，我的精神家园欧洲亦已自取灭亡。”.md' (0)
- 错误: Cannot get file info after Sync: SSL Library already initialized
2024-02-10 17:15:25: Cannot get file info after Sync: SSL Library already initialized
2024-02-10 17:15:25: 新建复制 '/Users/IntoSoranohate/个人仓库/SHIP/灵感笔记/摘抄/不实的爱.md' -> 'icloud://www.icloud.com/Obsidian/shipy/灵感笔记/摘抄/不实的爱.md' (1,227)
- 错误: Cannot get file info after Sync: SSL Library already initialized
2024-02-10 17:15:29: Cannot get file info after Sync: SSL Library already initialized
2024-02-10 17:15:29: 新建复制 '/Users/IntoSoranohate/个人仓库/SHIP/灵感笔记/摘抄/与自己相处.md' -> 'icloud://www.icloud.com/Obsidian/shipy/灵感笔记/摘抄/与自己相处.md' (5,471)
- 错误: Cannot get file info after Sync: SSL Library already initialized
2024-02-10 17:15:33: Cannot get file info after Sync: SSL Library already initialized
2024-02-10 17:15:33: 新建复制 '/Users/IntoSoranohate/个人仓库/SHIP/灵感笔记/摘抄/专注（心流、高峰体验、自我效能感）的原理和方法.md' -> 'icloud://www.icloud.com/Obsidian/shipy/灵感笔记/摘抄/专注（心流、高峰体验、自我效能感）的原理和方法.md' (1,335)
- 错误: Cannot get file info after Sync: SSL Library already initialized
2024-02-10 17:15:38: Cannot get file info after Sync: SSL Library already initialized
2024-02-10 17:15:38: 新建复制 '/Users/IntoSoranohate/个人仓库/SHIP/灵感笔记/摘抄/体验，享受生活.md' -> 'icloud://www.icloud.com/Obsidian/shipy/灵感笔记/摘抄/体验，享受生活.md' (5,452)
- 错误: Cannot get file info after Sync: SSL Library already initialized
2024-02-10 17:15:42: Cannot get file info after Sync: SSL Library already initialized
2024-02-10 17:15:42: 新建复制 '/Users/IntoSoranohate/个人仓库/SHIP/灵感笔记/摘抄/六幡南宫响河.md' -> 'icloud://www.icloud.com/Obsidian/shipy/灵感笔记/摘抄/六幡南宫响河.md' (20)
- 错误: Cannot get file info after Sync: SSL Library already initialized
2024-02-10 17:15:46: Cannot get file info after Sync: SSL Library already initialized
2024-02-10 17:15:46: 新建复制 '/Users/IntoSoranohate/个人仓库/SHIP/灵感笔记/摘抄/卡片盒笔记法.md' -> 'icloud://www.icloud.com/Obsidian/shipy/灵感笔记/摘抄/卡片盒笔记法.md' (8,653)
- 错误: Cannot get file info after Sync: SSL Library already initialized
2024-02-10 17:15:50: Cannot get file info after Sync: SSL Library already initialized
2024-02-10 17:15:50: 新建复制 '/Users/IntoSoranohate/个人仓库/SHIP/灵感笔记/摘抄/发现真实的自我.md' -> 'icloud://www.icloud.com/Obsidian/shipy/灵感笔记/摘抄/发现真实的自我.md' (11,496)
- 错误: Cannot get file info after Sync: SSL Library already initialized
2024-02-10 17:15:54: Cannot get file info after Sync: SSL Library already initialized
2024-02-10 17:15:54: 新建复制 '/Users/IntoSoranohate/个人仓库/SHIP/灵感笔记/摘抄/各位猴毛宝宝们，关于814（或者类似问题），别急着给自己太多负担。河堤说爱自己的全部，不会不包括各位爱他的人。所以不要急着忏悔，过去….md' -> 'icloud://www.icloud.com/Obsidian/shipy/灵感笔记/摘抄/各位猴毛宝宝们，关于814（或者类似问题），别急着给自己太多负担。河堤说爱自己的全部，不会不包括各位爱他的人。所以不要急着忏悔，过去….md' (775)
- 错误: Cannot get file info after Sync: SSL Library already initialized
2024-02-10 17:15:58: Cannot get file info after Sync: SSL Library already initialized
2024-02-10 17:15:58: 新建复制 '/Users/IntoSoranohate/个人仓库/SHIP/灵感笔记/摘抄/唯一不可饶恕的罪，就是相信上帝不会饶恕你.md' -> 'icloud://www.icloud.com/Obsidian/shipy/灵感笔记/摘抄/唯一不可饶恕的罪，就是相信上帝不会饶恕你.md' (5)
- 错误: Cannot get file info after Sync: SSL Library already initialized
2024-02-10 17:16:02: Cannot get file info after Sync: SSL Library already initialized
2024-02-10 17:16:02: 新建复制 '/Users/IntoSoranohate/个人仓库/SHIP/灵感笔记/摘抄/善于微弱，人得以自由。像窗台的植物无动于观赏的期待。做心安的事，读有益的书，赏相合的人。便有生活的全部温柔。.md' -> 'icloud://www.icloud.com/Obsidian/shipy/灵感笔记/摘抄/善于微弱，人得以自由。像窗台的植物无动于观赏的期待。做心安的事，读有益的书，赏相合的人。便有生活的全部温柔。.md' (334)
- 错误: Cannot get file info after Sync: SSL Library already initialized
2024-02-10 17:16:06: Cannot get file info after Sync: SSL Library already initialized
2024-02-10 17:16:06: 新建复制 '/Users/IntoSoranohate/个人仓库/SHIP/灵感笔记/摘抄/在哲学中寻找到的亲近感，才是内心文化归属的根源。.md' -> 'icloud://www.icloud.com/Obsidian/shipy/灵感笔记/摘抄/在哲学中寻找到的亲近感，才是内心文化归属的根源。.md' (72)
- 错误: Cannot get file info after Sync: SSL Library already initialized
2024-02-10 17:16:10: Cannot get file info after Sync: SSL Library already initialized
2024-02-10 17:16:10: 新建复制 '/Users/IntoSoranohate/个人仓库/SHIP/灵感笔记/摘抄/天若有情.md' -> 'icloud://www.icloud.com/Obsidian/shipy/灵感笔记/摘抄/天若有情.md' (14)
- 错误: Cannot get file info after Sync: SSL Library already initialized
2024-02-10 17:16:14: Cannot get file info after Sync: SSL Library already initialized
2024-02-10 17:16:14: 新建复制 '/Users/IntoSoranohate/个人仓库/SHIP/灵感笔记/摘抄/失败是常态.md' -> 'icloud://www.icloud.com/Obsidian/shipy/灵感笔记/摘抄/失败是常态.md' (52)
- 错误: Cannot get file info after Sync: SSL Library already initialized
2024-02-10 17:16:18: Cannot get file info after Sync: SSL Library already initialized
2024-02-10 17:16:18: 新建复制 '/Users/IntoSoranohate/个人仓库/SHIP/灵感笔记/摘抄/当有关虚假的想法一直纠缠您的时候，您就站在明亮的舞台灯光前问自己这样一个问题以自检：‘我是在行动还是在与虚假作斗争？’.md' -> 'icloud://www.icloud.com/Obsidian/shipy/灵感笔记/摘抄/当有关虚假的想法一直纠缠您的时候，您就站在明亮的舞台灯光前问自己这样一个问题以自检：‘我是在行动还是在与虚假作斗争？’.md' (1,057)
- 错误: Cannot get file info after Sync: SSL Library already initialized
2024-02-10 17:16:23: Cannot get file info after Sync: SSL Library already initialized
2024-02-10 17:16:23: 新建复制 '/Users/IntoSoranohate/个人仓库/SHIP/灵感笔记/摘抄/故事.md' -> 'icloud://www.icloud.com/Obsidian/shipy/灵感笔记/摘抄/故事.md' (691)
- 错误: Cannot get file info after Sync: SSL Library already initialized
2024-02-10 17:16:27: Cannot get file info after Sync: SSL Library already initialized
2024-02-10 17:16:27: 新建复制 '/Users/IntoSoranohate/个人仓库/SHIP/灵感笔记/摘抄/数字花园.md' -> 'icloud://www.icloud.com/Obsidian/shipy/灵感笔记/摘抄/数字花园.md' (2,049)
- 错误: Cannot get file info after Sync: SSL Library already initialized
2024-02-10 17:16:31: Cannot get file info after Sync: SSL Library already initialized
2024-02-10 17:16:31: 新建复制 '/Users/IntoSoranohate/个人仓库/SHIP/灵感笔记/摘抄/早上起来第一句，嬲你滴起暗哒。.md' -> 'icloud://www.icloud.com/Obsidian/shipy/灵感笔记/摘抄/早上起来第一句，嬲你滴起暗哒。.md' (76)
- 错误: Cannot get file info after Sync: SSL Library already initialized
2024-02-10 17:16:35: Cannot get file info after Sync: SSL Library already initialized
2024-02-10 17:16:35: 新建复制 '/Users/IntoSoranohate/个人仓库/SHIP/灵感笔记/摘抄/昨天给朋友讲的插画手法总结：.md' -> 'icloud://www.icloud.com/Obsidian/shipy/灵感笔记/摘抄/昨天给朋友讲的插画手法总结：.md' (4,189)
- 错误: Cannot get file info after Sync: SSL Library already initialized
2024-02-10 17:16:39: Cannot get file info after Sync: SSL Library already initialized
2024-02-10 17:16:39: 新建复制 '/Users/IntoSoranohate/个人仓库/SHIP/灵感笔记/摘抄/昭和元禄落语心中.md' -> 'icloud://www.icloud.com/Obsidian/shipy/灵感笔记/摘抄/昭和元禄落语心中.md' (24)
- 错误: Cannot get file info after Sync: SSL Library already initialized
2024-02-10 17:16:43: Cannot get file info after Sync: SSL Library already initialized
2024-02-10 17:16:43: 新建复制 '/Users/IntoSoranohate/个人仓库/SHIP/灵感笔记/摘抄/最深的焦虑，来自对创造的拖延。当他明知现实，是奇迹唯一的藏身之所。.md' -> 'icloud://www.icloud.com/Obsidian/shipy/灵感笔记/摘抄/最深的焦虑，来自对创造的拖延。当他明知现实，是奇迹唯一的藏身之所。.md' (109)
- 错误: Cannot get file info after Sync: SSL Library already initialized
2024-02-10 17:16:47: Cannot get file info after Sync: SSL Library already initialized
2024-02-10 17:16:47: 新建复制 '/Users/IntoSoranohate/个人仓库/SHIP/灵感笔记/摘抄/未知的索引.md' -> 'icloud://www.icloud.com/Obsidian/shipy/灵感笔记/摘抄/未知的索引.md' (43,585)
- 错误: Cannot get file info after Sync: SSL Library already initialized
2024-02-10 17:16:53: Cannot get file info after Sync: SSL Library already initialized
2024-02-10 17:16:53: 新建复制 '/Users/IntoSoranohate/个人仓库/SHIP/灵感笔记/摘抄/毛姆的「写作建议」.md' -> 'icloud://www.icloud.com/Obsidian/shipy/灵感笔记/摘抄/毛姆的「写作建议」.md' (4,243)
- 错误: Cannot get file info after Sync: SSL Library already initialized
2024-02-10 17:16:58: Cannot get file info after Sync: SSL Library already initialized
2024-02-10 17:16:58: 新建复制 '/Users/IntoSoranohate/个人仓库/SHIP/灵感笔记/摘抄/演出是行动.md' -> 'icloud://www.icloud.com/Obsidian/shipy/灵感笔记/摘抄/演出是行动.md' (267)
- 错误: Cannot get file info after Sync: SSL Library already initialized
2024-02-10 17:17:02: Cannot get file info after Sync: SSL Library already initialized
2024-02-10 17:17:02: 新建复制 '/Users/IntoSoranohate/个人仓库/SHIP/灵感笔记/摘抄/热门概念的代表作品.md' -> 'icloud://www.icloud.com/Obsidian/shipy/灵感笔记/摘抄/热门概念的代表作品.md' (124)
- 错误: Cannot get file info after Sync: SSL Library already initialized
2024-02-10 17:18:03: Cannot get file info after Sync: SSL Library already initialized
2024-02-10 17:18:03: 新建复制 '/Users/IntoSoranohate/个人仓库/SHIP/灵感笔记/摘抄/真诚就是“不欺”，能够“全身心投入行动”“不遗余力”……这意味着，既不浪费一丝力量，也不保留一丝力量，真实不虚。一个人能这样生活，他….md' -> 'icloud://www.icloud.com/Obsidian/shipy/灵感笔记/摘抄/真诚就是“不欺”，能够“全身心投入行动”“不遗余力”……这意味着，既不浪费一丝力量，也不保留一丝力量，真实不虚。一个人能这样生活，他….md' (297)
- 错误: Cannot get file info after Sync: SSL Library already initialized
2024-02-10 17:18:07: Cannot get file info after Sync: SSL Library already initialized
2024-02-10 17:18:07: 新建复制 '/Users/IntoSoranohate/个人仓库/SHIP/灵感笔记/摘抄/美少女特工队.md' -> 'icloud://www.icloud.com/Obsidian/shipy/灵感笔记/摘抄/美少女特工队.md' (20)
- 错误: Cannot get file info after Sync: SSL Library already initialized
2024-02-10 17:18:13: Cannot get file info after Sync: SSL Library already initialized
2024-02-10 17:18:13: 新建复制 '/Users/IntoSoranohate/个人仓库/SHIP/🏡 StartPage.md' -> 'icloud://www.icloud.com/Obsidian/shipy/🏡 StartPage.md' (19,019)
- 错误: Cannot get file info after Sync: SSL Library already initialized
2024-02-10 17:18:13: 保持文件状态 /Users/IntoSoranohate/个人仓库/SHIP/_gsdata_/_file_state_v4._gs
2024-02-10 17:18:16: 保持文件状态 icloud://www.icloud.com/Obsidian/shipy/_gsdata_/_file_state_v4._gs
2024-02-10 17:18:23: == 同步完成. 历时: 00:17:47, 速度: 45.03 KB/s, 完成: 25, 错误: 179
