2024-02-21 19:53:58: -- 分析开始 Periodic Timer
2024-02-21 19:53:58: 左侧: 正在读取文件状态 /Users/IntoSoranohate/个人仓库/SHIP/_gsdata_/_file_state_v4._gs
2024-02-21 19:53:58: 右侧: 正在读取文件状态 /Users/IntoSoranohate/Library/CloudStorage/OneDrive-个人/Shipy/_gsdata_/_file_state_v4._gs
2024-02-21 19:53:58: 变更：3， 冲突：0， 复制时间：0， 复制状态：0， 错误： 0, All: 708
2024-02-21 19:53:58: Left to Right: Copy File: 3 
2024-02-21 19:53:58: == 同步开始由 Periodic Timer
2024-02-21 19:53:58: ConnectCloned connected to file:///Users/IntoSoranohate/个人仓库/SHIP
2024-02-21 19:53:58: ConnectCloned connected to file:///Users/IntoSoranohate/个人仓库/SHIP
2024-02-21 19:53:58: ConnectCloned connected to file:///Users/IntoSoranohate/Library/CloudStorage/OneDrive-个人/Shipy
2024-02-21 19:53:58: ConnectCloned connected to file:///Users/IntoSoranohate/个人仓库/SHIP
2024-02-21 19:53:58: ConnectCloned connected to file:///Users/IntoSoranohate/Library/CloudStorage/OneDrive-个人/Shipy
2024-02-21 19:53:58: ConnectCloned connected to file:///Users/IntoSoranohate/Library/CloudStorage/OneDrive-个人/Shipy
2024-02-21 19:53:58: 覆盖复制 '/Users/IntoSoranohate/个人仓库/SHIP/.obsidian/bookmarks.json' -> '/Users/IntoSoranohate/Library/CloudStorage/OneDrive-个人/Shipy/.obsidian/bookmarks.json' (3,411)
2024-02-21 19:53:58: 覆盖复制 '/Users/IntoSoranohate/个人仓库/SHIP/daily/2024-02-21_周三.md' -> '/Users/IntoSoranohate/Library/CloudStorage/OneDrive-个人/Shipy/daily/2024-02-21_周三.md' (1,376)
2024-02-21 19:53:58: Close Modified Folder (mod-time, acl): /daily
2024-02-21 19:53:58: 覆盖复制 '/Users/IntoSoranohate/个人仓库/SHIP/.obsidian/workspace.json' -> '/Users/IntoSoranohate/Library/CloudStorage/OneDrive-个人/Shipy/.obsidian/workspace.json' (8,833)
2024-02-21 19:53:58: Close Modified Folder (mod-time, acl): /.obsidian
2024-02-21 19:53:58: 保持文件状态 /Users/IntoSoranohate/个人仓库/SHIP/_gsdata_/_file_state_v4._gs
2024-02-21 19:53:58: 保持文件状态 /Users/IntoSoranohate/Library/CloudStorage/OneDrive-个人/Shipy/_gsdata_/_file_state_v4._gs
2024-02-21 19:53:59: == 同步完成. 历时: 00:00:01, 速度: 0.00/s, 完成: 3, 错误: 0
