2024-02-21 13:00:54: -- 分析开始 Periodic Timer
2024-02-21 13:00:54: 左侧: 正在读取文件状态 /Users/IntoSoranohate/个人仓库/SHIP/_gsdata_/_file_state_v4._gs
2024-02-21 13:00:54: 右侧: 正在读取文件状态 /Users/IntoSoranohate/个人仓库/backup/_gsdata_/_file_state_v4._gs
2024-02-21 13:00:54: 变更：17， 冲突：0， 复制时间：0， 复制状态：0， 错误： 0, All: 672
2024-02-21 13:00:54: Left to Right: Copy File: 17 
2024-02-21 13:00:54: == 同步开始由 Periodic Timer
2024-02-21 13:00:54: ConnectCloned connected to file:///Users/IntoSoranohate/个人仓库/SHIP
2024-02-21 13:00:54: ConnectCloned connected to file:///Users/IntoSoranohate/个人仓库/SHIP
2024-02-21 13:00:54: ConnectCloned connected to file:///Users/IntoSoranohate/个人仓库/SHIP
2024-02-21 13:00:54: ConnectCloned connected to file:///Users/IntoSoranohate/个人仓库/backup
2024-02-21 13:00:54: ConnectCloned connected to file:///Users/IntoSoranohate/个人仓库/backup
2024-02-21 13:00:54: ConnectCloned connected to file:///Users/IntoSoranohate/个人仓库/backup
2024-02-21 13:00:54: 覆盖复制 '/Users/IntoSoranohate/个人仓库/SHIP/.obsidian/bookmarks.json' -> '/Users/IntoSoranohate/个人仓库/backup/.obsidian/bookmarks.json' (3,412)
2024-02-21 13:00:54: 覆盖复制 '/Users/IntoSoranohate/个人仓库/SHIP/日记/2024-02-21_周三.md' -> '/Users/IntoSoranohate/个人仓库/backup/日记/2024-02-21_周三.md' (1,136)
2024-02-21 13:00:54: 覆盖复制 '/Users/IntoSoranohate/个人仓库/SHIP/.obsidian/community-plugins.json' -> '/Users/IntoSoranohate/个人仓库/backup/.obsidian/community-plugins.json' (588)
2024-02-21 13:00:54: 覆盖复制 '/Users/IntoSoranohate/个人仓库/SHIP/.obsidian/core-plugins-migration.json' -> '/Users/IntoSoranohate/个人仓库/backup/.obsidian/core-plugins-migration.json' (637)
2024-02-21 13:00:54: 覆盖复制 '/Users/IntoSoranohate/个人仓库/SHIP/.obsidian/core-plugins.json' -> '/Users/IntoSoranohate/个人仓库/backup/.obsidian/core-plugins.json' (295)
2024-02-21 13:00:54: 覆盖复制 '/Users/IntoSoranohate/个人仓库/SHIP/.obsidian/graph.json' -> '/Users/IntoSoranohate/个人仓库/backup/.obsidian/graph.json' (511)
2024-02-21 13:00:54: 覆盖复制 '/Users/IntoSoranohate/个人仓库/SHIP/.obsidian/workspace.json' -> '/Users/IntoSoranohate/个人仓库/backup/.obsidian/workspace.json' (8,244)
2024-02-21 13:00:54: 创建文件夹 /Users/IntoSoranohate/个人仓库/backup/.obsidian/plugins/obsidian-hover-editor
2024-02-21 13:00:54: 覆盖复制 '/Users/IntoSoranohate/个人仓库/SHIP/.obsidian/plugins/obsidian-hider/data.json' -> '/Users/IntoSoranohate/个人仓库/backup/.obsidian/plugins/obsidian-hider/data.json' (321)
2024-02-21 13:00:54: 新建复制 '/Users/IntoSoranohate/个人仓库/SHIP/.obsidian/plugins/obsidian-hover-editor/data.json' -> '/Users/IntoSoranohate/个人仓库/backup/.obsidian/plugins/obsidian-hover-editor/data.json' (284)
2024-02-21 13:00:54: 新建复制 '/Users/IntoSoranohate/个人仓库/SHIP/.obsidian/plugins/obsidian-hover-editor/main.js' -> '/Users/IntoSoranohate/个人仓库/backup/.obsidian/plugins/obsidian-hover-editor/main.js' (179,464)
2024-02-21 13:00:54: 新建复制 '/Users/IntoSoranohate/个人仓库/SHIP/.obsidian/plugins/obsidian-hover-editor/manifest.json' -> '/Users/IntoSoranohate/个人仓库/backup/.obsidian/plugins/obsidian-hover-editor/manifest.json' (319)
2024-02-21 13:00:54: 新建复制 '/Users/IntoSoranohate/个人仓库/SHIP/.obsidian/plugins/obsidian-hover-editor/styles.css' -> '/Users/IntoSoranohate/个人仓库/backup/.obsidian/plugins/obsidian-hover-editor/styles.css' (15,381)
2024-02-21 13:00:54: 覆盖复制 '/Users/IntoSoranohate/个人仓库/SHIP/.obsidian/plugins/obsidian-linter/data.json' -> '/Users/IntoSoranohate/个人仓库/backup/.obsidian/plugins/obsidian-linter/data.json' (10,281)
2024-02-21 13:00:54: 覆盖复制 '/Users/IntoSoranohate/个人仓库/SHIP/.obsidian/plugins/quickadd/data.json' -> '/Users/IntoSoranohate/个人仓库/backup/.obsidian/plugins/quickadd/data.json' (3,774)
2024-02-21 13:00:54: 覆盖复制 '/Users/IntoSoranohate/个人仓库/SHIP/.obsidian/workspaces.json' -> '/Users/IntoSoranohate/个人仓库/backup/.obsidian/workspaces.json' (6,826)
2024-02-21 13:00:54: Close Modified Folder (mod-time, acl): /日记
2024-02-21 13:00:54: Close Modified Folder (mod-time, acl): /.obsidian/plugins/obsidian-hider
2024-02-21 13:00:54: Close Modified Folder (mod-time, acl): /.obsidian/plugins/obsidian-hover-editor
2024-02-21 13:00:54: Close Modified Folder (mod-time, acl): /.obsidian/plugins/obsidian-linter
2024-02-21 13:00:54: Close Modified Folder (mod-time, acl): /.obsidian/plugins/quickadd
2024-02-21 13:00:54: 覆盖复制 '/Users/IntoSoranohate/个人仓库/SHIP/.obsidian/plugins/recent-files-obsidian/data.json' -> '/Users/IntoSoranohate/个人仓库/backup/.obsidian/plugins/recent-files-obsidian/data.json' (5,704)
2024-02-21 13:00:54: Close Modified Folder (mod-time, acl): /.obsidian/plugins/recent-files-obsidian
2024-02-21 13:00:54: Close Modified Folder (mod-time, acl): /.obsidian/plugins
2024-02-21 13:00:54: Close Modified Folder (mod-time, acl): /.obsidian
2024-02-21 13:00:54: 保持文件状态 /Users/IntoSoranohate/个人仓库/SHIP/_gsdata_/_file_state_v4._gs
2024-02-21 13:00:54: 保持文件状态 /Users/IntoSoranohate/个人仓库/backup/_gsdata_/_file_state_v4._gs
2024-02-21 13:00:54: == 同步完成. 历时: 00:00:00, 速度: 0.00/s, 完成: 17, 错误: 0
