2024-02-21 16:24:23: -- 分析开始 Periodic Timer
2024-02-21 16:24:23: 左侧: 正在读取文件状态 /Users/IntoSoranohate/个人仓库/SHIP/_gsdata_/_file_state_v4._gs
2024-02-21 16:24:23: 右侧: 正在读取文件状态 /Users/IntoSoranohate/个人仓库/backup/_gsdata_/_file_state_v4._gs
2024-02-21 16:24:23: 变更：10， 冲突：0， 复制时间：0， 复制状态：0， 错误： 0, All: 703
2024-02-21 16:24:23: Left to Right: Copy File: 10 
2024-02-21 16:24:23: == 同步开始由 Periodic Timer
2024-02-21 16:24:23: ConnectCloned connected to file:///Users/IntoSoranohate/个人仓库/SHIP
2024-02-21 16:24:23: ConnectCloned connected to file:///Users/IntoSoranohate/个人仓库/SHIP
2024-02-21 16:24:23: ConnectCloned connected to file:///Users/IntoSoranohate/个人仓库/backup
2024-02-21 16:24:23: ConnectCloned connected to file:///Users/IntoSoranohate/个人仓库/SHIP
2024-02-21 16:24:23: ConnectCloned connected to file:///Users/IntoSoranohate/个人仓库/backup
2024-02-21 16:24:23: ConnectCloned connected to file:///Users/IntoSoranohate/个人仓库/backup
2024-02-21 16:24:23: 覆盖复制 '/Users/IntoSoranohate/个人仓库/SHIP/.obsidian/.diary-stats' -> '/Users/IntoSoranohate/个人仓库/backup/.obsidian/.diary-stats' (472,778)
2024-02-21 16:24:23: 覆盖复制 '/Users/IntoSoranohate/个人仓库/SHIP/.obsidian/app.json' -> '/Users/IntoSoranohate/个人仓库/backup/.obsidian/app.json' (206)
2024-02-21 16:24:23: 覆盖复制 '/Users/IntoSoranohate/个人仓库/SHIP/.obsidian/appearance.json' -> '/Users/IntoSoranohate/个人仓库/backup/.obsidian/appearance.json' (739)
2024-02-21 16:24:23: /Users/IntoSoranohate/个人仓库/SHIP/.obsidian/bookmarks.json: Source file has changed between Analyze and Sync from '[file] size=3,411 accu-time=2024-02-21 16:10:47 attr=Hidden644 cktype=0' to 'size=3,411 time=2024-02-21 16:24:23', noted in source file state
2024-02-21 16:24:23: 覆盖复制 '/Users/IntoSoranohate/个人仓库/SHIP/.obsidian/bookmarks.json' -> '/Users/IntoSoranohate/个人仓库/backup/.obsidian/bookmarks.json' (3,411)
2024-02-21 16:24:23: 覆盖复制 '/Users/IntoSoranohate/个人仓库/SHIP/.obsidian/graph.json' -> '/Users/IntoSoranohate/个人仓库/backup/.obsidian/graph.json' (511)
2024-02-21 16:24:23: 覆盖复制 '/Users/IntoSoranohate/个人仓库/SHIP/.obsidian/workspace.json' -> '/Users/IntoSoranohate/个人仓库/backup/.obsidian/workspace.json' (7,950)
2024-02-21 16:24:23: 覆盖复制 '/Users/IntoSoranohate/个人仓库/SHIP/.obsidian/plugins/obsidian-admonition/data.json' -> '/Users/IntoSoranohate/个人仓库/backup/.obsidian/plugins/obsidian-admonition/data.json' (1,705)
2024-02-21 16:24:23: 覆盖复制 '/Users/IntoSoranohate/个人仓库/SHIP/.obsidian/plugins/obsidian-style-settings/data.json' -> '/Users/IntoSoranohate/个人仓库/backup/.obsidian/plugins/obsidian-style-settings/data.json' (1,537)
2024-02-21 16:24:23: 覆盖复制 '/Users/IntoSoranohate/个人仓库/SHIP/.obsidian/workspaces.json' -> '/Users/IntoSoranohate/个人仓库/backup/.obsidian/workspaces.json' (6,642)
2024-02-21 16:24:23: Close Modified Folder (mod-time, acl): /.obsidian/plugins/obsidian-admonition
2024-02-21 16:24:23: Close Modified Folder (mod-time, acl): /.obsidian/plugins/obsidian-style-settings
2024-02-21 16:24:23: 覆盖复制 '/Users/IntoSoranohate/个人仓库/SHIP/.obsidian/plugins/recent-files-obsidian/data.json' -> '/Users/IntoSoranohate/个人仓库/backup/.obsidian/plugins/recent-files-obsidian/data.json' (5,734)
2024-02-21 16:24:23: Close Modified Folder (mod-time, acl): /.obsidian/plugins/recent-files-obsidian
2024-02-21 16:24:23: Close Modified Folder (mod-time, acl): /.obsidian
2024-02-21 16:24:23: 保持文件状态 /Users/IntoSoranohate/个人仓库/SHIP/_gsdata_/_file_state_v4._gs
2024-02-21 16:24:23: 保持文件状态 /Users/IntoSoranohate/个人仓库/backup/_gsdata_/_file_state_v4._gs
2024-02-21 16:24:23: == 同步完成. 历时: 00:00:00, 速度: 0.00/s, 完成: 10, 错误: 0
