2024-02-21 19:39:04: -- 分析开始 Periodic Timer
2024-02-21 19:39:04: 左侧: 正在读取文件状态 /Users/IntoSoranohate/个人仓库/SHIP/_gsdata_/_file_state_v4._gs
2024-02-21 19:39:04: 右侧: 正在读取文件状态 /Users/IntoSoranohate/个人仓库/backup/_gsdata_/_file_state_v4._gs
2024-02-21 19:39:04: 变更：3， 冲突：0， 复制时间：0， 复制状态：0， 错误： 0, All: 708
2024-02-21 19:39:04: Left to Right: Copy File: 3 
2024-02-21 19:39:04: == 同步开始由 Periodic Timer
2024-02-21 19:39:04: ConnectCloned connected to file:///Users/IntoSoranohate/个人仓库/SHIP
2024-02-21 19:39:04: ConnectCloned connected to file:///Users/IntoSoranohate/个人仓库/SHIP
2024-02-21 19:39:04: ConnectCloned connected to file:///Users/IntoSoranohate/个人仓库/backup
2024-02-21 19:39:04: ConnectCloned connected to file:///Users/IntoSoranohate/个人仓库/SHIP
2024-02-21 19:39:04: ConnectCloned connected to file:///Users/IntoSoranohate/个人仓库/backup
2024-02-21 19:39:04: ConnectCloned connected to file:///Users/IntoSoranohate/个人仓库/backup
2024-02-21 19:39:04: 覆盖复制 '/Users/IntoSoranohate/个人仓库/SHIP/.obsidian/bookmarks.json' -> '/Users/IntoSoranohate/个人仓库/backup/.obsidian/bookmarks.json' (3,411)
2024-02-21 19:39:04: 覆盖复制 '/Users/IntoSoranohate/个人仓库/SHIP/daily/2024-02-21_周三.md' -> '/Users/IntoSoranohate/个人仓库/backup/daily/2024-02-21_周三.md' (1,376)
2024-02-21 19:39:04: Close Modified Folder (mod-time, acl): /daily
2024-02-21 19:39:04: 覆盖复制 '/Users/IntoSoranohate/个人仓库/SHIP/.obsidian/workspace.json' -> '/Users/IntoSoranohate/个人仓库/backup/.obsidian/workspace.json' (8,846)
2024-02-21 19:39:04: Close Modified Folder (mod-time, acl): /.obsidian
2024-02-21 19:39:04: 保持文件状态 /Users/IntoSoranohate/个人仓库/SHIP/_gsdata_/_file_state_v4._gs
2024-02-21 19:39:05: 保持文件状态 /Users/IntoSoranohate/个人仓库/backup/_gsdata_/_file_state_v4._gs
2024-02-21 19:39:05: == 同步完成. 历时: 00:00:01, 速度: 0.00/s, 完成: 3, 错误: 0
