2024-02-13 22:04:50: -- 分析开始 Periodic Timer
2024-02-13 22:04:50: 左侧: 正在读取文件状态 /Users/IntoSoranohate/个人仓库/SHIP/_gsdata_/_file_state_v4._gs
2024-02-13 22:04:54: 右侧: 正在读取文件状态 gdrive://www.googleapis.com/shipy/_gsdata_/_file_state_v4._gs
2024-02-13 22:04:57: 变更：4， 冲突：0， 复制时间：0， 复制状态：0， 错误： 0, All: 610
2024-02-13 22:04:57: Left to Right: Copy File: 4 
2024-02-13 22:04:57: == 同步开始由 Periodic Timer
2024-02-13 22:04:57: ConnectCloned connected to file:///Users/IntoSoranohate/个人仓库/SHIP
2024-02-13 22:04:57: ConnectCloned connected to file:///Users/IntoSoranohate/个人仓库/SHIP
2024-02-13 22:04:57: ConnectCloned connected to file:///Users/IntoSoranohate/个人仓库/SHIP
2024-02-13 22:04:57: GsConnectAndSetRoot1 connected to gdrive://www.googleapis.com/shipy
2024-02-13 22:04:58: GsConnectAndSetRoot1 connected to gdrive://www.googleapis.com/shipy
2024-02-13 22:04:58: GsConnectAndSetRoot1 connected to gdrive://www.googleapis.com/shipy
2024-02-13 22:05:05: /Users/IntoSoranohate/个人仓库/SHIP/.obsidian/bookmarks.json: Source file has changed between Analyze and Sync from '[file] size=3,412 accu-time=2024-02-13 22:04:39 attr=Hidden644 cktype=0' to 'size=3,412 time=2024-02-13 22:04:51', noted in source file state
2024-02-13 22:05:05: 覆盖复制 '/Users/IntoSoranohate/个人仓库/SHIP/.obsidian/bookmarks.json' -> 'gdrive://www.googleapis.com/shipy/.obsidian/bookmarks.json' (3,412)
2024-02-13 22:05:06: 覆盖复制 '/Users/IntoSoranohate/个人仓库/SHIP/日记/2024-02-12_周一.md' -> 'gdrive://www.googleapis.com/shipy/日记/2024-02-12_周一.md' (1,334)
2024-02-13 22:05:08: /Users/IntoSoranohate/个人仓库/SHIP/.obsidian/workspace.json: Source file has changed between Analyze and Sync from '[file] size=8,279 accu-time=2024-02-13 22:04:39 attr=Hidden644 cktype=0' to 'size=8,279 time=2024-02-13 22:04:51', noted in source file state
2024-02-13 22:05:08: 覆盖复制 '/Users/IntoSoranohate/个人仓库/SHIP/.obsidian/workspace.json' -> 'gdrive://www.googleapis.com/shipy/.obsidian/workspace.json' (8,279)
2024-02-13 22:05:11: 覆盖复制 '/Users/IntoSoranohate/个人仓库/SHIP/.obsidian/plugins/recent-files-obsidian/data.json' -> 'gdrive://www.googleapis.com/shipy/.obsidian/plugins/recent-files-obsidian/data.json' (7,008)
2024-02-13 22:05:11: 保持文件状态 /Users/IntoSoranohate/个人仓库/SHIP/_gsdata_/_file_state_v4._gs
2024-02-13 22:05:13: 保持文件状态 gdrive://www.googleapis.com/shipy/_gsdata_/_file_state_v4._gs
2024-02-13 22:05:15: == 同步完成. 历时: 00:00:36, 速度: 711.00/s, 完成: 4, 错误: 0
