2024-02-18 12:08:31: -- 分析开始 Periodic Timer
2024-02-18 12:08:31: 左侧: 正在读取文件状态 /Users/IntoSoranohate/个人仓库/SHIP/_gsdata_/_file_state_v4._gs
2024-02-18 12:08:31: 右侧: 正在读取文件状态 /Users/IntoSoranohate/个人仓库/backup/_gsdata_/_file_state_v4._gs
2024-02-18 12:08:31: 变更：6， 冲突：0， 复制时间：0， 复制状态：0， 错误： 0, All: 625
2024-02-18 12:08:31: Left to Right: Copy File: 6 
2024-02-18 12:08:31: == 同步开始由 Periodic Timer
2024-02-18 12:08:31: ConnectCloned connected to file:///Users/IntoSoranohate/个人仓库/SHIP
2024-02-18 12:08:31: ConnectCloned connected to file:///Users/IntoSoranohate/个人仓库/SHIP
2024-02-18 12:08:31: ConnectCloned connected to file:///Users/IntoSoranohate/个人仓库/SHIP
2024-02-18 12:08:31: ConnectCloned connected to file:///Users/IntoSoranohate/个人仓库/backup
2024-02-18 12:08:31: ConnectCloned connected to file:///Users/IntoSoranohate/个人仓库/backup
2024-02-18 12:08:31: ConnectCloned connected to file:///Users/IntoSoranohate/个人仓库/backup
2024-02-18 12:08:31: /Users/IntoSoranohate/个人仓库/SHIP/.obsidian/bookmarks.json: Source file has changed between Analyze and Sync from '[file] size=3,412 accu-time=2024-02-18 12:03:41 attr=Hidden644 cktype=0' to 'size=3,412 time=2024-02-18 12:08:31', noted in source file state
2024-02-18 12:08:31: 覆盖复制 '/Users/IntoSoranohate/个人仓库/SHIP/.obsidian/bookmarks.json' -> '/Users/IntoSoranohate/个人仓库/backup/.obsidian/bookmarks.json' (3,412)
2024-02-18 12:08:31: 覆盖复制 '/Users/IntoSoranohate/个人仓库/SHIP/.obsidian/community-plugins.json' -> '/Users/IntoSoranohate/个人仓库/backup/.obsidian/community-plugins.json' (593)
2024-02-18 12:08:31: 覆盖复制 '/Users/IntoSoranohate/个人仓库/SHIP/.obsidian/graph.json' -> '/Users/IntoSoranohate/个人仓库/backup/.obsidian/graph.json' (511)
2024-02-18 12:08:31: 覆盖复制 '/Users/IntoSoranohate/个人仓库/SHIP/.obsidian/workspace.json' -> '/Users/IntoSoranohate/个人仓库/backup/.obsidian/workspace.json' (8,030)
2024-02-18 12:08:31: 覆盖复制 '/Users/IntoSoranohate/个人仓库/SHIP/.obsidian/workspaces.json' -> '/Users/IntoSoranohate/个人仓库/backup/.obsidian/workspaces.json' (7,043)
2024-02-18 12:08:31: 覆盖复制 '/Users/IntoSoranohate/个人仓库/SHIP/.obsidian/plugins/recent-files-obsidian/data.json' -> '/Users/IntoSoranohate/个人仓库/backup/.obsidian/plugins/recent-files-obsidian/data.json' (6,398)
2024-02-18 12:08:31: Close Modified Folder (mod-time, acl): /.obsidian/plugins/recent-files-obsidian
2024-02-18 12:08:31: Close Modified Folder (mod-time, acl): /.obsidian
2024-02-18 12:08:31: 保持文件状态 /Users/IntoSoranohate/个人仓库/SHIP/_gsdata_/_file_state_v4._gs
2024-02-18 12:08:31: 保持文件状态 /Users/IntoSoranohate/个人仓库/backup/_gsdata_/_file_state_v4._gs
2024-02-18 12:08:31: == 同步完成. 历时: 00:00:00, 速度: 0.00/s, 完成: 6, 错误: 0
