2024-02-20 10:53:39: -- 分析开始 Periodic Timer
2024-02-20 10:53:39: 左侧: 正在读取文件状态 /Users/IntoSoranohate/个人仓库/SHIP/_gsdata_/_file_state_v4._gs
2024-02-20 10:53:39: 右侧: 正在读取文件状态 /Users/IntoSoranohate/个人仓库/backup/_gsdata_/_file_state_v4._gs
2024-02-20 10:53:39: 变更：4， 冲突：0， 复制时间：0， 复制状态：0， 错误： 0, All: 632
2024-02-20 10:53:39: Left to Right: Copy File: 4 
2024-02-20 10:53:39: == 同步开始由 Periodic Timer
2024-02-20 10:53:39: ConnectCloned connected to file:///Users/IntoSoranohate/个人仓库/SHIP
2024-02-20 10:53:39: ConnectCloned connected to file:///Users/IntoSoranohate/个人仓库/SHIP
2024-02-20 10:53:39: ConnectCloned connected to file:///Users/IntoSoranohate/个人仓库/SHIP
2024-02-20 10:53:39: ConnectCloned connected to file:///Users/IntoSoranohate/个人仓库/backup
2024-02-20 10:53:39: ConnectCloned connected to file:///Users/IntoSoranohate/个人仓库/backup
2024-02-20 10:53:39: ConnectCloned connected to file:///Users/IntoSoranohate/个人仓库/backup
2024-02-20 10:53:39: /Users/IntoSoranohate/个人仓库/SHIP/.obsidian/bookmarks.json: Source file has changed between Analyze and Sync from '[file] size=3,412 accu-time=2024-02-20 10:38:37 attr=Hidden644 cktype=0' to 'size=3,412 time=2024-02-20 10:53:39', noted in source file state
2024-02-20 10:53:39: 覆盖复制 '/Users/IntoSoranohate/个人仓库/SHIP/.obsidian/bookmarks.json' -> '/Users/IntoSoranohate/个人仓库/backup/.obsidian/bookmarks.json' (3,412)
2024-02-20 10:53:39: 覆盖复制 '/Users/IntoSoranohate/个人仓库/SHIP/永久笔记/ART/ART.canvas' -> '/Users/IntoSoranohate/个人仓库/backup/永久笔记/ART/ART.canvas' (5,613)
2024-02-20 10:53:39: 覆盖复制 '/Users/IntoSoranohate/个人仓库/SHIP/.obsidian/workspace.json' -> '/Users/IntoSoranohate/个人仓库/backup/.obsidian/workspace.json' (8,587)
2024-02-20 10:53:39: Close Modified Folder (mod-time, acl): /永久笔记/ART
2024-02-20 10:53:39: 覆盖复制 '/Users/IntoSoranohate/个人仓库/SHIP/.obsidian/plugins/recent-files-obsidian/data.json' -> '/Users/IntoSoranohate/个人仓库/backup/.obsidian/plugins/recent-files-obsidian/data.json' (5,165)
2024-02-20 10:53:39: Close Modified Folder (mod-time, acl): /.obsidian/plugins/recent-files-obsidian
2024-02-20 10:53:39: Close Modified Folder (mod-time, acl): /.obsidian
2024-02-20 10:53:39: 保持文件状态 /Users/IntoSoranohate/个人仓库/SHIP/_gsdata_/_file_state_v4._gs
2024-02-20 10:53:39: 保持文件状态 /Users/IntoSoranohate/个人仓库/backup/_gsdata_/_file_state_v4._gs
2024-02-20 10:53:40: == 同步完成. 历时: 00:00:01, 速度: 0.00/s, 完成: 4, 错误: 0
