2024-02-11 02:49:43: -- 分析开始 Periodic Timer
2024-02-11 02:49:43: 左侧: 正在读取文件状态 /Users/IntoSoranohate/个人仓库/SHIP/_gsdata_/_file_state_v4._gs
2024-02-11 02:49:43: 右侧: 正在读取文件状态 /Users/IntoSoranohate/个人仓库/backup/_gsdata_/_file_state_v4._gs
2024-02-11 02:49:43: 变更：17， 冲突：0， 复制时间：0， 复制状态：0， 错误： 0, All: 464
2024-02-11 02:49:43: Left to Right: Copy File: 12 Delete File: 5 
2024-02-11 02:49:43: == 同步开始由 Periodic Timer
2024-02-11 02:49:43: ConnectCloned connected to file:///Users/IntoSoranohate/个人仓库/SHIP
2024-02-11 02:49:43: ConnectCloned connected to file:///Users/IntoSoranohate/个人仓库/SHIP
2024-02-11 02:49:43: ConnectCloned connected to file:///Users/IntoSoranohate/个人仓库/SHIP
2024-02-11 02:49:43: ConnectCloned connected to file:///Users/IntoSoranohate/个人仓库/backup
2024-02-11 02:49:43: ConnectCloned connected to file:///Users/IntoSoranohate/个人仓库/backup
2024-02-11 02:49:43: ConnectCloned connected to file:///Users/IntoSoranohate/个人仓库/backup
2024-02-11 02:49:43: 覆盖复制 '/Users/IntoSoranohate/个人仓库/SHIP/.obsidian/app.json' -> '/Users/IntoSoranohate/个人仓库/backup/.obsidian/app.json' (206)
2024-02-11 02:49:43: 覆盖复制 '/Users/IntoSoranohate/个人仓库/SHIP/.obsidian/appearance.json' -> '/Users/IntoSoranohate/个人仓库/backup/.obsidian/appearance.json' (654)
2024-02-11 02:49:43: 覆盖复制 '/Users/IntoSoranohate/个人仓库/SHIP/.obsidian/community-plugins.json' -> '/Users/IntoSoranohate/个人仓库/backup/.obsidian/community-plugins.json' (492)
2024-02-11 02:49:43: 删除文件 /Users/IntoSoranohate/个人仓库/backup/.obsidian/plugins/emoji-shortcodes/data.json
2024-02-11 02:49:43: 新建复制 '/Users/IntoSoranohate/个人仓库/SHIP/.obsidian/snippets/【特效】fireworks.css' -> '/Users/IntoSoranohate/个人仓库/backup/.obsidian/snippets/【特效】fireworks.css' (1,552)
2024-02-11 02:49:43: 新建复制 '/Users/IntoSoranohate/个人仓库/SHIP/.obsidian/snippets/【自定义】表格样式TableStyles.css' -> '/Users/IntoSoranohate/个人仓库/backup/.obsidian/snippets/【自定义】表格样式TableStyles.css' (8,707)
2024-02-11 02:49:43: 删除文件 /Users/IntoSoranohate/个人仓库/backup/.obsidian/plugins/emoji-shortcodes/main.js
2024-02-11 02:49:43: 删除文件 /Users/IntoSoranohate/个人仓库/backup/.obsidian/plugins/emoji-shortcodes/manifest.json
2024-02-11 02:49:43: 删除文件 /Users/IntoSoranohate/个人仓库/backup/.obsidian/plugins/emoji-shortcodes/styles.css
2024-02-11 02:49:43: 创建文件夹 /Users/IntoSoranohate/个人仓库/backup/.obsidian/plugins/obsidian-emoji-toolbar
2024-02-11 02:49:43: 新建复制 '/Users/IntoSoranohate/个人仓库/SHIP/.obsidian/plugins/obsidian-emoji-toolbar/data.json' -> '/Users/IntoSoranohate/个人仓库/backup/.obsidian/plugins/obsidian-emoji-toolbar/data.json' (32)
2024-02-11 02:49:43: 覆盖复制 '/Users/IntoSoranohate/个人仓库/SHIP/.obsidian/plugins/obsidian-minimal-settings/data.json' -> '/Users/IntoSoranohate/个人仓库/backup/.obsidian/plugins/obsidian-minimal-settings/data.json' (934)
2024-02-11 02:49:43: > 新建复制 '/Users/IntoSoranohate/个人仓库/SHIP/.obsidian/plugins/obsidian-emoji-toolbar/main.js' -> '/Users/IntoSoranohate/个人仓库/backup/.obsidian/plugins/obsidian-emoji-toolbar/main.js' (2,520,918)
2024-02-11 02:49:43: < 新建复制 '/Users/IntoSoranohate/个人仓库/SHIP/.obsidian/plugins/obsidian-emoji-toolbar/main.js' -> '/Users/IntoSoranohate/个人仓库/backup/.obsidian/plugins/obsidian-emoji-toolbar/main.js' (2,520,918)
2024-02-11 02:49:43: 新建复制 '/Users/IntoSoranohate/个人仓库/SHIP/.obsidian/plugins/obsidian-emoji-toolbar/manifest.json' -> '/Users/IntoSoranohate/个人仓库/backup/.obsidian/plugins/obsidian-emoji-toolbar/manifest.json' (279)
2024-02-11 02:49:43: 新建复制 '/Users/IntoSoranohate/个人仓库/SHIP/.obsidian/plugins/obsidian-emoji-toolbar/styles.css' -> '/Users/IntoSoranohate/个人仓库/backup/.obsidian/plugins/obsidian-emoji-toolbar/styles.css' (10,187)
2024-02-11 02:49:43: Close Modified Folder (mod-time, acl): /.obsidian/snippets
2024-02-11 02:49:43: 覆盖复制 '/Users/IntoSoranohate/个人仓库/SHIP/.obsidian/workspace.json' -> '/Users/IntoSoranohate/个人仓库/backup/.obsidian/workspace.json' (7,446)
2024-02-11 02:49:43: Close Modified Folder (mod-time, acl): /.obsidian/plugins/obsidian-minimal-settings
2024-02-11 02:49:43: Close Modified Folder (mod-time, acl): /.obsidian/plugins/obsidian-emoji-toolbar
2024-02-11 02:49:43: 删除文件夹 /Users/IntoSoranohate/个人仓库/backup/.obsidian/plugins/emoji-shortcodes
2024-02-11 02:49:43: Close Modified Folder (mod-time, acl): /.obsidian/plugins
2024-02-11 02:49:43: Close Modified Folder (mod-time, acl): /.obsidian
2024-02-11 02:49:43: 保持文件状态 /Users/IntoSoranohate/个人仓库/SHIP/_gsdata_/_file_state_v4._gs
2024-02-11 02:49:43: 保持文件状态 /Users/IntoSoranohate/个人仓库/backup/_gsdata_/_file_state_v4._gs
2024-02-11 02:49:43: == 同步完成. 历时: 00:00:00, 速度: 0.00/s, 完成: 17, 错误: 0
