2024-02-11 14:42:54: -- 分析开始 Periodic Timer
2024-02-11 14:42:54: 左侧: 正在读取文件状态 /Users/IntoSoranohate/个人仓库/SHIP/_gsdata_/_file_state_v4._gs
2024-02-11 14:42:54: 右侧: 正在读取文件状态 /Users/IntoSoranohate/个人仓库/backup/_gsdata_/_file_state_v4._gs
2024-02-11 14:42:54: 变更：8， 冲突：0， 复制时间：0， 复制状态：0， 错误： 0, All: 584
2024-02-11 14:42:54: Left to Right: Copy File: 6 Rename/Move File/Folder: 2 
2024-02-11 14:42:54: == 同步开始由 Periodic Timer
2024-02-11 14:42:54: ConnectCloned connected to file:///Users/IntoSoranohate/个人仓库/SHIP
2024-02-11 14:42:54: ConnectCloned connected to file:///Users/IntoSoranohate/个人仓库/backup
2024-02-11 14:42:54: ConnectCloned connected to file:///Users/IntoSoranohate/个人仓库/SHIP
2024-02-11 14:42:54: ConnectCloned connected to file:///Users/IntoSoranohate/个人仓库/SHIP
2024-02-11 14:42:54: ConnectCloned connected to file:///Users/IntoSoranohate/个人仓库/backup
2024-02-11 14:42:54: ConnectCloned connected to file:///Users/IntoSoranohate/个人仓库/backup
2024-02-11 14:42:54: 移动文件 /Users/IntoSoranohate/个人仓库/backup/闪念笔记/卡片盒/CardBox.md -> /Users/IntoSoranohate/个人仓库/backup/闪念笔记/CardBox.md
2024-02-11 14:42:54: 覆盖复制 '/Users/IntoSoranohate/个人仓库/SHIP/.obsidian/bookmarks.json' -> '/Users/IntoSoranohate/个人仓库/backup/.obsidian/bookmarks.json' (3,412)
2024-02-11 14:42:54: 新建复制 '/Users/IntoSoranohate/个人仓库/SHIP/闪念笔记/卡片盒/长青笔记.md' -> '/Users/IntoSoranohate/个人仓库/backup/闪念笔记/卡片盒/长青笔记.md' (377)
2024-02-11 14:42:54: 覆盖复制 '/Users/IntoSoranohate/个人仓库/SHIP/.obsidian/plugins/custom-sort/data.json' -> '/Users/IntoSoranohate/个人仓库/backup/.obsidian/plugins/custom-sort/data.json' (330)
2024-02-11 14:42:54: 覆盖复制 '/Users/IntoSoranohate/个人仓库/SHIP/.obsidian/plugins/quickadd/data.json' -> '/Users/IntoSoranohate/个人仓库/backup/.obsidian/plugins/quickadd/data.json' (3,217)
2024-02-11 14:42:54: 覆盖复制 '/Users/IntoSoranohate/个人仓库/SHIP/.obsidian/workspace.json' -> '/Users/IntoSoranohate/个人仓库/backup/.obsidian/workspace.json' (9,124)
2024-02-11 14:42:54: Close Modified Folder (mod-time, acl): /闪念笔记/卡片盒
2024-02-11 14:42:54: Close Modified Folder (mod-time, acl): /.obsidian/plugins/custom-sort
2024-02-11 14:42:54: Close Modified Folder (mod-time, acl): /.obsidian/plugins/quickadd
2024-02-11 14:42:54: Close Modified Folder (mod-time, acl): /闪念笔记
2024-02-11 14:42:54: 覆盖复制 '/Users/IntoSoranohate/个人仓库/SHIP/.obsidian/plugins/recent-files-obsidian/data.json' -> '/Users/IntoSoranohate/个人仓库/backup/.obsidian/plugins/recent-files-obsidian/data.json' (5,162)
2024-02-11 14:42:54: Close Modified Folder (mod-time, acl): /.obsidian/plugins/recent-files-obsidian
2024-02-11 14:42:54: Close Modified Folder (mod-time, acl): /.obsidian
2024-02-11 14:42:54: 保持文件状态 /Users/IntoSoranohate/个人仓库/SHIP/_gsdata_/_file_state_v4._gs
2024-02-11 14:42:54: 保持文件状态 /Users/IntoSoranohate/个人仓库/backup/_gsdata_/_file_state_v4._gs
2024-02-11 14:42:54: == 同步完成. 历时: 00:00:00, 速度: 0.00/s, 完成: 8, 错误: 0
