2024-02-10 22:48:55: -- 分析开始 Periodic Timer
2024-02-10 22:48:55: 左侧: 正在读取文件状态 /Users/IntoSoranohate/个人仓库/SHIP/_gsdata_/_file_state_v4._gs
2024-02-10 22:48:55: 右侧: 正在读取文件状态 /Users/IntoSoranohate/个人仓库/backup/_gsdata_/_file_state_v4._gs
2024-02-10 22:48:55: 变更：13， 冲突：0， 复制时间：0， 复制状态：0， 错误： 0, All: 344
2024-02-10 22:48:55: Left to Right: Copy File: 11 Delete File: 2 
2024-02-10 22:48:55: == 同步开始由 Periodic Timer
2024-02-10 22:48:55: ConnectCloned connected to file:///Users/IntoSoranohate/个人仓库/SHIP
2024-02-10 22:48:55: ConnectCloned connected to file:///Users/IntoSoranohate/个人仓库/SHIP
2024-02-10 22:48:55: ConnectCloned connected to file:///Users/IntoSoranohate/个人仓库/SHIP
2024-02-10 22:48:55: ConnectCloned connected to file:///Users/IntoSoranohate/个人仓库/backup
2024-02-10 22:48:55: ConnectCloned connected to file:///Users/IntoSoranohate/个人仓库/backup
2024-02-10 22:48:55: ConnectCloned connected to file:///Users/IntoSoranohate/个人仓库/backup
2024-02-10 22:48:55: 覆盖复制 '/Users/IntoSoranohate/个人仓库/SHIP/.obsidian/bookmarks.json' -> '/Users/IntoSoranohate/个人仓库/backup/.obsidian/bookmarks.json' (2,725)
2024-02-10 22:48:55: 覆盖复制 '/Users/IntoSoranohate/个人仓库/SHIP/.obsidian/community-plugins.json' -> '/Users/IntoSoranohate/个人仓库/backup/.obsidian/community-plugins.json' (427)
2024-02-10 22:48:55: 覆盖复制 '/Users/IntoSoranohate/个人仓库/SHIP/Setting/模板/存档.md' -> '/Users/IntoSoranohate/个人仓库/backup/Setting/模板/存档.md' (3,585)
2024-02-10 22:48:55: 删除文件 /Users/IntoSoranohate/个人仓库/backup/Setting/模板/template模板/Daily.md
2024-02-10 22:48:55: 删除文件 /Users/IntoSoranohate/个人仓库/backup/Setting/模板/template模板/LunarYear.md
2024-02-10 22:48:55: 覆盖复制 '/Users/IntoSoranohate/个人仓库/SHIP/.obsidian/workspace.json' -> '/Users/IntoSoranohate/个人仓库/backup/.obsidian/workspace.json' (7,369)
2024-02-10 22:48:55: 创建文件夹 /Users/IntoSoranohate/个人仓库/backup/.obsidian/plugins/lunar-calendar
2024-02-10 22:48:55: 新建复制 '/Users/IntoSoranohate/个人仓库/SHIP/.obsidian/plugins/lunar-calendar/data.json' -> '/Users/IntoSoranohate/个人仓库/backup/.obsidian/plugins/lunar-calendar/data.json' (64)
2024-02-10 22:48:55: 覆盖复制 '/Users/IntoSoranohate/个人仓库/SHIP/.obsidian/plugins/recent-files-obsidian/data.json' -> '/Users/IntoSoranohate/个人仓库/backup/.obsidian/plugins/recent-files-obsidian/data.json' (5,154)
2024-02-10 22:48:55: > 新建复制 '/Users/IntoSoranohate/个人仓库/SHIP/.obsidian/plugins/lunar-calendar/main.js' -> '/Users/IntoSoranohate/个人仓库/backup/.obsidian/plugins/lunar-calendar/main.js' (2,423,989)
2024-02-10 22:48:55: < 新建复制 '/Users/IntoSoranohate/个人仓库/SHIP/.obsidian/plugins/lunar-calendar/main.js' -> '/Users/IntoSoranohate/个人仓库/backup/.obsidian/plugins/lunar-calendar/main.js' (2,423,989)
2024-02-10 22:48:55: 新建复制 '/Users/IntoSoranohate/个人仓库/SHIP/.obsidian/plugins/lunar-calendar/manifest.json' -> '/Users/IntoSoranohate/个人仓库/backup/.obsidian/plugins/lunar-calendar/manifest.json' (249)
2024-02-10 22:48:55: 覆盖复制 '/Users/IntoSoranohate/个人仓库/SHIP/未命名.md' -> '/Users/IntoSoranohate/个人仓库/backup/未命名.md' (485)
2024-02-10 22:48:55: Close Modified Folder (mod-time, acl): /Setting/模板/template模板
2024-02-10 22:48:55: Close Modified Folder (mod-time, acl): /.obsidian/plugins/recent-files-obsidian
2024-02-10 22:48:55: Close Modified Folder (mod-time, acl): /.obsidian/plugins/lunar-calendar
2024-02-10 22:48:55: Close Modified Folder (mod-time, acl): /Setting/模板
2024-02-10 22:48:55: Close Modified Folder (mod-time, acl): /.obsidian/plugins
2024-02-10 22:48:55: Close Modified Folder (mod-time, acl): /.obsidian
2024-02-10 22:48:55: 覆盖复制 '/Users/IntoSoranohate/个人仓库/SHIP/日记/2024-02-10_周六.md' -> '/Users/IntoSoranohate/个人仓库/backup/日记/2024-02-10_周六.md' (1,490)
2024-02-10 22:48:55: Close Modified Folder (mod-time, acl): /日记
2024-02-10 22:48:55: 保持文件状态 /Users/IntoSoranohate/个人仓库/SHIP/_gsdata_/_file_state_v4._gs
2024-02-10 22:48:55: 保持文件状态 /Users/IntoSoranohate/个人仓库/backup/_gsdata_/_file_state_v4._gs
2024-02-10 22:48:55: == 同步完成. 历时: 00:00:00, 速度: 0.00/s, 完成: 13, 错误: 0
