2024-02-13 22:04:38: -- 分析开始 Periodic Timer
2024-02-13 22:04:38: 左侧: 正在读取文件状态 /Users/IntoSoranohate/个人仓库/SHIP/_gsdata_/_file_state_v4._gs
2024-02-13 22:04:38: 右侧: 正在读取文件状态 /Users/IntoSoranohate/个人仓库/backup/_gsdata_/_file_state_v4._gs
2024-02-13 22:04:38: 变更：4， 冲突：0， 复制时间：0， 复制状态：0， 错误： 0, All: 610
2024-02-13 22:04:38: Left to Right: Copy File: 4 
2024-02-13 22:04:38: == 同步开始由 Periodic Timer
2024-02-13 22:04:38: ConnectCloned connected to file:///Users/IntoSoranohate/个人仓库/SHIP
2024-02-13 22:04:38: ConnectCloned connected to file:///Users/IntoSoranohate/个人仓库/SHIP
2024-02-13 22:04:38: ConnectCloned connected to file:///Users/IntoSoranohate/个人仓库/SHIP
2024-02-13 22:04:38: ConnectCloned connected to file:///Users/IntoSoranohate/个人仓库/backup
2024-02-13 22:04:38: ConnectCloned connected to file:///Users/IntoSoranohate/个人仓库/backup
2024-02-13 22:04:38: ConnectCloned connected to file:///Users/IntoSoranohate/个人仓库/backup
2024-02-13 22:04:38: 覆盖复制 '/Users/IntoSoranohate/个人仓库/SHIP/.obsidian/bookmarks.json' -> '/Users/IntoSoranohate/个人仓库/backup/.obsidian/bookmarks.json' (3,412)
2024-02-13 22:04:38: 覆盖复制 '/Users/IntoSoranohate/个人仓库/SHIP/日记/2024-02-12_周一.md' -> '/Users/IntoSoranohate/个人仓库/backup/日记/2024-02-12_周一.md' (1,334)
2024-02-13 22:04:38: 覆盖复制 '/Users/IntoSoranohate/个人仓库/SHIP/.obsidian/workspace.json' -> '/Users/IntoSoranohate/个人仓库/backup/.obsidian/workspace.json' (8,212)
2024-02-13 22:04:38: Close Modified Folder (mod-time, acl): /日记
2024-02-13 22:04:38: 覆盖复制 '/Users/IntoSoranohate/个人仓库/SHIP/.obsidian/plugins/recent-files-obsidian/data.json' -> '/Users/IntoSoranohate/个人仓库/backup/.obsidian/plugins/recent-files-obsidian/data.json' (7,008)
2024-02-13 22:04:38: Close Modified Folder (mod-time, acl): /.obsidian/plugins/recent-files-obsidian
2024-02-13 22:04:38: Close Modified Folder (mod-time, acl): /.obsidian
2024-02-13 22:04:38: 保持文件状态 /Users/IntoSoranohate/个人仓库/SHIP/_gsdata_/_file_state_v4._gs
2024-02-13 22:04:38: 保持文件状态 /Users/IntoSoranohate/个人仓库/backup/_gsdata_/_file_state_v4._gs
2024-02-13 22:04:39: == 同步完成. 历时: 00:00:01, 速度: 0.00/s, 完成: 4, 错误: 0
