2024-02-20 11:08:42: -- 分析开始 Periodic Timer
2024-02-20 11:08:42: 左侧: 正在读取文件状态 /Users/IntoSoranohate/个人仓库/SHIP/_gsdata_/_file_state_v4._gs
2024-02-20 11:08:42: 右侧: 正在读取文件状态 /Users/IntoSoranohate/个人仓库/backup/_gsdata_/_file_state_v4._gs
2024-02-20 11:08:42: 变更：6， 冲突：0， 复制时间：0， 复制状态：0， 错误： 0, All: 634
2024-02-20 11:08:42: Left to Right: Copy File: 4 Rename/Move File/Folder: 2 
2024-02-20 11:08:42: == 同步开始由 Periodic Timer
2024-02-20 11:08:42: ConnectCloned connected to file:///Users/IntoSoranohate/个人仓库/SHIP
2024-02-20 11:08:42: ConnectCloned connected to file:///Users/IntoSoranohate/个人仓库/SHIP
2024-02-20 11:08:42: ConnectCloned connected to file:///Users/IntoSoranohate/个人仓库/backup
2024-02-20 11:08:42: ConnectCloned connected to file:///Users/IntoSoranohate/个人仓库/SHIP
2024-02-20 11:08:42: ConnectCloned connected to file:///Users/IntoSoranohate/个人仓库/backup
2024-02-20 11:08:42: ConnectCloned connected to file:///Users/IntoSoranohate/个人仓库/backup
2024-02-20 11:08:42: 覆盖复制 '/Users/IntoSoranohate/个人仓库/SHIP/.obsidian/bookmarks.json' -> '/Users/IntoSoranohate/个人仓库/backup/.obsidian/bookmarks.json' (3,412)
2024-02-20 11:08:42: 创建文件夹 /Users/IntoSoranohate/个人仓库/backup/永久笔记/CANVAS
2024-02-20 11:08:42: 移动文件 /Users/IntoSoranohate/个人仓库/backup/永久笔记/ART/ART.canvas -> /Users/IntoSoranohate/个人仓库/backup/永久笔记/CANVAS/ART.canvas
2024-02-20 11:08:42: 覆盖复制 '/Users/IntoSoranohate/个人仓库/SHIP/.obsidian/workspace.json' -> '/Users/IntoSoranohate/个人仓库/backup/.obsidian/workspace.json' (8,527)
2024-02-20 11:08:42: Close Modified Folder (mod-time, acl): /永久笔记/CANVAS
2024-02-20 11:08:42: Close Modified Folder (mod-time, acl): /永久笔记
2024-02-20 11:08:42: 覆盖复制 '/Users/IntoSoranohate/个人仓库/SHIP/.obsidian/plugins/recent-files-obsidian/data.json' -> '/Users/IntoSoranohate/个人仓库/backup/.obsidian/plugins/recent-files-obsidian/data.json' (5,168)
2024-02-20 11:08:42: Close Modified Folder (mod-time, acl): /.obsidian/plugins/recent-files-obsidian
2024-02-20 11:08:42: Close Modified Folder (mod-time, acl): /.obsidian
2024-02-20 11:08:42: 保持文件状态 /Users/IntoSoranohate/个人仓库/SHIP/_gsdata_/_file_state_v4._gs
2024-02-20 11:08:42: 保持文件状态 /Users/IntoSoranohate/个人仓库/backup/_gsdata_/_file_state_v4._gs
2024-02-20 11:08:42: == 同步完成. 历时: 00:00:00, 速度: 0.00/s, 完成: 6, 错误: 0
