2024-02-11 17:43:22: -- 分析开始 Periodic Timer
2024-02-11 17:43:22: 左侧: 正在读取文件状态 /Users/IntoSoranohate/个人仓库/SHIP/_gsdata_/_file_state_v4._gs
2024-02-11 17:43:22: 右侧: 正在读取文件状态 /Users/IntoSoranohate/个人仓库/backup/_gsdata_/_file_state_v4._gs
2024-02-11 17:43:22: 变更：4， 冲突：0， 复制时间：0， 复制状态：0， 错误： 0, All: 584
2024-02-11 17:43:22: Left to Right: Copy File: 4 
2024-02-11 17:43:22: == 同步开始由 Periodic Timer
2024-02-11 17:43:22: ConnectCloned connected to file:///Users/IntoSoranohate/个人仓库/SHIP
2024-02-11 17:43:22: ConnectCloned connected to file:///Users/IntoSoranohate/个人仓库/SHIP
2024-02-11 17:43:22: ConnectCloned connected to file:///Users/IntoSoranohate/个人仓库/backup
2024-02-11 17:43:22: ConnectCloned connected to file:///Users/IntoSoranohate/个人仓库/SHIP
2024-02-11 17:43:22: ConnectCloned connected to file:///Users/IntoSoranohate/个人仓库/backup
2024-02-11 17:43:22: ConnectCloned connected to file:///Users/IntoSoranohate/个人仓库/backup
2024-02-11 17:43:22: 覆盖复制 '/Users/IntoSoranohate/个人仓库/SHIP/.obsidian/bookmarks.json' -> '/Users/IntoSoranohate/个人仓库/backup/.obsidian/bookmarks.json' (3,412)
2024-02-11 17:43:22: 覆盖复制 '/Users/IntoSoranohate/个人仓库/SHIP/闪念笔记/CardBox.md' -> '/Users/IntoSoranohate/个人仓库/backup/闪念笔记/CardBox.md' (215)
2024-02-11 17:43:22: 覆盖复制 '/Users/IntoSoranohate/个人仓库/SHIP/.obsidian/workspace.json' -> '/Users/IntoSoranohate/个人仓库/backup/.obsidian/workspace.json' (8,884)
2024-02-11 17:43:22: Close Modified Folder (mod-time, acl): /闪念笔记
2024-02-11 17:43:22: 覆盖复制 '/Users/IntoSoranohate/个人仓库/SHIP/.obsidian/plugins/recent-files-obsidian/data.json' -> '/Users/IntoSoranohate/个人仓库/backup/.obsidian/plugins/recent-files-obsidian/data.json' (5,162)
2024-02-11 17:43:22: Close Modified Folder (mod-time, acl): /.obsidian/plugins/recent-files-obsidian
2024-02-11 17:43:22: Close Modified Folder (mod-time, acl): /.obsidian
2024-02-11 17:43:22: 保持文件状态 /Users/IntoSoranohate/个人仓库/SHIP/_gsdata_/_file_state_v4._gs
2024-02-11 17:43:22: 保持文件状态 /Users/IntoSoranohate/个人仓库/backup/_gsdata_/_file_state_v4._gs
2024-02-11 17:43:22: == 同步完成. 历时: 00:00:00, 速度: 0.00/s, 完成: 4, 错误: 0
