2024-02-22 09:33:33: -- 分析开始 Periodic Timer
2024-02-22 09:33:33: 左侧: 正在读取文件状态 /Users/IntoSoranohate/个人仓库/SHIP/_gsdata_/_file_state_v4._gs
2024-02-22 09:33:33: 右侧: 正在读取文件状态 /Users/IntoSoranohate/个人仓库/backup/_gsdata_/_file_state_v4._gs
2024-02-22 09:33:33: 变更：6， 冲突：0， 复制时间：0， 复制状态：0， 错误： 0, All: 713
2024-02-22 09:33:33: Left to Right: Copy File: 6 
2024-02-22 09:33:33: == 同步开始由 Periodic Timer
2024-02-22 09:33:33: ConnectCloned connected to file:///Users/IntoSoranohate/个人仓库/SHIP
2024-02-22 09:33:33: ConnectCloned connected to file:///Users/IntoSoranohate/个人仓库/backup
2024-02-22 09:33:33: ConnectCloned connected to file:///Users/IntoSoranohate/个人仓库/SHIP
2024-02-22 09:33:33: ConnectCloned connected to file:///Users/IntoSoranohate/个人仓库/SHIP
2024-02-22 09:33:33: ConnectCloned connected to file:///Users/IntoSoranohate/个人仓库/backup
2024-02-22 09:33:33: ConnectCloned connected to file:///Users/IntoSoranohate/个人仓库/backup
2024-02-22 09:33:33: /Users/IntoSoranohate/个人仓库/SHIP/.obsidian/bookmarks.json: Source file has changed between Analyze and Sync from '[file] size=3,411 accu-time=2024-02-22 09:18:31 attr=Hidden644 cktype=0' to 'size=3,411 time=2024-02-22 09:33:33', noted in source file state
2024-02-22 09:33:33: 覆盖复制 '/Users/IntoSoranohate/个人仓库/SHIP/.obsidian/bookmarks.json' -> '/Users/IntoSoranohate/个人仓库/backup/.obsidian/bookmarks.json' (3,411)
2024-02-22 09:33:33: 覆盖复制 '/Users/IntoSoranohate/个人仓库/SHIP/.obsidian/community-plugins.json' -> '/Users/IntoSoranohate/个人仓库/backup/.obsidian/community-plugins.json' (618)
2024-02-22 09:33:33: 覆盖复制 '/Users/IntoSoranohate/个人仓库/SHIP/.obsidian/workspace.json' -> '/Users/IntoSoranohate/个人仓库/backup/.obsidian/workspace.json' (8,933)
2024-02-22 09:33:33: 创建文件夹 /Users/IntoSoranohate/个人仓库/backup/.obsidian/plugins/obsidian-to-notion
2024-02-22 09:33:33: 新建复制 '/Users/IntoSoranohate/个人仓库/SHIP/.obsidian/plugins/obsidian-to-notion/main.js' -> '/Users/IntoSoranohate/个人仓库/backup/.obsidian/plugins/obsidian-to-notion/main.js' (521,819)
2024-02-22 09:33:33: 新建复制 '/Users/IntoSoranohate/个人仓库/SHIP/.obsidian/plugins/obsidian-to-notion/manifest.json' -> '/Users/IntoSoranohate/个人仓库/backup/.obsidian/plugins/obsidian-to-notion/manifest.json' (352)
2024-02-22 09:33:33: Close Modified Folder (mod-time, acl): /.obsidian/plugins/obsidian-to-notion
2024-02-22 09:33:33: Close Modified Folder (mod-time, acl): /.obsidian/plugins
2024-02-22 09:33:33: Close Modified Folder (mod-time, acl): /.obsidian
2024-02-22 09:33:33: 保持文件状态 /Users/IntoSoranohate/个人仓库/SHIP/_gsdata_/_file_state_v4._gs
2024-02-22 09:33:33: 保持文件状态 /Users/IntoSoranohate/个人仓库/backup/_gsdata_/_file_state_v4._gs
2024-02-22 09:33:34: == 同步完成. 历时: 00:00:01, 速度: 0.00/s, 完成: 6, 错误: 0
