2024-02-10 03:29:35: == 同步开始由 User Command
2024-02-10 03:29:37: ConnectCloned connected to file:///Users/IntoSoranohate/个人仓库/SHIP
2024-02-10 03:29:37: ConnectCloned connected to file:///Users/IntoSoranohate/个人仓库/SHIP
2024-02-10 03:29:37: ConnectCloned connected to file:///Users/IntoSoranohate/个人仓库/SHIP
2024-02-10 03:29:37: GsConnectAndSetRoot1 connected to msgraph://graph.microsoft.com/:drive:4abfdd26b9765232/Ship
2024-02-10 03:29:37: GsConnectAndSetRoot1 connected to msgraph://graph.microsoft.com/:drive:4abfdd26b9765232/Ship
2024-02-10 03:29:38: GsConnectAndSetRoot1 connected to msgraph://graph.microsoft.com/:drive:4abfdd26b9765232/Ship
2024-02-10 03:29:42: 覆盖复制 '/Users/IntoSoranohate/个人仓库/SHIP/.obsidian/appearance.json' -> 'msgraph://graph.microsoft.com/:drive:4abfdd26b9765232/Ship/.obsidian/appearance.json' (385)
2024-02-10 03:29:42: 覆盖复制 '/Users/IntoSoranohate/个人仓库/SHIP/.obsidian/app.json' -> 'msgraph://graph.microsoft.com/:drive:4abfdd26b9765232/Ship/.obsidian/app.json' (206)
2024-02-10 03:29:43: 覆盖复制 '/Users/IntoSoranohate/个人仓库/SHIP/.obsidian/bookmarks.json' -> 'msgraph://graph.microsoft.com/:drive:4abfdd26b9765232/Ship/.obsidian/bookmarks.json' (2,725)
2024-02-10 03:29:44: 覆盖复制 '/Users/IntoSoranohate/个人仓库/SHIP/.obsidian/core-plugins-migration.json' -> 'msgraph://graph.microsoft.com/:drive:4abfdd26b9765232/Ship/.obsidian/core-plugins-migration.json' (638)
2024-02-10 03:29:44: 覆盖复制 '/Users/IntoSoranohate/个人仓库/SHIP/.obsidian/community-plugins.json' -> 'msgraph://graph.microsoft.com/:drive:4abfdd26b9765232/Ship/.obsidian/community-plugins.json' (421)
2024-02-10 03:29:46: 覆盖复制 '/Users/IntoSoranohate/个人仓库/SHIP/.obsidian/graph.json' -> 'msgraph://graph.microsoft.com/:drive:4abfdd26b9765232/Ship/.obsidian/graph.json' (510)
2024-02-10 03:29:47: 覆盖复制 '/Users/IntoSoranohate/个人仓库/SHIP/.obsidian/core-plugins.json' -> 'msgraph://graph.microsoft.com/:drive:4abfdd26b9765232/Ship/.obsidian/core-plugins.json' (278)
2024-02-10 03:29:49: 覆盖复制 '/Users/IntoSoranohate/个人仓库/SHIP/.obsidian/plugins/calendar/data.json' -> 'msgraph://graph.microsoft.com/:drive:4abfdd26b9765232/Ship/.obsidian/plugins/calendar/data.json' (231)
2024-02-10 03:29:49: 覆盖复制 '/Users/IntoSoranohate/个人仓库/SHIP/.obsidian/plugins/custom-sort/data.json' -> 'msgraph://graph.microsoft.com/:drive:4abfdd26b9765232/Ship/.obsidian/plugins/custom-sort/data.json' (330)
2024-02-10 03:29:50: 删除文件 msgraph://graph.microsoft.com/:drive:4abfdd26b9765232/Ship/.obsidian/plugins/obsidian-memos/data.json
2024-02-10 03:29:51: 覆盖复制 '/Users/IntoSoranohate/个人仓库/SHIP/.obsidian/plugins/obsidian-admonition/data.json' -> 'msgraph://graph.microsoft.com/:drive:4abfdd26b9765232/Ship/.obsidian/plugins/obsidian-admonition/data.json' (1,705)
2024-02-10 03:29:51: 删除文件 msgraph://graph.microsoft.com/:drive:4abfdd26b9765232/Ship/.obsidian/plugins/obsidian-memos/main.js
2024-02-10 03:29:51: 删除文件 msgraph://graph.microsoft.com/:drive:4abfdd26b9765232/Ship/.obsidian/plugins/obsidian-memos/manifest.json
2024-02-10 03:29:52: 删除文件 msgraph://graph.microsoft.com/:drive:4abfdd26b9765232/Ship/.obsidian/plugins/obsidian-memos/styles.css
2024-02-10 03:29:55: 覆盖复制 '/Users/IntoSoranohate/个人仓库/SHIP/.obsidian/plugins/obsidian-minimal-settings/data.json' -> 'msgraph://graph.microsoft.com/:drive:4abfdd26b9765232/Ship/.obsidian/plugins/obsidian-minimal-settings/data.json' (934)
2024-02-10 03:29:55: 覆盖复制 '/Users/IntoSoranohate/个人仓库/SHIP/.obsidian/plugins/recent-files-obsidian/data.json' -> 'msgraph://graph.microsoft.com/:drive:4abfdd26b9765232/Ship/.obsidian/plugins/recent-files-obsidian/data.json' (5,519)
2024-02-10 03:29:57: /Users/IntoSoranohate/个人仓库/SHIP/.obsidian/workspace.json: Source file has changed between Analyze and Sync from '[file] size=7,102 accu-time=2024-02-10 03:29:04 attr=Hidden644 cktype=0' to 'size=7,159 time=2024-02-10 03:29:37', noted in source file state
2024-02-10 03:29:57: 覆盖复制 '/Users/IntoSoranohate/个人仓库/SHIP/.obsidian/workspace.json' -> 'msgraph://graph.microsoft.com/:drive:4abfdd26b9765232/Ship/.obsidian/workspace.json' (7,102)
2024-02-10 03:29:57: 删除文件 msgraph://graph.microsoft.com/:drive:4abfdd26b9765232/Ship/Inbox/世界观设计&提炼.md
2024-02-10 03:29:58: 删除文件 msgraph://graph.microsoft.com/:drive:4abfdd26b9765232/Ship/Inbox/形状&剪影.md
2024-02-10 03:29:58: 覆盖复制 '/Users/IntoSoranohate/个人仓库/SHIP/.obsidian/plugins/table-editor-obsidian/data.json' -> 'msgraph://graph.microsoft.com/:drive:4abfdd26b9765232/Ship/.obsidian/plugins/table-editor-obsidian/data.json' (95)
2024-02-10 03:29:59: 删除文件 msgraph://graph.microsoft.com/:drive:4abfdd26b9765232/Ship/Inbox/聚焦点设计.md
2024-02-10 03:29:59: 删除文件夹 msgraph://graph.microsoft.com/:drive:4abfdd26b9765232/Ship/.obsidian/plugins/obsidian-memos
2024-02-10 03:30:00: 保持文件状态 /Users/IntoSoranohate/个人仓库/SHIP/_gsdata_/_file_state_v4._gs
2024-02-10 03:30:00: 保持文件状态 msgraph://graph.microsoft.com/:drive:4abfdd26b9765232/Ship/_gsdata_/_file_state_v4._gs
2024-02-10 03:30:01: == 同步完成. 历时: 00:00:27, 速度: 7.42 KB/s, 完成: 326, 错误: 0
