2024-02-21 21:03:46: -- 分析开始 Periodic Timer
2024-02-21 21:03:46: 左侧: 正在读取文件状态 /Users/IntoSoranohate/个人仓库/SHIP/_gsdata_/_file_state_v4._gs
2024-02-21 21:03:49: 右侧: 正在读取文件状态 gdrive://www.googleapis.com/shipy/_gsdata_/_file_state_v4._gs
2024-02-21 21:03:52: 变更：7， 冲突：0， 复制时间：0， 复制状态：0， 错误： 0, All: 708
2024-02-21 21:03:52: Left to Right: Copy File: 7 
2024-02-21 21:03:52: == 同步开始由 Periodic Timer
2024-02-21 21:03:52: ConnectCloned connected to file:///Users/IntoSoranohate/个人仓库/SHIP
2024-02-21 21:03:52: ConnectCloned connected to file:///Users/IntoSoranohate/个人仓库/SHIP
2024-02-21 21:03:52: ConnectCloned connected to file:///Users/IntoSoranohate/个人仓库/SHIP
2024-02-21 21:03:52: GsConnectAndSetRoot1 connected to gdrive://www.googleapis.com/shipy
2024-02-21 21:03:53: GsConnectAndSetRoot1 connected to gdrive://www.googleapis.com/shipy
2024-02-21 21:03:53: GsConnectAndSetRoot1 connected to gdrive://www.googleapis.com/shipy
2024-02-21 21:04:00: /Users/IntoSoranohate/个人仓库/SHIP/.obsidian/bookmarks.json: Source file has changed between Analyze and Sync from '[file] size=3,411 accu-time=2024-02-21 20:54:20 attr=Hidden644 cktype=0' to 'size=3,411 time=2024-02-21 21:03:46', noted in source file state
2024-02-21 21:04:00: 覆盖复制 '/Users/IntoSoranohate/个人仓库/SHIP/.obsidian/bookmarks.json' -> 'gdrive://www.googleapis.com/shipy/.obsidian/bookmarks.json' (3,411)
2024-02-21 21:04:01: 覆盖复制 '/Users/IntoSoranohate/个人仓库/SHIP/daily/2024-02-21_周三.md' -> 'gdrive://www.googleapis.com/shipy/daily/2024-02-21_周三.md' (1,376)
2024-02-21 21:04:02: /Users/IntoSoranohate/个人仓库/SHIP/.obsidian/workspace.json: Source file has changed between Analyze and Sync from '[file] size=8,148 accu-time=2024-02-21 20:59:51 attr=Hidden644 cktype=0' to 'size=8,148 time=2024-02-21 21:03:47', noted in source file state
2024-02-21 21:04:02: 覆盖复制 '/Users/IntoSoranohate/个人仓库/SHIP/.obsidian/workspace.json' -> 'gdrive://www.googleapis.com/shipy/.obsidian/workspace.json' (8,148)
2024-02-21 21:04:06: 覆盖复制 '/Users/IntoSoranohate/个人仓库/SHIP/.obsidian/plugins/hidden-folder-obsidian/data.json' -> 'gdrive://www.googleapis.com/shipy/.obsidian/plugins/hidden-folder-obsidian/data.json' (45)
2024-02-21 21:04:08: 覆盖复制 '/Users/IntoSoranohate/个人仓库/SHIP/.obsidian/plugins/recent-files-obsidian/data.json' -> 'gdrive://www.googleapis.com/shipy/.obsidian/plugins/recent-files-obsidian/data.json' (5,733)
2024-02-21 21:04:09: 覆盖复制 '/Users/IntoSoranohate/个人仓库/SHIP/Project/2024-02-21中国风角色策划.md' -> 'gdrive://www.googleapis.com/shipy/Project/2024-02-21中国风角色策划.md' (164)
2024-02-21 21:04:10: 覆盖复制 '/Users/IntoSoranohate/个人仓库/SHIP/Project/中国风角色(主角)设计.md' -> 'gdrive://www.googleapis.com/shipy/Project/中国风角色(主角)设计.md' (1,438)
2024-02-21 21:04:10: 保持文件状态 /Users/IntoSoranohate/个人仓库/SHIP/_gsdata_/_file_state_v4._gs
2024-02-21 21:04:12: 保持文件状态 gdrive://www.googleapis.com/shipy/_gsdata_/_file_state_v4._gs
2024-02-21 21:04:15: == 同步完成. 历时: 00:00:32, 速度: 1.18 KB/s, 完成: 7, 错误: 0
