2024-02-11 10:03:31: -- 分析开始 Periodic Timer
2024-02-11 10:03:31: 左侧: 正在读取文件状态 /Users/IntoSoranohate/个人仓库/SHIP/_gsdata_/_file_state_v4._gs
2024-02-11 10:03:31: 右侧: 正在读取文件状态 /Users/IntoSoranohate/Library/CloudStorage/OneDrive-个人/Shipy/_gsdata_/_file_state_v4._gs
2024-02-11 10:03:31: 变更：18， 冲突：0， 复制时间：0， 复制状态：0， 错误： 0, All: 478
2024-02-11 10:03:31: Left to Right: Copy File: 16 Delete File: 2 
2024-02-11 10:03:31: == 同步开始由 Periodic Timer
2024-02-11 10:03:31: ConnectCloned connected to file:///Users/IntoSoranohate/个人仓库/SHIP
2024-02-11 10:03:31: ConnectCloned connected to file:///Users/IntoSoranohate/个人仓库/SHIP
2024-02-11 10:03:31: ConnectCloned connected to file:///Users/IntoSoranohate/Library/CloudStorage/OneDrive-个人/Shipy
2024-02-11 10:03:31: ConnectCloned connected to file:///Users/IntoSoranohate/个人仓库/SHIP
2024-02-11 10:03:31: ConnectCloned connected to file:///Users/IntoSoranohate/Library/CloudStorage/OneDrive-个人/Shipy
2024-02-11 10:03:31: ConnectCloned connected to file:///Users/IntoSoranohate/Library/CloudStorage/OneDrive-个人/Shipy
2024-02-11 10:03:31: 覆盖复制 '/Users/IntoSoranohate/个人仓库/SHIP/.obsidian/bookmarks.json' -> '/Users/IntoSoranohate/Library/CloudStorage/OneDrive-个人/Shipy/.obsidian/bookmarks.json' (2,725)
2024-02-11 10:03:31: 覆盖复制 '/Users/IntoSoranohate/个人仓库/SHIP/Setting/标签/项目追踪.md' -> '/Users/IntoSoranohate/Library/CloudStorage/OneDrive-个人/Shipy/Setting/标签/项目追踪.md' (83)
2024-02-11 10:03:31: 覆盖复制 '/Users/IntoSoranohate/个人仓库/SHIP/.obsidian/community-plugins.json' -> '/Users/IntoSoranohate/Library/CloudStorage/OneDrive-个人/Shipy/.obsidian/community-plugins.json' (517)
2024-02-11 10:03:31: 覆盖复制 '/Users/IntoSoranohate/个人仓库/SHIP/Setting/模板/template模板/日记模板.md' -> '/Users/IntoSoranohate/Library/CloudStorage/OneDrive-个人/Shipy/Setting/模板/template模板/日记模板.md' (2,997)
2024-02-11 10:03:31: 覆盖复制 '/Users/IntoSoranohate/个人仓库/SHIP/Setting/模板/template模板/项目模板.md' -> '/Users/IntoSoranohate/Library/CloudStorage/OneDrive-个人/Shipy/Setting/模板/template模板/项目模板.md' (330)
2024-02-11 10:03:31: 覆盖复制 '/Users/IntoSoranohate/个人仓库/SHIP/.obsidian/graph.json' -> '/Users/IntoSoranohate/Library/CloudStorage/OneDrive-个人/Shipy/.obsidian/graph.json' (511)
2024-02-11 10:03:31: 覆盖复制 '/Users/IntoSoranohate/个人仓库/SHIP/.obsidian/workspace.json' -> '/Users/IntoSoranohate/Library/CloudStorage/OneDrive-个人/Shipy/.obsidian/workspace.json' (8,181)
2024-02-11 10:03:31: 创建文件夹 /Users/IntoSoranohate/Library/CloudStorage/OneDrive-个人/Shipy/.obsidian/plugins/obsidian-checklist-plugin
2024-02-11 10:03:31: 新建复制 '/Users/IntoSoranohate/个人仓库/SHIP/.obsidian/plugins/obsidian-checklist-plugin/data.json' -> '/Users/IntoSoranohate/Library/CloudStorage/OneDrive-个人/Shipy/.obsidian/plugins/obsidian-checklist-plugin/data.json' (415)
2024-02-11 10:03:31: 覆盖复制 '/Users/IntoSoranohate/个人仓库/SHIP/.obsidian/plugins/recent-files-obsidian/data.json' -> '/Users/IntoSoranohate/Library/CloudStorage/OneDrive-个人/Shipy/.obsidian/plugins/recent-files-obsidian/data.json' (4,733)
2024-02-11 10:03:31: 新建复制 '/Users/IntoSoranohate/个人仓库/SHIP/.obsidian/plugins/obsidian-checklist-plugin/main.js' -> '/Users/IntoSoranohate/Library/CloudStorage/OneDrive-个人/Shipy/.obsidian/plugins/obsidian-checklist-plugin/main.js' (314,011)
2024-02-11 10:03:31: 新建复制 '/Users/IntoSoranohate/个人仓库/SHIP/.obsidian/plugins/obsidian-checklist-plugin/manifest.json' -> '/Users/IntoSoranohate/Library/CloudStorage/OneDrive-个人/Shipy/.obsidian/plugins/obsidian-checklist-plugin/manifest.json' (237)
2024-02-11 10:03:31: 新建复制 '/Users/IntoSoranohate/个人仓库/SHIP/.obsidian/plugins/obsidian-checklist-plugin/styles.css' -> '/Users/IntoSoranohate/Library/CloudStorage/OneDrive-个人/Shipy/.obsidian/plugins/obsidian-checklist-plugin/styles.css' (1,868)
2024-02-11 10:03:31: 覆盖复制 '/Users/IntoSoranohate/个人仓库/SHIP/.obsidian/workspaces.json' -> '/Users/IntoSoranohate/Library/CloudStorage/OneDrive-个人/Shipy/.obsidian/workspaces.json' (6,837)
2024-02-11 10:03:31: 删除文件夹 /Users/IntoSoranohate/Library/CloudStorage/OneDrive-个人/Shipy/Spaces/Home
2024-02-11 10:03:31: Close Modified Folder (mod-time, acl): /Setting/标签
2024-02-11 10:03:31: 覆盖复制 '/Users/IntoSoranohate/个人仓库/SHIP/日记/2024-02-10_周六.md' -> '/Users/IntoSoranohate/Library/CloudStorage/OneDrive-个人/Shipy/日记/2024-02-10_周六.md' (1,504)
2024-02-11 10:03:31: Close Modified Folder (mod-time, acl): /Setting/模板/template模板
2024-02-11 10:03:31: Close Modified Folder (mod-time, acl): /.obsidian/plugins/recent-files-obsidian
2024-02-11 10:03:31: Close Modified Folder (mod-time, acl): /.obsidian/plugins/obsidian-checklist-plugin
2024-02-11 10:03:31: 覆盖复制 '/Users/IntoSoranohate/个人仓库/SHIP/日记/2024-02-11_周日.md' -> '/Users/IntoSoranohate/Library/CloudStorage/OneDrive-个人/Shipy/日记/2024-02-11_周日.md' (1,327)
2024-02-11 10:03:31: Close Modified Folder (mod-time, acl): /.obsidian/plugins
2024-02-11 10:03:31: 删除文件夹 /Users/IntoSoranohate/Library/CloudStorage/OneDrive-个人/Shipy/Spaces
2024-02-11 10:03:31: Close Modified Folder (mod-time, acl): /日记
2024-02-11 10:03:31: Close Modified Folder (mod-time, acl): /.obsidian
2024-02-11 10:03:31: 保持文件状态 /Users/IntoSoranohate/个人仓库/SHIP/_gsdata_/_file_state_v4._gs
2024-02-11 10:03:31: 保持文件状态 /Users/IntoSoranohate/Library/CloudStorage/OneDrive-个人/Shipy/_gsdata_/_file_state_v4._gs
2024-02-11 10:03:31: == 同步完成. 历时: 00:00:00, 速度: 0.00/s, 完成: 18, 错误: 0
